./data/wikitext-2
| epoch   1 |   200/ 2983 batches | lr 5.00 | ms/batch 46.76 | loss  7.57 | ppl  1943.42
| epoch   1 |   400/ 2983 batches | lr 5.00 | ms/batch 10.72 | loss  6.80 | ppl   896.56
| epoch   1 |   600/ 2983 batches | lr 5.00 | ms/batch 10.78 | loss  6.49 | ppl   661.67
| epoch   1 |   800/ 2983 batches | lr 5.00 | ms/batch 10.78 | loss  6.36 | ppl   578.45
| epoch   1 |  1000/ 2983 batches | lr 5.00 | ms/batch 10.80 | loss  6.25 | ppl   519.08
| epoch   1 |  1200/ 2983 batches | lr 5.00 | ms/batch 10.79 | loss  6.22 | ppl   503.95
| epoch   1 |  1400/ 2983 batches | lr 5.00 | ms/batch 10.77 | loss  6.14 | ppl   464.53
| epoch   1 |  1600/ 2983 batches | lr 5.00 | ms/batch 10.78 | loss  6.16 | ppl   471.34
| epoch   1 |  1800/ 2983 batches | lr 5.00 | ms/batch 10.78 | loss  6.03 | ppl   414.67
| epoch   1 |  2000/ 2983 batches | lr 5.00 | ms/batch 10.78 | loss  6.03 | ppl   413.82
| epoch   1 |  2200/ 2983 batches | lr 5.00 | ms/batch 10.79 | loss  5.92 | ppl   374.14
| epoch   1 |  2400/ 2983 batches | lr 5.00 | ms/batch 10.78 | loss  5.93 | ppl   377.37
| epoch   1 |  2600/ 2983 batches | lr 5.00 | ms/batch 10.79 | loss  5.93 | ppl   374.96
| epoch   1 |  2800/ 2983 batches | lr 5.00 | ms/batch 10.86 | loss  5.84 | ppl   343.42
-----------------------------------------------------------------------------------------
| end of epoch   1 | time: 41.16s | valid loss  5.77 | valid ppl   320.58
-----------------------------------------------------------------------------------------
| epoch   2 |   200/ 2983 batches | lr 5.00 | ms/batch 10.94 | loss  5.80 | ppl   328.91
| epoch   2 |   400/ 2983 batches | lr 5.00 | ms/batch 10.86 | loss  5.76 | ppl   318.55
| epoch   2 |   600/ 2983 batches | lr 5.00 | ms/batch 10.80 | loss  5.62 | ppl   275.39
| epoch   2 |   800/ 2983 batches | lr 5.00 | ms/batch 10.80 | loss  5.62 | ppl   276.31
| epoch   2 |  1000/ 2983 batches | lr 5.00 | ms/batch 10.79 | loss  5.60 | ppl   269.71
| epoch   2 |  1200/ 2983 batches | lr 5.00 | ms/batch 10.80 | loss  5.61 | ppl   272.81
| epoch   2 |  1400/ 2983 batches | lr 5.00 | ms/batch 10.69 | loss  5.62 | ppl   274.52
| epoch   2 |  1600/ 2983 batches | lr 5.00 | ms/batch 10.79 | loss  5.66 | ppl   287.18
| epoch   2 |  1800/ 2983 batches | lr 5.00 | ms/batch 10.78 | loss  5.54 | ppl   254.70
| epoch   2 |  2000/ 2983 batches | lr 5.00 | ms/batch 10.72 | loss  5.57 | ppl   262.94
| epoch   2 |  2200/ 2983 batches | lr 5.00 | ms/batch 10.78 | loss  5.48 | ppl   239.77
| epoch   2 |  2400/ 2983 batches | lr 5.00 | ms/batch 10.84 | loss  5.51 | ppl   247.83
| epoch   2 |  2600/ 2983 batches | lr 5.00 | ms/batch 10.90 | loss  5.52 | ppl   250.81
| epoch   2 |  2800/ 2983 batches | lr 5.00 | ms/batch 10.90 | loss  5.45 | ppl   233.26
-----------------------------------------------------------------------------------------
| end of epoch   2 | time: 34.07s | valid loss  5.53 | valid ppl   253.01
-----------------------------------------------------------------------------------------
| epoch   3 |   200/ 2983 batches | lr 5.00 | ms/batch 10.96 | loss  5.46 | ppl   234.38
| epoch   3 |   400/ 2983 batches | lr 5.00 | ms/batch 10.89 | loss  5.45 | ppl   233.50
| epoch   3 |   600/ 2983 batches | lr 5.00 | ms/batch 10.88 | loss  5.29 | ppl   198.46
| epoch   3 |   800/ 2983 batches | lr 5.00 | ms/batch 10.89 | loss  5.33 | ppl   205.66
| epoch   3 |  1000/ 2983 batches | lr 5.00 | ms/batch 10.89 | loss  5.31 | ppl   201.97
| epoch   3 |  1200/ 2983 batches | lr 5.00 | ms/batch 10.89 | loss  5.33 | ppl   205.60
| epoch   3 |  1400/ 2983 batches | lr 5.00 | ms/batch 10.91 | loss  5.36 | ppl   212.19
| epoch   3 |  1600/ 2983 batches | lr 5.00 | ms/batch 10.91 | loss  5.40 | ppl   221.68
| epoch   3 |  1800/ 2983 batches | lr 5.00 | ms/batch 11.06 | loss  5.29 | ppl   198.68
| epoch   3 |  2000/ 2983 batches | lr 5.00 | ms/batch 11.08 | loss  5.33 | ppl   206.59
| epoch   3 |  2200/ 2983 batches | lr 5.00 | ms/batch 10.99 | loss  5.23 | ppl   187.32
| epoch   3 |  2400/ 2983 batches | lr 5.00 | ms/batch 10.99 | loss  5.27 | ppl   194.69
| epoch   3 |  2600/ 2983 batches | lr 5.00 | ms/batch 11.02 | loss  5.29 | ppl   199.09
| epoch   3 |  2800/ 2983 batches | lr 5.00 | ms/batch 10.95 | loss  5.22 | ppl   185.09
-----------------------------------------------------------------------------------------
| end of epoch   3 | time: 34.42s | valid loss  5.44 | valid ppl   230.26
-----------------------------------------------------------------------------------------
| epoch   4 |   200/ 2983 batches | lr 5.00 | ms/batch 10.96 | loss  5.24 | ppl   189.41
| epoch   4 |   400/ 2983 batches | lr 5.00 | ms/batch 10.81 | loss  5.25 | ppl   190.00
| epoch   4 |   600/ 2983 batches | lr 5.00 | ms/batch 10.86 | loss  5.08 | ppl   161.15
| epoch   4 |   800/ 2983 batches | lr 5.00 | ms/batch 10.89 | loss  5.13 | ppl   168.19
| epoch   4 |  1000/ 2983 batches | lr 5.00 | ms/batch 10.90 | loss  5.12 | ppl   166.60
| epoch   4 |  1200/ 2983 batches | lr 5.00 | ms/batch 10.90 | loss  5.13 | ppl   168.83
| epoch   4 |  1400/ 2983 batches | lr 5.00 | ms/batch 10.90 | loss  5.18 | ppl   176.97
| epoch   4 |  1600/ 2983 batches | lr 5.00 | ms/batch 10.90 | loss  5.22 | ppl   184.98
| epoch   4 |  1800/ 2983 batches | lr 5.00 | ms/batch 10.89 | loss  5.12 | ppl   166.53
| epoch   4 |  2000/ 2983 batches | lr 5.00 | ms/batch 10.92 | loss  5.16 | ppl   174.15
| epoch   4 |  2200/ 2983 batches | lr 5.00 | ms/batch 10.92 | loss  5.05 | ppl   156.09
| epoch   4 |  2400/ 2983 batches | lr 5.00 | ms/batch 10.89 | loss  5.10 | ppl   163.20
| epoch   4 |  2600/ 2983 batches | lr 5.00 | ms/batch 10.87 | loss  5.12 | ppl   167.59
| epoch   4 |  2800/ 2983 batches | lr 5.00 | ms/batch 10.80 | loss  5.05 | ppl   156.53
-----------------------------------------------------------------------------------------
| end of epoch   4 | time: 34.25s | valid loss  5.39 | valid ppl   219.61
-----------------------------------------------------------------------------------------
| epoch   5 |   200/ 2983 batches | lr 5.00 | ms/batch 10.86 | loss  5.08 | ppl   161.27
| epoch   5 |   400/ 2983 batches | lr 5.00 | ms/batch 10.80 | loss  5.09 | ppl   163.14
| epoch   5 |   600/ 2983 batches | lr 5.00 | ms/batch 10.79 | loss  4.93 | ppl   137.70
| epoch   5 |   800/ 2983 batches | lr 5.00 | ms/batch 10.80 | loss  4.97 | ppl   144.68
| epoch   5 |  1000/ 2983 batches | lr 5.00 | ms/batch 10.80 | loss  4.97 | ppl   143.65
| epoch   5 |  1200/ 2983 batches | lr 5.00 | ms/batch 10.80 | loss  4.99 | ppl   147.07
| epoch   5 |  1400/ 2983 batches | lr 5.00 | ms/batch 10.81 | loss  5.03 | ppl   152.61
| epoch   5 |  1600/ 2983 batches | lr 5.00 | ms/batch 11.01 | loss  5.08 | ppl   161.04
| epoch   5 |  1800/ 2983 batches | lr 5.00 | ms/batch 11.10 | loss  4.98 | ppl   145.48
| epoch   5 |  2000/ 2983 batches | lr 5.00 | ms/batch 11.11 | loss  5.02 | ppl   151.66
| epoch   5 |  2200/ 2983 batches | lr 5.00 | ms/batch 11.12 | loss  4.91 | ppl   135.20
| epoch   5 |  2400/ 2983 batches | lr 5.00 | ms/batch 11.10 | loss  4.96 | ppl   142.77
| epoch   5 |  2600/ 2983 batches | lr 5.00 | ms/batch 11.10 | loss  4.99 | ppl   146.78
| epoch   5 |  2800/ 2983 batches | lr 5.00 | ms/batch 10.96 | loss  4.92 | ppl   136.50
-----------------------------------------------------------------------------------------
| end of epoch   5 | time: 34.43s | valid loss  5.38 | valid ppl   216.10
-----------------------------------------------------------------------------------------
| epoch   6 |   200/ 2983 batches | lr 5.00 | ms/batch 10.99 | loss  4.96 | ppl   142.34
| epoch   6 |   400/ 2983 batches | lr 5.00 | ms/batch 10.90 | loss  4.97 | ppl   143.72
| epoch   6 |   600/ 2983 batches | lr 5.00 | ms/batch 10.92 | loss  4.80 | ppl   121.24
| epoch   6 |   800/ 2983 batches | lr 5.00 | ms/batch 10.83 | loss  4.85 | ppl   127.50
| epoch   6 |  1000/ 2983 batches | lr 5.00 | ms/batch 10.61 | loss  4.85 | ppl   127.24
| epoch   6 |  1200/ 2983 batches | lr 5.00 | ms/batch 10.30 | loss  4.87 | ppl   130.19
| epoch   6 |  1400/ 2983 batches | lr 5.00 | ms/batch 10.78 | loss  4.91 | ppl   136.16
| epoch   6 |  1600/ 2983 batches | lr 5.00 | ms/batch 10.89 | loss  4.96 | ppl   143.19
| epoch   6 |  1800/ 2983 batches | lr 5.00 | ms/batch 10.90 | loss  4.86 | ppl   129.41
| epoch   6 |  2000/ 2983 batches | lr 5.00 | ms/batch 10.90 | loss  4.91 | ppl   135.41
| epoch   6 |  2200/ 2983 batches | lr 5.00 | ms/batch 10.91 | loss  4.79 | ppl   120.19
| epoch   6 |  2400/ 2983 batches | lr 5.00 | ms/batch 10.91 | loss  4.85 | ppl   127.81
| epoch   6 |  2600/ 2983 batches | lr 5.00 | ms/batch 10.97 | loss  4.88 | ppl   131.18
| epoch   6 |  2800/ 2983 batches | lr 5.00 | ms/batch 10.98 | loss  4.81 | ppl   122.86
-----------------------------------------------------------------------------------------
| end of epoch   6 | time: 34.17s | valid loss  5.35 | valid ppl   211.52
-----------------------------------------------------------------------------------------
| epoch   7 |   200/ 2983 batches | lr 5.00 | ms/batch 10.95 | loss  4.84 | ppl   126.70
| epoch   7 |   400/ 2983 batches | lr 5.00 | ms/batch 10.90 | loss  4.86 | ppl   129.48
| epoch   7 |   600/ 2983 batches | lr 5.00 | ms/batch 10.89 | loss  4.69 | ppl   108.58
| epoch   7 |   800/ 2983 batches | lr 5.00 | ms/batch 10.99 | loss  4.74 | ppl   114.69
| epoch   7 |  1000/ 2983 batches | lr 5.00 | ms/batch 11.09 | loss  4.75 | ppl   115.45
| epoch   7 |  1200/ 2983 batches | lr 5.00 | ms/batch 11.12 | loss  4.77 | ppl   117.80
| epoch   7 |  1400/ 2983 batches | lr 5.00 | ms/batch 10.48 | loss  4.81 | ppl   123.22
| epoch   7 |  1600/ 2983 batches | lr 5.00 | ms/batch 10.65 | loss  4.87 | ppl   129.67
| epoch   7 |  1800/ 2983 batches | lr 5.00 | ms/batch 10.75 | loss  4.77 | ppl   117.88
| epoch   7 |  2000/ 2983 batches | lr 5.00 | ms/batch 10.76 | loss  4.81 | ppl   122.79
| epoch   7 |  2200/ 2983 batches | lr 5.00 | ms/batch 10.81 | loss  4.70 | ppl   109.85
| epoch   7 |  2400/ 2983 batches | lr 5.00 | ms/batch 10.81 | loss  4.75 | ppl   115.48
| epoch   7 |  2600/ 2983 batches | lr 5.00 | ms/batch 10.89 | loss  4.78 | ppl   119.13
| epoch   7 |  2800/ 2983 batches | lr 5.00 | ms/batch 10.85 | loss  4.71 | ppl   111.57
-----------------------------------------------------------------------------------------
| end of epoch   7 | time: 34.13s | valid loss  5.38 | valid ppl   217.16
-----------------------------------------------------------------------------------------
| epoch   8 |   200/ 2983 batches | lr 1.25 | ms/batch 10.88 | loss  4.73 | ppl   113.02
| epoch   8 |   400/ 2983 batches | lr 1.25 | ms/batch 10.82 | loss  4.71 | ppl   110.50
| epoch   8 |   600/ 2983 batches | lr 1.25 | ms/batch 10.82 | loss  4.53 | ppl    92.56
| epoch   8 |   800/ 2983 batches | lr 1.25 | ms/batch 10.82 | loss  4.58 | ppl    97.14
| epoch   8 |  1000/ 2983 batches | lr 1.25 | ms/batch 10.84 | loss  4.56 | ppl    95.69
| epoch   8 |  1200/ 2983 batches | lr 1.25 | ms/batch 10.82 | loss  4.56 | ppl    95.82
| epoch   8 |  1400/ 2983 batches | lr 1.25 | ms/batch 10.84 | loss  4.59 | ppl    98.74
| epoch   8 |  1600/ 2983 batches | lr 1.25 | ms/batch 10.87 | loss  4.64 | ppl   103.23
| epoch   8 |  1800/ 2983 batches | lr 1.25 | ms/batch 10.82 | loss  4.53 | ppl    93.14
| epoch   8 |  2000/ 2983 batches | lr 1.25 | ms/batch 10.75 | loss  4.56 | ppl    95.78
| epoch   8 |  2200/ 2983 batches | lr 1.25 | ms/batch 10.81 | loss  4.43 | ppl    83.97
| epoch   8 |  2400/ 2983 batches | lr 1.25 | ms/batch 10.83 | loss  4.47 | ppl    87.75
| epoch   8 |  2600/ 2983 batches | lr 1.25 | ms/batch 10.82 | loss  4.49 | ppl    89.16
| epoch   8 |  2800/ 2983 batches | lr 1.25 | ms/batch 10.82 | loss  4.42 | ppl    82.72
-----------------------------------------------------------------------------------------
| end of epoch   8 | time: 34.06s | valid loss  5.26 | valid ppl   193.25
-----------------------------------------------------------------------------------------
| epoch   9 |   200/ 2983 batches | lr 1.25 | ms/batch 11.00 | loss  4.59 | ppl    98.94
| epoch   9 |   400/ 2983 batches | lr 1.25 | ms/batch 11.10 | loss  4.60 | ppl    99.16
| epoch   9 |   600/ 2983 batches | lr 1.25 | ms/batch 11.13 | loss  4.43 | ppl    83.66
| epoch   9 |   800/ 2983 batches | lr 1.25 | ms/batch 11.11 | loss  4.48 | ppl    88.55
| epoch   9 |  1000/ 2983 batches | lr 1.25 | ms/batch 11.13 | loss  4.48 | ppl    88.39
| epoch   9 |  1200/ 2983 batches | lr 1.25 | ms/batch 11.09 | loss  4.49 | ppl    89.01
| epoch   9 |  1400/ 2983 batches | lr 1.25 | ms/batch 11.08 | loss  4.53 | ppl    92.69
| epoch   9 |  1600/ 2983 batches | lr 1.25 | ms/batch 10.98 | loss  4.57 | ppl    96.73
| epoch   9 |  1800/ 2983 batches | lr 1.25 | ms/batch 10.90 | loss  4.48 | ppl    87.85
| epoch   9 |  2000/ 2983 batches | lr 1.25 | ms/batch 10.93 | loss  4.51 | ppl    90.79
| epoch   9 |  2200/ 2983 batches | lr 1.25 | ms/batch 10.89 | loss  4.38 | ppl    79.79
| epoch   9 |  2400/ 2983 batches | lr 1.25 | ms/batch 10.86 | loss  4.43 | ppl    83.96
| epoch   9 |  2600/ 2983 batches | lr 1.25 | ms/batch 10.81 | loss  4.45 | ppl    85.98
| epoch   9 |  2800/ 2983 batches | lr 1.25 | ms/batch 10.71 | loss  4.38 | ppl    80.09
-----------------------------------------------------------------------------------------
| end of epoch   9 | time: 34.49s | valid loss  5.27 | valid ppl   194.51
-----------------------------------------------------------------------------------------
| epoch  10 |   200/ 2983 batches | lr 0.31 | ms/batch 10.88 | loss  4.60 | ppl    99.06
| epoch  10 |   400/ 2983 batches | lr 0.31 | ms/batch 10.84 | loss  4.60 | ppl    99.66
| epoch  10 |   600/ 2983 batches | lr 0.31 | ms/batch 10.84 | loss  4.44 | ppl    84.56
| epoch  10 |   800/ 2983 batches | lr 0.31 | ms/batch 10.91 | loss  4.49 | ppl    89.54
| epoch  10 |  1000/ 2983 batches | lr 0.31 | ms/batch 10.90 | loss  4.48 | ppl    87.94
| epoch  10 |  1200/ 2983 batches | lr 0.31 | ms/batch 10.94 | loss  4.48 | ppl    88.40
| epoch  10 |  1400/ 2983 batches | lr 0.31 | ms/batch 10.92 | loss  4.52 | ppl    91.53
| epoch  10 |  1600/ 2983 batches | lr 0.31 | ms/batch 10.81 | loss  4.55 | ppl    94.81
| epoch  10 |  1800/ 2983 batches | lr 0.31 | ms/batch 10.86 | loss  4.45 | ppl    85.77
| epoch  10 |  2000/ 2983 batches | lr 0.31 | ms/batch 10.72 | loss  4.49 | ppl    88.96
| epoch  10 |  2200/ 2983 batches | lr 0.31 | ms/batch 10.77 | loss  4.36 | ppl    77.88
| epoch  10 |  2400/ 2983 batches | lr 0.31 | ms/batch 10.81 | loss  4.40 | ppl    81.13
| epoch  10 |  2600/ 2983 batches | lr 0.31 | ms/batch 10.83 | loss  4.41 | ppl    82.49
| epoch  10 |  2800/ 2983 batches | lr 0.31 | ms/batch 10.79 | loss  4.34 | ppl    76.51
-----------------------------------------------------------------------------------------
| end of epoch  10 | time: 34.08s | valid loss  5.21 | valid ppl   183.06
-----------------------------------------------------------------------------------------
=========================================================================================
| End of training | test loss  5.13 | test ppl   168.50
=========================================================================================
