INFO:root:./model_files/2020_06_10_12_23_30_model_vanilla_transformer.pt
INFO:root:./model_files/2020_06_10_12_23_30_model_vanilla_transformer.pt
INFO:root:The batch size is: 128
INFO:root:The batch size is: 64
INFO:root:Number of epochs is : 10
INFO:root:Number of epochs is : 10
INFO:root:The context length is : 256
INFO:root:The context length is : 256
INFO:root:D_model is : 512
INFO:root:D_model is : 512
INFO:root:Number of attention heads is : 4
INFO:root:Number of attention heads is : 4
INFO:root:Number of decoder layers is : 3
INFO:root:Number of decoder layers is : 3
INFO:root:Initial learning rate is : 0.01
INFO:root:Initial learning rate is : 0.01
INFO:root:Number of warmup steps is : 4000
INFO:root:Number of warmup steps is : 4000
WARNING:absl:TFDS datasets with text encoding are deprecated and will be removed in a future version. Instead, you should use the plain text version and tokenize the text using `tensorflow_text` (See: https://www.tensorflow.org/tutorials/tensorflow_text/intro#tfdata_example)
INFO:absl:Load dataset info from ./subwords32k/lm1b/subwords32k/1.0.0
WARNING:absl:TFDS datasets with text encoding are deprecated and will be removed in a future version. Instead, you should use the plain text version and tokenize the text using `tensorflow_text` (See: https://www.tensorflow.org/tutorials/tensorflow_text/intro#tfdata_example)
INFO:absl:Load dataset info from ./subwords32k/lm1b/subwords32k/1.0.0
INFO:absl:Reusing dataset lm1b (./subwords32k/lm1b/subwords32k/1.0.0)
INFO:absl:Reusing dataset lm1b (./subwords32k/lm1b/subwords32k/1.0.0)
INFO:absl:Constructing tf.data.Dataset for split train, from ./subwords32k/lm1b/subwords32k/1.0.0
INFO:absl:Constructing tf.data.Dataset for split train, from ./subwords32k/lm1b/subwords32k/1.0.0
WARNING:absl:TFDS datasets with text encoding are deprecated and will be removed in a future version. Instead, you should use the plain text version and tokenize the text using `tensorflow_text` (See: https://www.tensorflow.org/tutorials/tensorflow_text/intro#tfdata_example)
INFO:absl:Load dataset info from ./subwords32k/lm1b/subwords32k/1.0.0
WARNING:absl:TFDS datasets with text encoding are deprecated and will be removed in a future version. Instead, you should use the plain text version and tokenize the text using `tensorflow_text` (See: https://www.tensorflow.org/tutorials/tensorflow_text/intro#tfdata_example)
INFO:absl:Load dataset info from ./subwords32k/lm1b/subwords32k/1.0.0
INFO:absl:Reusing dataset lm1b (./subwords32k/lm1b/subwords32k/1.0.0)
INFO:absl:Reusing dataset lm1b (./subwords32k/lm1b/subwords32k/1.0.0)
INFO:absl:Constructing tf.data.Dataset for split test, from ./subwords32k/lm1b/subwords32k/1.0.0
INFO:absl:Constructing tf.data.Dataset for split test, from ./subwords32k/lm1b/subwords32k/1.0.0
INFO:root:Gating function is: none
INFO:root:Gating function is: none
INFO:root:The optimizer used is: adam
INFO:root:The optimizer used is: adam
INFO:root:Running without errors
INFO:root:| epoch   1 | batch   128 | lr 0.010000 | ms/batch 493.33 | loss    10.6558 | aux_loss     0.0000 | ppl 42440.0757
INFO:root:| epoch   1 | batch   256 | lr 0.010000 | ms/batch 444.10 | loss    10.5703 | aux_loss     0.0000 | ppl 38961.8956
INFO:root:| epoch   1 | batch   384 | lr 0.010000 | ms/batch 440.35 | loss    10.5638 | aux_loss     0.0000 | ppl 38707.7648
INFO:root:| epoch   1 | batch   512 | lr 0.010000 | ms/batch 436.93 | loss    10.5550 | aux_loss     0.0000 | ppl 38367.0955
INFO:root:| epoch   1 | batch   640 | lr 0.010000 | ms/batch 437.71 | loss    10.5433 | aux_loss     0.0000 | ppl 37921.5055
INFO:root:| epoch   1 | batch   768 | lr 0.010000 | ms/batch 437.28 | loss    10.5284 | aux_loss     0.0000 | ppl 37359.9328
INFO:root:| epoch   1 | batch   896 | lr 0.010000 | ms/batch 437.60 | loss    10.5099 | aux_loss     0.0000 | ppl 36678.6329
INFO:root:| epoch   1 | batch  1024 | lr 0.010000 | ms/batch 447.95 | loss    10.4878 | aux_loss     0.0000 | ppl 35873.8671
INFO:root:| epoch   1 | batch  1152 | lr 0.010000 | ms/batch 447.85 | loss    10.4605 | aux_loss     0.0000 | ppl 34907.6237
INFO:root:| epoch   1 | batch  1280 | lr 0.010000 | ms/batch 447.15 | loss    10.4278 | aux_loss     0.0000 | ppl 33787.2881
INFO:root:| epoch   1 | batch  1408 | lr 0.010000 | ms/batch 445.31 | loss    10.3878 | aux_loss     0.0000 | ppl 32461.4038
INFO:root:| epoch   1 | batch  1536 | lr 0.010000 | ms/batch 445.83 | loss    10.3368 | aux_loss     0.0000 | ppl 30847.0602
INFO:root:| epoch   1 | batch  1664 | lr 0.010000 | ms/batch 445.59 | loss    10.2717 | aux_loss     0.0000 | ppl 28903.2603
INFO:root:| epoch   1 | batch  1792 | lr 0.010000 | ms/batch 445.68 | loss    10.1834 | aux_loss     0.0000 | ppl 26460.7049
INFO:root:| epoch   1 | batch  1920 | lr 0.010000 | ms/batch 444.90 | loss    10.0590 | aux_loss     0.0000 | ppl 23366.0052
INFO:root:| epoch   1 | batch  2048 | lr 0.010000 | ms/batch 437.35 | loss     9.8690 | aux_loss     0.0000 | ppl 19322.6074
INFO:root:| epoch   1 | batch  2176 | lr 0.010000 | ms/batch 437.87 | loss     9.5843 | aux_loss     0.0000 | ppl 14535.4942
INFO:root:| epoch   1 | batch  2304 | lr 0.010000 | ms/batch 438.42 | loss     9.2202 | aux_loss     0.0000 | ppl 10098.8111
INFO:root:| epoch   1 | batch  2432 | lr 0.010000 | ms/batch 439.59 | loss     8.8303 | aux_loss     0.0000 | ppl  6838.0455
INFO:root:| epoch   1 | batch  2560 | lr 0.010000 | ms/batch 438.69 | loss     8.4865 | aux_loss     0.0000 | ppl  4848.7257
INFO:root:| epoch   1 | batch  2688 | lr 0.010000 | ms/batch 438.57 | loss     8.2164 | aux_loss     0.0000 | ppl  3701.0838
INFO:root:| epoch   1 | batch  2816 | lr 0.010000 | ms/batch 439.03 | loss     8.0047 | aux_loss     0.0000 | ppl  2995.0062
INFO:root:| epoch   1 | batch  2944 | lr 0.010000 | ms/batch 439.67 | loss     7.8557 | aux_loss     0.0000 | ppl  2580.4681
INFO:root:| epoch   1 | batch  3072 | lr 0.010000 | ms/batch 439.43 | loss     7.7527 | aux_loss     0.0000 | ppl  2327.8230
INFO:root:| epoch   1 | batch  3200 | lr 0.010000 | ms/batch 438.54 | loss     7.6761 | aux_loss     0.0000 | ppl  2156.2564
INFO:root:| epoch   1 | batch  3328 | lr 0.010000 | ms/batch 436.96 | loss     7.6278 | aux_loss     0.0000 | ppl  2054.5301
INFO:root:| epoch   1 | batch  3456 | lr 0.010000 | ms/batch 436.51 | loss     7.5922 | aux_loss     0.0000 | ppl  1982.7440
INFO:root:| epoch   1 | batch  3584 | lr 0.010000 | ms/batch 436.39 | loss     7.5643 | aux_loss     0.0000 | ppl  1928.1158
INFO:root:| epoch   1 | batch  3712 | lr 0.010000 | ms/batch 436.47 | loss     7.5380 | aux_loss     0.0000 | ppl  1878.0896
INFO:root:| epoch   1 | batch  3840 | lr 0.010000 | ms/batch 436.44 | loss     7.5159 | aux_loss     0.0000 | ppl  1837.0095
INFO:root:| epoch   1 | batch  3968 | lr 0.010000 | ms/batch 436.10 | loss     7.4903 | aux_loss     0.0000 | ppl  1790.5807
INFO:root:| epoch   1 | batch  4096 | lr 0.010000 | ms/batch 436.75 | loss     7.4624 | aux_loss     0.0000 | ppl  1741.2993
INFO:root:| epoch   1 | batch  4224 | lr 0.010000 | ms/batch 436.74 | loss     7.4343 | aux_loss     0.0000 | ppl  1693.0948
INFO:root:| epoch   1 | batch  4352 | lr 0.010000 | ms/batch 436.63 | loss     7.4109 | aux_loss     0.0000 | ppl  1653.9926
INFO:root:| epoch   1 | batch  4480 | lr 0.010000 | ms/batch 436.69 | loss     7.3947 | aux_loss     0.0000 | ppl  1627.3644
INFO:root:| epoch   1 | batch  4608 | lr 0.010000 | ms/batch 436.79 | loss     7.3682 | aux_loss     0.0000 | ppl  1584.7604
INFO:root:| epoch   1 | batch  4736 | lr 0.010000 | ms/batch 436.40 | loss     7.3474 | aux_loss     0.0000 | ppl  1552.1816
INFO:root:| epoch   1 | batch  4864 | lr 0.010000 | ms/batch 436.01 | loss     7.3296 | aux_loss     0.0000 | ppl  1524.7839
INFO:root:| epoch   1 | batch  4992 | lr 0.010000 | ms/batch 436.30 | loss     7.3096 | aux_loss     0.0000 | ppl  1494.5166
INFO:root:| epoch   1 | batch  5120 | lr 0.010000 | ms/batch 436.31 | loss     7.2956 | aux_loss     0.0000 | ppl  1473.8532
INFO:root:| epoch   1 | batch  5248 | lr 0.010000 | ms/batch 436.98 | loss     7.2743 | aux_loss     0.0000 | ppl  1442.6944
INFO:root:| epoch   1 | batch  5376 | lr 0.010000 | ms/batch 436.58 | loss     7.2647 | aux_loss     0.0000 | ppl  1429.0245
INFO:root:| epoch   1 | batch  5504 | lr 0.010000 | ms/batch 437.55 | loss     7.2419 | aux_loss     0.0000 | ppl  1396.7665
INFO:root:| epoch   1 | batch  5632 | lr 0.010000 | ms/batch 437.99 | loss     7.2274 | aux_loss     0.0000 | ppl  1376.6247
INFO:root:| epoch   1 | batch  5760 | lr 0.010000 | ms/batch 446.14 | loss     7.2180 | aux_loss     0.0000 | ppl  1363.8253
INFO:root:| epoch   1 | batch  5888 | lr 0.010000 | ms/batch 445.00 | loss     7.1993 | aux_loss     0.0000 | ppl  1338.4462
INFO:root:| epoch   1 | batch  6016 | lr 0.010000 | ms/batch 444.64 | loss     7.1851 | aux_loss     0.0000 | ppl  1319.5643
INFO:root:| epoch   1 | batch  6144 | lr 0.010000 | ms/batch 444.72 | loss     7.1744 | aux_loss     0.0000 | ppl  1305.5490
INFO:root:| epoch   1 | batch  6272 | lr 0.010000 | ms/batch 444.35 | loss     7.1576 | aux_loss     0.0000 | ppl  1283.8801
INFO:root:| epoch   1 | batch  6400 | lr 0.010000 | ms/batch 445.01 | loss     7.1433 | aux_loss     0.0000 | ppl  1265.5989
INFO:root:| epoch   1 | batch  6528 | lr 0.010000 | ms/batch 446.00 | loss     7.1359 | aux_loss     0.0000 | ppl  1256.3015
INFO:root:| epoch   1 | batch  6656 | lr 0.010000 | ms/batch 446.33 | loss     7.1215 | aux_loss     0.0000 | ppl  1238.2532
INFO:root:| epoch   1 | batch  6784 | lr 0.010000 | ms/batch 445.72 | loss     7.1102 | aux_loss     0.0000 | ppl  1224.4127
INFO:root:| epoch   1 | batch  6912 | lr 0.010000 | ms/batch 445.50 | loss     7.0962 | aux_loss     0.0000 | ppl  1207.4095
INFO:root:| epoch   1 | batch  7040 | lr 0.010000 | ms/batch 446.44 | loss     7.0881 | aux_loss     0.0000 | ppl  1197.6116
INFO:root:| epoch   1 | batch  7168 | lr 0.010000 | ms/batch 448.50 | loss     7.0747 | aux_loss     0.0000 | ppl  1181.6913
INFO:root:| epoch   1 | batch  7296 | lr 0.010000 | ms/batch 448.40 | loss     7.0682 | aux_loss     0.0000 | ppl  1174.0808
INFO:root:| epoch   1 | batch  7424 | lr 0.010000 | ms/batch 447.79 | loss     7.0583 | aux_loss     0.0000 | ppl  1162.4704
INFO:root:| epoch   1 | batch  7552 | lr 0.010000 | ms/batch 447.55 | loss     7.0487 | aux_loss     0.0000 | ppl  1151.3876
INFO:root:| epoch   1 | batch  7680 | lr 0.010000 | ms/batch 447.64 | loss     7.0389 | aux_loss     0.0000 | ppl  1140.1474
INFO:root:| epoch   1 | batch  7808 | lr 0.010000 | ms/batch 448.32 | loss     7.0239 | aux_loss     0.0000 | ppl  1123.1804
INFO:root:| epoch   1 | batch  7936 | lr 0.010000 | ms/batch 448.23 | loss     7.0184 | aux_loss     0.0000 | ppl  1116.9891
INFO:root:| epoch   1 | batch  8064 | lr 0.010000 | ms/batch 448.60 | loss     7.0105 | aux_loss     0.0000 | ppl  1108.1675
INFO:root:| epoch   1 | batch  8192 | lr 0.010000 | ms/batch 448.22 | loss     7.0046 | aux_loss     0.0000 | ppl  1101.6760
INFO:root:| epoch   1 | batch  8320 | lr 0.010000 | ms/batch 448.11 | loss     6.9930 | aux_loss     0.0000 | ppl  1088.9535
INFO:root:| epoch   1 | batch  8448 | lr 0.010000 | ms/batch 448.06 | loss     6.9885 | aux_loss     0.0000 | ppl  1084.0803
INFO:root:| epoch   1 | batch  8576 | lr 0.010000 | ms/batch 453.91 | loss     6.9736 | aux_loss     0.0000 | ppl  1068.1056
INFO:root:| epoch   1 | batch  8704 | lr 0.010000 | ms/batch 466.77 | loss     6.9616 | aux_loss     0.0000 | ppl  1055.3530
INFO:root:| epoch   1 | batch  8832 | lr 0.010000 | ms/batch 464.72 | loss     6.9561 | aux_loss     0.0000 | ppl  1049.5258
INFO:root:| epoch   1 | batch  8960 | lr 0.010000 | ms/batch 439.97 | loss     6.9539 | aux_loss     0.0000 | ppl  1047.2284
INFO:root:| epoch   1 | batch  9088 | lr 0.010000 | ms/batch 439.72 | loss     6.9434 | aux_loss     0.0000 | ppl  1036.2706
INFO:root:| epoch   1 | batch  9216 | lr 0.010000 | ms/batch 439.82 | loss     6.9352 | aux_loss     0.0000 | ppl  1027.8751
INFO:root:| epoch   1 | batch  9344 | lr 0.010000 | ms/batch 440.21 | loss     6.9283 | aux_loss     0.0000 | ppl  1020.8075
INFO:root:| epoch   1 | batch  9472 | lr 0.010000 | ms/batch 439.46 | loss     6.9207 | aux_loss     0.0000 | ppl  1013.0772
INFO:root:| epoch   1 | batch  9600 | lr 0.010000 | ms/batch 438.05 | loss     6.9183 | aux_loss     0.0000 | ppl  1010.5864
INFO:root:| epoch   1 | batch  9728 | lr 0.010000 | ms/batch 438.00 | loss     6.9128 | aux_loss     0.0000 | ppl  1005.0599
INFO:root:| epoch   1 | batch  9856 | lr 0.010000 | ms/batch 438.01 | loss     6.8992 | aux_loss     0.0000 | ppl   991.4869
INFO:root:| epoch   1 | batch  9984 | lr 0.010000 | ms/batch 437.98 | loss     6.8898 | aux_loss     0.0000 | ppl   982.2156
INFO:root:| epoch   1 | batch 10112 | lr 0.010000 | ms/batch 437.81 | loss     6.8845 | aux_loss     0.0000 | ppl   977.0166
INFO:root:| epoch   1 | batch 10240 | lr 0.010000 | ms/batch 438.17 | loss     6.8745 | aux_loss     0.0000 | ppl   967.3090
INFO:root:| epoch   1 | batch 10368 | lr 0.010000 | ms/batch 438.04 | loss     6.8741 | aux_loss     0.0000 | ppl   966.8696
INFO:root:| epoch   1 | batch 10496 | lr 0.010000 | ms/batch 436.96 | loss     6.8673 | aux_loss     0.0000 | ppl   960.3434
INFO:root:| epoch   1 | batch 10624 | lr 0.010000 | ms/batch 437.04 | loss     6.8669 | aux_loss     0.0000 | ppl   959.9536
INFO:root:| epoch   1 | batch 10752 | lr 0.010000 | ms/batch 446.99 | loss     6.8508 | aux_loss     0.0000 | ppl   944.6090
INFO:root:| epoch   1 | batch 10880 | lr 0.010000 | ms/batch 447.28 | loss     6.8423 | aux_loss     0.0000 | ppl   936.6731
INFO:root:| epoch   1 | batch 11008 | lr 0.010000 | ms/batch 447.42 | loss     6.8395 | aux_loss     0.0000 | ppl   934.0095
INFO:root:| epoch   1 | batch 11136 | lr 0.010000 | ms/batch 447.67 | loss     6.8350 | aux_loss     0.0000 | ppl   929.8172
INFO:root:| epoch   1 | batch 11264 | lr 0.010000 | ms/batch 447.78 | loss     6.8332 | aux_loss     0.0000 | ppl   928.1144
INFO:root:| epoch   1 | batch 11392 | lr 0.010000 | ms/batch 448.07 | loss     6.8222 | aux_loss     0.0000 | ppl   917.9624
INFO:root:| epoch   1 | batch 11520 | lr 0.010000 | ms/batch 446.65 | loss     6.8240 | aux_loss     0.0000 | ppl   919.6754
INFO:root:| epoch   1 | batch 11648 | lr 0.010000 | ms/batch 442.43 | loss     6.8066 | aux_loss     0.0000 | ppl   903.8206
INFO:root:| epoch   1 | batch 11776 | lr 0.010000 | ms/batch 443.17 | loss     6.8048 | aux_loss     0.0000 | ppl   902.1997
INFO:root:| epoch   1 | batch 11904 | lr 0.010000 | ms/batch 442.47 | loss     6.7974 | aux_loss     0.0000 | ppl   895.5019
INFO:root:| epoch   1 | batch 12032 | lr 0.010000 | ms/batch 444.23 | loss     6.7868 | aux_loss     0.0000 | ppl   886.0687
INFO:root:| epoch   1 | batch 12160 | lr 0.010000 | ms/batch 443.90 | loss     6.7860 | aux_loss     0.0000 | ppl   885.3469
INFO:root:| epoch   1 | batch 12288 | lr 0.010000 | ms/batch 443.63 | loss     6.7772 | aux_loss     0.0000 | ppl   877.5700
INFO:root:| epoch   1 | batch 12416 | lr 0.010000 | ms/batch 444.32 | loss     6.7756 | aux_loss     0.0000 | ppl   876.2469
INFO:root:| epoch   1 | batch 12544 | lr 0.010000 | ms/batch 443.54 | loss     6.7690 | aux_loss     0.0000 | ppl   870.4220
INFO:root:| epoch   1 | batch 12672 | lr 0.010000 | ms/batch 444.25 | loss     6.7618 | aux_loss     0.0000 | ppl   864.1866
INFO:root:| epoch   1 | batch 12800 | lr 0.010000 | ms/batch 444.07 | loss     6.7574 | aux_loss     0.0000 | ppl   860.3958
INFO:root:| epoch   1 | batch 12928 | lr 0.010000 | ms/batch 444.47 | loss     6.7491 | aux_loss     0.0000 | ppl   853.3106
INFO:root:| epoch   1 | batch 13056 | lr 0.010000 | ms/batch 444.40 | loss     6.7486 | aux_loss     0.0000 | ppl   852.8868
INFO:root:| epoch   1 | batch 13184 | lr 0.010000 | ms/batch 443.67 | loss     6.7385 | aux_loss     0.0000 | ppl   844.3178
INFO:root:| epoch   1 | batch 13312 | lr 0.010000 | ms/batch 444.07 | loss     6.7345 | aux_loss     0.0000 | ppl   840.8860
INFO:root:| epoch   1 | batch 13440 | lr 0.010000 | ms/batch 443.91 | loss     6.7315 | aux_loss     0.0000 | ppl   838.3770
INFO:root:| epoch   1 | batch 13568 | lr 0.010000 | ms/batch 444.23 | loss     6.7236 | aux_loss     0.0000 | ppl   831.8258
INFO:root:| epoch   1 | batch 13696 | lr 0.010000 | ms/batch 443.59 | loss     6.7136 | aux_loss     0.0000 | ppl   823.5639
INFO:root:| epoch   1 | batch 13824 | lr 0.010000 | ms/batch 443.45 | loss     6.7164 | aux_loss     0.0000 | ppl   825.8086
INFO:root:| epoch   1 | batch 13952 | lr 0.010000 | ms/batch 444.31 | loss     6.7125 | aux_loss     0.0000 | ppl   822.5999
INFO:root:| epoch   1 | batch 14080 | lr 0.010000 | ms/batch 441.58 | loss     6.7054 | aux_loss     0.0000 | ppl   816.8330
INFO:root:| epoch   1 | batch 14208 | lr 0.010000 | ms/batch 434.52 | loss     6.6994 | aux_loss     0.0000 | ppl   811.9591
INFO:root:| epoch   1 | batch 14336 | lr 0.010000 | ms/batch 434.58 | loss     6.7015 | aux_loss     0.0000 | ppl   813.5900
INFO:root:| epoch   1 | batch 14464 | lr 0.010000 | ms/batch 435.00 | loss     6.6905 | aux_loss     0.0000 | ppl   804.7476
INFO:root:| epoch   1 | batch 14592 | lr 0.010000 | ms/batch 433.88 | loss     6.6798 | aux_loss     0.0000 | ppl   796.1723
INFO:root:| epoch   1 | batch 14720 | lr 0.010000 | ms/batch 432.65 | loss     6.6823 | aux_loss     0.0000 | ppl   798.1694
INFO:root:| epoch   1 | batch 14848 | lr 0.010000 | ms/batch 434.09 | loss     6.6789 | aux_loss     0.0000 | ppl   795.4070
INFO:root:| epoch   1 | batch 14976 | lr 0.010000 | ms/batch 433.89 | loss     6.6758 | aux_loss     0.0000 | ppl   792.9857
INFO:root:| epoch   1 | batch 15104 | lr 0.010000 | ms/batch 434.04 | loss     6.6757 | aux_loss     0.0000 | ppl   792.8770
INFO:root:| epoch   1 | batch 15232 | lr 0.010000 | ms/batch 433.24 | loss     6.6663 | aux_loss     0.0000 | ppl   785.4530
INFO:root:| epoch   1 | batch 15360 | lr 0.010000 | ms/batch 432.32 | loss     6.6614 | aux_loss     0.0000 | ppl   781.6586
INFO:root:| epoch   1 | batch 15488 | lr 0.010000 | ms/batch 432.91 | loss     6.6631 | aux_loss     0.0000 | ppl   782.9455
INFO:root:| epoch   1 | batch 15616 | lr 0.010000 | ms/batch 433.27 | loss     6.6526 | aux_loss     0.0000 | ppl   774.8173
INFO:root:| epoch   1 | batch 15744 | lr 0.010000 | ms/batch 432.36 | loss     6.6484 | aux_loss     0.0000 | ppl   771.5321
INFO:root:| epoch   1 | batch 15872 | lr 0.010000 | ms/batch 432.97 | loss     6.6448 | aux_loss     0.0000 | ppl   768.7695
INFO:root:| epoch   1 | batch 16000 | lr 0.010000 | ms/batch 431.36 | loss     6.6403 | aux_loss     0.0000 | ppl   765.2886
INFO:root:| epoch   1 | batch 16128 | lr 0.010000 | ms/batch 431.34 | loss     6.6343 | aux_loss     0.0000 | ppl   760.7433
INFO:root:| epoch   1 | batch 16256 | lr 0.010000 | ms/batch 431.40 | loss     6.6331 | aux_loss     0.0000 | ppl   759.8150
INFO:root:| epoch   1 | batch 16384 | lr 0.010000 | ms/batch 431.87 | loss     6.6259 | aux_loss     0.0000 | ppl   754.3832
INFO:root:| epoch   1 | batch 16512 | lr 0.010000 | ms/batch 431.47 | loss     6.6306 | aux_loss     0.0000 | ppl   757.9589
INFO:root:| epoch   1 | batch 16640 | lr 0.010000 | ms/batch 431.78 | loss     6.6261 | aux_loss     0.0000 | ppl   754.5168
INFO:root:| epoch   1 | batch 16768 | lr 0.010000 | ms/batch 431.90 | loss     6.6207 | aux_loss     0.0000 | ppl   750.4478
INFO:root:| epoch   1 | batch 16896 | lr 0.010000 | ms/batch 432.43 | loss     6.6096 | aux_loss     0.0000 | ppl   742.1727
INFO:root:| epoch   1 | batch 17024 | lr 0.010000 | ms/batch 433.32 | loss     6.6116 | aux_loss     0.0000 | ppl   743.6739
INFO:root:| epoch   1 | batch 17152 | lr 0.010000 | ms/batch 433.09 | loss     6.6103 | aux_loss     0.0000 | ppl   742.7113
INFO:root:| epoch   1 | batch 17280 | lr 0.010000 | ms/batch 433.10 | loss     6.6027 | aux_loss     0.0000 | ppl   737.1002
INFO:root:| epoch   1 | batch 17408 | lr 0.010000 | ms/batch 432.43 | loss     6.6077 | aux_loss     0.0000 | ppl   740.7450
INFO:root:| epoch   1 | batch 17536 | lr 0.010000 | ms/batch 447.41 | loss     6.6012 | aux_loss     0.0000 | ppl   735.9884
INFO:root:| epoch   1 | batch 17664 | lr 0.010000 | ms/batch 440.95 | loss     6.5975 | aux_loss     0.0000 | ppl   733.2865
INFO:root:| epoch   1 | batch 17792 | lr 0.010000 | ms/batch 449.61 | loss     6.5969 | aux_loss     0.0000 | ppl   732.8273
INFO:root:| epoch   1 | batch 17920 | lr 0.010000 | ms/batch 432.22 | loss     6.5946 | aux_loss     0.0000 | ppl   731.1294
INFO:root:| epoch   1 | batch 18048 | lr 0.010000 | ms/batch 431.84 | loss     6.5902 | aux_loss     0.0000 | ppl   727.9485
INFO:root:| epoch   1 | batch 18176 | lr 0.010000 | ms/batch 433.02 | loss     6.5841 | aux_loss     0.0000 | ppl   723.5108
INFO:root:| epoch   1 | batch 18304 | lr 0.010000 | ms/batch 431.39 | loss     6.5832 | aux_loss     0.0000 | ppl   722.8689
INFO:root:| epoch   1 | batch 18432 | lr 0.010000 | ms/batch 433.09 | loss     6.5832 | aux_loss     0.0000 | ppl   722.8779
INFO:root:| epoch   1 | batch 18560 | lr 0.010000 | ms/batch 438.17 | loss     6.5755 | aux_loss     0.0000 | ppl   717.3070
INFO:root:| epoch   1 | batch 18688 | lr 0.010000 | ms/batch 437.46 | loss     6.5755 | aux_loss     0.0000 | ppl   717.2956
INFO:root:| epoch   1 | batch 18816 | lr 0.010000 | ms/batch 435.28 | loss     6.5662 | aux_loss     0.0000 | ppl   710.6839
INFO:root:| epoch   1 | batch 18944 | lr 0.010000 | ms/batch 434.93 | loss     6.5740 | aux_loss     0.0000 | ppl   716.2274
INFO:root:| epoch   1 | batch 19072 | lr 0.010000 | ms/batch 434.08 | loss     6.5645 | aux_loss     0.0000 | ppl   709.4508
INFO:root:| epoch   1 | batch 19200 | lr 0.010000 | ms/batch 434.86 | loss     6.5655 | aux_loss     0.0000 | ppl   710.1915
INFO:root:| epoch   1 | batch 19328 | lr 0.010000 | ms/batch 434.61 | loss     6.5563 | aux_loss     0.0000 | ppl   703.6757
INFO:root:| epoch   1 | batch 19456 | lr 0.010000 | ms/batch 435.79 | loss     6.5531 | aux_loss     0.0000 | ppl   701.3815
INFO:root:| epoch   1 | batch 19584 | lr 0.010000 | ms/batch 434.64 | loss     6.5511 | aux_loss     0.0000 | ppl   699.9914
INFO:root:| epoch   1 | batch 19712 | lr 0.010000 | ms/batch 437.38 | loss     6.5476 | aux_loss     0.0000 | ppl   697.5928
INFO:root:| epoch   1 | batch 19840 | lr 0.010000 | ms/batch 437.11 | loss     6.5497 | aux_loss     0.0000 | ppl   699.0133
INFO:root:| epoch   1 | batch 19968 | lr 0.010000 | ms/batch 436.80 | loss     6.5416 | aux_loss     0.0000 | ppl   693.3944
INFO:root:| epoch   1 | batch 20096 | lr 0.010000 | ms/batch 436.25 | loss     6.5484 | aux_loss     0.0000 | ppl   698.1289
INFO:root:| epoch   1 | batch 20224 | lr 0.010000 | ms/batch 434.21 | loss     6.5420 | aux_loss     0.0000 | ppl   693.6493
INFO:root:| epoch   1 | batch 20352 | lr 0.010000 | ms/batch 434.29 | loss     6.5343 | aux_loss     0.0000 | ppl   688.3623
INFO:root:| epoch   1 | batch 20480 | lr 0.010000 | ms/batch 434.42 | loss     6.5389 | aux_loss     0.0000 | ppl   691.5513
INFO:root:| epoch   1 | batch 20608 | lr 0.010000 | ms/batch 434.81 | loss     6.5249 | aux_loss     0.0000 | ppl   681.9034
INFO:root:| epoch   1 | batch 20736 | lr 0.010000 | ms/batch 434.62 | loss     6.5266 | aux_loss     0.0000 | ppl   683.0905
INFO:root:| epoch   1 | batch 20864 | lr 0.010000 | ms/batch 434.69 | loss     6.5261 | aux_loss     0.0000 | ppl   682.7309
INFO:root:| epoch   1 | batch 20992 | lr 0.010000 | ms/batch 435.63 | loss     6.5219 | aux_loss     0.0000 | ppl   679.9011
INFO:root:| epoch   1 | batch 21120 | lr 0.010000 | ms/batch 436.00 | loss     6.5273 | aux_loss     0.0000 | ppl   683.5373
INFO:root:| epoch   1 | batch 21248 | lr 0.010000 | ms/batch 436.67 | loss     6.5177 | aux_loss     0.0000 | ppl   677.0197
INFO:root:| epoch   1 | batch 21376 | lr 0.010000 | ms/batch 435.46 | loss     6.5144 | aux_loss     0.0000 | ppl   674.7729
INFO:root:| epoch   1 | batch 21504 | lr 0.010000 | ms/batch 436.23 | loss     6.5161 | aux_loss     0.0000 | ppl   675.9093
INFO:root:| epoch   1 | batch 21632 | lr 0.010000 | ms/batch 435.22 | loss     6.5143 | aux_loss     0.0000 | ppl   674.7148
INFO:root:| epoch   1 | batch 21760 | lr 0.010000 | ms/batch 435.74 | loss     6.5166 | aux_loss     0.0000 | ppl   676.2792
INFO:root:| epoch   1 | batch 21888 | lr 0.010000 | ms/batch 435.59 | loss     6.5058 | aux_loss     0.0000 | ppl   669.0181
INFO:root:| epoch   1 | batch 22016 | lr 0.010000 | ms/batch 436.28 | loss     6.5068 | aux_loss     0.0000 | ppl   669.6948
INFO:root:| epoch   1 | batch 22144 | lr 0.010000 | ms/batch 435.43 | loss     6.5051 | aux_loss     0.0000 | ppl   668.5247
INFO:root:| epoch   1 | batch 22272 | lr 0.010000 | ms/batch 435.32 | loss     6.5061 | aux_loss     0.0000 | ppl   669.2313
INFO:root:| epoch   1 | batch 22400 | lr 0.010000 | ms/batch 435.80 | loss     6.5006 | aux_loss     0.0000 | ppl   665.5179
INFO:root:| epoch   1 | batch 22528 | lr 0.010000 | ms/batch 435.72 | loss     6.5014 | aux_loss     0.0000 | ppl   666.0912
INFO:root:| epoch   1 | batch 22656 | lr 0.010000 | ms/batch 435.50 | loss     6.4990 | aux_loss     0.0000 | ppl   664.5080
INFO:root:| epoch   1 | batch 22784 | lr 0.010000 | ms/batch 435.21 | loss     6.4972 | aux_loss     0.0000 | ppl   663.2776
INFO:root:| epoch   1 | batch 22912 | lr 0.010000 | ms/batch 438.31 | loss     6.4885 | aux_loss     0.0000 | ppl   657.5520
INFO:root:| epoch   1 | batch 23040 | lr 0.010000 | ms/batch 437.64 | loss     6.4888 | aux_loss     0.0000 | ppl   657.7490
INFO:root:| epoch   1 | batch 23168 | lr 0.010000 | ms/batch 437.10 | loss     6.4879 | aux_loss     0.0000 | ppl   657.1219
INFO:root:| epoch   1 | batch 23296 | lr 0.010000 | ms/batch 435.49 | loss     6.4845 | aux_loss     0.0000 | ppl   654.9371
INFO:root:| epoch   1 | batch 23424 | lr 0.010000 | ms/batch 436.64 | loss     6.4848 | aux_loss     0.0000 | ppl   655.1193
INFO:root:| epoch   1 | batch 23552 | lr 0.010000 | ms/batch 436.83 | loss     6.4876 | aux_loss     0.0000 | ppl   656.9673
INFO:root:| epoch   1 | batch 23680 | lr 0.010000 | ms/batch 435.44 | loss     6.4794 | aux_loss     0.0000 | ppl   651.5523
INFO:root:| epoch   1 | batch 23808 | lr 0.010000 | ms/batch 434.49 | loss     6.4763 | aux_loss     0.0000 | ppl   649.5904
INFO:root:| epoch   1 | batch 23936 | lr 0.010000 | ms/batch 433.09 | loss     6.4772 | aux_loss     0.0000 | ppl   650.1256
INFO:root:| epoch   1 | batch 24064 | lr 0.010000 | ms/batch 431.70 | loss     6.4779 | aux_loss     0.0000 | ppl   650.5733
INFO:root:| epoch   1 | batch 24192 | lr 0.010000 | ms/batch 429.94 | loss     6.4706 | aux_loss     0.0000 | ppl   645.8590
INFO:root:| epoch   1 | batch 24320 | lr 0.010000 | ms/batch 429.49 | loss     6.4702 | aux_loss     0.0000 | ppl   645.5860
INFO:root:| epoch   1 | batch 24448 | lr 0.010000 | ms/batch 432.90 | loss     6.4639 | aux_loss     0.0000 | ppl   641.5457
INFO:root:| epoch   1 | batch 24576 | lr 0.010000 | ms/batch 433.17 | loss     6.4685 | aux_loss     0.0000 | ppl   644.5464
INFO:root:| epoch   1 | batch 24704 | lr 0.010000 | ms/batch 433.19 | loss     6.4586 | aux_loss     0.0000 | ppl   638.1451
INFO:root:| epoch   1 | batch 24832 | lr 0.010000 | ms/batch 436.53 | loss     6.4665 | aux_loss     0.0000 | ppl   643.2335
INFO:root:| epoch   1 | batch 24960 | lr 0.010000 | ms/batch 436.25 | loss     6.4570 | aux_loss     0.0000 | ppl   637.1151
INFO:root:| epoch   1 | batch 25088 | lr 0.010000 | ms/batch 435.34 | loss     6.4584 | aux_loss     0.0000 | ppl   638.0337
INFO:root:| epoch   1 | batch 25216 | lr 0.010000 | ms/batch 442.89 | loss     6.4533 | aux_loss     0.0000 | ppl   634.8114
INFO:root:| epoch   1 | batch 25344 | lr 0.010000 | ms/batch 445.09 | loss     6.4577 | aux_loss     0.0000 | ppl   637.6027
INFO:root:| epoch   1 | batch 25472 | lr 0.010000 | ms/batch 443.24 | loss     6.4571 | aux_loss     0.0000 | ppl   637.1862
INFO:root:| epoch   1 | batch 25600 | lr 0.010000 | ms/batch 446.44 | loss     6.4497 | aux_loss     0.0000 | ppl   632.5077
INFO:root:| epoch   1 | batch 25728 | lr 0.010000 | ms/batch 442.30 | loss     6.4535 | aux_loss     0.0000 | ppl   634.8947
INFO:root:| epoch   1 | batch 25856 | lr 0.010000 | ms/batch 444.84 | loss     6.4493 | aux_loss     0.0000 | ppl   632.2838
INFO:root:| epoch   1 | batch 25984 | lr 0.010000 | ms/batch 447.05 | loss     6.4474 | aux_loss     0.0000 | ppl   631.0635
INFO:root:| epoch   1 | batch 26112 | lr 0.010000 | ms/batch 442.01 | loss     6.4452 | aux_loss     0.0000 | ppl   629.6821
INFO:root:| epoch   1 | batch 26240 | lr 0.010000 | ms/batch 445.71 | loss     6.4394 | aux_loss     0.0000 | ppl   626.0488
INFO:root:| epoch   1 | batch 26368 | lr 0.010000 | ms/batch 442.25 | loss     6.4399 | aux_loss     0.0000 | ppl   626.3489
INFO:root:| epoch   1 | batch 26496 | lr 0.010000 | ms/batch 461.32 | loss     6.4391 | aux_loss     0.0000 | ppl   625.8162
INFO:root:| epoch   1 | batch 26624 | lr 0.010000 | ms/batch 494.59 | loss     6.4426 | aux_loss     0.0000 | ppl   628.0292
INFO:root:| epoch   1 | batch 26752 | lr 0.010000 | ms/batch 446.78 | loss     6.4425 | aux_loss     0.0000 | ppl   627.9603
INFO:root:| epoch   1 | batch 26880 | lr 0.010000 | ms/batch 440.42 | loss     6.4353 | aux_loss     0.0000 | ppl   623.4464
INFO:root:| epoch   1 | batch 27008 | lr 0.010000 | ms/batch 444.85 | loss     6.4332 | aux_loss     0.0000 | ppl   622.1576
INFO:root:| epoch   1 | batch 27136 | lr 0.010000 | ms/batch 444.12 | loss     6.4240 | aux_loss     0.0000 | ppl   616.4718
INFO:root:| epoch   1 | batch 27264 | lr 0.010000 | ms/batch 444.98 | loss     6.4347 | aux_loss     0.0000 | ppl   623.0782
INFO:root:| epoch   1 | batch 27392 | lr 0.010000 | ms/batch 449.81 | loss     6.4264 | aux_loss     0.0000 | ppl   617.9694
INFO:root:| epoch   1 | batch 27520 | lr 0.010000 | ms/batch 444.09 | loss     6.4253 | aux_loss     0.0000 | ppl   617.2567
INFO:root:| epoch   1 | batch 27648 | lr 0.010000 | ms/batch 440.50 | loss     6.4165 | aux_loss     0.0000 | ppl   611.8517
INFO:root:| epoch   1 | batch 27776 | lr 0.010000 | ms/batch 440.66 | loss     6.4245 | aux_loss     0.0000 | ppl   616.7687
INFO:root:| epoch   1 | batch 27904 | lr 0.010000 | ms/batch 443.34 | loss     6.4162 | aux_loss     0.0000 | ppl   611.6725
INFO:root:| epoch   1 | batch 28032 | lr 0.010000 | ms/batch 442.50 | loss     6.4209 | aux_loss     0.0000 | ppl   614.5698
INFO:root:| epoch   1 | batch 28160 | lr 0.010000 | ms/batch 444.32 | loss     6.4217 | aux_loss     0.0000 | ppl   615.0356
INFO:root:| epoch   1 | batch 28288 | lr 0.010000 | ms/batch 446.46 | loss     6.4145 | aux_loss     0.0000 | ppl   610.6591
INFO:root:| epoch   1 | batch 28416 | lr 0.010000 | ms/batch 444.16 | loss     6.4123 | aux_loss     0.0000 | ppl   609.3010
INFO:root:| epoch   1 | batch 28544 | lr 0.010000 | ms/batch 442.42 | loss     6.4190 | aux_loss     0.0000 | ppl   613.3909
INFO:root:| epoch   1 | batch 28672 | lr 0.010000 | ms/batch 446.03 | loss     6.4089 | aux_loss     0.0000 | ppl   607.2324
INFO:root:| epoch   1 | batch 28800 | lr 0.010000 | ms/batch 445.74 | loss     6.4107 | aux_loss     0.0000 | ppl   608.3005
INFO:root:| epoch   1 | batch 28928 | lr 0.010000 | ms/batch 443.20 | loss     6.4123 | aux_loss     0.0000 | ppl   609.3102
INFO:root:| epoch   1 | batch 29056 | lr 0.010000 | ms/batch 445.51 | loss     6.4102 | aux_loss     0.0000 | ppl   608.0441
INFO:root:| epoch   1 | batch 29184 | lr 0.010000 | ms/batch 442.23 | loss     6.4111 | aux_loss     0.0000 | ppl   608.5447
INFO:root:| epoch   1 | batch 29312 | lr 0.010000 | ms/batch 442.14 | loss     6.4056 | aux_loss     0.0000 | ppl   605.2170
INFO:root:| epoch   1 | batch 29440 | lr 0.010000 | ms/batch 445.77 | loss     6.4051 | aux_loss     0.0000 | ppl   604.9510
INFO:root:| epoch   1 | batch 29568 | lr 0.010000 | ms/batch 443.02 | loss     6.4010 | aux_loss     0.0000 | ppl   602.4688
INFO:root:| epoch   1 | batch 29696 | lr 0.010000 | ms/batch 441.49 | loss     6.4067 | aux_loss     0.0000 | ppl   605.9100
INFO:root:| epoch   1 | batch 29824 | lr 0.010000 | ms/batch 444.71 | loss     6.4038 | aux_loss     0.0000 | ppl   604.1319
INFO:root:| epoch   1 | batch 29952 | lr 0.010000 | ms/batch 443.32 | loss     6.4013 | aux_loss     0.0000 | ppl   602.6322
INFO:root:| epoch   1 | batch 30080 | lr 0.010000 | ms/batch 445.61 | loss     6.3961 | aux_loss     0.0000 | ppl   599.4802
INFO:root:| epoch   1 | batch 30208 | lr 0.010000 | ms/batch 445.15 | loss     6.3974 | aux_loss     0.0000 | ppl   600.2650
INFO:root:| epoch   1 | batch 30336 | lr 0.010000 | ms/batch 442.94 | loss     6.3943 | aux_loss     0.0000 | ppl   598.4307
INFO:root:| epoch   1 | batch 30464 | lr 0.010000 | ms/batch 443.80 | loss     6.3971 | aux_loss     0.0000 | ppl   600.1044
