INFO:root:./model_files/2020_07_10_15_17_55.pt
INFO:root:The batch size is: 64
INFO:root:Number of epochs is : 2
INFO:root:The context length is : 128
INFO:root:D_model is : 256
INFO:root:Number of attention heads is : 4
INFO:root:Number of decoder layers is : 3
INFO:root:Initial learning rate is : 1.0
INFO:root:Number of warmup steps is : 4000
INFO:root:k is : 2
INFO:root:Number of experts is : 8
INFO:root:Type of gating used : FNN gating
WARNING:absl:TFDS datasets with text encoding are deprecated and will be removed in a future version. Instead, you should use the plain text version and tokenize the text using `tensorflow_text` (See: https://www.tensorflow.org/tutorials/tensorflow_text/intro#tfdata_example)
INFO:absl:Load dataset info from ./subwords32k/lm1b/subwords32k/1.0.0
INFO:absl:Reusing dataset lm1b (./subwords32k/lm1b/subwords32k/1.0.0)
INFO:absl:Constructing tf.data.Dataset for split train, from ./subwords32k/lm1b/subwords32k/1.0.0
WARNING:absl:TFDS datasets with text encoding are deprecated and will be removed in a future version. Instead, you should use the plain text version and tokenize the text using `tensorflow_text` (See: https://www.tensorflow.org/tutorials/tensorflow_text/intro#tfdata_example)
INFO:absl:Load dataset info from ./subwords32k/lm1b/subwords32k/1.0.0
INFO:absl:Reusing dataset lm1b (./subwords32k/lm1b/subwords32k/1.0.0)
INFO:absl:Constructing tf.data.Dataset for split test, from ./subwords32k/lm1b/subwords32k/1.0.0
INFO:root:Gating function is: none
INFO:root:The optimizer used is: adam
INFO:root:Current Epoch is: 1
INFO:root:Running without errors
INFO:root:Learning rate has changed to: 3.186982954388445e-05
INFO:root:| epoch   1 | batch   128 | ms/batch 2076.79 | loss    10.5645 | aux_loss     0.0575 | ppl 38733.9340
INFO:root:Learning rate has changed to: 6.349260614556825e-05
INFO:root:| epoch   1 | batch   256 | ms/batch 1921.82 | loss     9.6814 | aux_loss     0.0565 | ppl 16017.2431
INFO:root:Learning rate has changed to: 9.511538274725204e-05
INFO:root:| epoch   1 | batch   384 | ms/batch 1920.59 | loss     7.8088 | aux_loss     0.0568 | ppl  2462.1547
INFO:root:Learning rate has changed to: 0.00012673815934893584
INFO:root:| epoch   1 | batch   512 | ms/batch 1915.58 | loss     7.3139 | aux_loss     0.0560 | ppl  1501.0556
INFO:root:Learning rate has changed to: 0.00015836093595061963
INFO:root:| epoch   1 | batch   640 | ms/batch 1915.76 | loss     7.1199 | aux_loss     0.0558 | ppl  1236.3432
INFO:root:Learning rate has changed to: 0.00018998371255230342
INFO:root:| epoch   1 | batch   768 | ms/batch 1915.82 | loss     6.9502 | aux_loss     0.0555 | ppl  1043.3205
INFO:root:Learning rate has changed to: 0.00022160648915398723
INFO:root:| epoch   1 | batch   896 | ms/batch 1915.01 | loss     6.8073 | aux_loss     0.0551 | ppl   904.4651
INFO:root:Learning rate has changed to: 0.000253229265755671
INFO:root:| epoch   1 | batch  1024 | ms/batch 1915.27 | loss     6.6749 | aux_loss     0.0550 | ppl   792.2801
INFO:root:Learning rate has changed to: 0.0002848520423573548
INFO:root:| epoch   1 | batch  1152 | ms/batch 1914.59 | loss     6.5381 | aux_loss     0.0549 | ppl   691.0022
INFO:root:Learning rate has changed to: 0.0003164748189590386
INFO:root:| epoch   1 | batch  1280 | ms/batch 1916.55 | loss     6.4313 | aux_loss     0.0552 | ppl   620.9657
INFO:root:Learning rate has changed to: 0.0003480975955607224
INFO:root:| epoch   1 | batch  1408 | ms/batch 1914.78 | loss     6.3386 | aux_loss     0.0551 | ppl   565.9974
INFO:root:Learning rate has changed to: 0.0003797203721624062
INFO:root:| epoch   1 | batch  1536 | ms/batch 1922.15 | loss     6.2614 | aux_loss     0.0550 | ppl   523.9613
INFO:root:Learning rate has changed to: 0.00041134314876409
INFO:root:| epoch   1 | batch  1664 | ms/batch 1924.56 | loss     6.1925 | aux_loss     0.0549 | ppl   489.0707
INFO:root:Learning rate has changed to: 0.0004429659253657738
INFO:root:| epoch   1 | batch  1792 | ms/batch 1924.49 | loss     6.1241 | aux_loss     0.0549 | ppl   456.7245
INFO:root:Learning rate has changed to: 0.0004745887019674576
INFO:root:| epoch   1 | batch  1920 | ms/batch 1923.82 | loss     6.0649 | aux_loss     0.0547 | ppl   430.4589
INFO:root:Learning rate has changed to: 0.0005062114785691414
INFO:root:| epoch   1 | batch  2048 | ms/batch 1929.89 | loss     6.0267 | aux_loss     0.0546 | ppl   414.3298
INFO:root:Learning rate has changed to: 0.0005378342551708252
INFO:root:| epoch   1 | batch  2176 | ms/batch 1950.02 | loss     5.9739 | aux_loss     0.0551 | ppl   393.0298
INFO:root:Learning rate has changed to: 0.000569457031772509
INFO:root:| epoch   1 | batch  2304 | ms/batch 1926.31 | loss     5.9299 | aux_loss     0.0549 | ppl   376.1202
INFO:root:Learning rate has changed to: 0.0006010798083741928
INFO:root:| epoch   1 | batch  2432 | ms/batch 1928.11 | loss     5.8813 | aux_loss     0.0547 | ppl   358.2746
INFO:root:Learning rate has changed to: 0.0006327025849758765
INFO:root:| epoch   1 | batch  2560 | ms/batch 1926.02 | loss     5.8569 | aux_loss     0.0545 | ppl   349.6224
INFO:root:Learning rate has changed to: 0.0006643253615775603
INFO:root:| epoch   1 | batch  2688 | ms/batch 1926.10 | loss     5.8218 | aux_loss     0.0543 | ppl   337.5781
INFO:root:Learning rate has changed to: 0.0006959481381792441
INFO:root:| epoch   1 | batch  2816 | ms/batch 1925.96 | loss     5.7995 | aux_loss     0.0545 | ppl   330.1402
INFO:root:Learning rate has changed to: 0.000727570914780928
INFO:root:| epoch   1 | batch  2944 | ms/batch 1926.02 | loss     5.7701 | aux_loss     0.0545 | ppl   320.5778
INFO:root:Learning rate has changed to: 0.0007591936913826118
INFO:root:| epoch   1 | batch  3072 | ms/batch 1926.59 | loss     5.7334 | aux_loss     0.0540 | ppl   309.0144
INFO:root:Learning rate has changed to: 0.0007908164679842956
INFO:root:| epoch   1 | batch  3200 | ms/batch 1926.69 | loss     5.7051 | aux_loss     0.0542 | ppl   300.3961
INFO:root:Learning rate has changed to: 0.0008224392445859793
INFO:root:| epoch   1 | batch  3328 | ms/batch 1925.96 | loss     5.6831 | aux_loss     0.0546 | ppl   293.8496
INFO:root:Learning rate has changed to: 0.0008540620211876631
INFO:root:| epoch   1 | batch  3456 | ms/batch 1927.07 | loss     5.6598 | aux_loss     0.0543 | ppl   287.0987
INFO:root:Learning rate has changed to: 0.0008856847977893469
INFO:root:| epoch   1 | batch  3584 | ms/batch 1926.92 | loss     5.6394 | aux_loss     0.0547 | ppl   281.2861
INFO:root:Learning rate has changed to: 0.0009173075743910307
INFO:root:| epoch   1 | batch  3712 | ms/batch 1927.72 | loss     5.6201 | aux_loss     0.0546 | ppl   275.9301
INFO:root:Learning rate has changed to: 0.0009489303509927146
INFO:root:| epoch   1 | batch  3840 | ms/batch 1928.18 | loss     5.5883 | aux_loss     0.0548 | ppl   267.2859
INFO:root:Learning rate has changed to: 0.0009805531275943983
INFO:root:| epoch   1 | batch  3968 | ms/batch 1927.94 | loss     5.5746 | aux_loss     0.0547 | ppl   263.6464
INFO:root:Learning rate has changed to: 0.0009764433125338821
INFO:root:| epoch   1 | batch  4096 | ms/batch 1958.78 | loss     5.5609 | aux_loss     0.0542 | ppl   260.0457
INFO:root:Learning rate has changed to: 0.0009615384615384616
INFO:root:| epoch   1 | batch  4224 | ms/batch 1975.04 | loss     5.5426 | aux_loss     0.0549 | ppl   255.3421
INFO:root:Learning rate has changed to: 0.0009472959569955596
INFO:root:| epoch   1 | batch  4352 | ms/batch 1974.34 | loss     5.5191 | aux_loss     0.0544 | ppl   249.4112
INFO:root:Learning rate has changed to: 0.0009336681528218903
INFO:root:| epoch   1 | batch  4480 | ms/batch 1952.26 | loss     5.4953 | aux_loss     0.0542 | ppl   243.5431
INFO:root:Learning rate has changed to: 0.0009206120672864873
INFO:root:| epoch   1 | batch  4608 | ms/batch 1928.72 | loss     5.4786 | aux_loss     0.0540 | ppl   239.5024
INFO:root:Learning rate has changed to: 0.0009080888118835636
INFO:root:| epoch   1 | batch  4736 | ms/batch 1929.68 | loss     5.4591 | aux_loss     0.0543 | ppl   234.8792
INFO:root:Learning rate has changed to: 0.0008960631034158175
INFO:root:| epoch   1 | batch  4864 | ms/batch 1967.32 | loss     5.4371 | aux_loss     0.0544 | ppl   229.7682
INFO:root:Learning rate has changed to: 0.0008845028453299376
INFO:root:| epoch   1 | batch  4992 | ms/batch 1943.91 | loss     5.4178 | aux_loss     0.0544 | ppl   225.3859
INFO:root:Learning rate has changed to: 0.0008733787669798303
INFO:root:| epoch   1 | batch  5120 | ms/batch 1934.40 | loss     5.4086 | aux_loss     0.0540 | ppl   223.3096
INFO:root:Learning rate has changed to: 0.0008626641115774413
INFO:root:| epoch   1 | batch  5248 | ms/batch 1933.88 | loss     5.3974 | aux_loss     0.0544 | ppl   220.8290
INFO:root:Learning rate has changed to: 0.000852334365251007
INFO:root:| epoch   1 | batch  5376 | ms/batch 1935.03 | loss     5.3793 | aux_loss     0.0541 | ppl   216.8757
INFO:root:Learning rate has changed to: 0.0008423670209604698
INFO:root:| epoch   1 | batch  5504 | ms/batch 1934.06 | loss     5.3630 | aux_loss     0.0544 | ppl   213.3539
INFO:root:Learning rate has changed to: 0.0008327413720912831
INFO:root:| epoch   1 | batch  5632 | ms/batch 1934.03 | loss     5.3496 | aux_loss     0.0540 | ppl   210.5198
INFO:root:Learning rate has changed to: 0.00082343833141581
INFO:root:| epoch   1 | batch  5760 | ms/batch 1933.94 | loss     5.3537 | aux_loss     0.0541 | ppl   211.3807
INFO:root:Learning rate has changed to: 0.0008144402718182064
INFO:root:| epoch   1 | batch  5888 | ms/batch 1934.66 | loss     5.3256 | aux_loss     0.0538 | ppl   205.5280
INFO:root:Learning rate has changed to: 0.0008057308857568942
INFO:root:| epoch   1 | batch  6016 | ms/batch 1940.94 | loss     5.3066 | aux_loss     0.0540 | ppl   201.6610
INFO:root:Learning rate has changed to: 0.0007972950609139956
INFO:root:| epoch   1 | batch  6144 | ms/batch 1956.03 | loss     5.3037 | aux_loss     0.0538 | ppl   201.0702
INFO:root:Learning rate has changed to: 0.0007891187698735106
INFO:root:| epoch   1 | batch  6272 | ms/batch 1919.07 | loss     5.2873 | aux_loss     0.0539 | ppl   197.8082
INFO:root:Learning rate has changed to: 0.0007811889719953762
INFO:root:| epoch   1 | batch  6400 | ms/batch 1908.76 | loss     5.2863 | aux_loss     0.0536 | ppl   197.6096
INFO:root:Learning rate has changed to: 0.0007734935259234094
INFO:root:| epoch   1 | batch  6528 | ms/batch 1894.59 | loss     5.2694 | aux_loss     0.0538 | ppl   194.3005
INFO:root:Learning rate has changed to: 0.0007660211113915147
INFO:root:| epoch   1 | batch  6656 | ms/batch 1900.02 | loss     5.2543 | aux_loss     0.0537 | ppl   191.3958
INFO:root:Learning rate has changed to: 0.0007587611591824277
INFO:root:| epoch   1 | batch  6784 | ms/batch 1897.18 | loss     5.2500 | aux_loss     0.0538 | ppl   190.5621
INFO:root:Learning rate has changed to: 0.0007517037882531398
INFO:root:| epoch   1 | batch  6912 | ms/batch 1895.94 | loss     5.2371 | aux_loss     0.0536 | ppl   188.1265
INFO:root:Learning rate has changed to: 0.0007448397491761886
INFO:root:| epoch   1 | batch  7040 | ms/batch 1891.40 | loss     5.2260 | aux_loss     0.0536 | ppl   186.0526
INFO:root:Learning rate has changed to: 0.000738160373160463
INFO:root:| epoch   1 | batch  7168 | ms/batch 1870.14 | loss     5.2195 | aux_loss     0.0534 | ppl   184.8408
INFO:root:Learning rate has changed to: 0.0007316575260124783
INFO:root:| epoch   1 | batch  7296 | ms/batch 1868.77 | loss     5.2136 | aux_loss     0.0538 | ppl   183.7567
INFO:root:Learning rate has changed to: 0.0007253235664820743
INFO:root:| epoch   1 | batch  7424 | ms/batch 1889.77 | loss     5.1970 | aux_loss     0.0532 | ppl   180.7379
INFO:root:Learning rate has changed to: 0.0007191513085074671
INFO:root:| epoch   1 | batch  7552 | ms/batch 1911.60 | loss     5.1909 | aux_loss     0.0535 | ppl   179.6265
INFO:root:Learning rate has changed to: 0.0007131339869354735
INFO:root:| epoch   1 | batch  7680 | ms/batch 1910.49 | loss     5.1834 | aux_loss     0.0535 | ppl   178.2909
INFO:root:Learning rate has changed to: 0.0007072652263450946
INFO:root:| epoch   1 | batch  7808 | ms/batch 1911.75 | loss     5.1792 | aux_loss     0.0533 | ppl   177.5366
INFO:root:Learning rate has changed to: 0.0007015390126478009
INFO:root:| epoch   1 | batch  7936 | ms/batch 1910.25 | loss     5.1724 | aux_loss     0.0533 | ppl   176.3364
INFO:root:Learning rate has changed to: 0.0006959496671769054
INFO:root:| epoch   1 | batch  8064 | ms/batch 1913.48 | loss     5.1671 | aux_loss     0.0535 | ppl   175.4073
INFO:root:Learning rate has changed to: 0.0006904918230122436
INFO:root:| epoch   1 | batch  8192 | ms/batch 1942.15 | loss     5.1562 | aux_loss     0.0533 | ppl   173.5041
INFO:root:Learning rate has changed to: 0.0006851604033157801
INFO:root:| epoch   1 | batch  8320 | ms/batch 1917.71 | loss     5.1480 | aux_loss     0.0535 | ppl   172.0812
INFO:root:Learning rate has changed to: 0.0006799506014793461
INFO:root:| epoch   1 | batch  8448 | ms/batch 1908.12 | loss     5.1427 | aux_loss     0.0534 | ppl   171.1807
INFO:root:Learning rate has changed to: 0.0006748578629080593
INFO:root:| epoch   1 | batch  8576 | ms/batch 1905.33 | loss     5.1372 | aux_loss     0.0534 | ppl   170.2456
INFO:root:Learning rate has changed to: 0.0006698778682824983
INFO:root:| epoch   1 | batch  8704 | ms/batch 1898.20 | loss     5.1213 | aux_loss     0.0532 | ppl   167.5577
INFO:root:Learning rate has changed to: 0.0006650065181598327
INFO:root:| epoch   1 | batch  8832 | ms/batch 1875.08 | loss     5.1228 | aux_loss     0.0538 | ppl   167.8032
INFO:root:Learning rate has changed to: 0.0006602399187891344
INFO:root:| epoch   1 | batch  8960 | ms/batch 1875.56 | loss     5.1207 | aux_loss     0.0532 | ppl   167.4485
INFO:root:Learning rate has changed to: 0.000655574369029326
INFO:root:| epoch   1 | batch  9088 | ms/batch 1885.63 | loss     5.1110 | aux_loss     0.0531 | ppl   165.8311
INFO:root:Learning rate has changed to: 0.0006510063482698811
INFO:root:| epoch   1 | batch  9216 | ms/batch 1923.07 | loss     5.0976 | aux_loss     0.0529 | ppl   163.6352
INFO:root:Learning rate has changed to: 0.0006465325052646858
INFO:root:| epoch   1 | batch  9344 | ms/batch 1920.23 | loss     5.1037 | aux_loss     0.0532 | ppl   164.6289
INFO:root:Learning rate has changed to: 0.0006421496477985839
INFO:root:| epoch   1 | batch  9472 | ms/batch 1920.88 | loss     5.0979 | aux_loss     0.0529 | ppl   163.6744
INFO:root:Learning rate has changed to: 0.0006378547331142038
INFO:root:| epoch   1 | batch  9600 | ms/batch 1921.48 | loss     5.0858 | aux_loss     0.0531 | ppl   161.7119
INFO:root:Learning rate has changed to: 0.0006336448590338265
INFO:root:| epoch   1 | batch  9728 | ms/batch 1920.77 | loss     5.0881 | aux_loss     0.0530 | ppl   162.0806
INFO:root:Learning rate has changed to: 0.000629517255717441
INFO:root:| epoch   1 | batch  9856 | ms/batch 1921.45 | loss     5.0783 | aux_loss     0.0528 | ppl   160.5027
INFO:root:Learning rate has changed to: 0.000625469278003796
INFO:root:| epoch   1 | batch  9984 | ms/batch 1921.14 | loss     5.0761 | aux_loss     0.0529 | ppl   160.1473
INFO:root:Learning rate has changed to: 0.0006214983982863358
INFO:root:| epoch   1 | batch 10112 | ms/batch 1937.03 | loss     5.0679 | aux_loss     0.0526 | ppl   158.8409
INFO:root:Learning rate has changed to: 0.0006176021998804238
INFO:root:| epoch   1 | batch 10240 | ms/batch 1938.32 | loss     5.0636 | aux_loss     0.0526 | ppl   158.1544
INFO:root:Learning rate has changed to: 0.0006137783708423093
INFO:root:| epoch   1 | batch 10368 | ms/batch 1953.64 | loss     5.0573 | aux_loss     0.0526 | ppl   157.1672
INFO:root:Learning rate has changed to: 0.0006100246982039221
INFO:root:| epoch   1 | batch 10496 | ms/batch 1942.65 | loss     5.0529 | aux_loss     0.0527 | ppl   156.4766
INFO:root:Learning rate has changed to: 0.0006063390625908325
INFO:root:| epoch   1 | batch 10624 | ms/batch 1878.29 | loss     5.0585 | aux_loss     0.0523 | ppl   157.3582
INFO:root:Learning rate has changed to: 0.0006027194331936383
INFO:root:| epoch   1 | batch 10752 | ms/batch 1912.54 | loss     5.0459 | aux_loss     0.0527 | ppl   155.3797
INFO:root:Learning rate has changed to: 0.000599163863065678
INFO:root:| epoch   1 | batch 10880 | ms/batch 1913.22 | loss     5.0481 | aux_loss     0.0524 | ppl   155.7330
INFO:root:Learning rate has changed to: 0.0005956704847223289
INFO:root:| epoch   1 | batch 11008 | ms/batch 1913.62 | loss     5.0427 | aux_loss     0.0527 | ppl   154.8917
INFO:root:Learning rate has changed to: 0.0005922375060193007
INFO:root:| epoch   1 | batch 11136 | ms/batch 1912.67 | loss     5.0319 | aux_loss     0.0522 | ppl   153.2308
INFO:root:Learning rate has changed to: 0.000588863206289254
INFO:root:| epoch   1 | batch 11264 | ms/batch 1916.20 | loss     5.0294 | aux_loss     0.0521 | ppl   152.8449
INFO:root:Learning rate has changed to: 0.0005855459327178278
INFO:root:| epoch   1 | batch 11392 | ms/batch 1918.24 | loss     5.0362 | aux_loss     0.0519 | ppl   153.8813
INFO:root:Learning rate has changed to: 0.000582284096941737
INFO:root:| epoch   1 | batch 11520 | ms/batch 1917.71 | loss     5.0239 | aux_loss     0.0518 | ppl   152.0064
INFO:root:Learning rate has changed to: 0.0005790761718530356
INFO:root:| epoch   1 | batch 11648 | ms/batch 1919.21 | loss     5.0165 | aux_loss     0.0519 | ppl   150.8867
INFO:root:Learning rate has changed to: 0.0005759206885949388
INFO:root:| epoch   1 | batch 11776 | ms/batch 1938.99 | loss     5.0106 | aux_loss     0.0523 | ppl   149.9960
INFO:root:Learning rate has changed to: 0.0005728162337357832
INFO:root:| epoch   1 | batch 11904 | ms/batch 1951.95 | loss     5.0129 | aux_loss     0.0521 | ppl   150.3417
INFO:root:Learning rate has changed to: 0.0005697614466087703
INFO:root:| epoch   1 | batch 12032 | ms/batch 1953.53 | loss     5.0063 | aux_loss     0.0517 | ppl   149.3550
INFO:root:Learning rate has changed to: 0.0005667550168061255
INFO:root:| epoch   1 | batch 12160 | ms/batch 1950.00 | loss     5.0080 | aux_loss     0.0517 | ppl   149.6045
INFO:root:Learning rate has changed to: 0.000563795681817187
INFO:root:| epoch   1 | batch 12288 | ms/batch 1966.16 | loss     5.0076 | aux_loss     0.0517 | ppl   149.5513
INFO:root:Learning rate has changed to: 0.0005608822248007571
INFO:root:| epoch   1 | batch 12416 | ms/batch 1911.10 | loss     4.9956 | aux_loss     0.0515 | ppl   147.7676
INFO:root:Learning rate has changed to: 0.0005580134724827885
INFO:root:| epoch   1 | batch 12544 | ms/batch 1896.25 | loss     4.9962 | aux_loss     0.0511 | ppl   147.8527
INFO:root:Learning rate has changed to: 0.0005551882931711544
INFO:root:| epoch   1 | batch 12672 | ms/batch 1900.94 | loss     4.9822 | aux_loss     0.0514 | ppl   145.7954
INFO:root:Learning rate has changed to: 0.0005524055948798758
INFO:root:| epoch   1 | batch 12800 | ms/batch 1897.31 | loss     4.9911 | aux_loss     0.0512 | ppl   147.0910
INFO:root:Learning rate has changed to: 0.000549664323555742
INFO:root:| epoch   1 | batch 12928 | ms/batch 1895.86 | loss     4.9789 | aux_loss     0.0513 | ppl   145.3087
INFO:root:Learning rate has changed to: 0.0005469634614007854
INFO:root:| epoch   1 | batch 13056 | ms/batch 1896.59 | loss     4.9814 | aux_loss     0.0510 | ppl   145.6813
INFO:root:Learning rate has changed to: 0.000544302025284546
INFO:root:| epoch   1 | batch 13184 | ms/batch 1895.73 | loss     4.9798 | aux_loss     0.0512 | ppl   145.4433
INFO:root:Learning rate has changed to: 0.0005416790652405008
INFO:root:| epoch   1 | batch 13312 | ms/batch 1895.91 | loss     4.9748 | aux_loss     0.0509 | ppl   144.7235
INFO:root:Learning rate has changed to: 0.0005390936630414364
INFO:root:| epoch   1 | batch 13440 | ms/batch 1880.24 | loss     4.9746 | aux_loss     0.0508 | ppl   144.6882
INFO:root:Learning rate has changed to: 0.0005365449308489108
INFO:root:| epoch   1 | batch 13568 | ms/batch 1869.84 | loss     4.9611 | aux_loss     0.0508 | ppl   142.7507
INFO:root:Learning rate has changed to: 0.0005340320099322963
INFO:root:| epoch   1 | batch 13696 | ms/batch 1869.42 | loss     4.9612 | aux_loss     0.0506 | ppl   142.7606
INFO:root:Learning rate has changed to: 0.0005315540694532029
INFO:root:| epoch   1 | batch 13824 | ms/batch 1868.74 | loss     4.9643 | aux_loss     0.0506 | ppl   143.2098
INFO:root:Learning rate has changed to: 0.0005291103053113766
INFO:root:| epoch   1 | batch 13952 | ms/batch 1869.59 | loss     4.9597 | aux_loss     0.0506 | ppl   142.5466
INFO:root:Learning rate has changed to: 0.0005266999390484326
INFO:root:| epoch   1 | batch 14080 | ms/batch 1906.73 | loss     4.9543 | aux_loss     0.0503 | ppl   141.7867
INFO:root:Learning rate has changed to: 0.0005243222168060261
INFO:root:| epoch   1 | batch 14208 | ms/batch 1921.18 | loss     4.9566 | aux_loss     0.0504 | ppl   142.1085
INFO:root:Learning rate has changed to: 0.0005219764083352978
INFO:root:| epoch   1 | batch 14336 | ms/batch 1931.24 | loss     4.9434 | aux_loss     0.0502 | ppl   140.2467
INFO:root:Learning rate has changed to: 0.0005196618060546367
INFO:root:| epoch   1 | batch 14464 | ms/batch 1909.61 | loss     4.9448 | aux_loss     0.0502 | ppl   140.4401
INFO:root:Learning rate has changed to: 0.0005173777241529985
INFO:root:| epoch   1 | batch 14592 | ms/batch 1915.69 | loss     4.9451 | aux_loss     0.0499 | ppl   140.4854
INFO:root:Learning rate has changed to: 0.0005151234977362014
INFO:root:| epoch   1 | batch 14720 | ms/batch 1906.69 | loss     4.9354 | aux_loss     0.0499 | ppl   139.1245
INFO:root:Learning rate has changed to: 0.000512898482013784
INFO:root:| epoch   1 | batch 14848 | ms/batch 1907.81 | loss     4.9367 | aux_loss     0.0500 | ppl   139.3132
INFO:root:Learning rate has changed to: 0.0005107020515241682
INFO:root:| epoch   1 | batch 14976 | ms/batch 1905.45 | loss     4.9423 | aux_loss     0.0498 | ppl   140.0925
INFO:root:Learning rate has changed to: 0.0005085335993960123
INFO:root:| epoch   1 | batch 15104 | ms/batch 1906.53 | loss     4.9289 | aux_loss     0.0497 | ppl   138.2287
INFO:root:Learning rate has changed to: 0.0005063925366437737
INFO:root:| epoch   1 | batch 15232 | ms/batch 1906.51 | loss     4.9235 | aux_loss     0.0494 | ppl   137.4888
INFO:root:Learning rate has changed to: 0.0005042782914956237
INFO:root:| epoch   1 | batch 15360 | ms/batch 1906.75 | loss     4.9260 | aux_loss     0.0499 | ppl   137.8253
INFO:root:Learning rate has changed to: 0.0005021903087519742
INFO:root:| epoch   1 | batch 15488 | ms/batch 1907.30 | loss     4.9198 | aux_loss     0.0498 | ppl   136.9770
INFO:root:Learning rate has changed to: 0.0005001280491729809
INFO:root:| epoch   1 | batch 15616 | ms/batch 1907.12 | loss     4.9216 | aux_loss     0.0497 | ppl   137.2243
INFO:root:Learning rate has changed to: 0.0004980909888934895
INFO:root:| epoch   1 | batch 15744 | ms/batch 1904.72 | loss     4.9230 | aux_loss     0.0495 | ppl   137.4208
INFO:root:Learning rate has changed to: 0.0004960786188639821
INFO:root:| epoch   1 | batch 15872 | ms/batch 1905.67 | loss     4.9149 | aux_loss     0.0497 | ppl   136.2991
INFO:root:Learning rate has changed to: 0.0004940904443161719
INFO:root:| epoch   1 | batch 16000 | ms/batch 1905.14 | loss     4.9097 | aux_loss     0.0493 | ppl   135.5946
INFO:root:Learning rate has changed to: 0.0004921259842519685
INFO:root:| epoch   1 | batch 16128 | ms/batch 1881.76 | loss     4.9131 | aux_loss     0.0492 | ppl   136.0623
INFO:root:Learning rate has changed to: 0.0004901847709546187
INFO:root:| epoch   1 | batch 16256 | ms/batch 1919.25 | loss     4.9034 | aux_loss     0.0493 | ppl   134.7420
INFO:root:Learning rate has changed to: 0.0004882663495208925
INFO:root:| epoch   1 | batch 16384 | ms/batch 1945.83 | loss     4.9064 | aux_loss     0.0493 | ppl   135.1491
INFO:root:Learning rate has changed to: 0.0004863702774132529
INFO:root:| epoch   1 | batch 16512 | ms/batch 1899.96 | loss     4.9001 | aux_loss     0.0494 | ppl   134.3083
INFO:root:Learning rate has changed to: 0.00048449612403100775
INFO:root:| epoch   1 | batch 16640 | ms/batch 1888.85 | loss     4.8928 | aux_loss     0.0490 | ppl   133.3227
INFO:root:Learning rate has changed to: 0.0004826434702995
INFO:root:| epoch   1 | batch 16768 | ms/batch 1911.64 | loss     4.8843 | aux_loss     0.0493 | ppl   132.1998
INFO:root:Learning rate has changed to: 0.0004808119082764477
INFO:root:| epoch   1 | batch 16896 | ms/batch 1913.00 | loss     4.8931 | aux_loss     0.0487 | ppl   133.3642
INFO:root:Learning rate has changed to: 0.0004790010407745921
INFO:root:| epoch   1 | batch 17024 | ms/batch 1907.47 | loss     4.8859 | aux_loss     0.0489 | ppl   132.4127
INFO:root:Learning rate has changed to: 0.0004772104809998632
INFO:root:| epoch   1 | batch 17152 | ms/batch 1908.38 | loss     4.8883 | aux_loss     0.0488 | ppl   132.7335
INFO:root:Learning rate has changed to: 0.0004754398522043128
INFO:root:| epoch   1 | batch 17280 | ms/batch 1912.18 | loss     4.8913 | aux_loss     0.0491 | ppl   133.1253
INFO:root:Learning rate has changed to: 0.0004736887873531089
INFO:root:| epoch   1 | batch 17408 | ms/batch 1912.94 | loss     4.8838 | aux_loss     0.0489 | ppl   132.1286
INFO:root:Learning rate has changed to: 0.0004719569288049228
INFO:root:| epoch   1 | batch 17536 | ms/batch 1916.96 | loss     4.8846 | aux_loss     0.0487 | ppl   132.2335
INFO:root:Learning rate has changed to: 0.0004702439280050769
INFO:root:| epoch   1 | batch 17664 | ms/batch 1912.92 | loss     4.8832 | aux_loss     0.0489 | ppl   132.0481
INFO:root:Learning rate has changed to: 0.00046854944519085544
INFO:root:| epoch   1 | batch 17792 | ms/batch 1910.99 | loss     4.8756 | aux_loss     0.0487 | ppl   131.0528
INFO:root:Learning rate has changed to: 0.0004668731491084129
INFO:root:| epoch   1 | batch 17920 | ms/batch 1911.59 | loss     4.8755 | aux_loss     0.0490 | ppl   131.0418
INFO:root:Learning rate has changed to: 0.0004652147167407435
INFO:root:| epoch   1 | batch 18048 | ms/batch 1912.24 | loss     4.8734 | aux_loss     0.0488 | ppl   130.7675
INFO:root:Learning rate has changed to: 0.00046357383304620586
INFO:root:| epoch   1 | batch 18176 | ms/batch 1910.82 | loss     4.8691 | aux_loss     0.0483 | ppl   130.1974
INFO:root:Learning rate has changed to: 0.00046195019070712135
INFO:root:| epoch   1 | batch 18304 | ms/batch 1927.21 | loss     4.8710 | aux_loss     0.0486 | ppl   130.4513
INFO:root:Learning rate has changed to: 0.00046034348988799074
INFO:root:| epoch   1 | batch 18432 | ms/batch 1951.60 | loss     4.8585 | aux_loss     0.0484 | ppl   128.8352
INFO:root:Learning rate has changed to: 0.0004587534380028977
INFO:root:| epoch   1 | batch 18560 | ms/batch 1940.05 | loss     4.8563 | aux_loss     0.0486 | ppl   128.5537
INFO:root:Learning rate has changed to: 0.0004571797494916888
INFO:root:| epoch   1 | batch 18688 | ms/batch 1942.57 | loss     4.8557 | aux_loss     0.0485 | ppl   128.4709
INFO:root:Learning rate has changed to: 0.00045562214560454224
INFO:root:| epoch   1 | batch 18816 | ms/batch 1936.12 | loss     4.8534 | aux_loss     0.0485 | ppl   128.1708
INFO:root:Learning rate has changed to: 0.00045408035419455513
INFO:root:| epoch   1 | batch 18944 | ms/batch 1935.57 | loss     4.8583 | aux_loss     0.0485 | ppl   128.8061
INFO:root:Learning rate has changed to: 0.00045255410951799957
INFO:root:| epoch   1 | batch 19072 | ms/batch 1935.78 | loss     4.8573 | aux_loss     0.0484 | ppl   128.6732
INFO:root:Learning rate has changed to: 0.000451043152041915
INFO:root:| epoch   1 | batch 19200 | ms/batch 1935.45 | loss     4.8514 | aux_loss     0.0483 | ppl   127.9257
INFO:root:Learning rate has changed to: 0.0004495472282587198
INFO:root:| epoch   1 | batch 19328 | ms/batch 1935.92 | loss     4.8442 | aux_loss     0.0481 | ppl   127.0059
INFO:root:Learning rate has changed to: 0.0004480660905075418
INFO:root:| epoch   1 | batch 19456 | ms/batch 1936.08 | loss     4.8476 | aux_loss     0.0480 | ppl   127.4393
INFO:root:Learning rate has changed to: 0.000446599496801982
INFO:root:| epoch   1 | batch 19584 | ms/batch 1908.61 | loss     4.8469 | aux_loss     0.0482 | ppl   127.3415
INFO:root:Learning rate has changed to: 0.000445147210664039
INFO:root:| epoch   1 | batch 19712 | ms/batch 1896.42 | loss     4.8412 | aux_loss     0.0482 | ppl   126.6236
INFO:root:Learning rate has changed to: 0.00044370900096393637
INFO:root:| epoch   1 | batch 19840 | ms/batch 1894.53 | loss     4.8455 | aux_loss     0.0481 | ppl   127.1614
INFO:root:Learning rate has changed to: 0.00044228464176560516
INFO:root:| epoch   1 | batch 19968 | ms/batch 1894.27 | loss     4.8453 | aux_loss     0.0476 | ppl   127.1351
INFO:root:Learning rate has changed to: 0.00044087391217758845
INFO:root:| epoch   1 | batch 20096 | ms/batch 1894.10 | loss     4.8283 | aux_loss     0.0481 | ppl   124.9944
INFO:root:Learning rate has changed to: 0.00043947659620914375
INFO:root:| epoch   1 | batch 20224 | ms/batch 1905.80 | loss     4.8389 | aux_loss     0.0481 | ppl   126.3332
INFO:root:Learning rate has changed to: 0.00043809248263133074
INFO:root:| epoch   1 | batch 20352 | ms/batch 1937.04 | loss     4.8277 | aux_loss     0.0481 | ppl   124.9228
INFO:root:Learning rate has changed to: 0.00043672136484288127
INFO:root:| epoch   1 | batch 20480 | ms/batch 1956.48 | loss     4.8283 | aux_loss     0.0479 | ppl   125.0012
INFO:root:Learning rate has changed to: 0.0004353630407406583
INFO:root:| epoch   1 | batch 20608 | ms/batch 1903.83 | loss     4.8362 | aux_loss     0.0481 | ppl   125.9951
INFO:root:Learning rate has changed to: 0.00043401731259452
INFO:root:| epoch   1 | batch 20736 | ms/batch 1896.73 | loss     4.8303 | aux_loss     0.0478 | ppl   125.2524
INFO:root:Learning rate has changed to: 0.00043268398692641186
INFO:root:| epoch   1 | batch 20864 | ms/batch 1913.21 | loss     4.8252 | aux_loss     0.0481 | ppl   124.6174
INFO:root:Learning rate has changed to: 0.00043136287439352007
INFO:root:| epoch   1 | batch 20992 | ms/batch 1912.24 | loss     4.8258 | aux_loss     0.0477 | ppl   124.6889
INFO:root:Learning rate has changed to: 0.0004300537896753256
INFO:root:| epoch   1 | batch 21120 | ms/batch 1912.17 | loss     4.8204 | aux_loss     0.0478 | ppl   124.0168
INFO:root:Learning rate has changed to: 0.0004287565513644057
INFO:root:| epoch   1 | batch 21248 | ms/batch 1912.29 | loss     4.8110 | aux_loss     0.0477 | ppl   122.8505
INFO:root:Learning rate has changed to: 0.00042747098186083726
INFO:root:| epoch   1 | batch 21376 | ms/batch 1910.71 | loss     4.8123 | aux_loss     0.0477 | ppl   123.0173
INFO:root:Learning rate has changed to: 0.0004261969072700621
INFO:root:| epoch   1 | batch 21504 | ms/batch 1911.04 | loss     4.8147 | aux_loss     0.0478 | ppl   123.3085
INFO:root:Learning rate has changed to: 0.000424934157304081
INFO:root:| epoch   1 | batch 21632 | ms/batch 1876.17 | loss     4.8062 | aux_loss     0.0474 | ppl   122.2710
INFO:root:Learning rate has changed to: 0.0004236825651858491
INFO:root:| epoch   1 | batch 21760 | ms/batch 1873.05 | loss     4.8054 | aux_loss     0.0473 | ppl   122.1717
INFO:root:Learning rate has changed to: 0.00042244196755675034
INFO:root:| epoch   1 | batch 21888 | ms/batch 1867.86 | loss     4.8054 | aux_loss     0.0475 | ppl   122.1709
INFO:root:Learning rate has changed to: 0.00042121220438703526
INFO:root:| epoch   1 | batch 22016 | ms/batch 1867.75 | loss     4.8085 | aux_loss     0.0477 | ppl   122.5494
INFO:root:Learning rate has changed to: 0.00041999311888910973
INFO:root:| epoch   1 | batch 22144 | ms/batch 1902.83 | loss     4.8001 | aux_loss     0.0475 | ppl   121.5214
INFO:root:Learning rate has changed to: 0.00041878455743356877
INFO:root:| epoch   1 | batch 22272 | ms/batch 1912.74 | loss     4.7989 | aux_loss     0.0473 | ppl   121.3786
INFO:root:Learning rate has changed to: 0.0004175863694678727
INFO:root:| epoch   1 | batch 22400 | ms/batch 1941.18 | loss     4.8035 | aux_loss     0.0474 | ppl   121.9345
INFO:root:Learning rate has changed to: 0.0004163984074375683
INFO:root:| epoch   1 | batch 22528 | ms/batch 1984.07 | loss     4.7984 | aux_loss     0.0476 | ppl   121.3113
INFO:root:Learning rate has changed to: 0.00041522052670996124
INFO:root:| epoch   1 | batch 22656 | ms/batch 1919.94 | loss     4.7896 | aux_loss     0.0476 | ppl   120.2548
INFO:root:Learning rate has changed to: 0.00041405258550015025
INFO:root:| epoch   1 | batch 22784 | ms/batch 1924.93 | loss     4.8013 | aux_loss     0.0473 | ppl   121.6667
INFO:root:Learning rate has changed to: 0.0004128944447993371
INFO:root:| epoch   1 | batch 22912 | ms/batch 1917.85 | loss     4.7975 | aux_loss     0.0474 | ppl   121.2021
INFO:root:Learning rate has changed to: 0.00041174596830532994
INFO:root:| epoch   1 | batch 23040 | ms/batch 1917.88 | loss     4.7923 | aux_loss     0.0473 | ppl   120.5776
INFO:root:Learning rate has changed to: 0.0004106070223551613
INFO:root:| epoch   1 | batch 23168 | ms/batch 1917.75 | loss     4.7894 | aux_loss     0.0474 | ppl   120.2292
INFO:root:Learning rate has changed to: 0.0004094774758597452
INFO:root:| epoch   1 | batch 23296 | ms/batch 1918.18 | loss     4.7899 | aux_loss     0.0476 | ppl   120.2921
INFO:root:Learning rate has changed to: 0.0004083572002405007
INFO:root:| epoch   1 | batch 23424 | ms/batch 1917.99 | loss     4.7910 | aux_loss     0.0473 | ppl   120.4209
INFO:root:Learning rate has changed to: 0.00040724606936787234
INFO:root:| epoch   1 | batch 23552 | ms/batch 1917.61 | loss     4.7822 | aux_loss     0.0473 | ppl   119.3661
INFO:root:Learning rate has changed to: 0.0004061439595016805
INFO:root:| epoch   1 | batch 23680 | ms/batch 1914.09 | loss     4.7812 | aux_loss     0.0471 | ppl   119.2464
INFO:root:Learning rate has changed to: 0.00040505074923323866
INFO:root:| epoch   1 | batch 23808 | ms/batch 1915.76 | loss     4.7827 | aux_loss     0.0476 | ppl   119.4215
INFO:root:Learning rate has changed to: 0.0004039663194291743
INFO:root:| epoch   1 | batch 23936 | ms/batch 1913.54 | loss     4.7842 | aux_loss     0.0474 | ppl   119.6081
INFO:root:Learning rate has changed to: 0.00040289055317689637
INFO:root:| epoch   1 | batch 24064 | ms/batch 1917.52 | loss     4.7859 | aux_loss     0.0471 | ppl   119.8134
INFO:root:Learning rate has changed to: 0.000401823335731651
INFO:root:| epoch   1 | batch 24192 | ms/batch 1914.46 | loss     4.7817 | aux_loss     0.0474 | ppl   119.3026
INFO:root:Learning rate has changed to: 0.00040076455446511267
INFO:root:| epoch   1 | batch 24320 | ms/batch 1912.18 | loss     4.7820 | aux_loss     0.0472 | ppl   119.3468
INFO:root:Learning rate has changed to: 0.0003997140988154564
INFO:root:| epoch   1 | batch 24448 | ms/batch 1934.91 | loss     4.7768 | aux_loss     0.0471 | ppl   118.7182
INFO:root:Learning rate has changed to: 0.0003986718602388632
INFO:root:| epoch   1 | batch 24576 | ms/batch 1953.96 | loss     4.7828 | aux_loss     0.0472 | ppl   119.4328
INFO:root:Learning rate has changed to: 0.0003976377321624085
INFO:root:| epoch   1 | batch 24704 | ms/batch 1919.11 | loss     4.7803 | aux_loss     0.0474 | ppl   119.1405
INFO:root:Learning rate has changed to: 0.0003966116099382881
INFO:root:| epoch   1 | batch 24832 | ms/batch 1948.31 | loss     4.7717 | aux_loss     0.0473 | ppl   118.1161
INFO:root:Learning rate has changed to: 0.0003955933907993368
INFO:root:| epoch   1 | batch 24960 | ms/batch 1946.86 | loss     4.7582 | aux_loss     0.0471 | ppl   116.5334
INFO:root:Learning rate has changed to: 0.0003945829738157969
INFO:root:| epoch   1 | batch 25088 | ms/batch 1941.52 | loss     4.7774 | aux_loss     0.0474 | ppl   118.7956
INFO:root:Learning rate has changed to: 0.00039358025985329484
INFO:root:| epoch   1 | batch 25216 | ms/batch 1943.61 | loss     4.7680 | aux_loss     0.0469 | ppl   117.6843
INFO:root:Learning rate has changed to: 0.000392585151531987
INFO:root:| epoch   1 | batch 25344 | ms/batch 1942.29 | loss     4.7628 | aux_loss     0.0474 | ppl   117.0680
INFO:root:Learning rate has changed to: 0.0003915975531868356
INFO:root:| epoch   1 | batch 25472 | ms/batch 1940.62 | loss     4.7680 | aux_loss     0.0474 | ppl   117.6839
INFO:root:Learning rate has changed to: 0.0003906173708289789
INFO:root:| epoch   1 | batch 25600 | ms/batch 1940.58 | loss     4.7502 | aux_loss     0.0473 | ppl   115.6086
INFO:root:Learning rate has changed to: 0.000389644512108159
INFO:root:| epoch   1 | batch 25728 | ms/batch 1941.50 | loss     4.7594 | aux_loss     0.0469 | ppl   116.6778
INFO:root:Learning rate has changed to: 0.0003886788862761746
INFO:root:| epoch   1 | batch 25856 | ms/batch 1942.66 | loss     4.7572 | aux_loss     0.0471 | ppl   116.4200
INFO:root:Learning rate has changed to: 0.00038772040415132464
INFO:root:| epoch   1 | batch 25984 | ms/batch 1905.66 | loss     4.7600 | aux_loss     0.0470 | ppl   116.7475
INFO:root:Learning rate has changed to: 0.0003867689780838117
INFO:root:| epoch   1 | batch 26112 | ms/batch 1930.62 | loss     4.7541 | aux_loss     0.0472 | ppl   116.0598
INFO:root:Learning rate has changed to: 0.0003858245219220753
INFO:root:| epoch   1 | batch 26240 | ms/batch 1942.49 | loss     4.7541 | aux_loss     0.0474 | ppl   116.0612
INFO:root:Learning rate has changed to: 0.0003848869509800246
INFO:root:| epoch   1 | batch 26368 | ms/batch 1945.54 | loss     4.7484 | aux_loss     0.0472 | ppl   115.3952
INFO:root:Learning rate has changed to: 0.00038395618200514237
INFO:root:| epoch   1 | batch 26496 | ms/batch 1971.03 | loss     4.7459 | aux_loss     0.0469 | ppl   115.1099
INFO:root:Learning rate has changed to: 0.00038303213314743476
INFO:root:| epoch   1 | batch 26624 | ms/batch 1962.60 | loss     4.7538 | aux_loss     0.0469 | ppl   116.0260
INFO:root:Learning rate has changed to: 0.00038211472392919737
INFO:root:| epoch   1 | batch 26752 | ms/batch 1942.08 | loss     4.7506 | aux_loss     0.0472 | ppl   115.6552
INFO:root:Learning rate has changed to: 0.0003812038752155755
INFO:root:| epoch   1 | batch 26880 | ms/batch 1957.12 | loss     4.7492 | aux_loss     0.0471 | ppl   115.4872
INFO:root:Learning rate has changed to: 0.00038029950918589187
INFO:root:| epoch   1 | batch 27008 | ms/batch 1946.18 | loss     4.7415 | aux_loss     0.0469 | ppl   114.6024
INFO:root:Learning rate has changed to: 0.00037940154930571937
INFO:root:| epoch   1 | batch 27136 | ms/batch 1947.59 | loss     4.7482 | aux_loss     0.0469 | ppl   115.3707
INFO:root:Learning rate has changed to: 0.0003785099202996757
INFO:root:| epoch   1 | batch 27264 | ms/batch 1946.59 | loss     4.7368 | aux_loss     0.0472 | ppl   114.0657
INFO:root:Learning rate has changed to: 0.00037762454812491787
INFO:root:| epoch   1 | batch 27392 | ms/batch 1946.50 | loss     4.7413 | aux_loss     0.0467 | ppl   114.5777
INFO:root:Learning rate has changed to: 0.0003767453599453158
INFO:root:| epoch   1 | batch 27520 | ms/batch 1946.77 | loss     4.7376 | aux_loss     0.0470 | ppl   114.1619
INFO:root:Learning rate has changed to: 0.00037587228410628415
INFO:root:| epoch   1 | batch 27648 | ms/batch 1946.83 | loss     4.7412 | aux_loss     0.0470 | ppl   114.5710
INFO:root:Learning rate has changed to: 0.0003750052501102526
INFO:root:| epoch   1 | batch 27776 | ms/batch 1946.31 | loss     4.7302 | aux_loss     0.0469 | ppl   113.3182
INFO:root:Learning rate has changed to: 0.00037414418859275575
INFO:root:| epoch   1 | batch 27904 | ms/batch 1937.60 | loss     4.7380 | aux_loss     0.0467 | ppl   114.2092
INFO:root:Learning rate has changed to: 0.00037328903129912465
INFO:root:| epoch   1 | batch 28032 | ms/batch 1903.00 | loss     4.7339 | aux_loss     0.0470 | ppl   113.7334
INFO:root:Learning rate has changed to: 0.00037243971106176087
INFO:root:| epoch   1 | batch 28160 | ms/batch 1906.08 | loss     4.7304 | aux_loss     0.0467 | ppl   113.3353
INFO:root:Learning rate has changed to: 0.0003715961617779773
INFO:root:| epoch   1 | batch 28288 | ms/batch 1904.13 | loss     4.7336 | aux_loss     0.0471 | ppl   113.7016
INFO:root:Learning rate has changed to: 0.0003707583183883888
INFO:root:| epoch   1 | batch 28416 | ms/batch 1920.59 | loss     4.7309 | aux_loss     0.0468 | ppl   113.3971
INFO:root:Learning rate has changed to: 0.0003699261168558353
INFO:root:| epoch   1 | batch 28544 | ms/batch 1950.98 | loss     4.7259 | aux_loss     0.0469 | ppl   112.8326
INFO:root:Learning rate has changed to: 0.0003690994941448245
INFO:root:| epoch   1 | batch 28672 | ms/batch 1982.47 | loss     4.7363 | aux_loss     0.0470 | ppl   114.0171
INFO:root:Learning rate has changed to: 0.0003682783882014762
INFO:root:| epoch   1 | batch 28800 | ms/batch 1948.24 | loss     4.7244 | aux_loss     0.0468 | ppl   112.6612
INFO:root:Learning rate has changed to: 0.00036746273793395633
INFO:root:| epoch   1 | batch 28928 | ms/batch 1946.51 | loss     4.7257 | aux_loss     0.0470 | ppl   112.8058
INFO:root:Learning rate has changed to: 0.00036665248319338474
INFO:root:| epoch   1 | batch 29056 | ms/batch 1945.51 | loss     4.7186 | aux_loss     0.0468 | ppl   112.0061
INFO:root:Learning rate has changed to: 0.0003658475647552047
INFO:root:| epoch   1 | batch 29184 | ms/batch 1934.71 | loss     4.7203 | aux_loss     0.0467 | ppl   112.2052
INFO:root:Learning rate has changed to: 0.0003650479243009998
INFO:root:| epoch   1 | batch 29312 | ms/batch 1915.79 | loss     4.7190 | aux_loss     0.0471 | ppl   112.0603
INFO:root:Learning rate has changed to: 0.0003642535044007464
INFO:root:| epoch   1 | batch 29440 | ms/batch 1911.74 | loss     4.7134 | aux_loss     0.0469 | ppl   111.4299
INFO:root:Learning rate has changed to: 0.00036346424849548924
INFO:root:| epoch   1 | batch 29568 | ms/batch 1910.09 | loss     4.7240 | aux_loss     0.0473 | ppl   112.6170
INFO:root:Learning rate has changed to: 0.00036268010088042765
INFO:root:| epoch   1 | batch 29696 | ms/batch 1911.11 | loss     4.7172 | aux_loss     0.0470 | ppl   111.8522
INFO:root:Learning rate has changed to: 0.000361901006688402
INFO:root:| epoch   1 | batch 29824 | ms/batch 1910.53 | loss     4.7204 | aux_loss     0.0468 | ppl   112.2117
INFO:root:Learning rate has changed to: 0.00036112691187376847
INFO:root:| epoch   1 | batch 29952 | ms/batch 1911.88 | loss     4.7072 | aux_loss     0.0471 | ppl   110.7425
INFO:root:Learning rate has changed to: 0.0003603577631966514
INFO:root:| epoch   1 | batch 30080 | ms/batch 1907.71 | loss     4.7124 | aux_loss     0.0468 | ppl   111.3165
INFO:root:Learning rate has changed to: 0.00035959350820756345
INFO:root:| epoch   1 | batch 30208 | ms/batch 1905.65 | loss     4.7123 | aux_loss     0.0469 | ppl   111.3065
INFO:root:Learning rate has changed to: 0.00035883409523238273
INFO:root:| epoch   1 | batch 30336 | ms/batch 1908.72 | loss     4.7066 | aux_loss     0.0475 | ppl   110.6807
INFO:root:Learning rate has changed to: 0.0003580794733576774
INFO:root:| epoch   1 | batch 30464 | ms/batch 1921.33 | loss     4.7096 | aux_loss     0.0467 | ppl   111.0025
INFO:root:Learning rate has changed to: 0.00035732959241636876
INFO:root:| epoch   1 | batch 30592 | ms/batch 1943.38 | loss     4.7041 | aux_loss     0.0469 | ppl   110.3956
INFO:root:Learning rate has changed to: 0.00035658440297372255
INFO:root:| epoch   1 | batch 30720 | ms/batch 1959.18 | loss     4.7138 | aux_loss     0.0467 | ppl   111.4757
INFO:root:Learning rate has changed to: 0.00035584385631366115
INFO:root:| epoch   1 | batch 30848 | ms/batch 1899.29 | loss     4.7053 | aux_loss     0.0474 | ppl   110.5303
INFO:root:Learning rate has changed to: 0.0003551079044253861
INFO:root:| epoch   1 | batch 30976 | ms/batch 1907.60 | loss     4.6990 | aux_loss     0.0468 | ppl   109.8337
INFO:root:Learning rate has changed to: 0.0003543764999903049
INFO:root:| epoch   1 | batch 31104 | ms/batch 1899.90 | loss     4.6989 | aux_loss     0.0467 | ppl   109.8217
INFO:root:Learning rate has changed to: 0.00035364959636925166
INFO:root:| epoch   1 | batch 31232 | ms/batch 1900.56 | loss     4.6953 | aux_loss     0.0466 | ppl   109.4325
INFO:root:Learning rate has changed to: 0.0003529271475899958
INFO:root:| epoch   1 | batch 31360 | ms/batch 1900.43 | loss     4.7001 | aux_loss     0.0470 | ppl   109.9592
INFO:root:Learning rate has changed to: 0.0003522091083350297
INFO:root:| epoch   1 | batch 31488 | ms/batch 1901.32 | loss     4.6945 | aux_loss     0.0468 | ppl   109.3428
INFO:root:Learning rate has changed to: 0.0003514954339296291
INFO:root:| epoch   1 | batch 31616 | ms/batch 1902.13 | loss     4.6969 | aux_loss     0.0469 | ppl   109.6046
INFO:root:Learning rate has changed to: 0.00035078608033017785
INFO:root:| epoch   1 | batch 31744 | ms/batch 1902.98 | loss     4.6911 | aux_loss     0.0470 | ppl   108.9680
INFO:root:Learning rate has changed to: 0.0003500810041127515
INFO:root:| epoch   1 | batch 31872 | ms/batch 1902.42 | loss     4.6962 | aux_loss     0.0467 | ppl   109.5300
INFO:root:Learning rate has changed to: 0.000349380162461952
INFO:root:| epoch   1 | batch 32000 | ms/batch 1880.00 | loss     4.6960 | aux_loss     0.0469 | ppl   109.5061
INFO:root:Learning rate has changed to: 0.00034868351315998686
INFO:root:| epoch   1 | batch 32128 | ms/batch 1868.80 | loss     4.6906 | aux_loss     0.0469 | ppl   108.9199
INFO:root:Learning rate has changed to: 0.00034799101457598795
INFO:root:| epoch   1 | batch 32256 | ms/batch 1871.05 | loss     4.7002 | aux_loss     0.0466 | ppl   109.9738
INFO:root:Learning rate has changed to: 0.00034730262565556166
INFO:root:| epoch   1 | batch 32384 | ms/batch 1874.53 | loss     4.6871 | aux_loss     0.0467 | ppl   108.5345
INFO:root:Learning rate has changed to: 0.00034661830591056606
INFO:root:| epoch   1 | batch 32512 | ms/batch 1939.12 | loss     4.6927 | aux_loss     0.0467 | ppl   109.1450
INFO:root:Learning rate has changed to: 0.0003459380154091089
INFO:root:| epoch   1 | batch 32640 | ms/batch 1923.40 | loss     4.6919 | aux_loss     0.0470 | ppl   109.0646
INFO:root:Learning rate has changed to: 0.00034526171476576006
INFO:root:| epoch   1 | batch 32768 | ms/batch 1752.88 | loss     4.6908 | aux_loss     0.0469 | ppl   108.9401
INFO:root:Learning rate has changed to: 0.00034458936513197464
INFO:root:| epoch   1 | batch 32896 | ms/batch 1719.45 | loss     4.6784 | aux_loss     0.0469 | ppl   107.5984
INFO:root:Learning rate has changed to: 0.0003439209281867193
INFO:root:| epoch   1 | batch 33024 | ms/batch 1719.12 | loss     4.6911 | aux_loss     0.0469 | ppl   108.9725
INFO:root:Learning rate has changed to: 0.00034325636612729884
INFO:root:| epoch   1 | batch 33152 | ms/batch 1728.72 | loss     4.6866 | aux_loss     0.0467 | ppl   108.4851
INFO:root:Learning rate has changed to: 0.00034259564166037626
INFO:root:| epoch   1 | batch 33280 | ms/batch 1719.75 | loss     4.6852 | aux_loss     0.0468 | ppl   108.3275
INFO:root:Learning rate has changed to: 0.0003419387179931828
INFO:root:| epoch   1 | batch 33408 | ms/batch 1719.45 | loss     4.6847 | aux_loss     0.0465 | ppl   108.2760
INFO:root:Learning rate has changed to: 0.0003412855588249121
INFO:root:| epoch   1 | batch 33536 | ms/batch 1718.96 | loss     4.6846 | aux_loss     0.0468 | ppl   108.2646
INFO:root:Learning rate has changed to: 0.0003406361283382951
INFO:root:| epoch   1 | batch 33664 | ms/batch 1718.15 | loss     4.6806 | aux_loss     0.0468 | ppl   107.8302
INFO:root:Learning rate has changed to: 0.00033999039119135007
INFO:root:| epoch   1 | batch 33792 | ms/batch 1719.98 | loss     4.6844 | aux_loss     0.0467 | ppl   108.2419
INFO:root:Learning rate has changed to: 0.00033934831250930457
INFO:root:| epoch   1 | batch 33920 | ms/batch 1723.04 | loss     4.6683 | aux_loss     0.0467 | ppl   106.5133
INFO:root:Learning rate has changed to: 0.0003387098578766841
INFO:root:| epoch   1 | batch 34048 | ms/batch 1719.10 | loss     4.6785 | aux_loss     0.0468 | ppl   107.6100
INFO:root:Learning rate has changed to: 0.00033807499332956406
INFO:root:| epoch   1 | batch 34176 | ms/batch 1719.72 | loss     4.6698 | aux_loss     0.0469 | ppl   106.6771
INFO:root:Learning rate has changed to: 0.00033744368534798105
INFO:root:| epoch   1 | batch 34304 | ms/batch 1719.67 | loss     4.6717 | aux_loss     0.0468 | ppl   106.8801
INFO:root:Learning rate has changed to: 0.000336815900848499
INFO:root:| epoch   1 | batch 34432 | ms/batch 1712.12 | loss     4.6713 | aux_loss     0.0468 | ppl   106.8318
INFO:root:Learning rate has changed to: 0.0003361916071769275
INFO:root:| epoch   1 | batch 34560 | ms/batch 1711.85 | loss     4.6725 | aux_loss     0.0465 | ppl   106.9633
INFO:root:Learning rate has changed to: 0.00033557077210118755
INFO:root:| epoch   1 | batch 34688 | ms/batch 1713.85 | loss     4.6728 | aux_loss     0.0466 | ppl   106.9946
INFO:root:Learning rate has changed to: 0.0003349533638043217
INFO:root:| epoch   1 | batch 34816 | ms/batch 1731.01 | loss     4.6790 | aux_loss     0.0468 | ppl   107.6589
INFO:root:Learning rate has changed to: 0.00033433935087764564
INFO:root:| epoch   1 | batch 34944 | ms/batch 1723.60 | loss     4.6689 | aux_loss     0.0468 | ppl   106.5783
INFO:root:Learning rate has changed to: 0.0003337287023140366
INFO:root:| epoch   1 | batch 35072 | ms/batch 1783.93 | loss     4.6667 | aux_loss     0.0468 | ppl   106.3446
INFO:root:Learning rate has changed to: 0.000333121387501357
INFO:root:| epoch   1 | batch 35200 | ms/batch 1748.13 | loss     4.6736 | aux_loss     0.0468 | ppl   107.0803
INFO:root:Learning rate has changed to: 0.0003325173762160083
INFO:root:| epoch   1 | batch 35328 | ms/batch 1748.41 | loss     4.6711 | aux_loss     0.0465 | ppl   106.8110
INFO:root:Learning rate has changed to: 0.000331916638616614
INFO:root:| epoch   1 | batch 35456 | ms/batch 1782.65 | loss     4.6635 | aux_loss     0.0466 | ppl   106.0049
INFO:root:Learning rate has changed to: 0.00033131914523782665
INFO:root:| epoch   1 | batch 35584 | ms/batch 1749.43 | loss     4.6699 | aux_loss     0.0468 | ppl   106.6885
INFO:root:Learning rate has changed to: 0.00033072486698425795
INFO:root:| epoch   1 | batch 35712 | ms/batch 1711.28 | loss     4.6644 | aux_loss     0.0468 | ppl   106.0981
INFO:root:Learning rate has changed to: 0.0003301337751245276
INFO:root:| epoch   1 | batch 35840 | ms/batch 1707.06 | loss     4.6673 | aux_loss     0.0464 | ppl   106.4137
INFO:root:Learning rate has changed to: 0.0003295458412854291
INFO:root:| epoch   1 | batch 35968 | ms/batch 1708.06 | loss     4.6617 | aux_loss     0.0464 | ppl   105.8123
INFO:root:Learning rate has changed to: 0.0003289610374462092
INFO:root:| epoch   1 | batch 36096 | ms/batch 1707.05 | loss     4.6608 | aux_loss     0.0466 | ppl   105.7214
INFO:root:Learning rate has changed to: 0.0003283793359329586
INFO:root:| epoch   1 | batch 36224 | ms/batch 1709.83 | loss     4.6597 | aux_loss     0.0466 | ppl   105.6090
INFO:root:Learning rate has changed to: 0.00032780070941311175
INFO:root:| epoch   1 | batch 36352 | ms/batch 1718.93 | loss     4.6638 | aux_loss     0.0464 | ppl   106.0407
INFO:root:Learning rate has changed to: 0.0003272251308900524
INFO:root:| epoch   1 | batch 36480 | ms/batch 1722.56 | loss     4.6528 | aux_loss     0.0465 | ppl   104.8784
INFO:root:Learning rate has changed to: 0.00032665257369782306
INFO:root:| epoch   1 | batch 36608 | ms/batch 1717.01 | loss     4.6651 | aux_loss     0.0466 | ppl   106.1813
INFO:root:Learning rate has changed to: 0.00032608301149593654
INFO:root:| epoch   1 | batch 36736 | ms/batch 1712.46 | loss     4.6602 | aux_loss     0.0468 | ppl   105.6619
INFO:root:Learning rate has changed to: 0.0003255164182642857
INFO:root:| epoch   1 | batch 36864 | ms/batch 1712.84 | loss     4.6502 | aux_loss     0.0463 | ppl   104.6019
INFO:root:Learning rate has changed to: 0.00032495276829815084
INFO:root:| epoch   1 | batch 36992 | ms/batch 1719.29 | loss     4.6548 | aux_loss     0.0465 | ppl   105.0846
INFO:root:Learning rate has changed to: 0.0003243920362033016
INFO:root:| epoch   1 | batch 37120 | ms/batch 1735.07 | loss     4.6598 | aux_loss     0.0464 | ppl   105.6182
INFO:root:Learning rate has changed to: 0.0003238341968911917
INFO:root:| epoch   1 | batch 37248 | ms/batch 1724.80 | loss     4.6541 | aux_loss     0.0464 | ppl   105.0097
INFO:root:Learning rate has changed to: 0.00032327922557424396
INFO:root:| epoch   1 | batch 37376 | ms/batch 1716.06 | loss     4.6564 | aux_loss     0.0463 | ppl   105.2610
INFO:root:Learning rate has changed to: 0.00032272709776122417
INFO:root:| epoch   1 | batch 37504 | ms/batch 1709.52 | loss     4.6538 | aux_loss     0.0461 | ppl   104.9803
INFO:root:Learning rate has changed to: 0.00032217778925270143
INFO:root:| epoch   1 | batch 37632 | ms/batch 1710.58 | loss     4.6548 | aux_loss     0.0468 | ppl   105.0841
INFO:root:Learning rate has changed to: 0.0003216312761365932
INFO:root:| epoch   1 | batch 37760 | ms/batch 1720.30 | loss     4.6434 | aux_loss     0.0464 | ppl   103.8993
INFO:root:Learning rate has changed to: 0.00032108753478379343
INFO:root:| epoch   1 | batch 37888 | ms/batch 1710.57 | loss     4.6540 | aux_loss     0.0466 | ppl   105.0022
INFO:root:Learning rate has changed to: 0.0003205465418438813
INFO:root:| epoch   1 | batch 38016 | ms/batch 1709.40 | loss     4.6513 | aux_loss     0.0467 | ppl   104.7232
INFO:root:Learning rate has changed to: 0.00032000827424090954
INFO:root:| epoch   1 | batch 38144 | ms/batch 1710.14 | loss     4.6481 | aux_loss     0.0463 | ppl   104.3900
INFO:root:Learning rate has changed to: 0.0003194727091692703
INFO:root:| epoch   1 | batch 38272 | ms/batch 1710.96 | loss     4.6497 | aux_loss     0.0461 | ppl   104.5572
INFO:root:Learning rate has changed to: 0.00031893982408963666
INFO:root:| epoch   1 | batch 38400 | ms/batch 1710.91 | loss     4.6447 | aux_loss     0.0465 | ppl   104.0285
INFO:root:Learning rate has changed to: 0.00031840959672497837
INFO:root:| epoch   1 | batch 38528 | ms/batch 1713.16 | loss     4.6480 | aux_loss     0.0465 | ppl   104.3805
INFO:root:Learning rate has changed to: 0.0003178820050566506
INFO:root:| epoch   1 | batch 38656 | ms/batch 1712.60 | loss     4.6483 | aux_loss     0.0462 | ppl   104.4052
INFO:root:Learning rate has changed to: 0.00031735702732055315
INFO:root:| epoch   1 | batch 38784 | ms/batch 1712.03 | loss     4.6414 | aux_loss     0.0462 | ppl   103.6908
INFO:root:Learning rate has changed to: 0.00031683464200335965
INFO:root:| epoch   1 | batch 38912 | ms/batch 1710.60 | loss     4.6368 | aux_loss     0.0466 | ppl   103.2122
INFO:root:Learning rate has changed to: 0.00031631482783881475
INFO:root:| epoch   1 | batch 39040 | ms/batch 1706.06 | loss     4.6488 | aux_loss     0.0464 | ppl   104.4612
INFO:root:Learning rate has changed to: 0.00031579756380409763
INFO:root:| epoch   1 | batch 39168 | ms/batch 1707.22 | loss     4.6396 | aux_loss     0.0466 | ppl   103.5004
INFO:root:Learning rate has changed to: 0.0003152828291162512
INFO:root:| epoch   1 | batch 39296 | ms/batch 1748.74 | loss     4.6394 | aux_loss     0.0466 | ppl   103.4870
INFO:root:Learning rate has changed to: 0.0003147706032286744
INFO:root:| epoch   1 | batch 39424 | ms/batch 1756.78 | loss     4.6374 | aux_loss     0.0464 | ppl   103.2792
INFO:root:Learning rate has changed to: 0.0003142608658276779
INFO:root:| epoch   1 | batch 39552 | ms/batch 1772.64 | loss     4.6369 | aux_loss     0.0464 | ppl   103.2226
INFO:root:Learning rate has changed to: 0.0003137535968291001
INFO:root:| epoch   1 | batch 39680 | ms/batch 1748.74 | loss     4.6390 | aux_loss     0.0462 | ppl   103.4370
INFO:root:Learning rate has changed to: 0.0003132487763749837
INFO:root:| epoch   1 | batch 39808 | ms/batch 1745.68 | loss     4.6468 | aux_loss     0.0465 | ppl   104.2553
INFO:root:Learning rate has changed to: 0.0003127463848303102
INFO:root:| epoch   1 | batch 39936 | ms/batch 1745.62 | loss     4.6364 | aux_loss     0.0463 | ppl   103.1691
INFO:root:Learning rate has changed to: 0.00031224640277979266
INFO:root:| epoch   1 | batch 40064 | ms/batch 1753.12 | loss     4.6364 | aux_loss     0.0464 | ppl   103.1771
INFO:root:Learning rate has changed to: 0.0003117488110247239
INFO:root:| epoch   1 | batch 40192 | ms/batch 1745.71 | loss     4.6286 | aux_loss     0.0462 | ppl   102.3687
INFO:root:Learning rate has changed to: 0.00031125359057988046
INFO:root:| epoch   1 | batch 40320 | ms/batch 1744.43 | loss     4.6272 | aux_loss     0.0466 | ppl   102.2267
INFO:root:Learning rate has changed to: 0.0003107607226704796
INFO:root:| epoch   1 | batch 40448 | ms/batch 1739.63 | loss     4.6361 | aux_loss     0.0466 | ppl   103.1443
INFO:root:Learning rate has changed to: 0.0003102701887291903
INFO:root:| epoch   1 | batch 40576 | ms/batch 1740.76 | loss     4.6450 | aux_loss     0.0465 | ppl   104.0630
INFO:root:Learning rate has changed to: 0.00030978197039319497
INFO:root:| epoch   1 | batch 40704 | ms/batch 1776.08 | loss     4.6325 | aux_loss     0.0462 | ppl   102.7690
INFO:root:Learning rate has changed to: 0.00030929604950130245
INFO:root:| epoch   1 | batch 40832 | ms/batch 1777.56 | loss     4.6288 | aux_loss     0.0462 | ppl   102.3957
INFO:root:Learning rate has changed to: 0.0003088124080911104
INFO:root:| epoch   1 | batch 40960 | ms/batch 1761.70 | loss     4.6260 | aux_loss     0.0462 | ppl   102.1085
INFO:root:Learning rate has changed to: 0.0003083310283962164
INFO:root:| epoch   1 | batch 41088 | ms/batch 1751.67 | loss     4.6334 | aux_loss     0.0466 | ppl   102.8648
INFO:root:Learning rate has changed to: 0.0003078518928434768
INFO:root:| epoch   1 | batch 41216 | ms/batch 1761.13 | loss     4.6254 | aux_loss     0.0463 | ppl   102.0409
INFO:root:Learning rate has changed to: 0.0003073749840503125
INFO:root:| epoch   1 | batch 41344 | ms/batch 1747.82 | loss     4.6281 | aux_loss     0.0461 | ppl   102.3239
INFO:root:Learning rate has changed to: 0.0003069002848220596
INFO:root:| epoch   1 | batch 41472 | ms/batch 1747.19 | loss     4.6248 | aux_loss     0.0463 | ppl   101.9857
INFO:root:Learning rate has changed to: 0.0003064277781493662
INFO:root:| epoch   1 | batch 41600 | ms/batch 1738.58 | loss     4.6361 | aux_loss     0.0465 | ppl   103.1429
INFO:root:Learning rate has changed to: 0.00030595744720563205
INFO:root:| epoch   1 | batch 41728 | ms/batch 1718.42 | loss     4.6311 | aux_loss     0.0466 | ppl   102.6219
INFO:root:Learning rate has changed to: 0.0003054892753444921
INFO:root:| epoch   1 | batch 41856 | ms/batch 1746.55 | loss     4.6233 | aux_loss     0.0463 | ppl   101.8308
INFO:root:Learning rate has changed to: 0.00030502324609734164
INFO:root:| epoch   1 | batch 41984 | ms/batch 1719.74 | loss     4.6179 | aux_loss     0.0464 | ppl   101.2761
INFO:root:Learning rate has changed to: 0.0003045593431709033
INFO:root:| epoch   1 | batch 42112 | ms/batch 1739.28 | loss     4.6248 | aux_loss     0.0463 | ppl   101.9806
INFO:root:Learning rate has changed to: 0.00030409755044483443
INFO:root:| epoch   1 | batch 42240 | ms/batch 1745.44 | loss     4.6173 | aux_loss     0.0463 | ppl   101.2222
INFO:root:Learning rate has changed to: 0.0003036378519693742
INFO:root:| epoch   1 | batch 42368 | ms/batch 1752.80 | loss     4.6201 | aux_loss     0.0464 | ppl   101.5001
INFO:root:Learning rate has changed to: 0.00030318023196303
INFO:root:| epoch   1 | batch 42496 | ms/batch 1745.58 | loss     4.6227 | aux_loss     0.0462 | ppl   101.7661
INFO:root:Learning rate has changed to: 0.00030272467481030175
INFO:root:| epoch   1 | batch 42624 | ms/batch 1741.26 | loss     4.6192 | aux_loss     0.0463 | ppl   101.4115
INFO:root:Learning rate has changed to: 0.0003022711650594437
INFO:root:| epoch   1 | batch 42752 | ms/batch 1737.34 | loss     4.6184 | aux_loss     0.0464 | ppl   101.3280
INFO:root:Learning rate has changed to: 0.0003018196874202636
INFO:root:| epoch   1 | batch 42880 | ms/batch 1736.59 | loss     4.6152 | aux_loss     0.0463 | ppl   101.0079
INFO:root:Learning rate has changed to: 0.0003013702267619569
INFO:root:| epoch   1 | batch 43008 | ms/batch 1737.46 | loss     4.6224 | aux_loss     0.0463 | ppl   101.7424
INFO:root:Learning rate has changed to: 0.0003009227681109774
INFO:root:| epoch   1 | batch 43136 | ms/batch 1740.30 | loss     4.6169 | aux_loss     0.0460 | ppl   101.1831
INFO:root:Learning rate has changed to: 0.00030047729664894174
INFO:root:| epoch   1 | batch 43264 | ms/batch 1734.71 | loss     4.6219 | aux_loss     0.0464 | ppl   101.6858
INFO:root:Learning rate has changed to: 0.0003000337977105684
INFO:root:| epoch   1 | batch 43392 | ms/batch 1702.55 | loss     4.6215 | aux_loss     0.0464 | ppl   101.6492
INFO:root:Learning rate has changed to: 0.00029959225678164976
INFO:root:| epoch   1 | batch 43520 | ms/batch 1704.25 | loss     4.6155 | aux_loss     0.0466 | ppl   101.0350
INFO:root:Learning rate has changed to: 0.0002991526594970573
INFO:root:| epoch   1 | batch 43648 | ms/batch 1705.59 | loss     4.6146 | aux_loss     0.0463 | ppl   100.9457
INFO:root:Learning rate has changed to: 0.00029871499163877825
INFO:root:| epoch   1 | batch 43776 | ms/batch 1727.84 | loss     4.6218 | aux_loss     0.0464 | ppl   101.6763
INFO:root:Learning rate has changed to: 0.0002982792391339845
INFO:root:| epoch   1 | batch 43904 | ms/batch 1734.61 | loss     4.6101 | aux_loss     0.0464 | ppl   100.4905
INFO:root:Learning rate has changed to: 0.00029784538805313187
INFO:root:| epoch   1 | batch 44032 | ms/batch 1718.45 | loss     4.6032 | aux_loss     0.0462 | ppl    99.8032
INFO:root:Learning rate has changed to: 0.00029741342460808985
INFO:root:| epoch   1 | batch 44160 | ms/batch 1701.44 | loss     4.6112 | aux_loss     0.0461 | ppl   100.6087
INFO:root:Learning rate has changed to: 0.00029698333515030113
INFO:root:| epoch   1 | batch 44288 | ms/batch 1699.90 | loss     4.6076 | aux_loss     0.0464 | ppl   100.2407
INFO:root:Learning rate has changed to: 0.0002965551061689705
INFO:root:| epoch   1 | batch 44416 | ms/batch 1700.01 | loss     4.6108 | aux_loss     0.0463 | ppl   100.5692
INFO:root:Learning rate has changed to: 0.00029612872428928176
INFO:root:| epoch   1 | batch 44544 | ms/batch 1699.77 | loss     4.6047 | aux_loss     0.0463 | ppl    99.9564
INFO:root:Learning rate has changed to: 0.00029570417627064363
INFO:root:| epoch   1 | batch 44672 | ms/batch 1701.60 | loss     4.6043 | aux_loss     0.0461 | ppl    99.9086
INFO:root:Learning rate has changed to: 0.0002952814490049627
INFO:root:| epoch   1 | batch 44800 | ms/batch 1702.11 | loss     4.6134 | aux_loss     0.0461 | ppl   100.8297
INFO:root:Learning rate has changed to: 0.0002948605295149433
INFO:root:| epoch   1 | batch 44928 | ms/batch 1684.73 | loss     4.6107 | aux_loss     0.0461 | ppl   100.5594
INFO:root:Learning rate has changed to: 0.00029444140495241453
INFO:root:| epoch   1 | batch 45056 | ms/batch 1670.40 | loss     4.6077 | aux_loss     0.0462 | ppl   100.2570
INFO:root:Learning rate has changed to: 0.000294024062596683
INFO:root:| epoch   1 | batch 45184 | ms/batch 1670.33 | loss     4.6082 | aux_loss     0.0464 | ppl   100.3040
INFO:root:Learning rate has changed to: 0.0002936084898529109
INFO:root:| epoch   1 | batch 45312 | ms/batch 1689.18 | loss     4.6073 | aux_loss     0.0461 | ppl   100.2151
INFO:root:Learning rate has changed to: 0.0002931946742505202
INFO:root:| epoch   1 | batch 45440 | ms/batch 1704.05 | loss     4.6036 | aux_loss     0.0463 | ppl    99.8476
INFO:root:Learning rate has changed to: 0.00029278260344162024
INFO:root:| epoch   1 | batch 45568 | ms/batch 1698.95 | loss     4.5996 | aux_loss     0.0460 | ppl    99.4461
INFO:root:Learning rate has changed to: 0.00029237226519946064
INFO:root:| epoch   1 | batch 45696 | ms/batch 1695.94 | loss     4.6023 | aux_loss     0.0462 | ppl    99.7124
INFO:root:Learning rate has changed to: 0.0002919636474169073
INFO:root:| epoch   1 | batch 45824 | ms/batch 1698.18 | loss     4.6012 | aux_loss     0.0461 | ppl    99.6022
INFO:root:Learning rate has changed to: 0.0002915567381049422
INFO:root:| epoch   1 | batch 45952 | ms/batch 1698.14 | loss     4.6027 | aux_loss     0.0459 | ppl    99.7525
INFO:root:Learning rate has changed to: 0.0002911515253911856
INFO:root:| epoch   1 | batch 46080 | ms/batch 1726.58 | loss     4.6056 | aux_loss     0.0459 | ppl   100.0463
INFO:root:Learning rate has changed to: 0.0002907479975184417
INFO:root:| epoch   1 | batch 46208 | ms/batch 1708.73 | loss     4.6005 | aux_loss     0.0460 | ppl    99.5371
INFO:root:Learning rate has changed to: 0.00029034614284326535
INFO:root:| epoch   1 | batch 46336 | ms/batch 1751.44 | loss     4.6000 | aux_loss     0.0463 | ppl    99.4861
INFO:root:Learning rate has changed to: 0.0002899459498345511
INFO:root:| epoch   1 | batch 46464 | ms/batch 1753.63 | loss     4.6109 | aux_loss     0.0462 | ppl   100.5735
INFO:root:Learning rate has changed to: 0.0002895474070721436
INFO:root:| epoch   1 | batch 46592 | ms/batch 1751.26 | loss     4.6049 | aux_loss     0.0461 | ppl    99.9698
INFO:root:Learning rate has changed to: 0.0002891505032454686
INFO:root:| epoch   1 | batch 46720 | ms/batch 1752.59 | loss     4.6027 | aux_loss     0.0458 | ppl    99.7529
INFO:root:Learning rate has changed to: 0.00028875522715218483
INFO:root:| epoch   1 | batch 46848 | ms/batch 1752.23 | loss     4.5900 | aux_loss     0.0460 | ppl    98.4913
INFO:root:Learning rate has changed to: 0.00028836156769685627
INFO:root:| epoch   1 | batch 46976 | ms/batch 1750.88 | loss     4.5999 | aux_loss     0.0461 | ppl    99.4704
INFO:root:Learning rate has changed to: 0.0002879695138896435
INFO:root:| epoch   1 | batch 47104 | ms/batch 1738.83 | loss     4.5940 | aux_loss     0.0461 | ppl    98.8903
INFO:root:Learning rate has changed to: 0.00028757905484501557
INFO:root:| epoch   1 | batch 47232 | ms/batch 1715.62 | loss     4.6070 | aux_loss     0.0462 | ppl   100.1796
INFO:root:Learning rate has changed to: 0.0002871901797804802
INFO:root:| epoch   1 | batch 47360 | ms/batch 1715.82 | loss     4.5981 | aux_loss     0.0461 | ppl    99.2940
INFO:root:Learning rate has changed to: 0.00028680287801533346
INFO:root:| epoch   1 | batch 47488 | ms/batch 1714.54 | loss     4.5976 | aux_loss     0.0461 | ppl    99.2412
INFO:root:Learning rate has changed to: 0.0002864171389694274
INFO:root:| epoch   1 | batch 47616 | ms/batch 1717.46 | loss     4.5989 | aux_loss     0.0460 | ppl    99.3734
INFO:root:Learning rate has changed to: 0.0002860329521619564
INFO:root:| epoch   1 | batch 47744 | ms/batch 1715.66 | loss     4.5935 | aux_loss     0.0460 | ppl    98.8385
INFO:root:Learning rate has changed to: 0.0002856503072102607
INFO:root:| epoch   1 | batch 47872 | ms/batch 1714.85 | loss     4.5927 | aux_loss     0.0460 | ppl    98.7635
INFO:root:Learning rate has changed to: 0.00028526919382864833
INFO:root:| epoch   1 | batch 48000 | ms/batch 1716.07 | loss     4.5916 | aux_loss     0.0460 | ppl    98.6566
INFO:root:Learning rate has changed to: 0.0002848896018272335
INFO:root:| epoch   1 | batch 48128 | ms/batch 1714.22 | loss     4.5915 | aux_loss     0.0461 | ppl    98.6417
INFO:root:Learning rate has changed to: 0.00028451152111079247
INFO:root:| epoch   1 | batch 48256 | ms/batch 1739.85 | loss     4.5946 | aux_loss     0.0462 | ppl    98.9442
INFO:root:Learning rate has changed to: 0.0002841349416776359
INFO:root:| epoch   1 | batch 48384 | ms/batch 1759.62 | loss     4.5897 | aux_loss     0.0462 | ppl    98.4633
INFO:root:Learning rate has changed to: 0.0002837598536184974
INFO:root:| epoch   1 | batch 48512 | ms/batch 1715.75 | loss     4.5978 | aux_loss     0.0459 | ppl    99.2646
INFO:root:Learning rate has changed to: 0.00028338624711543857
INFO:root:| epoch   1 | batch 48640 | ms/batch 1749.92 | loss     4.5952 | aux_loss     0.0461 | ppl    99.0112
INFO:root:Learning rate has changed to: 0.0002830141124407694
INFO:root:| epoch   1 | batch 48768 | ms/batch 1709.55 | loss     4.5931 | aux_loss     0.0460 | ppl    98.7980
INFO:root:Learning rate has changed to: 0.00028264343995598474
INFO:root:| epoch   1 | batch 48896 | ms/batch 1706.58 | loss     4.5888 | aux_loss     0.0461 | ppl    98.3810
INFO:root:Learning rate has changed to: 0.00028227422011071557
INFO:root:| epoch   1 | batch 49024 | ms/batch 1704.05 | loss     4.5881 | aux_loss     0.0460 | ppl    98.3060
INFO:root:Learning rate has changed to: 0.0002819064434416955
INFO:root:| epoch   1 | batch 49152 | ms/batch 1704.06 | loss     4.5862 | aux_loss     0.0459 | ppl    98.1166
INFO:root:Learning rate has changed to: 0.00028154010057174206
INFO:root:| epoch   1 | batch 49280 | ms/batch 1703.51 | loss     4.5876 | aux_loss     0.0461 | ppl    98.2546
INFO:root:Learning rate has changed to: 0.0002811751822087527
INFO:root:| epoch   1 | batch 49408 | ms/batch 1707.55 | loss     4.5839 | aux_loss     0.0459 | ppl    97.8980
INFO:root:Learning rate has changed to: 0.0002808116791447146
INFO:root:| epoch   1 | batch 49536 | ms/batch 1708.59 | loss     4.5875 | aux_loss     0.0462 | ppl    98.2448
INFO:root:Learning rate has changed to: 0.0002804495822547288
INFO:root:| epoch   1 | batch 49664 | ms/batch 1708.81 | loss     4.5820 | aux_loss     0.0460 | ppl    97.7101
INFO:root:Learning rate has changed to: 0.00028008888249604847
INFO:root:| epoch   1 | batch 49792 | ms/batch 1706.75 | loss     4.5848 | aux_loss     0.0458 | ppl    97.9819
INFO:root:Learning rate has changed to: 0.00027972957090712994
INFO:root:| epoch   1 | batch 49920 | ms/batch 1729.56 | loss     4.5794 | aux_loss     0.0459 | ppl    97.4550
INFO:root:Learning rate has changed to: 0.0002793716386066978
INFO:root:| epoch   1 | batch 50048 | ms/batch 1737.96 | loss     4.5817 | aux_loss     0.0462 | ppl    97.6841
INFO:root:Learning rate has changed to: 0.000279015076792823
INFO:root:| epoch   1 | batch 50176 | ms/batch 1737.79 | loss     4.5790 | aux_loss     0.0462 | ppl    97.4182
INFO:root:Learning rate has changed to: 0.0002786598767420135
INFO:root:| epoch   1 | batch 50304 | ms/batch 1738.12 | loss     4.5893 | aux_loss     0.0459 | ppl    98.4232
INFO:root:Learning rate has changed to: 0.000278306029808318
INFO:root:| epoch   1 | batch 50432 | ms/batch 1736.21 | loss     4.5860 | aux_loss     0.0463 | ppl    98.0998
INFO:root:Learning rate has changed to: 0.000277953527422442
INFO:root:| epoch   1 | batch 50560 | ms/batch 1738.93 | loss     4.5882 | aux_loss     0.0459 | ppl    98.3126
INFO:root:Learning rate has changed to: 0.000277602361090876
INFO:root:| epoch   1 | batch 50688 | ms/batch 1765.23 | loss     4.5754 | aux_loss     0.0462 | ppl    97.0687
INFO:root:Learning rate has changed to: 0.0002772525223950364
INFO:root:| epoch   1 | batch 50816 | ms/batch 1724.61 | loss     4.5794 | aux_loss     0.0461 | ppl    97.4598
INFO:root:Learning rate has changed to: 0.00027690400299041723
INFO:root:| epoch   1 | batch 50944 | ms/batch 1746.52 | loss     4.5745 | aux_loss     0.0459 | ppl    96.9825
INFO:root:Learning rate has changed to: 0.0002765567946057547
INFO:root:| epoch   1 | batch 51072 | ms/batch 1720.05 | loss     4.5716 | aux_loss     0.0462 | ppl    96.7009
INFO:root:Learning rate has changed to: 0.0002762108890422025
INFO:root:| epoch   1 | batch 51200 | ms/batch 1719.76 | loss     4.5808 | aux_loss     0.0457 | ppl    97.5937
INFO:root:Learning rate has changed to: 0.00027586627817251843
INFO:root:| epoch   1 | batch 51328 | ms/batch 1718.24 | loss     4.5823 | aux_loss     0.0462 | ppl    97.7342
INFO:root:Learning rate has changed to: 0.0002755229539402629
INFO:root:| epoch   1 | batch 51456 | ms/batch 1719.55 | loss     4.5802 | aux_loss     0.0459 | ppl    97.5326
INFO:root:Learning rate has changed to: 0.0002751809083590073
INFO:root:| epoch   1 | batch 51584 | ms/batch 1722.79 | loss     4.5825 | aux_loss     0.0461 | ppl    97.7583
INFO:root:Learning rate has changed to: 0.0002748401335115541
INFO:root:| epoch   1 | batch 51712 | ms/batch 1745.81 | loss     4.5710 | aux_loss     0.0460 | ppl    96.6392
INFO:root:Learning rate has changed to: 0.00027450062154916707
INFO:root:| epoch   1 | batch 51840 | ms/batch 1749.52 | loss     4.5713 | aux_loss     0.0461 | ppl    96.6661
INFO:root:Learning rate has changed to: 0.0002741623646908118
INFO:root:| epoch   1 | batch 51968 | ms/batch 1749.20 | loss     4.5711 | aux_loss     0.0463 | ppl    96.6503
INFO:root:Learning rate has changed to: 0.0002738253552224069
INFO:root:| epoch   1 | batch 52096 | ms/batch 1747.51 | loss     4.5775 | aux_loss     0.0458 | ppl    97.2745
INFO:root:Learning rate has changed to: 0.0002734895854960852
INFO:root:| epoch   1 | batch 52224 | ms/batch 1750.36 | loss     4.5769 | aux_loss     0.0459 | ppl    97.2169
INFO:root:Learning rate has changed to: 0.00027315504792946457
INFO:root:| epoch   1 | batch 52352 | ms/batch 1749.67 | loss     4.5733 | aux_loss     0.0461 | ppl    96.8672
INFO:root:Learning rate has changed to: 0.0002728217350049289
INFO:root:| epoch   1 | batch 52480 | ms/batch 1748.98 | loss     4.5720 | aux_loss     0.0463 | ppl    96.7386
INFO:root:Learning rate has changed to: 0.00027248963926891845
INFO:root:| epoch   1 | batch 52608 | ms/batch 1746.05 | loss     4.5792 | aux_loss     0.0464 | ppl    97.4322
INFO:root:Learning rate has changed to: 0.00027215875333123007
INFO:root:| epoch   1 | batch 52736 | ms/batch 1748.31 | loss     4.5649 | aux_loss     0.0470 | ppl    96.0527
INFO:root:Learning rate has changed to: 0.00027182906986432604
INFO:root:| epoch   1 | batch 52864 | ms/batch 1774.96 | loss     4.5632 | aux_loss     0.0458 | ppl    95.8886
INFO:root:Learning rate has changed to: 0.00027150058160265285
INFO:root:| epoch   1 | batch 52992 | ms/batch 1739.83 | loss     4.5748 | aux_loss     0.0461 | ppl    97.0122
INFO:root:Learning rate has changed to: 0.0002711732813419686
INFO:root:| epoch   1 | batch 53120 | ms/batch 1733.27 | loss     4.5714 | aux_loss     0.0466 | ppl    96.6814
INFO:root:Learning rate has changed to: 0.0002708471619386793
INFO:root:| epoch   1 | batch 53248 | ms/batch 1741.68 | loss     4.5644 | aux_loss     0.0460 | ppl    96.0045
INFO:root:Learning rate has changed to: 0.0002705222163091843
INFO:root:| epoch   1 | batch 53376 | ms/batch 1739.07 | loss     4.5688 | aux_loss     0.0459 | ppl    96.4296
INFO:root:Learning rate has changed to: 0.00027019843742922953
INFO:root:| epoch   1 | batch 53504 | ms/batch 1737.50 | loss     4.5645 | aux_loss     0.0459 | ppl    96.0191
INFO:root:Learning rate has changed to: 0.00026987581833327033
INFO:root:| epoch   1 | batch 53632 | ms/batch 1680.32 | loss     4.5705 | aux_loss     0.0461 | ppl    96.5918
INFO:root:Learning rate has changed to: 0.0002695543521138417
INFO:root:| epoch   1 | batch 53760 | ms/batch 1674.36 | loss     4.5673 | aux_loss     0.0461 | ppl    96.2821
INFO:root:Learning rate has changed to: 0.0002692340319209372
INFO:root:| epoch   1 | batch 53888 | ms/batch 1695.02 | loss     4.5688 | aux_loss     0.0462 | ppl    96.4279
INFO:root:Learning rate has changed to: 0.000268914850961396
INFO:root:| epoch   1 | batch 54016 | ms/batch 1710.31 | loss     4.5655 | aux_loss     0.0462 | ppl    96.1133
INFO:root:Learning rate has changed to: 0.0002685968024982977
INFO:root:| epoch   1 | batch 54144 | ms/batch 1731.23 | loss     4.5643 | aux_loss     0.0460 | ppl    95.9997
INFO:root:Learning rate has changed to: 0.00026827987985036505
INFO:root:| epoch   1 | batch 54272 | ms/batch 1744.99 | loss     4.5735 | aux_loss     0.0457 | ppl    96.8827
INFO:root:Learning rate has changed to: 0.00026796407639137455
INFO:root:| epoch   1 | batch 54400 | ms/batch 1743.73 | loss     4.5671 | aux_loss     0.0460 | ppl    96.2628
INFO:root:Learning rate has changed to: 0.0002676493855495746
INFO:root:| epoch   1 | batch 54528 | ms/batch 1737.57 | loss     4.5650 | aux_loss     0.0462 | ppl    96.0598
INFO:root:Learning rate has changed to: 0.0002673358008071109
INFO:root:| epoch   1 | batch 54656 | ms/batch 1737.62 | loss     4.5612 | aux_loss     0.0459 | ppl    95.6991
INFO:root:Learning rate has changed to: 0.00026702331569945976
INFO:root:| epoch   1 | batch 54784 | ms/batch 1737.75 | loss     4.5657 | aux_loss     0.0458 | ppl    96.1323
INFO:root:Learning rate has changed to: 0.000266711923814868
INFO:root:| epoch   1 | batch 54912 | ms/batch 1738.44 | loss     4.5571 | aux_loss     0.0456 | ppl    95.3101
INFO:root:Learning rate has changed to: 0.0002664016187938008
INFO:root:| epoch   1 | batch 55040 | ms/batch 1737.74 | loss     4.5687 | aux_loss     0.0457 | ppl    96.4172
INFO:root:Learning rate has changed to: 0.00026609239432839584
INFO:root:| epoch   1 | batch 55168 | ms/batch 1760.32 | loss     4.5613 | aux_loss     0.0463 | ppl    95.7126
INFO:root:Learning rate has changed to: 0.000265784244161925
INFO:root:| epoch   1 | batch 55296 | ms/batch 1745.77 | loss     4.5573 | aux_loss     0.0460 | ppl    95.3240
INFO:root:Learning rate has changed to: 0.0002654771620882624
INFO:root:| epoch   1 | batch 55424 | ms/batch 1763.43 | loss     4.5618 | aux_loss     0.0461 | ppl    95.7589
INFO:root:Learning rate has changed to: 0.0002651711419513596
INFO:root:| epoch   1 | batch 55552 | ms/batch 1738.22 | loss     4.5626 | aux_loss     0.0458 | ppl    95.8316
INFO:root:Learning rate has changed to: 0.00026486617764472727
INFO:root:| epoch   1 | batch 55680 | ms/batch 1738.33 | loss     4.5555 | aux_loss     0.0459 | ppl    95.1547
INFO:root:Learning rate has changed to: 0.0002645622631109234
INFO:root:| epoch   1 | batch 55808 | ms/batch 1737.75 | loss     4.5606 | aux_loss     0.0458 | ppl    95.6384
INFO:root:Learning rate has changed to: 0.00026425939234104776
INFO:root:| epoch   1 | batch 55936 | ms/batch 1750.29 | loss     4.5530 | aux_loss     0.0458 | ppl    94.9154
INFO:root:Learning rate has changed to: 0.00026395755937424315
INFO:root:| epoch   1 | batch 56064 | ms/batch 1738.99 | loss     4.5530 | aux_loss     0.0458 | ppl    94.9214
INFO:root:Learning rate has changed to: 0.0002636567582972026
INFO:root:| epoch   1 | batch 56192 | ms/batch 1721.71 | loss     4.5614 | aux_loss     0.0458 | ppl    95.7185
INFO:root:Learning rate has changed to: 0.00026335698324368267
INFO:root:| epoch   1 | batch 56320 | ms/batch 1699.58 | loss     4.5574 | aux_loss     0.0458 | ppl    95.3334
INFO:root:Learning rate has changed to: 0.00026305822839402314
INFO:root:| epoch   1 | batch 56448 | ms/batch 1701.53 | loss     4.5652 | aux_loss     0.0456 | ppl    96.0779
INFO:root:Learning rate has changed to: 0.0002627604879746723
INFO:root:| epoch   1 | batch 56576 | ms/batch 1701.60 | loss     4.5561 | aux_loss     0.0460 | ppl    95.2135
INFO:root:Learning rate has changed to: 0.00026246375625771845
INFO:root:| epoch   1 | batch 56704 | ms/batch 1699.01 | loss     4.5600 | aux_loss     0.0459 | ppl    95.5855
INFO:root:Learning rate has changed to: 0.00026216802756042694
INFO:root:| epoch   1 | batch 56832 | ms/batch 1736.85 | loss     4.5507 | aux_loss     0.0463 | ppl    94.7030
INFO:root:Learning rate has changed to: 0.0002618732962447833
INFO:root:| epoch   1 | batch 56960 | ms/batch 1740.98 | loss     4.5594 | aux_loss     0.0461 | ppl    95.5266
INFO:root:Learning rate has changed to: 0.00026157955671704156
INFO:root:| epoch   1 | batch 57088 | ms/batch 1741.58 | loss     4.5556 | aux_loss     0.0461 | ppl    95.1673
INFO:root:Learning rate has changed to: 0.00026128680342727854
INFO:root:| epoch   1 | batch 57216 | ms/batch 1731.14 | loss     4.5600 | aux_loss     0.0460 | ppl    95.5877
INFO:root:Learning rate has changed to: 0.00026099503086895315
INFO:root:| epoch   1 | batch 57344 | ms/batch 1706.95 | loss     4.5572 | aux_loss     0.0462 | ppl    95.3168
INFO:root:Learning rate has changed to: 0.0002607042335784717
INFO:root:| epoch   1 | batch 57472 | ms/batch 1755.68 | loss     4.5496 | aux_loss     0.0456 | ppl    94.5938
INFO:root:Learning rate has changed to: 0.00026041440613475803
INFO:root:| epoch   1 | batch 57600 | ms/batch 1779.15 | loss     4.5577 | aux_loss     0.0459 | ppl    95.3656
INFO:root:Learning rate has changed to: 0.000260125543158829
INFO:root:| epoch   1 | batch 57728 | ms/batch 1693.30 | loss     4.5515 | aux_loss     0.0457 | ppl    94.7787
INFO:root:Learning rate has changed to: 0.0002598376393133752
INFO:root:| epoch   1 | batch 57856 | ms/batch 1670.46 | loss     4.5516 | aux_loss     0.0460 | ppl    94.7849
INFO:root:Learning rate has changed to: 0.00025955068930234697
INFO:root:| epoch   1 | batch 57984 | ms/batch 1670.21 | loss     4.5511 | aux_loss     0.0459 | ppl    94.7330
INFO:root:Learning rate has changed to: 0.0002592646878705449
INFO:root:| epoch   1 | batch 58112 | ms/batch 1669.98 | loss     4.5442 | aux_loss     0.0457 | ppl    94.0818
INFO:root:Learning rate has changed to: 0.00025897962980321593
INFO:root:| epoch   1 | batch 58240 | ms/batch 1670.74 | loss     4.5471 | aux_loss     0.0457 | ppl    94.3552
