INFO:root:./model_files/2020_07_10_17_03_06.pt
INFO:root:./model_files/2020_07_10_17_03_06.pt
INFO:root:The batch size is: 64
INFO:root:The batch size is: 64
INFO:root:Number of epochs is : 2
INFO:root:Number of epochs is : 2
INFO:root:The context length is : 128
INFO:root:The context length is : 128
INFO:root:D_model is : 256
INFO:root:D_model is : 256
INFO:root:Number of attention heads is : 4
INFO:root:Number of attention heads is : 4
INFO:root:Number of decoder layers is : 3
INFO:root:Number of decoder layers is : 3
INFO:root:Initial learning rate is : 1.0
INFO:root:Initial learning rate is : 1.0
INFO:root:Number of warmup steps is : 4000
INFO:root:Number of warmup steps is : 4000
INFO:root:k is : 2
INFO:root:k is : 2
INFO:root:Number of experts is : 32
INFO:root:Number of experts is : 16
INFO:root:Type of gating used : FNN gating
INFO:root:Type of gating used : FNN gating
WARNING:absl:TFDS datasets with text encoding are deprecated and will be removed in a future version. Instead, you should use the plain text version and tokenize the text using `tensorflow_text` (See: https://www.tensorflow.org/tutorials/tensorflow_text/intro#tfdata_example)
INFO:absl:Load dataset info from ./subwords32k/lm1b/subwords32k/1.0.0
WARNING:absl:TFDS datasets with text encoding are deprecated and will be removed in a future version. Instead, you should use the plain text version and tokenize the text using `tensorflow_text` (See: https://www.tensorflow.org/tutorials/tensorflow_text/intro#tfdata_example)
INFO:absl:Load dataset info from ./subwords32k/lm1b/subwords32k/1.0.0
INFO:absl:Reusing dataset lm1b (./subwords32k/lm1b/subwords32k/1.0.0)
INFO:absl:Reusing dataset lm1b (./subwords32k/lm1b/subwords32k/1.0.0)
INFO:absl:Constructing tf.data.Dataset for split train, from ./subwords32k/lm1b/subwords32k/1.0.0
INFO:absl:Constructing tf.data.Dataset for split train, from ./subwords32k/lm1b/subwords32k/1.0.0
WARNING:absl:TFDS datasets with text encoding are deprecated and will be removed in a future version. Instead, you should use the plain text version and tokenize the text using `tensorflow_text` (See: https://www.tensorflow.org/tutorials/tensorflow_text/intro#tfdata_example)
WARNING:absl:TFDS datasets with text encoding are deprecated and will be removed in a future version. Instead, you should use the plain text version and tokenize the text using `tensorflow_text` (See: https://www.tensorflow.org/tutorials/tensorflow_text/intro#tfdata_example)
INFO:absl:Load dataset info from ./subwords32k/lm1b/subwords32k/1.0.0
INFO:absl:Load dataset info from ./subwords32k/lm1b/subwords32k/1.0.0
INFO:absl:Reusing dataset lm1b (./subwords32k/lm1b/subwords32k/1.0.0)
INFO:absl:Constructing tf.data.Dataset for split test, from ./subwords32k/lm1b/subwords32k/1.0.0
INFO:absl:Reusing dataset lm1b (./subwords32k/lm1b/subwords32k/1.0.0)
INFO:absl:Constructing tf.data.Dataset for split test, from ./subwords32k/lm1b/subwords32k/1.0.0
INFO:root:Gating function is: none
INFO:root:Gating function is: none
INFO:root:The optimizer used is: adam
INFO:root:Current Epoch is: 1
INFO:root:The optimizer used is: adam
INFO:root:Current Epoch is: 1
INFO:root:Running without errors
INFO:root:Running without errors
INFO:root:Learning rate has changed to: 3.186982954388445e-05
INFO:root:| epoch   1 | batch   128 | ms/batch 3102.63 | loss    10.5668 | aux_loss     0.1194 | ppl 38823.3112
INFO:root:Learning rate has changed to: 3.186982954388445e-05
INFO:root:| epoch   1 | batch   128 | ms/batch 4471.11 | loss    10.5685 | aux_loss     0.2433 | ppl 38890.5703
INFO:root:Learning rate has changed to: 6.349260614556825e-05
INFO:root:| epoch   1 | batch   256 | ms/batch 2988.29 | loss     9.7183 | aux_loss     0.1186 | ppl 16619.2244
INFO:root:Learning rate has changed to: 6.349260614556825e-05
INFO:root:| epoch   1 | batch   256 | ms/batch 4437.84 | loss     9.8544 | aux_loss     0.2408 | ppl 19041.6369
INFO:root:Learning rate has changed to: 9.511538274725204e-05
INFO:root:| epoch   1 | batch   384 | ms/batch 2980.65 | loss     7.8208 | aux_loss     0.1184 | ppl  2491.9197
INFO:root:Learning rate has changed to: 0.00012673815934893584
INFO:root:| epoch   1 | batch   512 | ms/batch 2984.47 | loss     7.3141 | aux_loss     0.1180 | ppl  1501.3004
INFO:root:Learning rate has changed to: 9.511538274725204e-05
INFO:root:| epoch   1 | batch   384 | ms/batch 4394.60 | loss     7.9409 | aux_loss     0.2415 | ppl  2809.8518
INFO:root:Learning rate has changed to: 0.00015836093595061963
INFO:root:| epoch   1 | batch   640 | ms/batch 2990.18 | loss     7.1378 | aux_loss     0.1174 | ppl  1258.6594
INFO:root:Learning rate has changed to: 0.00012673815934893584
INFO:root:| epoch   1 | batch   512 | ms/batch 4442.44 | loss     7.3263 | aux_loss     0.2413 | ppl  1519.6919
INFO:root:Learning rate has changed to: 0.00018998371255230342
INFO:root:| epoch   1 | batch   768 | ms/batch 2988.06 | loss     6.9689 | aux_loss     0.1174 | ppl  1063.0593
INFO:root:Learning rate has changed to: 0.00022160648915398723
INFO:root:| epoch   1 | batch   896 | ms/batch 2977.47 | loss     6.8273 | aux_loss     0.1163 | ppl   922.6739
INFO:root:Learning rate has changed to: 0.00015836093595061963
INFO:root:| epoch   1 | batch   640 | ms/batch 4984.58 | loss     7.1459 | aux_loss     0.2406 | ppl  1268.9254
INFO:root:Learning rate has changed to: 0.000253229265755671
INFO:root:| epoch   1 | batch  1024 | ms/batch 2979.51 | loss     6.7020 | aux_loss     0.1168 | ppl   814.0650
INFO:root:Learning rate has changed to: 0.0002848520423573548
INFO:root:| epoch   1 | batch  1152 | ms/batch 2984.19 | loss     6.5783 | aux_loss     0.1166 | ppl   719.3027
INFO:root:Learning rate has changed to: 0.00018998371255230342
INFO:root:| epoch   1 | batch   768 | ms/batch 4427.86 | loss     6.9833 | aux_loss     0.2399 | ppl  1078.4888
INFO:root:Learning rate has changed to: 0.0003164748189590386
INFO:root:| epoch   1 | batch  1280 | ms/batch 2987.15 | loss     6.4836 | aux_loss     0.1172 | ppl   654.3242
INFO:root:Learning rate has changed to: 0.00022160648915398723
INFO:root:| epoch   1 | batch   896 | ms/batch 4455.30 | loss     6.8537 | aux_loss     0.2405 | ppl   947.3743
INFO:root:Learning rate has changed to: 0.0003480975955607224
INFO:root:| epoch   1 | batch  1408 | ms/batch 3067.26 | loss     6.3949 | aux_loss     0.1170 | ppl   598.8044
INFO:root:Learning rate has changed to: 0.0003797203721624062
INFO:root:| epoch   1 | batch  1536 | ms/batch 2999.77 | loss     6.3131 | aux_loss     0.1166 | ppl   551.7505
INFO:root:Learning rate has changed to: 0.000253229265755671
INFO:root:| epoch   1 | batch  1024 | ms/batch 5020.51 | loss     6.7344 | aux_loss     0.2401 | ppl   840.8255
INFO:root:Learning rate has changed to: 0.00041134314876409
INFO:root:| epoch   1 | batch  1664 | ms/batch 2983.01 | loss     6.2391 | aux_loss     0.1167 | ppl   512.4205
INFO:root:Learning rate has changed to: 0.0002848520423573548
INFO:root:| epoch   1 | batch  1152 | ms/batch 4559.02 | loss     6.6118 | aux_loss     0.2398 | ppl   743.8048
INFO:root:Learning rate has changed to: 0.0004429659253657738
INFO:root:| epoch   1 | batch  1792 | ms/batch 2988.14 | loss     6.1687 | aux_loss     0.1170 | ppl   477.5625
INFO:root:Learning rate has changed to: 0.0004745887019674576
INFO:root:| epoch   1 | batch  1920 | ms/batch 2994.79 | loss     6.1053 | aux_loss     0.1165 | ppl   448.2101
INFO:root:Learning rate has changed to: 0.0003164748189590386
INFO:root:| epoch   1 | batch  1280 | ms/batch 4386.83 | loss     6.5206 | aux_loss     0.2398 | ppl   678.9544
INFO:root:Learning rate has changed to: 0.0005062114785691414
INFO:root:| epoch   1 | batch  2048 | ms/batch 2988.69 | loss     6.0653 | aux_loss     0.1168 | ppl   430.6391
INFO:root:Learning rate has changed to: 0.0003480975955607224
INFO:root:| epoch   1 | batch  1408 | ms/batch 4459.44 | loss     6.4340 | aux_loss     0.2396 | ppl   622.6848
INFO:root:Learning rate has changed to: 0.0005378342551708252
INFO:root:| epoch   1 | batch  2176 | ms/batch 2988.91 | loss     6.0102 | aux_loss     0.1168 | ppl   407.5504
INFO:root:Learning rate has changed to: 0.000569457031772509
INFO:root:| epoch   1 | batch  2304 | ms/batch 2989.91 | loss     5.9632 | aux_loss     0.1167 | ppl   388.8626
INFO:root:Learning rate has changed to: 0.0003797203721624062
INFO:root:| epoch   1 | batch  1536 | ms/batch 4433.49 | loss     6.3574 | aux_loss     0.2399 | ppl   576.7324
INFO:root:Learning rate has changed to: 0.0006010798083741928
INFO:root:| epoch   1 | batch  2432 | ms/batch 2995.02 | loss     5.9135 | aux_loss     0.1167 | ppl   370.0157
INFO:root:Learning rate has changed to: 0.00041134314876409
INFO:root:| epoch   1 | batch  1664 | ms/batch 4405.72 | loss     6.2862 | aux_loss     0.2402 | ppl   537.1194
INFO:root:Learning rate has changed to: 0.0006327025849758765
INFO:root:| epoch   1 | batch  2560 | ms/batch 2993.06 | loss     5.8839 | aux_loss     0.1164 | ppl   359.1939
INFO:root:Learning rate has changed to: 0.0006643253615775603
INFO:root:| epoch   1 | batch  2688 | ms/batch 3036.86 | loss     5.8451 | aux_loss     0.1166 | ppl   345.5364
INFO:root:Learning rate has changed to: 0.0004429659253657738
INFO:root:| epoch   1 | batch  1792 | ms/batch 4389.43 | loss     6.2150 | aux_loss     0.2396 | ppl   500.1952
INFO:root:Learning rate has changed to: 0.0006959481381792441
INFO:root:| epoch   1 | batch  2816 | ms/batch 2993.58 | loss     5.8207 | aux_loss     0.1167 | ppl   337.2234
INFO:root:Learning rate has changed to: 0.0004745887019674576
INFO:root:| epoch   1 | batch  1920 | ms/batch 4395.59 | loss     6.1489 | aux_loss     0.2402 | ppl   468.2026
INFO:root:Learning rate has changed to: 0.000727570914780928
INFO:root:| epoch   1 | batch  2944 | ms/batch 2995.80 | loss     5.7900 | aux_loss     0.1164 | ppl   327.0279
INFO:root:Learning rate has changed to: 0.0007591936913826118
INFO:root:| epoch   1 | batch  3072 | ms/batch 2976.60 | loss     5.7536 | aux_loss     0.1169 | ppl   315.3208
INFO:root:Learning rate has changed to: 0.0005062114785691414
INFO:root:| epoch   1 | batch  2048 | ms/batch 4445.19 | loss     6.1058 | aux_loss     0.2399 | ppl   448.4499
INFO:root:Learning rate has changed to: 0.0007908164679842956
INFO:root:| epoch   1 | batch  3200 | ms/batch 2985.12 | loss     5.7251 | aux_loss     0.1167 | ppl   306.4522
INFO:root:Learning rate has changed to: 0.0005378342551708252
INFO:root:| epoch   1 | batch  2176 | ms/batch 4435.99 | loss     6.0463 | aux_loss     0.2402 | ppl   422.5628
INFO:root:Learning rate has changed to: 0.0008224392445859793
INFO:root:| epoch   1 | batch  3328 | ms/batch 2978.95 | loss     5.7021 | aux_loss     0.1162 | ppl   299.4903
INFO:root:Learning rate has changed to: 0.0008540620211876631
INFO:root:| epoch   1 | batch  3456 | ms/batch 2972.15 | loss     5.6809 | aux_loss     0.1162 | ppl   293.2106
INFO:root:Learning rate has changed to: 0.000569457031772509
INFO:root:| epoch   1 | batch  2304 | ms/batch 4426.44 | loss     5.9978 | aux_loss     0.2399 | ppl   402.5532
INFO:root:Learning rate has changed to: 0.0008856847977893469
INFO:root:| epoch   1 | batch  3584 | ms/batch 2973.84 | loss     5.6606 | aux_loss     0.1165 | ppl   287.3197
INFO:root:Learning rate has changed to: 0.0006010798083741928
INFO:root:| epoch   1 | batch  2432 | ms/batch 4544.62 | loss     5.9435 | aux_loss     0.2391 | ppl   381.2594
INFO:root:Learning rate has changed to: 0.0009173075743910307
INFO:root:| epoch   1 | batch  3712 | ms/batch 2974.41 | loss     5.6400 | aux_loss     0.1168 | ppl   281.4656
INFO:root:Learning rate has changed to: 0.0009489303509927146
INFO:root:| epoch   1 | batch  3840 | ms/batch 2980.16 | loss     5.6079 | aux_loss     0.1168 | ppl   272.5808
INFO:root:Learning rate has changed to: 0.0006327025849758765
INFO:root:| epoch   1 | batch  2560 | ms/batch 4786.13 | loss     5.9133 | aux_loss     0.2399 | ppl   369.9332
INFO:root:Learning rate has changed to: 0.0009805531275943983
INFO:root:| epoch   1 | batch  3968 | ms/batch 3057.35 | loss     5.5943 | aux_loss     0.1173 | ppl   268.8811
INFO:root:Learning rate has changed to: 0.0006643253615775603
INFO:root:| epoch   1 | batch  2688 | ms/batch 4413.48 | loss     5.8742 | aux_loss     0.2396 | ppl   355.7301
INFO:root:Learning rate has changed to: 0.0009764433125338821
INFO:root:| epoch   1 | batch  4096 | ms/batch 2999.10 | loss     5.5802 | aux_loss     0.1175 | ppl   265.1352
INFO:root:Learning rate has changed to: 0.0009615384615384616
INFO:root:| epoch   1 | batch  4224 | ms/batch 2988.32 | loss     5.5628 | aux_loss     0.1169 | ppl   260.5580
INFO:root:Learning rate has changed to: 0.0006959481381792441
INFO:root:| epoch   1 | batch  2816 | ms/batch 4509.78 | loss     5.8494 | aux_loss     0.2400 | ppl   347.0166
INFO:root:Learning rate has changed to: 0.0009472959569955596
INFO:root:| epoch   1 | batch  4352 | ms/batch 2982.89 | loss     5.5374 | aux_loss     0.1170 | ppl   254.0191
INFO:root:Learning rate has changed to: 0.000727570914780928
INFO:root:| epoch   1 | batch  2944 | ms/batch 4482.28 | loss     5.8174 | aux_loss     0.2401 | ppl   336.1109
INFO:root:Learning rate has changed to: 0.0009336681528218903
INFO:root:| epoch   1 | batch  4480 | ms/batch 2985.07 | loss     5.5135 | aux_loss     0.1173 | ppl   248.0283
INFO:root:Learning rate has changed to: 0.0009206120672864873
INFO:root:| epoch   1 | batch  4608 | ms/batch 2972.65 | loss     5.4977 | aux_loss     0.1173 | ppl   244.1418
INFO:root:Learning rate has changed to: 0.0007591936913826118
INFO:root:| epoch   1 | batch  3072 | ms/batch 4568.06 | loss     5.7809 | aux_loss     0.2394 | ppl   324.0633
INFO:root:Learning rate has changed to: 0.0009080888118835636
INFO:root:| epoch   1 | batch  4736 | ms/batch 2983.09 | loss     5.4776 | aux_loss     0.1172 | ppl   239.2790
INFO:root:Learning rate has changed to: 0.0007908164679842956
INFO:root:| epoch   1 | batch  3200 | ms/batch 4910.87 | loss     5.7506 | aux_loss     0.2406 | ppl   314.3798
INFO:root:Learning rate has changed to: 0.0008960631034158175
INFO:root:| epoch   1 | batch  4864 | ms/batch 2969.04 | loss     5.4556 | aux_loss     0.1170 | ppl   234.0757
INFO:root:Learning rate has changed to: 0.0008845028453299376
INFO:root:| epoch   1 | batch  4992 | ms/batch 2974.11 | loss     5.4353 | aux_loss     0.1168 | ppl   229.3633
INFO:root:Learning rate has changed to: 0.0008224392445859793
INFO:root:| epoch   1 | batch  3328 | ms/batch 4451.18 | loss     5.7300 | aux_loss     0.2403 | ppl   307.9570
INFO:root:Learning rate has changed to: 0.0008733787669798303
INFO:root:| epoch   1 | batch  5120 | ms/batch 2973.09 | loss     5.4266 | aux_loss     0.1166 | ppl   227.3791
INFO:root:Learning rate has changed to: 0.0008540620211876631
INFO:root:| epoch   1 | batch  3456 | ms/batch 4392.77 | loss     5.7071 | aux_loss     0.2399 | ppl   300.9981
INFO:root:Learning rate has changed to: 0.0008626641115774413
INFO:root:| epoch   1 | batch  5248 | ms/batch 3027.29 | loss     5.4147 | aux_loss     0.1170 | ppl   224.6843
INFO:root:Learning rate has changed to: 0.000852334365251007
INFO:root:| epoch   1 | batch  5376 | ms/batch 2981.25 | loss     5.3967 | aux_loss     0.1176 | ppl   220.6811
INFO:root:Learning rate has changed to: 0.0008856847977893469
INFO:root:| epoch   1 | batch  3584 | ms/batch 4424.07 | loss     5.6854 | aux_loss     0.2400 | ppl   294.5470
INFO:root:Learning rate has changed to: 0.0008423670209604698
INFO:root:| epoch   1 | batch  5504 | ms/batch 2974.90 | loss     5.3773 | aux_loss     0.1167 | ppl   216.4443
INFO:root:Learning rate has changed to: 0.0009173075743910307
INFO:root:| epoch   1 | batch  3712 | ms/batch 4400.08 | loss     5.6648 | aux_loss     0.2411 | ppl   288.5211
INFO:root:Learning rate has changed to: 0.0008327413720912831
INFO:root:| epoch   1 | batch  5632 | ms/batch 2987.44 | loss     5.3637 | aux_loss     0.1168 | ppl   213.5237
INFO:root:Learning rate has changed to: 0.00082343833141581
INFO:root:| epoch   1 | batch  5760 | ms/batch 2982.48 | loss     5.3646 | aux_loss     0.1167 | ppl   213.7012
INFO:root:Learning rate has changed to: 0.0009489303509927146
INFO:root:| epoch   1 | batch  3840 | ms/batch 4748.53 | loss     5.6329 | aux_loss     0.2406 | ppl   279.4829
INFO:root:Learning rate has changed to: 0.0008144402718182064
INFO:root:| epoch   1 | batch  5888 | ms/batch 2982.16 | loss     5.3375 | aux_loss     0.1169 | ppl   207.9939
INFO:root:Learning rate has changed to: 0.0009805531275943983
INFO:root:| epoch   1 | batch  3968 | ms/batch 4451.36 | loss     5.6168 | aux_loss     0.2410 | ppl   275.0182
INFO:root:Learning rate has changed to: 0.0008057308857568942
INFO:root:| epoch   1 | batch  6016 | ms/batch 2984.02 | loss     5.3179 | aux_loss     0.1166 | ppl   203.9523
INFO:root:Learning rate has changed to: 0.0007972950609139956
INFO:root:| epoch   1 | batch  6144 | ms/batch 2977.18 | loss     5.3172 | aux_loss     0.1167 | ppl   203.8147
INFO:root:Learning rate has changed to: 0.0009764433125338821
INFO:root:| epoch   1 | batch  4096 | ms/batch 4397.14 | loss     5.6047 | aux_loss     0.2406 | ppl   271.6928
INFO:root:Learning rate has changed to: 0.0007891187698735106
INFO:root:| epoch   1 | batch  6272 | ms/batch 2980.25 | loss     5.2998 | aux_loss     0.1165 | ppl   200.2968
INFO:root:Learning rate has changed to: 0.0009615384615384616
INFO:root:| epoch   1 | batch  4224 | ms/batch 4370.66 | loss     5.5864 | aux_loss     0.2404 | ppl   266.7811
INFO:root:Learning rate has changed to: 0.0007811889719953762
INFO:root:| epoch   1 | batch  6400 | ms/batch 2984.53 | loss     5.3001 | aux_loss     0.1167 | ppl   200.3509
INFO:root:Learning rate has changed to: 0.0007734935259234094
INFO:root:| epoch   1 | batch  6528 | ms/batch 3011.41 | loss     5.2847 | aux_loss     0.1165 | ppl   197.2952
INFO:root:Learning rate has changed to: 0.0009472959569955596
INFO:root:| epoch   1 | batch  4352 | ms/batch 4576.41 | loss     5.5611 | aux_loss     0.2401 | ppl   260.1209
INFO:root:Learning rate has changed to: 0.0007660211113915147
INFO:root:| epoch   1 | batch  6656 | ms/batch 3001.81 | loss     5.2705 | aux_loss     0.1171 | ppl   194.5190
INFO:root:Learning rate has changed to: 0.0009336681528218903
INFO:root:| epoch   1 | batch  4480 | ms/batch 4400.85 | loss     5.5372 | aux_loss     0.2404 | ppl   253.9555
INFO:root:Learning rate has changed to: 0.0007587611591824277
INFO:root:| epoch   1 | batch  6784 | ms/batch 2977.49 | loss     5.2667 | aux_loss     0.1161 | ppl   193.7718
INFO:root:Learning rate has changed to: 0.0007517037882531398
INFO:root:| epoch   1 | batch  6912 | ms/batch 2963.51 | loss     5.2555 | aux_loss     0.1168 | ppl   191.6111
INFO:root:Learning rate has changed to: 0.0009206120672864873
INFO:root:| epoch   1 | batch  4608 | ms/batch 4557.55 | loss     5.5228 | aux_loss     0.2402 | ppl   250.3341
INFO:root:Learning rate has changed to: 0.0007448397491761886
INFO:root:| epoch   1 | batch  7040 | ms/batch 3000.17 | loss     5.2442 | aux_loss     0.1165 | ppl   189.4662
INFO:root:Learning rate has changed to: 0.0009080888118835636
INFO:root:| epoch   1 | batch  4736 | ms/batch 4430.45 | loss     5.5029 | aux_loss     0.2400 | ppl   245.4022
INFO:root:Learning rate has changed to: 0.000738160373160463
INFO:root:| epoch   1 | batch  7168 | ms/batch 2980.23 | loss     5.2397 | aux_loss     0.1158 | ppl   188.6178
INFO:root:Learning rate has changed to: 0.0007316575260124783
INFO:root:| epoch   1 | batch  7296 | ms/batch 2972.94 | loss     5.2335 | aux_loss     0.1163 | ppl   187.4565
INFO:root:Learning rate has changed to: 0.0008960631034158175
INFO:root:| epoch   1 | batch  4864 | ms/batch 4423.53 | loss     5.4823 | aux_loss     0.2397 | ppl   240.3984
INFO:root:Learning rate has changed to: 0.0007253235664820743
INFO:root:| epoch   1 | batch  7424 | ms/batch 2971.87 | loss     5.2180 | aux_loss     0.1161 | ppl   184.5556
INFO:root:Learning rate has changed to: 0.0008845028453299376
INFO:root:| epoch   1 | batch  4992 | ms/batch 4438.16 | loss     5.4616 | aux_loss     0.2398 | ppl   235.4723
INFO:root:Learning rate has changed to: 0.0007191513085074671
INFO:root:| epoch   1 | batch  7552 | ms/batch 2977.71 | loss     5.2129 | aux_loss     0.1161 | ppl   183.6192
INFO:root:Learning rate has changed to: 0.0007131339869354735
INFO:root:| epoch   1 | batch  7680 | ms/batch 2975.31 | loss     5.2067 | aux_loss     0.1163 | ppl   182.4910
INFO:root:Learning rate has changed to: 0.0008733787669798303
INFO:root:| epoch   1 | batch  5120 | ms/batch 4419.64 | loss     5.4538 | aux_loss     0.2398 | ppl   233.6428
INFO:root:Learning rate has changed to: 0.0007072652263450946
INFO:root:| epoch   1 | batch  7808 | ms/batch 2974.09 | loss     5.2036 | aux_loss     0.1164 | ppl   181.9172
INFO:root:Learning rate has changed to: 0.0008626641115774413
INFO:root:| epoch   1 | batch  5248 | ms/batch 4509.12 | loss     5.4436 | aux_loss     0.2397 | ppl   231.2750
INFO:root:Learning rate has changed to: 0.0007015390126478009
INFO:root:| epoch   1 | batch  7936 | ms/batch 3041.35 | loss     5.1968 | aux_loss     0.1162 | ppl   180.6984
INFO:root:Learning rate has changed to: 0.0006959496671769054
INFO:root:| epoch   1 | batch  8064 | ms/batch 2971.07 | loss     5.1920 | aux_loss     0.1158 | ppl   179.8297
INFO:root:Learning rate has changed to: 0.000852334365251007
INFO:root:| epoch   1 | batch  5376 | ms/batch 4779.96 | loss     5.4267 | aux_loss     0.2407 | ppl   227.4082
INFO:root:Learning rate has changed to: 0.0006904918230122436
INFO:root:| epoch   1 | batch  8192 | ms/batch 2968.54 | loss     5.1808 | aux_loss     0.1162 | ppl   177.8193
INFO:root:Learning rate has changed to: 0.0008423670209604698
INFO:root:| epoch   1 | batch  5504 | ms/batch 4456.79 | loss     5.4081 | aux_loss     0.2393 | ppl   223.1998
INFO:root:Learning rate has changed to: 0.0006851604033157801
INFO:root:| epoch   1 | batch  8320 | ms/batch 2967.20 | loss     5.1734 | aux_loss     0.1160 | ppl   176.5183
INFO:root:Learning rate has changed to: 0.0006799506014793461
INFO:root:| epoch   1 | batch  8448 | ms/batch 2989.97 | loss     5.1680 | aux_loss     0.1159 | ppl   175.5546
INFO:root:Learning rate has changed to: 0.0008327413720912831
INFO:root:| epoch   1 | batch  5632 | ms/batch 4402.38 | loss     5.3960 | aux_loss     0.2396 | ppl   220.5262
INFO:root:Learning rate has changed to: 0.0006748578629080593
INFO:root:| epoch   1 | batch  8576 | ms/batch 2979.75 | loss     5.1652 | aux_loss     0.1154 | ppl   175.0752
INFO:root:Learning rate has changed to: 0.00082343833141581
INFO:root:| epoch   1 | batch  5760 | ms/batch 4495.31 | loss     5.3994 | aux_loss     0.2390 | ppl   221.2773
INFO:root:Learning rate has changed to: 0.0006698778682824983
INFO:root:| epoch   1 | batch  8704 | ms/batch 2969.02 | loss     5.1465 | aux_loss     0.1163 | ppl   171.8222
INFO:root:Learning rate has changed to: 0.0006650065181598327
INFO:root:| epoch   1 | batch  8832 | ms/batch 2981.38 | loss     5.1486 | aux_loss     0.1159 | ppl   172.1846
INFO:root:Learning rate has changed to: 0.0008144402718182064
INFO:root:| epoch   1 | batch  5888 | ms/batch 4809.20 | loss     5.3731 | aux_loss     0.2384 | ppl   215.5231
INFO:root:Learning rate has changed to: 0.0006602399187891344
INFO:root:| epoch   1 | batch  8960 | ms/batch 2968.78 | loss     5.1469 | aux_loss     0.1160 | ppl   171.8907
INFO:root:Learning rate has changed to: 0.0008057308857568942
INFO:root:| epoch   1 | batch  6016 | ms/batch 4428.31 | loss     5.3531 | aux_loss     0.2396 | ppl   211.2537
INFO:root:Learning rate has changed to: 0.000655574369029326
INFO:root:| epoch   1 | batch  9088 | ms/batch 2971.29 | loss     5.1376 | aux_loss     0.1162 | ppl   170.3132
INFO:root:Learning rate has changed to: 0.0006510063482698811
INFO:root:| epoch   1 | batch  9216 | ms/batch 3009.39 | loss     5.1260 | aux_loss     0.1156 | ppl   168.3491
INFO:root:Learning rate has changed to: 0.0007972950609139956
INFO:root:| epoch   1 | batch  6144 | ms/batch 4444.37 | loss     5.3518 | aux_loss     0.2393 | ppl   210.9939
INFO:root:Learning rate has changed to: 0.0006465325052646858
INFO:root:| epoch   1 | batch  9344 | ms/batch 2976.26 | loss     5.1325 | aux_loss     0.1157 | ppl   169.4396
INFO:root:Learning rate has changed to: 0.0007891187698735106
INFO:root:| epoch   1 | batch  6272 | ms/batch 4460.02 | loss     5.3350 | aux_loss     0.2394 | ppl   207.4793
INFO:root:Learning rate has changed to: 0.0006421496477985839
INFO:root:| epoch   1 | batch  9472 | ms/batch 2976.28 | loss     5.1254 | aux_loss     0.1158 | ppl   168.2375
INFO:root:Learning rate has changed to: 0.0006378547331142038
INFO:root:| epoch   1 | batch  9600 | ms/batch 2990.08 | loss     5.1151 | aux_loss     0.1158 | ppl   166.5241
INFO:root:Learning rate has changed to: 0.0007811889719953762
INFO:root:| epoch   1 | batch  6400 | ms/batch 4430.66 | loss     5.3344 | aux_loss     0.2396 | ppl   207.3453
INFO:root:Learning rate has changed to: 0.0006336448590338265
INFO:root:| epoch   1 | batch  9728 | ms/batch 2993.72 | loss     5.1170 | aux_loss     0.1156 | ppl   166.8295
INFO:root:Learning rate has changed to: 0.0007734935259234094
INFO:root:| epoch   1 | batch  6528 | ms/batch 4547.15 | loss     5.3178 | aux_loss     0.2388 | ppl   203.9448
INFO:root:Learning rate has changed to: 0.000629517255717441
INFO:root:| epoch   1 | batch  9856 | ms/batch 2999.20 | loss     5.1044 | aux_loss     0.1163 | ppl   164.7522
INFO:root:Learning rate has changed to: 0.000625469278003796
INFO:root:| epoch   1 | batch  9984 | ms/batch 3001.88 | loss     5.1043 | aux_loss     0.1156 | ppl   164.7360
INFO:root:Learning rate has changed to: 0.0007660211113915147
INFO:root:| epoch   1 | batch  6656 | ms/batch 4457.29 | loss     5.3034 | aux_loss     0.2384 | ppl   201.0206
INFO:root:Learning rate has changed to: 0.0006214983982863358
INFO:root:| epoch   1 | batch 10112 | ms/batch 2995.24 | loss     5.0968 | aux_loss     0.1156 | ppl   163.4959
INFO:root:Learning rate has changed to: 0.0007587611591824277
INFO:root:| epoch   1 | batch  6784 | ms/batch 4444.55 | loss     5.2984 | aux_loss     0.2384 | ppl   200.0087
INFO:root:Learning rate has changed to: 0.0006176021998804238
INFO:root:| epoch   1 | batch 10240 | ms/batch 2995.64 | loss     5.0924 | aux_loss     0.1156 | ppl   162.7843
INFO:root:Learning rate has changed to: 0.0006137783708423093
INFO:root:| epoch   1 | batch 10368 | ms/batch 2986.22 | loss     5.0862 | aux_loss     0.1159 | ppl   161.7689
INFO:root:Learning rate has changed to: 0.0007517037882531398
INFO:root:| epoch   1 | batch  6912 | ms/batch 4439.24 | loss     5.2849 | aux_loss     0.2383 | ppl   197.3311
INFO:root:Learning rate has changed to: 0.0006100246982039221
INFO:root:| epoch   1 | batch 10496 | ms/batch 3026.61 | loss     5.0822 | aux_loss     0.1155 | ppl   161.1305
INFO:root:Learning rate has changed to: 0.0007448397491761886
INFO:root:| epoch   1 | batch  7040 | ms/batch 4394.89 | loss     5.2764 | aux_loss     0.2381 | ppl   195.6644
INFO:root:Learning rate has changed to: 0.0006063390625908325
INFO:root:| epoch   1 | batch 10624 | ms/batch 3027.14 | loss     5.0885 | aux_loss     0.1158 | ppl   162.1524
INFO:root:Learning rate has changed to: 0.0006027194331936383
INFO:root:| epoch   1 | batch 10752 | ms/batch 2987.26 | loss     5.0774 | aux_loss     0.1151 | ppl   160.3521
INFO:root:Learning rate has changed to: 0.000738160373160463
INFO:root:| epoch   1 | batch  7168 | ms/batch 4417.19 | loss     5.2705 | aux_loss     0.2383 | ppl   194.5135
INFO:root:Learning rate has changed to: 0.000599163863065678
INFO:root:| epoch   1 | batch 10880 | ms/batch 2987.98 | loss     5.0783 | aux_loss     0.1158 | ppl   160.5018
INFO:root:Learning rate has changed to: 0.0007316575260124783
INFO:root:| epoch   1 | batch  7296 | ms/batch 4404.26 | loss     5.2648 | aux_loss     0.2379 | ppl   193.4135
INFO:root:Learning rate has changed to: 0.0005956704847223289
INFO:root:| epoch   1 | batch 11008 | ms/batch 2996.35 | loss     5.0735 | aux_loss     0.1159 | ppl   159.7266
INFO:root:Learning rate has changed to: 0.0005922375060193007
INFO:root:| epoch   1 | batch 11136 | ms/batch 3000.33 | loss     5.0637 | aux_loss     0.1152 | ppl   158.1767
INFO:root:Learning rate has changed to: 0.0007253235664820743
INFO:root:| epoch   1 | batch  7424 | ms/batch 4487.06 | loss     5.2487 | aux_loss     0.2380 | ppl   190.3270
INFO:root:Learning rate has changed to: 0.000588863206289254
INFO:root:| epoch   1 | batch 11264 | ms/batch 3009.10 | loss     5.0614 | aux_loss     0.1159 | ppl   157.8106
INFO:root:Learning rate has changed to: 0.0007191513085074671
INFO:root:| epoch   1 | batch  7552 | ms/batch 4765.79 | loss     5.2416 | aux_loss     0.2379 | ppl   188.9803
INFO:root:Learning rate has changed to: 0.0005855459327178278
INFO:root:| epoch   1 | batch 11392 | ms/batch 2999.52 | loss     5.0684 | aux_loss     0.1156 | ppl   158.9249
INFO:root:Learning rate has changed to: 0.000582284096941737
INFO:root:| epoch   1 | batch 11520 | ms/batch 2992.62 | loss     5.0556 | aux_loss     0.1154 | ppl   156.8990
INFO:root:Learning rate has changed to: 0.0007131339869354735
INFO:root:| epoch   1 | batch  7680 | ms/batch 4396.99 | loss     5.2350 | aux_loss     0.2384 | ppl   187.7305
INFO:root:Learning rate has changed to: 0.0005790761718530356
INFO:root:| epoch   1 | batch 11648 | ms/batch 2988.11 | loss     5.0483 | aux_loss     0.1154 | ppl   155.7602
INFO:root:Learning rate has changed to: 0.0007072652263450946
INFO:root:| epoch   1 | batch  7808 | ms/batch 4507.54 | loss     5.2310 | aux_loss     0.2384 | ppl   186.9799
INFO:root:Learning rate has changed to: 0.0005759206885949388
INFO:root:| epoch   1 | batch 11776 | ms/batch 3030.65 | loss     5.0423 | aux_loss     0.1150 | ppl   154.8215
INFO:root:Learning rate has changed to: 0.0005728162337357832
INFO:root:| epoch   1 | batch 11904 | ms/batch 3003.77 | loss     5.0448 | aux_loss     0.1155 | ppl   155.2109
INFO:root:Learning rate has changed to: 0.0007015390126478009
INFO:root:| epoch   1 | batch  7936 | ms/batch 4429.37 | loss     5.2240 | aux_loss     0.2378 | ppl   185.6825
INFO:root:Learning rate has changed to: 0.0005697614466087703
INFO:root:| epoch   1 | batch 12032 | ms/batch 2991.99 | loss     5.0390 | aux_loss     0.1155 | ppl   154.3206
INFO:root:Learning rate has changed to: 0.0006959496671769054
INFO:root:| epoch   1 | batch  8064 | ms/batch 4394.60 | loss     5.2203 | aux_loss     0.2382 | ppl   184.9917
INFO:root:Learning rate has changed to: 0.0005667550168061255
INFO:root:| epoch   1 | batch 12160 | ms/batch 3009.01 | loss     5.0400 | aux_loss     0.1148 | ppl   154.4643
INFO:root:Learning rate has changed to: 0.000563795681817187
INFO:root:| epoch   1 | batch 12288 | ms/batch 3002.92 | loss     5.0408 | aux_loss     0.1156 | ppl   154.5893
INFO:root:Learning rate has changed to: 0.0006904918230122436
INFO:root:| epoch   1 | batch  8192 | ms/batch 4393.45 | loss     5.2097 | aux_loss     0.2386 | ppl   183.0366
INFO:root:Learning rate has changed to: 0.0005608822248007571
INFO:root:| epoch   1 | batch 12416 | ms/batch 3010.42 | loss     5.0286 | aux_loss     0.1153 | ppl   152.7251
INFO:root:Learning rate has changed to: 0.0006851604033157801
INFO:root:| epoch   1 | batch  8320 | ms/batch 4395.28 | loss     5.2017 | aux_loss     0.2379 | ppl   181.5798
INFO:root:Learning rate has changed to: 0.0005580134724827885
INFO:root:| epoch   1 | batch 12544 | ms/batch 3007.42 | loss     5.0295 | aux_loss     0.1160 | ppl   152.8493
INFO:root:Learning rate has changed to: 0.0005551882931711544
INFO:root:| epoch   1 | batch 12672 | ms/batch 3003.58 | loss     5.0159 | aux_loss     0.1151 | ppl   150.7978
INFO:root:Learning rate has changed to: 0.0006799506014793461
INFO:root:| epoch   1 | batch  8448 | ms/batch 4392.27 | loss     5.1961 | aux_loss     0.2381 | ppl   180.5580
INFO:root:Learning rate has changed to: 0.0005524055948798758
INFO:root:| epoch   1 | batch 12800 | ms/batch 3006.07 | loss     5.0256 | aux_loss     0.1153 | ppl   152.2668
INFO:root:Learning rate has changed to: 0.0006748578629080593
INFO:root:| epoch   1 | batch  8576 | ms/batch 4415.34 | loss     5.1926 | aux_loss     0.2378 | ppl   179.9374
INFO:root:Learning rate has changed to: 0.000549664323555742
INFO:root:| epoch   1 | batch 12928 | ms/batch 3004.23 | loss     5.0139 | aux_loss     0.1155 | ppl   150.4940
INFO:root:Learning rate has changed to: 0.0005469634614007854
INFO:root:| epoch   1 | batch 13056 | ms/batch 3031.74 | loss     5.0168 | aux_loss     0.1155 | ppl   150.9287
INFO:root:Learning rate has changed to: 0.0006698778682824983
INFO:root:| epoch   1 | batch  8704 | ms/batch 4408.53 | loss     5.1755 | aux_loss     0.2374 | ppl   176.8884
INFO:root:Learning rate has changed to: 0.000544302025284546
INFO:root:| epoch   1 | batch 13184 | ms/batch 3000.88 | loss     5.0147 | aux_loss     0.1156 | ppl   150.6181
INFO:root:Learning rate has changed to: 0.0006650065181598327
INFO:root:| epoch   1 | batch  8832 | ms/batch 4400.25 | loss     5.1771 | aux_loss     0.2374 | ppl   177.1723
INFO:root:Learning rate has changed to: 0.0005416790652405008
INFO:root:| epoch   1 | batch 13312 | ms/batch 3046.80 | loss     5.0107 | aux_loss     0.1154 | ppl   150.0140
INFO:root:Learning rate has changed to: 0.0006602399187891344
INFO:root:| epoch   1 | batch  8960 | ms/batch 4414.19 | loss     5.1760 | aux_loss     0.2376 | ppl   176.9739
INFO:root:Learning rate has changed to: 0.0005390936630414364
INFO:root:| epoch   1 | batch 13440 | ms/batch 3005.29 | loss     5.0111 | aux_loss     0.1155 | ppl   150.0645
INFO:root:Learning rate has changed to: 0.0005365449308489108
INFO:root:| epoch   1 | batch 13568 | ms/batch 3006.21 | loss     4.9989 | aux_loss     0.1152 | ppl   148.2493
INFO:root:Learning rate has changed to: 0.000655574369029326
INFO:root:| epoch   1 | batch  9088 | ms/batch 4603.11 | loss     5.1670 | aux_loss     0.2376 | ppl   175.3865
INFO:root:Learning rate has changed to: 0.0005340320099322963
INFO:root:| epoch   1 | batch 13696 | ms/batch 2999.66 | loss     4.9979 | aux_loss     0.1152 | ppl   148.1057
INFO:root:Learning rate has changed to: 0.0005315540694532029
INFO:root:| epoch   1 | batch 13824 | ms/batch 3003.67 | loss     5.0015 | aux_loss     0.1157 | ppl   148.6421
INFO:root:Learning rate has changed to: 0.0006510063482698811
INFO:root:| epoch   1 | batch  9216 | ms/batch 4500.84 | loss     5.1542 | aux_loss     0.2368 | ppl   173.1514
INFO:root:Learning rate has changed to: 0.0005291103053113766
INFO:root:| epoch   1 | batch 13952 | ms/batch 2992.41 | loss     4.9969 | aux_loss     0.1153 | ppl   147.9595
INFO:root:Learning rate has changed to: 0.0006465325052646858
INFO:root:| epoch   1 | batch  9344 | ms/batch 4476.68 | loss     5.1610 | aux_loss     0.2372 | ppl   174.3349
INFO:root:Learning rate has changed to: 0.0005266999390484326
INFO:root:| epoch   1 | batch 14080 | ms/batch 2995.27 | loss     4.9925 | aux_loss     0.1153 | ppl   147.3028
INFO:root:Learning rate has changed to: 0.0006421496477985839
INFO:root:| epoch   1 | batch  9472 | ms/batch 4397.50 | loss     5.1541 | aux_loss     0.2370 | ppl   173.1403
INFO:root:Learning rate has changed to: 0.0005243222168060261
INFO:root:| epoch   1 | batch 14208 | ms/batch 2997.68 | loss     4.9938 | aux_loss     0.1156 | ppl   147.4886
INFO:root:Learning rate has changed to: 0.0005219764083352978
INFO:root:| epoch   1 | batch 14336 | ms/batch 3006.53 | loss     4.9831 | aux_loss     0.1155 | ppl   145.9292
INFO:root:Learning rate has changed to: 0.0006378547331142038
INFO:root:| epoch   1 | batch  9600 | ms/batch 4401.93 | loss     5.1437 | aux_loss     0.2372 | ppl   171.3494
INFO:root:Learning rate has changed to: 0.0005196618060546367
INFO:root:| epoch   1 | batch 14464 | ms/batch 3000.64 | loss     4.9824 | aux_loss     0.1151 | ppl   145.8249
INFO:root:Learning rate has changed to: 0.0006336448590338265
INFO:root:| epoch   1 | batch  9728 | ms/batch 4332.70 | loss     5.1463 | aux_loss     0.2375 | ppl   171.7907
INFO:root:Learning rate has changed to: 0.0005173777241529985
INFO:root:| epoch   1 | batch 14592 | ms/batch 3010.29 | loss     4.9847 | aux_loss     0.1155 | ppl   146.1571
INFO:root:Learning rate has changed to: 0.0005151234977362014
INFO:root:| epoch   1 | batch 14720 | ms/batch 2991.25 | loss     4.9757 | aux_loss     0.1152 | ppl   144.8446
INFO:root:Learning rate has changed to: 0.000629517255717441
INFO:root:| epoch   1 | batch  9856 | ms/batch 4428.62 | loss     5.1339 | aux_loss     0.2374 | ppl   169.6773
INFO:root:Learning rate has changed to: 0.000512898482013784
INFO:root:| epoch   1 | batch 14848 | ms/batch 2993.03 | loss     4.9756 | aux_loss     0.1149 | ppl   144.8334
INFO:root:Learning rate has changed to: 0.000625469278003796
INFO:root:| epoch   1 | batch  9984 | ms/batch 4519.65 | loss     5.1335 | aux_loss     0.2373 | ppl   169.6048
INFO:root:Learning rate has changed to: 0.0005107020515241682
INFO:root:| epoch   1 | batch 14976 | ms/batch 2992.00 | loss     4.9812 | aux_loss     0.1151 | ppl   145.6557
INFO:root:Learning rate has changed to: 0.0005085335993960123
INFO:root:| epoch   1 | batch 15104 | ms/batch 2992.24 | loss     4.9697 | aux_loss     0.1154 | ppl   143.9897
INFO:root:Learning rate has changed to: 0.0006214983982863358
INFO:root:| epoch   1 | batch 10112 | ms/batch 4829.57 | loss     5.1267 | aux_loss     0.2375 | ppl   168.4646
INFO:root:Learning rate has changed to: 0.0005063925366437737
INFO:root:| epoch   1 | batch 15232 | ms/batch 2999.02 | loss     4.9629 | aux_loss     0.1153 | ppl   143.0140
INFO:root:Learning rate has changed to: 0.0005042782914956237
INFO:root:| epoch   1 | batch 15360 | ms/batch 2991.70 | loss     4.9675 | aux_loss     0.1149 | ppl   143.6679
INFO:root:Learning rate has changed to: 0.0006176021998804238
INFO:root:| epoch   1 | batch 10240 | ms/batch 4701.04 | loss     5.1214 | aux_loss     0.2376 | ppl   167.5707
INFO:root:Learning rate has changed to: 0.0005021903087519742
INFO:root:| epoch   1 | batch 15488 | ms/batch 2999.22 | loss     4.9621 | aux_loss     0.1153 | ppl   142.8903
INFO:root:Learning rate has changed to: 0.0006137783708423093
INFO:root:| epoch   1 | batch 10368 | ms/batch 4592.70 | loss     5.1169 | aux_loss     0.2377 | ppl   166.8105
INFO:root:Learning rate has changed to: 0.0005001280491729809
INFO:root:| epoch   1 | batch 15616 | ms/batch 2997.57 | loss     4.9650 | aux_loss     0.1153 | ppl   143.3138
INFO:root:Learning rate has changed to: 0.0004980909888934895
INFO:root:| epoch   1 | batch 15744 | ms/batch 3005.27 | loss     4.9673 | aux_loss     0.1154 | ppl   143.6438
INFO:root:Learning rate has changed to: 0.0006100246982039221
INFO:root:| epoch   1 | batch 10496 | ms/batch 4446.61 | loss     5.1112 | aux_loss     0.2368 | ppl   165.8760
INFO:root:Learning rate has changed to: 0.0004960786188639821
INFO:root:| epoch   1 | batch 15872 | ms/batch 3018.69 | loss     4.9585 | aux_loss     0.1156 | ppl   142.3866
INFO:root:Learning rate has changed to: 0.0006063390625908325
INFO:root:| epoch   1 | batch 10624 | ms/batch 4367.27 | loss     5.1185 | aux_loss     0.2373 | ppl   167.0845
INFO:root:Learning rate has changed to: 0.0004940904443161719
INFO:root:| epoch   1 | batch 16000 | ms/batch 2976.81 | loss     4.9541 | aux_loss     0.1151 | ppl   141.7539
INFO:root:Learning rate has changed to: 0.0006027194331936383
INFO:root:| epoch   1 | batch 10752 | ms/batch 4366.71 | loss     5.1068 | aux_loss     0.2369 | ppl   165.1351
INFO:root:Learning rate has changed to: 0.0004921259842519685
INFO:root:| epoch   1 | batch 16128 | ms/batch 2974.45 | loss     4.9578 | aux_loss     0.1152 | ppl   142.2820
INFO:root:Learning rate has changed to: 0.0004901847709546187
INFO:root:| epoch   1 | batch 16256 | ms/batch 2994.89 | loss     4.9484 | aux_loss     0.1149 | ppl   140.9435
INFO:root:Learning rate has changed to: 0.000599163863065678
INFO:root:| epoch   1 | batch 10880 | ms/batch 4356.47 | loss     5.1066 | aux_loss     0.2372 | ppl   165.1095
INFO:root:Learning rate has changed to: 0.0004882663495208925
INFO:root:| epoch   1 | batch 16384 | ms/batch 2995.20 | loss     4.9506 | aux_loss     0.1147 | ppl   141.2537
INFO:root:Learning rate has changed to: 0.0005956704847223289
INFO:root:| epoch   1 | batch 11008 | ms/batch 4552.67 | loss     5.1039 | aux_loss     0.2371 | ppl   164.6562
INFO:root:Learning rate has changed to: 0.0004863702774132529
INFO:root:| epoch   1 | batch 16512 | ms/batch 2981.09 | loss     4.9441 | aux_loss     0.1154 | ppl   140.3431
INFO:root:Learning rate has changed to: 0.00048449612403100775
INFO:root:| epoch   1 | batch 16640 | ms/batch 2989.91 | loss     4.9384 | aux_loss     0.1151 | ppl   139.5420
INFO:root:Learning rate has changed to: 0.0005922375060193007
INFO:root:| epoch   1 | batch 11136 | ms/batch 4511.67 | loss     5.0923 | aux_loss     0.2376 | ppl   162.7588
INFO:root:Learning rate has changed to: 0.0004826434702995
INFO:root:| epoch   1 | batch 16768 | ms/batch 2983.94 | loss     4.9291 | aux_loss     0.1152 | ppl   138.2570
INFO:root:Learning rate has changed to: 0.000588863206289254
INFO:root:| epoch   1 | batch 11264 | ms/batch 4526.49 | loss     5.0912 | aux_loss     0.2364 | ppl   162.5803
INFO:root:Learning rate has changed to: 0.0004808119082764477
INFO:root:| epoch   1 | batch 16896 | ms/batch 2996.10 | loss     4.9403 | aux_loss     0.1151 | ppl   139.8094
INFO:root:Learning rate has changed to: 0.0004790010407745921
INFO:root:| epoch   1 | batch 17024 | ms/batch 3023.10 | loss     4.9340 | aux_loss     0.1152 | ppl   138.9285
INFO:root:Learning rate has changed to: 0.0005855459327178278
INFO:root:| epoch   1 | batch 11392 | ms/batch 4525.36 | loss     5.0970 | aux_loss     0.2372 | ppl   163.5350
INFO:root:Learning rate has changed to: 0.0004772104809998632
INFO:root:| epoch   1 | batch 17152 | ms/batch 2992.27 | loss     4.9370 | aux_loss     0.1157 | ppl   139.3548
INFO:root:Learning rate has changed to: 0.000582284096941737
INFO:root:| epoch   1 | batch 11520 | ms/batch 4379.02 | loss     5.0849 | aux_loss     0.2367 | ppl   161.5641
INFO:root:Learning rate has changed to: 0.0004754398522043128
INFO:root:| epoch   1 | batch 17280 | ms/batch 2993.68 | loss     4.9396 | aux_loss     0.1152 | ppl   139.7092
INFO:root:Learning rate has changed to: 0.0004736887873531089
INFO:root:| epoch   1 | batch 17408 | ms/batch 2988.27 | loss     4.9333 | aux_loss     0.1148 | ppl   138.8393
INFO:root:Learning rate has changed to: 0.0005790761718530356
INFO:root:| epoch   1 | batch 11648 | ms/batch 4833.78 | loss     5.0780 | aux_loss     0.2368 | ppl   160.4519
INFO:root:Learning rate has changed to: 0.0004719569288049228
INFO:root:| epoch   1 | batch 17536 | ms/batch 2986.39 | loss     4.9336 | aux_loss     0.1148 | ppl   138.8828
INFO:root:Learning rate has changed to: 0.0004702439280050769
INFO:root:| epoch   1 | batch 17664 | ms/batch 2983.42 | loss     4.9331 | aux_loss     0.1149 | ppl   138.8075
INFO:root:Learning rate has changed to: 0.0005759206885949388
INFO:root:| epoch   1 | batch 11776 | ms/batch 4387.72 | loss     5.0723 | aux_loss     0.2365 | ppl   159.5369
INFO:root:Learning rate has changed to: 0.00046854944519085544
INFO:root:| epoch   1 | batch 17792 | ms/batch 2987.61 | loss     4.9236 | aux_loss     0.1154 | ppl   137.4913
INFO:root:Learning rate has changed to: 0.0005728162337357832
INFO:root:| epoch   1 | batch 11904 | ms/batch 4417.26 | loss     5.0770 | aux_loss     0.2365 | ppl   160.2991
INFO:root:Learning rate has changed to: 0.0004668731491084129
INFO:root:| epoch   1 | batch 17920 | ms/batch 2987.32 | loss     4.9262 | aux_loss     0.1151 | ppl   137.8589
INFO:root:Learning rate has changed to: 0.0004652147167407435
INFO:root:| epoch   1 | batch 18048 | ms/batch 2978.95 | loss     4.9265 | aux_loss     0.1155 | ppl   137.9017
INFO:root:Learning rate has changed to: 0.0005697614466087703
INFO:root:| epoch   1 | batch 12032 | ms/batch 4562.02 | loss     5.0681 | aux_loss     0.2362 | ppl   158.8665
INFO:root:Learning rate has changed to: 0.00046357383304620586
INFO:root:| epoch   1 | batch 18176 | ms/batch 2983.46 | loss     4.9199 | aux_loss     0.1150 | ppl   136.9896
INFO:root:Learning rate has changed to: 0.0005667550168061255
INFO:root:| epoch   1 | batch 12160 | ms/batch 4359.94 | loss     5.0717 | aux_loss     0.2365 | ppl   159.4510
INFO:root:Learning rate has changed to: 0.00046195019070712135
INFO:root:| epoch   1 | batch 18304 | ms/batch 3017.70 | loss     4.9235 | aux_loss     0.1148 | ppl   137.4854
INFO:root:Learning rate has changed to: 0.000563795681817187
INFO:root:| epoch   1 | batch 12288 | ms/batch 4379.24 | loss     5.0722 | aux_loss     0.2368 | ppl   159.5182
INFO:root:Learning rate has changed to: 0.00046034348988799074
INFO:root:| epoch   1 | batch 18432 | ms/batch 3012.41 | loss     4.9098 | aux_loss     0.1149 | ppl   135.6133
INFO:root:Learning rate has changed to: 0.0004587534380028977
INFO:root:| epoch   1 | batch 18560 | ms/batch 2988.08 | loss     4.9076 | aux_loss     0.1150 | ppl   135.3146
INFO:root:Learning rate has changed to: 0.0005608822248007571
INFO:root:| epoch   1 | batch 12416 | ms/batch 4363.92 | loss     5.0576 | aux_loss     0.2366 | ppl   157.2157
INFO:root:Learning rate has changed to: 0.0004571797494916888
INFO:root:| epoch   1 | batch 18688 | ms/batch 2984.02 | loss     4.9083 | aux_loss     0.1148 | ppl   135.4155
INFO:root:Learning rate has changed to: 0.0005580134724827885
INFO:root:| epoch   1 | batch 12544 | ms/batch 4347.90 | loss     5.0613 | aux_loss     0.2369 | ppl   157.8015
INFO:root:Learning rate has changed to: 0.00045562214560454224
INFO:root:| epoch   1 | batch 18816 | ms/batch 2987.12 | loss     4.9074 | aux_loss     0.1154 | ppl   135.2937
INFO:root:Learning rate has changed to: 0.00045408035419455513
INFO:root:| epoch   1 | batch 18944 | ms/batch 2988.57 | loss     4.9109 | aux_loss     0.1151 | ppl   135.7550
INFO:root:Learning rate has changed to: 0.0005551882931711544
INFO:root:| epoch   1 | batch 12672 | ms/batch 4399.68 | loss     5.0472 | aux_loss     0.2371 | ppl   155.5791
INFO:root:Learning rate has changed to: 0.00045255410951799957
INFO:root:| epoch   1 | batch 19072 | ms/batch 2988.04 | loss     4.9095 | aux_loss     0.1155 | ppl   135.5781
INFO:root:Learning rate has changed to: 0.0005524055948798758
INFO:root:| epoch   1 | batch 12800 | ms/batch 4402.21 | loss     5.0548 | aux_loss     0.2358 | ppl   156.7798
INFO:root:Learning rate has changed to: 0.000451043152041915
INFO:root:| epoch   1 | batch 19200 | ms/batch 2953.64 | loss     4.9063 | aux_loss     0.1145 | ppl   135.1364
INFO:root:Learning rate has changed to: 0.0004495472282587198
INFO:root:| epoch   1 | batch 19328 | ms/batch 2955.00 | loss     4.8999 | aux_loss     0.1146 | ppl   134.2782
INFO:root:Learning rate has changed to: 0.000549664323555742
INFO:root:| epoch   1 | batch 12928 | ms/batch 4333.65 | loss     5.0434 | aux_loss     0.2369 | ppl   154.9993
INFO:root:Learning rate has changed to: 0.0004480660905075418
INFO:root:| epoch   1 | batch 19456 | ms/batch 2956.89 | loss     4.9049 | aux_loss     0.1153 | ppl   134.9515
INFO:root:Learning rate has changed to: 0.0005469634614007854
INFO:root:| epoch   1 | batch 13056 | ms/batch 4422.82 | loss     5.0485 | aux_loss     0.2363 | ppl   155.7928
INFO:root:Learning rate has changed to: 0.000446599496801982
INFO:root:| epoch   1 | batch 19584 | ms/batch 2982.59 | loss     4.9033 | aux_loss     0.1151 | ppl   134.7393
INFO:root:Learning rate has changed to: 0.000445147210664039
INFO:root:| epoch   1 | batch 19712 | ms/batch 2960.71 | loss     4.8963 | aux_loss     0.1149 | ppl   133.7911
INFO:root:Learning rate has changed to: 0.000544302025284546
INFO:root:| epoch   1 | batch 13184 | ms/batch 4391.86 | loss     5.0453 | aux_loss     0.2364 | ppl   155.2838
INFO:root:Learning rate has changed to: 0.00044370900096393637
INFO:root:| epoch   1 | batch 19840 | ms/batch 2940.44 | loss     4.9024 | aux_loss     0.1153 | ppl   134.6150
INFO:root:Learning rate has changed to: 0.0005416790652405008
INFO:root:| epoch   1 | batch 13312 | ms/batch 4375.52 | loss     5.0433 | aux_loss     0.2370 | ppl   154.9736
INFO:root:Learning rate has changed to: 0.00044228464176560516
INFO:root:| epoch   1 | batch 19968 | ms/batch 2927.06 | loss     4.9010 | aux_loss     0.1150 | ppl   134.4185
INFO:root:Learning rate has changed to: 0.00044087391217758845
INFO:root:| epoch   1 | batch 20096 | ms/batch 2931.49 | loss     4.8853 | aux_loss     0.1148 | ppl   132.3255
INFO:root:Learning rate has changed to: 0.0005390936630414364
INFO:root:| epoch   1 | batch 13440 | ms/batch 4417.91 | loss     5.0401 | aux_loss     0.2363 | ppl   154.4864
INFO:root:Learning rate has changed to: 0.00043947659620914375
INFO:root:| epoch   1 | batch 20224 | ms/batch 2925.84 | loss     4.8962 | aux_loss     0.1148 | ppl   133.7809
INFO:root:Learning rate has changed to: 0.0005365449308489108
INFO:root:| epoch   1 | batch 13568 | ms/batch 4282.20 | loss     5.0296 | aux_loss     0.2359 | ppl   152.8696
INFO:root:Learning rate has changed to: 0.00043809248263133074
INFO:root:| epoch   1 | batch 20352 | ms/batch 2918.88 | loss     4.8880 | aux_loss     0.1148 | ppl   132.6831
INFO:root:Learning rate has changed to: 0.00043672136484288127
INFO:root:| epoch   1 | batch 20480 | ms/batch 2931.16 | loss     4.8876 | aux_loss     0.1153 | ppl   132.6349
INFO:root:Learning rate has changed to: 0.0005340320099322963
INFO:root:| epoch   1 | batch 13696 | ms/batch 4018.98 | loss     5.0270 | aux_loss     0.2368 | ppl   152.4706
INFO:root:Learning rate has changed to: 0.0004353630407406583
INFO:root:| epoch   1 | batch 20608 | ms/batch 2923.88 | loss     4.8949 | aux_loss     0.1153 | ppl   133.6112
INFO:root:Learning rate has changed to: 0.0005315540694532029
INFO:root:| epoch   1 | batch 13824 | ms/batch 3990.12 | loss     5.0319 | aux_loss     0.2364 | ppl   153.2304
INFO:root:Learning rate has changed to: 0.00043401731259452
INFO:root:| epoch   1 | batch 20736 | ms/batch 2929.25 | loss     4.8894 | aux_loss     0.1153 | ppl   132.8717
INFO:root:Learning rate has changed to: 0.0005291103053113766
INFO:root:| epoch   1 | batch 13952 | ms/batch 4178.75 | loss     5.0282 | aux_loss     0.2356 | ppl   152.6539
INFO:root:Learning rate has changed to: 0.00043268398692641186
INFO:root:| epoch   1 | batch 20864 | ms/batch 2920.48 | loss     4.8848 | aux_loss     0.1149 | ppl   132.2610
INFO:root:Learning rate has changed to: 0.00043136287439352007
INFO:root:| epoch   1 | batch 20992 | ms/batch 2956.46 | loss     4.8863 | aux_loss     0.1151 | ppl   132.4681
INFO:root:Learning rate has changed to: 0.0005266999390484326
INFO:root:| epoch   1 | batch 14080 | ms/batch 3994.53 | loss     5.0234 | aux_loss     0.2366 | ppl   151.9213
INFO:root:Learning rate has changed to: 0.0004300537896753256
INFO:root:| epoch   1 | batch 21120 | ms/batch 2939.74 | loss     4.8823 | aux_loss     0.1148 | ppl   131.9294
INFO:root:Learning rate has changed to: 0.0005243222168060261
INFO:root:| epoch   1 | batch 14208 | ms/batch 4102.52 | loss     5.0253 | aux_loss     0.2364 | ppl   152.2209
INFO:root:Learning rate has changed to: 0.0004287565513644057
INFO:root:| epoch   1 | batch 21248 | ms/batch 2921.34 | loss     4.8720 | aux_loss     0.1149 | ppl   130.5829
INFO:root:Learning rate has changed to: 0.00042747098186083726
INFO:root:| epoch   1 | batch 21376 | ms/batch 2930.59 | loss     4.8743 | aux_loss     0.1148 | ppl   130.8840
INFO:root:Learning rate has changed to: 0.0005219764083352978
INFO:root:| epoch   1 | batch 14336 | ms/batch 4003.22 | loss     5.0131 | aux_loss     0.2363 | ppl   150.3700
INFO:root:Learning rate has changed to: 0.0004261969072700621
INFO:root:| epoch   1 | batch 21504 | ms/batch 2936.06 | loss     4.8758 | aux_loss     0.1148 | ppl   131.0767
INFO:root:Learning rate has changed to: 0.0005196618060546367
INFO:root:| epoch   1 | batch 14464 | ms/batch 4007.73 | loss     5.0144 | aux_loss     0.2362 | ppl   150.5591
INFO:root:Learning rate has changed to: 0.000424934157304081
INFO:root:| epoch   1 | batch 21632 | ms/batch 2932.62 | loss     4.8692 | aux_loss     0.1142 | ppl   130.2107
INFO:root:Learning rate has changed to: 0.0005173777241529985
INFO:root:| epoch   1 | batch 14592 | ms/batch 4007.09 | loss     5.0168 | aux_loss     0.2367 | ppl   150.9255
INFO:root:Learning rate has changed to: 0.0004236825651858491
INFO:root:| epoch   1 | batch 21760 | ms/batch 2929.00 | loss     4.8686 | aux_loss     0.1147 | ppl   130.1378
INFO:root:Learning rate has changed to: 0.00042244196755675034
INFO:root:| epoch   1 | batch 21888 | ms/batch 2926.93 | loss     4.8688 | aux_loss     0.1151 | ppl   130.1662
INFO:root:Learning rate has changed to: 0.0005151234977362014
INFO:root:| epoch   1 | batch 14720 | ms/batch 4126.31 | loss     5.0058 | aux_loss     0.2368 | ppl   149.2722
INFO:root:Learning rate has changed to: 0.00042121220438703526
INFO:root:| epoch   1 | batch 22016 | ms/batch 2926.02 | loss     4.8728 | aux_loss     0.1146 | ppl   130.6830
INFO:root:Learning rate has changed to: 0.000512898482013784
INFO:root:| epoch   1 | batch 14848 | ms/batch 4066.24 | loss     5.0081 | aux_loss     0.2365 | ppl   149.6227
INFO:root:Learning rate has changed to: 0.00041999311888910973
INFO:root:| epoch   1 | batch 22144 | ms/batch 2928.43 | loss     4.8627 | aux_loss     0.1146 | ppl   129.3704
INFO:root:Learning rate has changed to: 0.0005107020515241682
INFO:root:| epoch   1 | batch 14976 | ms/batch 4196.75 | loss     5.0134 | aux_loss     0.2356 | ppl   150.4184
INFO:root:Learning rate has changed to: 0.00041878455743356877
INFO:root:| epoch   1 | batch 22272 | ms/batch 2964.81 | loss     4.8614 | aux_loss     0.1148 | ppl   129.2060
INFO:root:Learning rate has changed to: 0.0004175863694678727
INFO:root:| epoch   1 | batch 22400 | ms/batch 2928.02 | loss     4.8671 | aux_loss     0.1152 | ppl   129.9471
INFO:root:Learning rate has changed to: 0.0005085335993960123
INFO:root:| epoch   1 | batch 15104 | ms/batch 4138.09 | loss     5.0012 | aux_loss     0.2363 | ppl   148.5936
INFO:root:Learning rate has changed to: 0.0004163984074375683
INFO:root:| epoch   1 | batch 22528 | ms/batch 2962.39 | loss     4.8627 | aux_loss     0.1146 | ppl   129.3720
INFO:root:Learning rate has changed to: 0.0005063925366437737
INFO:root:| epoch   1 | batch 15232 | ms/batch 4470.40 | loss     4.9957 | aux_loss     0.2366 | ppl   147.7741
INFO:root:Learning rate has changed to: 0.00041522052670996124
INFO:root:| epoch   1 | batch 22656 | ms/batch 2927.61 | loss     4.8537 | aux_loss     0.1151 | ppl   128.2197
INFO:root:Learning rate has changed to: 0.00041405258550015025
INFO:root:| epoch   1 | batch 22784 | ms/batch 2925.11 | loss     4.8636 | aux_loss     0.1147 | ppl   129.4884
INFO:root:Learning rate has changed to: 0.0005042782914956237
INFO:root:| epoch   1 | batch 15360 | ms/batch 4007.84 | loss     4.9992 | aux_loss     0.2361 | ppl   148.2920
INFO:root:Learning rate has changed to: 0.0004128944447993371
INFO:root:| epoch   1 | batch 22912 | ms/batch 2937.00 | loss     4.8622 | aux_loss     0.1147 | ppl   129.3133
INFO:root:Learning rate has changed to: 0.0005021903087519742
INFO:root:| epoch   1 | batch 15488 | ms/batch 4017.78 | loss     4.9936 | aux_loss     0.2364 | ppl   147.4596
INFO:root:Learning rate has changed to: 0.00041174596830532994
INFO:root:| epoch   1 | batch 23040 | ms/batch 2934.70 | loss     4.8562 | aux_loss     0.1148 | ppl   128.5358
INFO:root:Learning rate has changed to: 0.0004106070223551613
INFO:root:| epoch   1 | batch 23168 | ms/batch 2935.98 | loss     4.8560 | aux_loss     0.1150 | ppl   128.5068
INFO:root:Learning rate has changed to: 0.0005001280491729809
INFO:root:| epoch   1 | batch 15616 | ms/batch 4201.49 | loss     4.9964 | aux_loss     0.2357 | ppl   147.8734
INFO:root:Learning rate has changed to: 0.0004094774758597452
INFO:root:| epoch   1 | batch 23296 | ms/batch 2932.85 | loss     4.8562 | aux_loss     0.1150 | ppl   128.5391
INFO:root:Learning rate has changed to: 0.0004980909888934895
INFO:root:| epoch   1 | batch 15744 | ms/batch 3982.67 | loss     4.9985 | aux_loss     0.2362 | ppl   148.1836
INFO:root:Learning rate has changed to: 0.0004083572002405007
INFO:root:| epoch   1 | batch 23424 | ms/batch 2937.34 | loss     4.8587 | aux_loss     0.1149 | ppl   128.8621
INFO:root:Learning rate has changed to: 0.0004960786188639821
INFO:root:| epoch   1 | batch 15872 | ms/batch 3991.41 | loss     4.9899 | aux_loss     0.2360 | ppl   146.9247
INFO:root:Learning rate has changed to: 0.00040724606936787234
INFO:root:| epoch   1 | batch 23552 | ms/batch 2962.27 | loss     4.8488 | aux_loss     0.1150 | ppl   127.5812
INFO:root:Learning rate has changed to: 0.0004061439595016805
INFO:root:| epoch   1 | batch 23680 | ms/batch 2949.84 | loss     4.8490 | aux_loss     0.1148 | ppl   127.6166
INFO:root:Learning rate has changed to: 0.0004940904443161719
INFO:root:| epoch   1 | batch 16000 | ms/batch 4172.25 | loss     4.9852 | aux_loss     0.2357 | ppl   146.2341
INFO:root:Learning rate has changed to: 0.00040505074923323866
INFO:root:| epoch   1 | batch 23808 | ms/batch 2975.92 | loss     4.8512 | aux_loss     0.1146 | ppl   127.8950
INFO:root:Learning rate has changed to: 0.0004921259842519685
INFO:root:| epoch   1 | batch 16128 | ms/batch 4258.15 | loss     4.9894 | aux_loss     0.2366 | ppl   146.8472
INFO:root:Learning rate has changed to: 0.0004039663194291743
INFO:root:| epoch   1 | batch 23936 | ms/batch 2962.93 | loss     4.8524 | aux_loss     0.1151 | ppl   128.0415
INFO:root:Learning rate has changed to: 0.0004901847709546187
INFO:root:| epoch   1 | batch 16256 | ms/batch 4012.24 | loss     4.9798 | aux_loss     0.2366 | ppl   145.4406
INFO:root:Learning rate has changed to: 0.00040289055317689637
INFO:root:| epoch   1 | batch 24064 | ms/batch 2956.05 | loss     4.8551 | aux_loss     0.1144 | ppl   128.3899
INFO:root:Learning rate has changed to: 0.000401823335731651
INFO:root:| epoch   1 | batch 24192 | ms/batch 2951.10 | loss     4.8513 | aux_loss     0.1146 | ppl   127.9077
INFO:root:Learning rate has changed to: 0.0004882663495208925
INFO:root:| epoch   1 | batch 16384 | ms/batch 4021.79 | loss     4.9815 | aux_loss     0.2363 | ppl   145.6857
INFO:root:Learning rate has changed to: 0.00040076455446511267
INFO:root:| epoch   1 | batch 24320 | ms/batch 2954.21 | loss     4.8517 | aux_loss     0.1150 | ppl   127.9529
INFO:root:Learning rate has changed to: 0.0004863702774132529
INFO:root:| epoch   1 | batch 16512 | ms/batch 4035.40 | loss     4.9759 | aux_loss     0.2366 | ppl   144.8782
INFO:root:Learning rate has changed to: 0.0003997140988154564
INFO:root:| epoch   1 | batch 24448 | ms/batch 2952.81 | loss     4.8456 | aux_loss     0.1151 | ppl   127.1840
INFO:root:Learning rate has changed to: 0.0003986718602388632
INFO:root:| epoch   1 | batch 24576 | ms/batch 2949.20 | loss     4.8517 | aux_loss     0.1144 | ppl   127.9638
INFO:root:Learning rate has changed to: 0.00048449612403100775
INFO:root:| epoch   1 | batch 16640 | ms/batch 4337.15 | loss     4.9710 | aux_loss     0.2359 | ppl   144.1729
INFO:root:Learning rate has changed to: 0.0003976377321624085
INFO:root:| epoch   1 | batch 24704 | ms/batch 2948.58 | loss     4.8528 | aux_loss     0.1148 | ppl   128.0927
INFO:root:Learning rate has changed to: 0.0004826434702995
INFO:root:| epoch   1 | batch 16768 | ms/batch 4485.20 | loss     4.9613 | aux_loss     0.2359 | ppl   142.7725
INFO:root:Learning rate has changed to: 0.0003966116099382881
INFO:root:| epoch   1 | batch 24832 | ms/batch 2953.27 | loss     4.8421 | aux_loss     0.1147 | ppl   126.7332
INFO:root:Learning rate has changed to: 0.0003955933907993368
INFO:root:| epoch   1 | batch 24960 | ms/batch 2974.38 | loss     4.8291 | aux_loss     0.1148 | ppl   125.1014
INFO:root:Learning rate has changed to: 0.0004808119082764477
INFO:root:| epoch   1 | batch 16896 | ms/batch 4707.87 | loss     4.9716 | aux_loss     0.2371 | ppl   144.2644
INFO:root:Learning rate has changed to: 0.0003945829738157969
INFO:root:| epoch   1 | batch 25088 | ms/batch 2952.67 | loss     4.8472 | aux_loss     0.1149 | ppl   127.3782
INFO:root:Learning rate has changed to: 0.0004790010407745921
INFO:root:| epoch   1 | batch 17024 | ms/batch 4667.92 | loss     4.9655 | aux_loss     0.2358 | ppl   143.3825
INFO:root:Learning rate has changed to: 0.00039358025985329484
INFO:root:| epoch   1 | batch 25216 | ms/batch 2953.76 | loss     4.8403 | aux_loss     0.1146 | ppl   126.5090
INFO:root:Learning rate has changed to: 0.000392585151531987
INFO:root:| epoch   1 | batch 25344 | ms/batch 2949.11 | loss     4.8374 | aux_loss     0.1144 | ppl   126.1441
INFO:root:Learning rate has changed to: 0.0004772104809998632
INFO:root:| epoch   1 | batch 17152 | ms/batch 4464.73 | loss     4.9683 | aux_loss     0.2357 | ppl   143.7863
INFO:root:Learning rate has changed to: 0.0003915975531868356
INFO:root:| epoch   1 | batch 25472 | ms/batch 2945.13 | loss     4.8397 | aux_loss     0.1146 | ppl   126.4336
INFO:root:Learning rate has changed to: 0.0004754398522043128
INFO:root:| epoch   1 | batch 17280 | ms/batch 4509.29 | loss     4.9704 | aux_loss     0.2356 | ppl   144.0916
INFO:root:Learning rate has changed to: 0.0003906173708289789
INFO:root:| epoch   1 | batch 25600 | ms/batch 2944.66 | loss     4.8232 | aux_loss     0.1147 | ppl   124.3582
INFO:root:Learning rate has changed to: 0.000389644512108159
INFO:root:| epoch   1 | batch 25728 | ms/batch 2938.03 | loss     4.8323 | aux_loss     0.1150 | ppl   125.5035
INFO:root:Learning rate has changed to: 0.0004736887873531089
INFO:root:| epoch   1 | batch 17408 | ms/batch 4396.12 | loss     4.9652 | aux_loss     0.2354 | ppl   143.3332
INFO:root:Learning rate has changed to: 0.0003886788862761746
INFO:root:| epoch   1 | batch 25856 | ms/batch 2939.67 | loss     4.8303 | aux_loss     0.1148 | ppl   125.2470
INFO:root:Learning rate has changed to: 0.0004719569288049228
INFO:root:| epoch   1 | batch 17536 | ms/batch 4372.97 | loss     4.9642 | aux_loss     0.2362 | ppl   143.1870
INFO:root:Learning rate has changed to: 0.00038772040415132464
INFO:root:| epoch   1 | batch 25984 | ms/batch 2948.25 | loss     4.8344 | aux_loss     0.1150 | ppl   125.7606
INFO:root:Learning rate has changed to: 0.0003867689780838117
INFO:root:| epoch   1 | batch 26112 | ms/batch 2931.90 | loss     4.8286 | aux_loss     0.1145 | ppl   125.0385
INFO:root:Learning rate has changed to: 0.0004702439280050769
INFO:root:| epoch   1 | batch 17664 | ms/batch 4365.40 | loss     4.9652 | aux_loss     0.2362 | ppl   143.3317
INFO:root:Learning rate has changed to: 0.0003858245219220753
INFO:root:| epoch   1 | batch 26240 | ms/batch 3003.97 | loss     4.8277 | aux_loss     0.1145 | ppl   124.9175
INFO:root:Learning rate has changed to: 0.00046854944519085544
INFO:root:| epoch   1 | batch 17792 | ms/batch 4365.14 | loss     4.9561 | aux_loss     0.2362 | ppl   142.0394
INFO:root:Learning rate has changed to: 0.0003848869509800246
INFO:root:| epoch   1 | batch 26368 | ms/batch 2952.71 | loss     4.8231 | aux_loss     0.1146 | ppl   124.3476
INFO:root:Learning rate has changed to: 0.00038395618200514237
INFO:root:| epoch   1 | batch 26496 | ms/batch 2949.11 | loss     4.8215 | aux_loss     0.1146 | ppl   124.1538
INFO:root:Learning rate has changed to: 0.0004668731491084129
INFO:root:| epoch   1 | batch 17920 | ms/batch 4367.57 | loss     4.9583 | aux_loss     0.2369 | ppl   142.3494
INFO:root:Learning rate has changed to: 0.00038303213314743476
INFO:root:| epoch   1 | batch 26624 | ms/batch 2937.75 | loss     4.8294 | aux_loss     0.1143 | ppl   125.1361
INFO:root:Learning rate has changed to: 0.0004652147167407435
INFO:root:| epoch   1 | batch 18048 | ms/batch 4802.52 | loss     4.9581 | aux_loss     0.2366 | ppl   142.3163
INFO:root:Learning rate has changed to: 0.00038211472392919737
INFO:root:| epoch   1 | batch 26752 | ms/batch 2953.39 | loss     4.8252 | aux_loss     0.1143 | ppl   124.6096
INFO:root:Learning rate has changed to: 0.0003812038752155755
INFO:root:| epoch   1 | batch 26880 | ms/batch 2952.28 | loss     4.8246 | aux_loss     0.1147 | ppl   124.5346
INFO:root:Learning rate has changed to: 0.00046357383304620586
INFO:root:| epoch   1 | batch 18176 | ms/batch 4568.09 | loss     4.9530 | aux_loss     0.2364 | ppl   141.5926
INFO:root:Learning rate has changed to: 0.00038029950918589187
INFO:root:| epoch   1 | batch 27008 | ms/batch 2951.53 | loss     4.8177 | aux_loss     0.1147 | ppl   123.6820
INFO:root:Learning rate has changed to: 0.00037940154930571937
INFO:root:| epoch   1 | batch 27136 | ms/batch 2945.53 | loss     4.8231 | aux_loss     0.1149 | ppl   124.3529
INFO:root:Learning rate has changed to: 0.00046195019070712135
INFO:root:| epoch   1 | batch 18304 | ms/batch 4910.03 | loss     4.9561 | aux_loss     0.2360 | ppl   142.0381
INFO:root:Learning rate has changed to: 0.0003785099202996757
INFO:root:| epoch   1 | batch 27264 | ms/batch 2944.08 | loss     4.8133 | aux_loss     0.1144 | ppl   123.1318
INFO:root:Learning rate has changed to: 0.00046034348988799074
INFO:root:| epoch   1 | batch 18432 | ms/batch 4360.98 | loss     4.9425 | aux_loss     0.2360 | ppl   140.1210
INFO:root:Learning rate has changed to: 0.00037762454812491787
INFO:root:| epoch   1 | batch 27392 | ms/batch 2944.01 | loss     4.8182 | aux_loss     0.1145 | ppl   123.7482
INFO:root:Learning rate has changed to: 0.0003767453599453158
INFO:root:| epoch   1 | batch 27520 | ms/batch 2955.55 | loss     4.8145 | aux_loss     0.1145 | ppl   123.2902
INFO:root:Learning rate has changed to: 0.0004587534380028977
INFO:root:| epoch   1 | batch 18560 | ms/batch 5046.67 | loss     4.9414 | aux_loss     0.2361 | ppl   139.9703
INFO:root:Learning rate has changed to: 0.00037587228410628415
INFO:root:| epoch   1 | batch 27648 | ms/batch 2958.69 | loss     4.8176 | aux_loss     0.1148 | ppl   123.6630
INFO:root:Learning rate has changed to: 0.0004571797494916888
INFO:root:| epoch   1 | batch 18688 | ms/batch 4664.55 | loss     4.9415 | aux_loss     0.2352 | ppl   139.9732
INFO:root:Learning rate has changed to: 0.0003750052501102526
INFO:root:| epoch   1 | batch 27776 | ms/batch 2948.03 | loss     4.8087 | aux_loss     0.1144 | ppl   122.5714
INFO:root:Learning rate has changed to: 0.00037414418859275575
INFO:root:| epoch   1 | batch 27904 | ms/batch 2972.12 | loss     4.8154 | aux_loss     0.1145 | ppl   123.4013
INFO:root:Learning rate has changed to: 0.00045562214560454224
INFO:root:| epoch   1 | batch 18816 | ms/batch 4333.96 | loss     4.9389 | aux_loss     0.2365 | ppl   139.6189
INFO:root:Learning rate has changed to: 0.00037328903129912465
INFO:root:| epoch   1 | batch 28032 | ms/batch 2943.68 | loss     4.8120 | aux_loss     0.1146 | ppl   122.9734
INFO:root:Learning rate has changed to: 0.00045408035419455513
INFO:root:| epoch   1 | batch 18944 | ms/batch 4383.33 | loss     4.9441 | aux_loss     0.2368 | ppl   140.3452
INFO:root:Learning rate has changed to: 0.00037243971106176087
INFO:root:| epoch   1 | batch 28160 | ms/batch 2949.81 | loss     4.8078 | aux_loss     0.1154 | ppl   122.4592
INFO:root:Learning rate has changed to: 0.0003715961617779773
INFO:root:| epoch   1 | batch 28288 | ms/batch 2940.32 | loss     4.8122 | aux_loss     0.1141 | ppl   123.0037
INFO:root:Learning rate has changed to: 0.00045255410951799957
INFO:root:| epoch   1 | batch 19072 | ms/batch 4954.53 | loss     4.9438 | aux_loss     0.2353 | ppl   140.2992
INFO:root:Learning rate has changed to: 0.0003707583183883888
INFO:root:| epoch   1 | batch 28416 | ms/batch 2943.73 | loss     4.8097 | aux_loss     0.1149 | ppl   122.6893
INFO:root:Learning rate has changed to: 0.0003699261168558353
INFO:root:| epoch   1 | batch 28544 | ms/batch 2940.11 | loss     4.8053 | aux_loss     0.1145 | ppl   122.1619
INFO:root:Learning rate has changed to: 0.000451043152041915
INFO:root:| epoch   1 | batch 19200 | ms/batch 4598.09 | loss     4.9404 | aux_loss     0.2364 | ppl   139.8217
INFO:root:Learning rate has changed to: 0.0003690994941448245
INFO:root:| epoch   1 | batch 28672 | ms/batch 2944.64 | loss     4.8144 | aux_loss     0.1147 | ppl   123.2675
INFO:root:Learning rate has changed to: 0.0004495472282587198
INFO:root:| epoch   1 | batch 19328 | ms/batch 4708.48 | loss     4.9336 | aux_loss     0.2359 | ppl   138.8774
INFO:root:Learning rate has changed to: 0.0003682783882014762
INFO:root:| epoch   1 | batch 28800 | ms/batch 2935.30 | loss     4.8034 | aux_loss     0.1148 | ppl   121.9296
INFO:root:Learning rate has changed to: 0.00036746273793395633
INFO:root:| epoch   1 | batch 28928 | ms/batch 2982.99 | loss     4.8036 | aux_loss     0.1148 | ppl   121.9435
INFO:root:Learning rate has changed to: 0.0004480660905075418
INFO:root:| epoch   1 | batch 19456 | ms/batch 4668.86 | loss     4.9366 | aux_loss     0.2360 | ppl   139.2938
INFO:root:Learning rate has changed to: 0.00036665248319338474
INFO:root:| epoch   1 | batch 29056 | ms/batch 2927.99 | loss     4.7970 | aux_loss     0.1145 | ppl   121.1460
INFO:root:Learning rate has changed to: 0.000446599496801982
INFO:root:| epoch   1 | batch 19584 | ms/batch 4734.78 | loss     4.9365 | aux_loss     0.2368 | ppl   139.2758
INFO:root:Learning rate has changed to: 0.0003658475647552047
INFO:root:| epoch   1 | batch 29184 | ms/batch 2918.12 | loss     4.8004 | aux_loss     0.1147 | ppl   121.5638
INFO:root:Learning rate has changed to: 0.0003650479243009998
INFO:root:| epoch   1 | batch 29312 | ms/batch 2917.71 | loss     4.7976 | aux_loss     0.1145 | ppl   121.2188
INFO:root:Learning rate has changed to: 0.000445147210664039
INFO:root:| epoch   1 | batch 19712 | ms/batch 4511.37 | loss     4.9308 | aux_loss     0.2359 | ppl   138.4951
INFO:root:Learning rate has changed to: 0.0003642535044007464
INFO:root:| epoch   1 | batch 29440 | ms/batch 2914.78 | loss     4.7945 | aux_loss     0.1146 | ppl   120.8477
INFO:root:Learning rate has changed to: 0.00036346424849548924
INFO:root:| epoch   1 | batch 29568 | ms/batch 2923.20 | loss     4.8036 | aux_loss     0.1144 | ppl   121.9452
INFO:root:Learning rate has changed to: 0.00044370900096393637
INFO:root:| epoch   1 | batch 19840 | ms/batch 4581.47 | loss     4.9350 | aux_loss     0.2361 | ppl   139.0690
INFO:root:Learning rate has changed to: 0.00036268010088042765
INFO:root:| epoch   1 | batch 29696 | ms/batch 2907.18 | loss     4.7990 | aux_loss     0.1145 | ppl   121.3927
INFO:root:Learning rate has changed to: 0.00044228464176560516
INFO:root:| epoch   1 | batch 19968 | ms/batch 4491.02 | loss     4.9358 | aux_loss     0.2361 | ppl   139.1848
INFO:root:Learning rate has changed to: 0.000361901006688402
INFO:root:| epoch   1 | batch 29824 | ms/batch 2912.11 | loss     4.8002 | aux_loss     0.1147 | ppl   121.5317
INFO:root:Learning rate has changed to: 0.00036112691187376847
INFO:root:| epoch   1 | batch 29952 | ms/batch 2894.88 | loss     4.7894 | aux_loss     0.1145 | ppl   120.2242
INFO:root:Learning rate has changed to: 0.00044087391217758845
INFO:root:| epoch   1 | batch 20096 | ms/batch 5132.90 | loss     4.9198 | aux_loss     0.2360 | ppl   136.9698
INFO:root:Learning rate has changed to: 0.0003603577631966514
INFO:root:| epoch   1 | batch 30080 | ms/batch 2903.80 | loss     4.7951 | aux_loss     0.1145 | ppl   120.9124
INFO:root:Learning rate has changed to: 0.00035959350820756345
INFO:root:| epoch   1 | batch 30208 | ms/batch 2928.06 | loss     4.7942 | aux_loss     0.1142 | ppl   120.8069
INFO:root:Learning rate has changed to: 0.00043947659620914375
INFO:root:| epoch   1 | batch 20224 | ms/batch 4856.31 | loss     4.9300 | aux_loss     0.2355 | ppl   138.3808
INFO:root:Learning rate has changed to: 0.00035883409523238273
INFO:root:| epoch   1 | batch 30336 | ms/batch 2895.29 | loss     4.7878 | aux_loss     0.1146 | ppl   120.0322
INFO:root:Learning rate has changed to: 0.00043809248263133074
INFO:root:| epoch   1 | batch 20352 | ms/batch 4973.20 | loss     4.9207 | aux_loss     0.2356 | ppl   137.1023
INFO:root:Learning rate has changed to: 0.0003580794733576774
INFO:root:| epoch   1 | batch 30464 | ms/batch 2903.69 | loss     4.7909 | aux_loss     0.1144 | ppl   120.4046
INFO:root:Learning rate has changed to: 0.00035732959241636876
INFO:root:| epoch   1 | batch 30592 | ms/batch 2907.67 | loss     4.7848 | aux_loss     0.1144 | ppl   119.6826
INFO:root:Learning rate has changed to: 0.00043672136484288127
INFO:root:| epoch   1 | batch 20480 | ms/batch 4377.53 | loss     4.9216 | aux_loss     0.2358 | ppl   137.2179
INFO:root:Learning rate has changed to: 0.00035658440297372255
INFO:root:| epoch   1 | batch 30720 | ms/batch 2909.64 | loss     4.7955 | aux_loss     0.1150 | ppl   120.9678
INFO:root:Learning rate has changed to: 0.0004353630407406583
INFO:root:| epoch   1 | batch 20608 | ms/batch 4427.67 | loss     4.9282 | aux_loss     0.2356 | ppl   138.1261
INFO:root:Learning rate has changed to: 0.00035584385631366115
INFO:root:| epoch   1 | batch 30848 | ms/batch 2922.22 | loss     4.7895 | aux_loss     0.1148 | ppl   120.2455
INFO:root:Learning rate has changed to: 0.0003551079044253861
INFO:root:| epoch   1 | batch 30976 | ms/batch 2928.46 | loss     4.7845 | aux_loss     0.1145 | ppl   119.6458
INFO:root:Learning rate has changed to: 0.00043401731259452
INFO:root:| epoch   1 | batch 20736 | ms/batch 4368.21 | loss     4.9242 | aux_loss     0.2362 | ppl   137.5750
INFO:root:Learning rate has changed to: 0.0003543764999903049
INFO:root:| epoch   1 | batch 31104 | ms/batch 2907.44 | loss     4.7813 | aux_loss     0.1145 | ppl   119.2646
INFO:root:Learning rate has changed to: 0.00043268398692641186
INFO:root:| epoch   1 | batch 20864 | ms/batch 4403.72 | loss     4.9204 | aux_loss     0.2367 | ppl   137.0528
INFO:root:Learning rate has changed to: 0.00035364959636925166
INFO:root:| epoch   1 | batch 31232 | ms/batch 2909.31 | loss     4.7795 | aux_loss     0.1145 | ppl   119.0480
INFO:root:Learning rate has changed to: 0.0003529271475899958
INFO:root:| epoch   1 | batch 31360 | ms/batch 2906.88 | loss     4.7822 | aux_loss     0.1147 | ppl   119.3661
INFO:root:Learning rate has changed to: 0.00043136287439352007
INFO:root:| epoch   1 | batch 20992 | ms/batch 4491.83 | loss     4.9205 | aux_loss     0.2355 | ppl   137.0647
INFO:root:Learning rate has changed to: 0.0003522091083350297
INFO:root:| epoch   1 | batch 31488 | ms/batch 2910.77 | loss     4.7782 | aux_loss     0.1143 | ppl   118.8847
INFO:root:Learning rate has changed to: 0.0004300537896753256
INFO:root:| epoch   1 | batch 21120 | ms/batch 4444.91 | loss     4.9152 | aux_loss     0.2356 | ppl   136.3499
INFO:root:Learning rate has changed to: 0.0003514954339296291
INFO:root:| epoch   1 | batch 31616 | ms/batch 2952.12 | loss     4.7812 | aux_loss     0.1148 | ppl   119.2438
INFO:root:Learning rate has changed to: 0.00035078608033017785
INFO:root:| epoch   1 | batch 31744 | ms/batch 2928.87 | loss     4.7761 | aux_loss     0.1145 | ppl   118.6392
INFO:root:Learning rate has changed to: 0.0004287565513644057
INFO:root:| epoch   1 | batch 21248 | ms/batch 4482.39 | loss     4.9057 | aux_loss     0.2364 | ppl   135.0547
INFO:root:Learning rate has changed to: 0.0003500810041127515
INFO:root:| epoch   1 | batch 31872 | ms/batch 2957.87 | loss     4.7790 | aux_loss     0.1151 | ppl   118.9803
INFO:root:Learning rate has changed to: 0.00042747098186083726
INFO:root:| epoch   1 | batch 21376 | ms/batch 4372.92 | loss     4.9086 | aux_loss     0.2357 | ppl   135.4515
INFO:root:Learning rate has changed to: 0.000349380162461952
INFO:root:| epoch   1 | batch 32000 | ms/batch 2919.85 | loss     4.7807 | aux_loss     0.1145 | ppl   119.1914
INFO:root:Learning rate has changed to: 0.00034868351315998686
INFO:root:| epoch   1 | batch 32128 | ms/batch 2920.17 | loss     4.7764 | aux_loss     0.1146 | ppl   118.6771
INFO:root:Learning rate has changed to: 0.0004261969072700621
INFO:root:| epoch   1 | batch 21504 | ms/batch 4600.60 | loss     4.9097 | aux_loss     0.2360 | ppl   135.6055
INFO:root:Learning rate has changed to: 0.00034799101457598795
INFO:root:| epoch   1 | batch 32256 | ms/batch 2918.81 | loss     4.7844 | aux_loss     0.1143 | ppl   119.6320
INFO:root:Learning rate has changed to: 0.00034730262565556166
INFO:root:| epoch   1 | batch 32384 | ms/batch 2925.46 | loss     4.7725 | aux_loss     0.1151 | ppl   118.2144
INFO:root:Learning rate has changed to: 0.000424934157304081
INFO:root:| epoch   1 | batch 21632 | ms/batch 4679.04 | loss     4.9041 | aux_loss     0.2360 | ppl   134.8438
INFO:root:Learning rate has changed to: 0.00034661830591056606
INFO:root:| epoch   1 | batch 32512 | ms/batch 2903.68 | loss     4.7780 | aux_loss     0.1146 | ppl   118.8659
INFO:root:Learning rate has changed to: 0.0004236825651858491
INFO:root:| epoch   1 | batch 21760 | ms/batch 4390.57 | loss     4.9024 | aux_loss     0.2357 | ppl   134.6112
INFO:root:Learning rate has changed to: 0.0003459380154091089
INFO:root:| epoch   1 | batch 32640 | ms/batch 2903.79 | loss     4.7764 | aux_loss     0.1144 | ppl   118.6791
INFO:root:Learning rate has changed to: 0.00034526171476576006
INFO:root:| epoch   1 | batch 32768 | ms/batch 2903.21 | loss     4.7777 | aux_loss     0.1149 | ppl   118.8294
INFO:root:Learning rate has changed to: 0.00042244196755675034
INFO:root:| epoch   1 | batch 21888 | ms/batch 4625.36 | loss     4.9019 | aux_loss     0.2367 | ppl   134.5420
INFO:root:Learning rate has changed to: 0.00034458936513197464
INFO:root:| epoch   1 | batch 32896 | ms/batch 2948.24 | loss     4.7644 | aux_loss     0.1147 | ppl   117.2628
INFO:root:Learning rate has changed to: 0.00042121220438703526
INFO:root:| epoch   1 | batch 22016 | ms/batch 4385.74 | loss     4.9064 | aux_loss     0.2355 | ppl   135.1586
INFO:root:Learning rate has changed to: 0.0003439209281867193
INFO:root:| epoch   1 | batch 33024 | ms/batch 2907.12 | loss     4.7752 | aux_loss     0.1145 | ppl   118.5377
INFO:root:Learning rate has changed to: 0.00034325636612729884
INFO:root:| epoch   1 | batch 33152 | ms/batch 2919.53 | loss     4.7721 | aux_loss     0.1145 | ppl   118.1674
INFO:root:Learning rate has changed to: 0.00041999311888910973
INFO:root:| epoch   1 | batch 22144 | ms/batch 4434.60 | loss     4.8983 | aux_loss     0.2361 | ppl   134.0639
INFO:root:Learning rate has changed to: 0.00034259564166037626
INFO:root:| epoch   1 | batch 33280 | ms/batch 2922.93 | loss     4.7709 | aux_loss     0.1147 | ppl   118.0273
INFO:root:Learning rate has changed to: 0.00041878455743356877
INFO:root:| epoch   1 | batch 22272 | ms/batch 4470.03 | loss     4.8966 | aux_loss     0.2355 | ppl   133.8303
INFO:root:Learning rate has changed to: 0.0003419387179931828
INFO:root:| epoch   1 | batch 33408 | ms/batch 2920.75 | loss     4.7693 | aux_loss     0.1143 | ppl   117.8400
INFO:root:Learning rate has changed to: 0.0003412855588249121
INFO:root:| epoch   1 | batch 33536 | ms/batch 2924.92 | loss     4.7693 | aux_loss     0.1146 | ppl   117.8325
INFO:root:Learning rate has changed to: 0.0004175863694678727
INFO:root:| epoch   1 | batch 22400 | ms/batch 4493.23 | loss     4.9023 | aux_loss     0.2351 | ppl   134.5985
INFO:root:Learning rate has changed to: 0.0003406361283382951
INFO:root:| epoch   1 | batch 33664 | ms/batch 2919.61 | loss     4.7671 | aux_loss     0.1146 | ppl   117.5777
INFO:root:Learning rate has changed to: 0.0004163984074375683
INFO:root:| epoch   1 | batch 22528 | ms/batch 4460.92 | loss     4.8968 | aux_loss     0.2357 | ppl   133.8616
INFO:root:Learning rate has changed to: 0.00033999039119135007
INFO:root:| epoch   1 | batch 33792 | ms/batch 2922.39 | loss     4.7697 | aux_loss     0.1143 | ppl   117.8832
