INFO:root:./model_files/2020_06_09_22_13_13_model_vanilla_transformer.pt
INFO:root:The batch size is: 64
INFO:root:Number of epochs is : 2
INFO:root:The context length is : 256
INFO:root:D_model is : 512
INFO:root:Number of attention heads is : 4
INFO:root:Number of decoder layers is : 3
INFO:root:Initial learning rate is : 0.01
INFO:root:Number of warmup steps is : 4000
WARNING:absl:TFDS datasets with text encoding are deprecated and will be removed in a future version. Instead, you should use the plain text version and tokenize the text using `tensorflow_text` (See: https://www.tensorflow.org/tutorials/tensorflow_text/intro#tfdata_example)
INFO:absl:Load dataset info from ./subwords32k/lm1b/subwords32k/1.0.0
INFO:absl:Reusing dataset lm1b (./subwords32k/lm1b/subwords32k/1.0.0)
INFO:absl:Constructing tf.data.Dataset for split train, from ./subwords32k/lm1b/subwords32k/1.0.0
WARNING:absl:TFDS datasets with text encoding are deprecated and will be removed in a future version. Instead, you should use the plain text version and tokenize the text using `tensorflow_text` (See: https://www.tensorflow.org/tutorials/tensorflow_text/intro#tfdata_example)
INFO:absl:Load dataset info from ./subwords32k/lm1b/subwords32k/1.0.0
INFO:absl:Reusing dataset lm1b (./subwords32k/lm1b/subwords32k/1.0.0)
INFO:absl:Constructing tf.data.Dataset for split test, from ./subwords32k/lm1b/subwords32k/1.0.0
INFO:root:Gating function is: none
INFO:root:The optimizer used is: adam
INFO:root:Running without errors
INFO:root:| epoch   1 | batch   128 | lr 0.010000 | ms/batch 432.59 | loss    10.6558 | aux_loss     0.0000 | ppl 42440.0757
INFO:root:| epoch   1 | batch   256 | lr 0.010000 | ms/batch 423.60 | loss    10.5703 | aux_loss     0.0000 | ppl 38961.8956
INFO:root:| epoch   1 | batch   384 | lr 0.010000 | ms/batch 424.55 | loss    10.5638 | aux_loss     0.0000 | ppl 38707.7648
INFO:root:| epoch   1 | batch   512 | lr 0.010000 | ms/batch 425.79 | loss    10.5550 | aux_loss     0.0000 | ppl 38367.0955
INFO:root:| epoch   1 | batch   640 | lr 0.010000 | ms/batch 424.59 | loss    10.5433 | aux_loss     0.0000 | ppl 37921.5055
INFO:root:| epoch   1 | batch   768 | lr 0.010000 | ms/batch 437.10 | loss    10.5284 | aux_loss     0.0000 | ppl 37359.9328
INFO:root:| epoch   1 | batch   896 | lr 0.010000 | ms/batch 462.15 | loss    10.5099 | aux_loss     0.0000 | ppl 36678.6329
INFO:root:| epoch   1 | batch  1024 | lr 0.010000 | ms/batch 457.69 | loss    10.4878 | aux_loss     0.0000 | ppl 35873.8671
INFO:root:| epoch   1 | batch  1152 | lr 0.010000 | ms/batch 444.07 | loss    10.4605 | aux_loss     0.0000 | ppl 34907.6237
INFO:root:| epoch   1 | batch  1280 | lr 0.010000 | ms/batch 441.94 | loss    10.4278 | aux_loss     0.0000 | ppl 33787.2881
INFO:root:| epoch   1 | batch  1408 | lr 0.010000 | ms/batch 441.07 | loss    10.3878 | aux_loss     0.0000 | ppl 32461.4038
INFO:root:| epoch   1 | batch  1536 | lr 0.010000 | ms/batch 442.20 | loss    10.3368 | aux_loss     0.0000 | ppl 30847.0602
INFO:root:| epoch   1 | batch  1664 | lr 0.010000 | ms/batch 442.10 | loss    10.2717 | aux_loss     0.0000 | ppl 28903.2603
INFO:root:| epoch   1 | batch  1792 | lr 0.010000 | ms/batch 442.30 | loss    10.1834 | aux_loss     0.0000 | ppl 26460.7049
INFO:root:| epoch   1 | batch  1920 | lr 0.010000 | ms/batch 442.60 | loss    10.0590 | aux_loss     0.0000 | ppl 23366.0052
INFO:root:| epoch   1 | batch  2048 | lr 0.010000 | ms/batch 441.31 | loss     9.8690 | aux_loss     0.0000 | ppl 19322.6074
INFO:root:| epoch   1 | batch  2176 | lr 0.010000 | ms/batch 442.30 | loss     9.5843 | aux_loss     0.0000 | ppl 14535.4942
INFO:root:| epoch   1 | batch  2304 | lr 0.010000 | ms/batch 442.38 | loss     9.2202 | aux_loss     0.0000 | ppl 10098.8111
INFO:root:| epoch   1 | batch  2432 | lr 0.010000 | ms/batch 441.22 | loss     8.8303 | aux_loss     0.0000 | ppl  6838.0455
INFO:root:| epoch   1 | batch  2560 | lr 0.010000 | ms/batch 441.23 | loss     8.4865 | aux_loss     0.0000 | ppl  4848.7257
INFO:root:| epoch   1 | batch  2688 | lr 0.010000 | ms/batch 441.99 | loss     8.2164 | aux_loss     0.0000 | ppl  3701.0838
INFO:root:| epoch   1 | batch  2816 | lr 0.010000 | ms/batch 441.64 | loss     8.0047 | aux_loss     0.0000 | ppl  2995.0062
INFO:root:| epoch   1 | batch  2944 | lr 0.010000 | ms/batch 441.48 | loss     7.8557 | aux_loss     0.0000 | ppl  2580.4681
INFO:root:| epoch   1 | batch  3072 | lr 0.010000 | ms/batch 442.65 | loss     7.7527 | aux_loss     0.0000 | ppl  2327.8230
INFO:root:| epoch   1 | batch  3200 | lr 0.010000 | ms/batch 442.58 | loss     7.6761 | aux_loss     0.0000 | ppl  2156.2564
INFO:root:| epoch   1 | batch  3328 | lr 0.010000 | ms/batch 457.39 | loss     7.6278 | aux_loss     0.0000 | ppl  2054.5301
INFO:root:| epoch   1 | batch  3456 | lr 0.010000 | ms/batch 475.78 | loss     7.5922 | aux_loss     0.0000 | ppl  1982.7440
INFO:root:| epoch   1 | batch  3584 | lr 0.010000 | ms/batch 476.03 | loss     7.5643 | aux_loss     0.0000 | ppl  1928.1158
INFO:root:| epoch   1 | batch  3712 | lr 0.010000 | ms/batch 452.86 | loss     7.5380 | aux_loss     0.0000 | ppl  1878.0896
INFO:root:| epoch   1 | batch  3840 | lr 0.010000 | ms/batch 472.94 | loss     7.5159 | aux_loss     0.0000 | ppl  1837.0095
INFO:root:| epoch   1 | batch  3968 | lr 0.010000 | ms/batch 441.69 | loss     7.4903 | aux_loss     0.0000 | ppl  1790.5807
INFO:root:| epoch   1 | batch  4096 | lr 0.010000 | ms/batch 454.23 | loss     7.4624 | aux_loss     0.0000 | ppl  1741.2993
INFO:root:| epoch   1 | batch  4224 | lr 0.010000 | ms/batch 447.03 | loss     7.4343 | aux_loss     0.0000 | ppl  1693.0948
INFO:root:| epoch   1 | batch  4352 | lr 0.010000 | ms/batch 446.56 | loss     7.4109 | aux_loss     0.0000 | ppl  1653.9926
INFO:root:| epoch   1 | batch  4480 | lr 0.010000 | ms/batch 447.07 | loss     7.3947 | aux_loss     0.0000 | ppl  1627.3644
INFO:root:| epoch   1 | batch  4608 | lr 0.010000 | ms/batch 447.68 | loss     7.3682 | aux_loss     0.0000 | ppl  1584.7604
INFO:root:| epoch   1 | batch  4736 | lr 0.010000 | ms/batch 446.99 | loss     7.3474 | aux_loss     0.0000 | ppl  1552.1816
INFO:root:| epoch   1 | batch  4864 | lr 0.010000 | ms/batch 446.62 | loss     7.3296 | aux_loss     0.0000 | ppl  1524.7839
INFO:root:| epoch   1 | batch  4992 | lr 0.010000 | ms/batch 459.58 | loss     7.3096 | aux_loss     0.0000 | ppl  1494.5166
INFO:root:| epoch   1 | batch  5120 | lr 0.010000 | ms/batch 476.34 | loss     7.2956 | aux_loss     0.0000 | ppl  1473.8532
INFO:root:| epoch   1 | batch  5248 | lr 0.010000 | ms/batch 477.06 | loss     7.2743 | aux_loss     0.0000 | ppl  1442.6944
INFO:root:| epoch   1 | batch  5376 | lr 0.010000 | ms/batch 447.83 | loss     7.2647 | aux_loss     0.0000 | ppl  1429.0245
INFO:root:| epoch   1 | batch  5504 | lr 0.010000 | ms/batch 448.01 | loss     7.2419 | aux_loss     0.0000 | ppl  1396.7665
INFO:root:| epoch   1 | batch  5632 | lr 0.010000 | ms/batch 447.33 | loss     7.2274 | aux_loss     0.0000 | ppl  1376.6247
INFO:root:| epoch   1 | batch  5760 | lr 0.010000 | ms/batch 441.68 | loss     7.2180 | aux_loss     0.0000 | ppl  1363.8253
INFO:root:| epoch   1 | batch  5888 | lr 0.010000 | ms/batch 442.40 | loss     7.1993 | aux_loss     0.0000 | ppl  1338.4462
INFO:root:| epoch   1 | batch  6016 | lr 0.010000 | ms/batch 442.38 | loss     7.1851 | aux_loss     0.0000 | ppl  1319.5643
INFO:root:| epoch   1 | batch  6144 | lr 0.010000 | ms/batch 442.76 | loss     7.1744 | aux_loss     0.0000 | ppl  1305.5490
INFO:root:| epoch   1 | batch  6272 | lr 0.010000 | ms/batch 461.12 | loss     7.1576 | aux_loss     0.0000 | ppl  1283.8801
INFO:root:| epoch   1 | batch  6400 | lr 0.010000 | ms/batch 447.90 | loss     7.1433 | aux_loss     0.0000 | ppl  1265.5989
INFO:root:| epoch   1 | batch  6528 | lr 0.010000 | ms/batch 447.12 | loss     7.1359 | aux_loss     0.0000 | ppl  1256.3015
INFO:root:| epoch   1 | batch  6656 | lr 0.010000 | ms/batch 464.56 | loss     7.1215 | aux_loss     0.0000 | ppl  1238.2532
INFO:root:| epoch   1 | batch  6784 | lr 0.010000 | ms/batch 447.54 | loss     7.1102 | aux_loss     0.0000 | ppl  1224.4127
INFO:root:| epoch   1 | batch  6912 | lr 0.010000 | ms/batch 443.15 | loss     7.0962 | aux_loss     0.0000 | ppl  1207.4095
INFO:root:| epoch   1 | batch  7040 | lr 0.010000 | ms/batch 441.63 | loss     7.0881 | aux_loss     0.0000 | ppl  1197.6116
INFO:root:| epoch   1 | batch  7168 | lr 0.010000 | ms/batch 440.89 | loss     7.0747 | aux_loss     0.0000 | ppl  1181.6913
INFO:root:| epoch   1 | batch  7296 | lr 0.010000 | ms/batch 443.33 | loss     7.0682 | aux_loss     0.0000 | ppl  1174.0808
INFO:root:| epoch   1 | batch  7424 | lr 0.010000 | ms/batch 439.10 | loss     7.0583 | aux_loss     0.0000 | ppl  1162.4704
INFO:root:| epoch   1 | batch  7552 | lr 0.010000 | ms/batch 442.03 | loss     7.0487 | aux_loss     0.0000 | ppl  1151.3876
INFO:root:| epoch   1 | batch  7680 | lr 0.010000 | ms/batch 440.70 | loss     7.0389 | aux_loss     0.0000 | ppl  1140.1474
INFO:root:| epoch   1 | batch  7808 | lr 0.010000 | ms/batch 441.90 | loss     7.0239 | aux_loss     0.0000 | ppl  1123.1804
INFO:root:| epoch   1 | batch  7936 | lr 0.010000 | ms/batch 469.61 | loss     7.0184 | aux_loss     0.0000 | ppl  1116.9891
INFO:root:| epoch   1 | batch  8064 | lr 0.010000 | ms/batch 448.23 | loss     7.0105 | aux_loss     0.0000 | ppl  1108.1675
INFO:root:| epoch   1 | batch  8192 | lr 0.010000 | ms/batch 442.32 | loss     7.0046 | aux_loss     0.0000 | ppl  1101.6760
INFO:root:| epoch   1 | batch  8320 | lr 0.010000 | ms/batch 471.69 | loss     6.9930 | aux_loss     0.0000 | ppl  1088.9535
INFO:root:| epoch   1 | batch  8448 | lr 0.010000 | ms/batch 476.57 | loss     6.9885 | aux_loss     0.0000 | ppl  1084.0803
INFO:root:| epoch   1 | batch  8576 | lr 0.010000 | ms/batch 477.01 | loss     6.9736 | aux_loss     0.0000 | ppl  1068.1056
INFO:root:| epoch   1 | batch  8704 | lr 0.010000 | ms/batch 458.01 | loss     6.9616 | aux_loss     0.0000 | ppl  1055.3530
INFO:root:| epoch   1 | batch  8832 | lr 0.010000 | ms/batch 443.11 | loss     6.9561 | aux_loss     0.0000 | ppl  1049.5258
INFO:root:| epoch   1 | batch  8960 | lr 0.010000 | ms/batch 462.89 | loss     6.9539 | aux_loss     0.0000 | ppl  1047.2284
INFO:root:| epoch   1 | batch  9088 | lr 0.010000 | ms/batch 469.84 | loss     6.9434 | aux_loss     0.0000 | ppl  1036.2706
INFO:root:| epoch   1 | batch  9216 | lr 0.010000 | ms/batch 446.25 | loss     6.9352 | aux_loss     0.0000 | ppl  1027.8751
INFO:root:| epoch   1 | batch  9344 | lr 0.010000 | ms/batch 446.36 | loss     6.9283 | aux_loss     0.0000 | ppl  1020.8075
INFO:root:| epoch   1 | batch  9472 | lr 0.010000 | ms/batch 446.60 | loss     6.9207 | aux_loss     0.0000 | ppl  1013.0772
INFO:root:| epoch   1 | batch  9600 | lr 0.010000 | ms/batch 450.14 | loss     6.9183 | aux_loss     0.0000 | ppl  1010.5864
INFO:root:| epoch   1 | batch  9728 | lr 0.010000 | ms/batch 447.29 | loss     6.9128 | aux_loss     0.0000 | ppl  1005.0599
INFO:root:| epoch   1 | batch  9856 | lr 0.010000 | ms/batch 447.95 | loss     6.8992 | aux_loss     0.0000 | ppl   991.4869
INFO:root:| epoch   1 | batch  9984 | lr 0.010000 | ms/batch 448.29 | loss     6.8898 | aux_loss     0.0000 | ppl   982.2156
INFO:root:| epoch   1 | batch 10112 | lr 0.010000 | ms/batch 442.33 | loss     6.8845 | aux_loss     0.0000 | ppl   977.0166
INFO:root:| epoch   1 | batch 10240 | lr 0.010000 | ms/batch 441.42 | loss     6.8745 | aux_loss     0.0000 | ppl   967.3090
INFO:root:| epoch   1 | batch 10368 | lr 0.010000 | ms/batch 442.05 | loss     6.8741 | aux_loss     0.0000 | ppl   966.8696
INFO:root:| epoch   1 | batch 10496 | lr 0.010000 | ms/batch 442.17 | loss     6.8673 | aux_loss     0.0000 | ppl   960.3434
INFO:root:| epoch   1 | batch 10624 | lr 0.010000 | ms/batch 442.12 | loss     6.8669 | aux_loss     0.0000 | ppl   959.9536
INFO:root:| epoch   1 | batch 10752 | lr 0.010000 | ms/batch 441.97 | loss     6.8508 | aux_loss     0.0000 | ppl   944.6090
INFO:root:| epoch   1 | batch 10880 | lr 0.010000 | ms/batch 441.66 | loss     6.8423 | aux_loss     0.0000 | ppl   936.6731
INFO:root:| epoch   1 | batch 11008 | lr 0.010000 | ms/batch 456.63 | loss     6.8395 | aux_loss     0.0000 | ppl   934.0095
INFO:root:| epoch   1 | batch 11136 | lr 0.010000 | ms/batch 444.35 | loss     6.8350 | aux_loss     0.0000 | ppl   929.8172
INFO:root:| epoch   1 | batch 11264 | lr 0.010000 | ms/batch 448.00 | loss     6.8332 | aux_loss     0.0000 | ppl   928.1144
INFO:root:| epoch   1 | batch 11392 | lr 0.010000 | ms/batch 447.49 | loss     6.8222 | aux_loss     0.0000 | ppl   917.9624
INFO:root:| epoch   1 | batch 11520 | lr 0.010000 | ms/batch 446.82 | loss     6.8240 | aux_loss     0.0000 | ppl   919.6754
INFO:root:| epoch   1 | batch 11648 | lr 0.010000 | ms/batch 445.07 | loss     6.8066 | aux_loss     0.0000 | ppl   903.8206
INFO:root:| epoch   1 | batch 11776 | lr 0.010000 | ms/batch 447.39 | loss     6.8048 | aux_loss     0.0000 | ppl   902.1997
INFO:root:| epoch   1 | batch 11904 | lr 0.010000 | ms/batch 446.56 | loss     6.7974 | aux_loss     0.0000 | ppl   895.5019
INFO:root:| epoch   1 | batch 12032 | lr 0.010000 | ms/batch 464.69 | loss     6.7868 | aux_loss     0.0000 | ppl   886.0687
INFO:root:| epoch   1 | batch 12160 | lr 0.010000 | ms/batch 471.23 | loss     6.7860 | aux_loss     0.0000 | ppl   885.3469
INFO:root:| epoch   1 | batch 12288 | lr 0.010000 | ms/batch 441.66 | loss     6.7772 | aux_loss     0.0000 | ppl   877.5700
INFO:root:| epoch   1 | batch 12416 | lr 0.010000 | ms/batch 442.56 | loss     6.7756 | aux_loss     0.0000 | ppl   876.2469
INFO:root:| epoch   1 | batch 12544 | lr 0.010000 | ms/batch 441.80 | loss     6.7690 | aux_loss     0.0000 | ppl   870.4220
INFO:root:| epoch   1 | batch 12672 | lr 0.010000 | ms/batch 442.78 | loss     6.7618 | aux_loss     0.0000 | ppl   864.1866
INFO:root:| epoch   1 | batch 12800 | lr 0.010000 | ms/batch 442.37 | loss     6.7574 | aux_loss     0.0000 | ppl   860.3958
INFO:root:| epoch   1 | batch 12928 | lr 0.010000 | ms/batch 472.42 | loss     6.7491 | aux_loss     0.0000 | ppl   853.3106
INFO:root:| epoch   1 | batch 13056 | lr 0.010000 | ms/batch 475.47 | loss     6.7486 | aux_loss     0.0000 | ppl   852.8868
INFO:root:| epoch   1 | batch 13184 | lr 0.010000 | ms/batch 446.67 | loss     6.7385 | aux_loss     0.0000 | ppl   844.3178
INFO:root:| epoch   1 | batch 13312 | lr 0.010000 | ms/batch 442.12 | loss     6.7345 | aux_loss     0.0000 | ppl   840.8860
INFO:root:| epoch   1 | batch 13440 | lr 0.010000 | ms/batch 441.79 | loss     6.7315 | aux_loss     0.0000 | ppl   838.3770
INFO:root:| epoch   1 | batch 13568 | lr 0.010000 | ms/batch 442.93 | loss     6.7236 | aux_loss     0.0000 | ppl   831.8258
INFO:root:| epoch   1 | batch 13696 | lr 0.010000 | ms/batch 442.41 | loss     6.7136 | aux_loss     0.0000 | ppl   823.5639
INFO:root:| epoch   1 | batch 13824 | lr 0.010000 | ms/batch 446.19 | loss     6.7164 | aux_loss     0.0000 | ppl   825.8086
INFO:root:| epoch   1 | batch 13952 | lr 0.010000 | ms/batch 448.39 | loss     6.7125 | aux_loss     0.0000 | ppl   822.5999
INFO:root:| epoch   1 | batch 14080 | lr 0.010000 | ms/batch 445.49 | loss     6.7054 | aux_loss     0.0000 | ppl   816.8330
INFO:root:| epoch   1 | batch 14208 | lr 0.010000 | ms/batch 443.25 | loss     6.6994 | aux_loss     0.0000 | ppl   811.9591
INFO:root:| epoch   1 | batch 14336 | lr 0.010000 | ms/batch 442.06 | loss     6.7015 | aux_loss     0.0000 | ppl   813.5900
INFO:root:| epoch   1 | batch 14464 | lr 0.010000 | ms/batch 460.31 | loss     6.6905 | aux_loss     0.0000 | ppl   804.7476
INFO:root:| epoch   1 | batch 14592 | lr 0.010000 | ms/batch 449.59 | loss     6.6798 | aux_loss     0.0000 | ppl   796.1723
INFO:root:| epoch   1 | batch 14720 | lr 0.010000 | ms/batch 442.15 | loss     6.6823 | aux_loss     0.0000 | ppl   798.1694
INFO:root:| epoch   1 | batch 14848 | lr 0.010000 | ms/batch 442.52 | loss     6.6789 | aux_loss     0.0000 | ppl   795.4070
INFO:root:| epoch   1 | batch 14976 | lr 0.010000 | ms/batch 439.94 | loss     6.6758 | aux_loss     0.0000 | ppl   792.9857
INFO:root:| epoch   1 | batch 15104 | lr 0.010000 | ms/batch 441.74 | loss     6.6757 | aux_loss     0.0000 | ppl   792.8770
INFO:root:| epoch   1 | batch 15232 | lr 0.010000 | ms/batch 443.04 | loss     6.6663 | aux_loss     0.0000 | ppl   785.4530
INFO:root:| epoch   1 | batch 15360 | lr 0.010000 | ms/batch 442.04 | loss     6.6614 | aux_loss     0.0000 | ppl   781.6586
INFO:root:| epoch   1 | batch 15488 | lr 0.010000 | ms/batch 443.14 | loss     6.6631 | aux_loss     0.0000 | ppl   782.9455
INFO:root:| epoch   1 | batch 15616 | lr 0.010000 | ms/batch 443.49 | loss     6.6526 | aux_loss     0.0000 | ppl   774.8173
INFO:root:| epoch   1 | batch 15744 | lr 0.010000 | ms/batch 460.98 | loss     6.6484 | aux_loss     0.0000 | ppl   771.5321
INFO:root:| epoch   1 | batch 15872 | lr 0.010000 | ms/batch 471.37 | loss     6.6448 | aux_loss     0.0000 | ppl   768.7695
INFO:root:| epoch   1 | batch 16000 | lr 0.010000 | ms/batch 447.06 | loss     6.6403 | aux_loss     0.0000 | ppl   765.2886
INFO:root:| epoch   1 | batch 16128 | lr 0.010000 | ms/batch 461.74 | loss     6.6343 | aux_loss     0.0000 | ppl   760.7433
INFO:root:| epoch   1 | batch 16256 | lr 0.010000 | ms/batch 463.69 | loss     6.6331 | aux_loss     0.0000 | ppl   759.8150
INFO:root:| epoch   1 | batch 16384 | lr 0.010000 | ms/batch 447.79 | loss     6.6259 | aux_loss     0.0000 | ppl   754.3832
INFO:root:| epoch   1 | batch 16512 | lr 0.010000 | ms/batch 463.94 | loss     6.6306 | aux_loss     0.0000 | ppl   757.9589
INFO:root:| epoch   1 | batch 16640 | lr 0.010000 | ms/batch 447.38 | loss     6.6261 | aux_loss     0.0000 | ppl   754.5168
INFO:root:| epoch   1 | batch 16768 | lr 0.010000 | ms/batch 448.28 | loss     6.6207 | aux_loss     0.0000 | ppl   750.4478
INFO:root:| epoch   1 | batch 16896 | lr 0.010000 | ms/batch 447.36 | loss     6.6096 | aux_loss     0.0000 | ppl   742.1727
INFO:root:| epoch   1 | batch 17024 | lr 0.010000 | ms/batch 445.33 | loss     6.6116 | aux_loss     0.0000 | ppl   743.6739
INFO:root:| epoch   1 | batch 17152 | lr 0.010000 | ms/batch 443.59 | loss     6.6103 | aux_loss     0.0000 | ppl   742.7113
INFO:root:| epoch   1 | batch 17280 | lr 0.010000 | ms/batch 449.45 | loss     6.6027 | aux_loss     0.0000 | ppl   737.1002
INFO:root:| epoch   1 | batch 17408 | lr 0.010000 | ms/batch 445.62 | loss     6.6077 | aux_loss     0.0000 | ppl   740.7450
INFO:root:| epoch   1 | batch 17536 | lr 0.010000 | ms/batch 443.87 | loss     6.6012 | aux_loss     0.0000 | ppl   735.9884
INFO:root:| epoch   1 | batch 17664 | lr 0.010000 | ms/batch 442.92 | loss     6.5975 | aux_loss     0.0000 | ppl   733.2865
INFO:root:| epoch   1 | batch 17792 | lr 0.010000 | ms/batch 442.59 | loss     6.5969 | aux_loss     0.0000 | ppl   732.8273
INFO:root:| epoch   1 | batch 17920 | lr 0.010000 | ms/batch 442.54 | loss     6.5946 | aux_loss     0.0000 | ppl   731.1294
INFO:root:| epoch   1 | batch 18048 | lr 0.010000 | ms/batch 442.23 | loss     6.5902 | aux_loss     0.0000 | ppl   727.9485
INFO:root:| epoch   1 | batch 18176 | lr 0.010000 | ms/batch 443.42 | loss     6.5841 | aux_loss     0.0000 | ppl   723.5108
INFO:root:| epoch   1 | batch 18304 | lr 0.010000 | ms/batch 465.22 | loss     6.5832 | aux_loss     0.0000 | ppl   722.8689
INFO:root:| epoch   1 | batch 18432 | lr 0.010000 | ms/batch 477.12 | loss     6.5832 | aux_loss     0.0000 | ppl   722.8779
INFO:root:| epoch   1 | batch 18560 | lr 0.010000 | ms/batch 446.14 | loss     6.5755 | aux_loss     0.0000 | ppl   717.3070
INFO:root:| epoch   1 | batch 18688 | lr 0.010000 | ms/batch 442.08 | loss     6.5755 | aux_loss     0.0000 | ppl   717.2956
INFO:root:| epoch   1 | batch 18816 | lr 0.010000 | ms/batch 449.29 | loss     6.5662 | aux_loss     0.0000 | ppl   710.6839
INFO:root:| epoch   1 | batch 18944 | lr 0.010000 | ms/batch 454.87 | loss     6.5740 | aux_loss     0.0000 | ppl   716.2274
INFO:root:| epoch   1 | batch 19072 | lr 0.010000 | ms/batch 477.39 | loss     6.5645 | aux_loss     0.0000 | ppl   709.4508
INFO:root:| epoch   1 | batch 19200 | lr 0.010000 | ms/batch 467.69 | loss     6.5655 | aux_loss     0.0000 | ppl   710.1915
INFO:root:| epoch   1 | batch 19328 | lr 0.010000 | ms/batch 442.31 | loss     6.5563 | aux_loss     0.0000 | ppl   703.6757
INFO:root:| epoch   1 | batch 19456 | lr 0.010000 | ms/batch 443.95 | loss     6.5531 | aux_loss     0.0000 | ppl   701.3815
INFO:root:| epoch   1 | batch 19584 | lr 0.010000 | ms/batch 442.49 | loss     6.5511 | aux_loss     0.0000 | ppl   699.9914
INFO:root:| epoch   1 | batch 19712 | lr 0.010000 | ms/batch 440.52 | loss     6.5476 | aux_loss     0.0000 | ppl   697.5928
INFO:root:| epoch   1 | batch 19840 | lr 0.010000 | ms/batch 443.02 | loss     6.5497 | aux_loss     0.0000 | ppl   699.0133
INFO:root:| epoch   1 | batch 19968 | lr 0.010000 | ms/batch 442.08 | loss     6.5416 | aux_loss     0.0000 | ppl   693.3944
INFO:root:| epoch   1 | batch 20096 | lr 0.010000 | ms/batch 463.52 | loss     6.5484 | aux_loss     0.0000 | ppl   698.1289
INFO:root:| epoch   1 | batch 20224 | lr 0.010000 | ms/batch 493.87 | loss     6.5420 | aux_loss     0.0000 | ppl   693.6493
INFO:root:| epoch   1 | batch 20352 | lr 0.010000 | ms/batch 463.73 | loss     6.5343 | aux_loss     0.0000 | ppl   688.3623
INFO:root:| epoch   1 | batch 20480 | lr 0.010000 | ms/batch 448.04 | loss     6.5389 | aux_loss     0.0000 | ppl   691.5513
INFO:root:| epoch   1 | batch 20608 | lr 0.010000 | ms/batch 459.38 | loss     6.5249 | aux_loss     0.0000 | ppl   681.9034
INFO:root:| epoch   1 | batch 20736 | lr 0.010000 | ms/batch 451.47 | loss     6.5266 | aux_loss     0.0000 | ppl   683.0905
INFO:root:| epoch   1 | batch 20864 | lr 0.010000 | ms/batch 453.59 | loss     6.5261 | aux_loss     0.0000 | ppl   682.7309
INFO:root:| epoch   1 | batch 20992 | lr 0.010000 | ms/batch 446.61 | loss     6.5219 | aux_loss     0.0000 | ppl   679.9011
INFO:root:| epoch   1 | batch 21120 | lr 0.010000 | ms/batch 446.53 | loss     6.5273 | aux_loss     0.0000 | ppl   683.5373
INFO:root:| epoch   1 | batch 21248 | lr 0.010000 | ms/batch 446.79 | loss     6.5177 | aux_loss     0.0000 | ppl   677.0197
INFO:root:| epoch   1 | batch 21376 | lr 0.010000 | ms/batch 441.99 | loss     6.5144 | aux_loss     0.0000 | ppl   674.7729
INFO:root:| epoch   1 | batch 21504 | lr 0.010000 | ms/batch 442.12 | loss     6.5161 | aux_loss     0.0000 | ppl   675.9093
INFO:root:| epoch   1 | batch 21632 | lr 0.010000 | ms/batch 442.07 | loss     6.5143 | aux_loss     0.0000 | ppl   674.7148
INFO:root:| epoch   1 | batch 21760 | lr 0.010000 | ms/batch 443.03 | loss     6.5166 | aux_loss     0.0000 | ppl   676.2792
INFO:root:| epoch   1 | batch 21888 | lr 0.010000 | ms/batch 443.74 | loss     6.5058 | aux_loss     0.0000 | ppl   669.0181
INFO:root:| epoch   1 | batch 22016 | lr 0.010000 | ms/batch 460.96 | loss     6.5068 | aux_loss     0.0000 | ppl   669.6948
INFO:root:| epoch   1 | batch 22144 | lr 0.010000 | ms/batch 461.98 | loss     6.5051 | aux_loss     0.0000 | ppl   668.5247
INFO:root:| epoch   1 | batch 22272 | lr 0.010000 | ms/batch 445.52 | loss     6.5061 | aux_loss     0.0000 | ppl   669.2313
INFO:root:| epoch   1 | batch 22400 | lr 0.010000 | ms/batch 461.12 | loss     6.5006 | aux_loss     0.0000 | ppl   665.5179
INFO:root:| epoch   1 | batch 22528 | lr 0.010000 | ms/batch 443.90 | loss     6.5014 | aux_loss     0.0000 | ppl   666.0912
INFO:root:| epoch   1 | batch 22656 | lr 0.010000 | ms/batch 445.54 | loss     6.4990 | aux_loss     0.0000 | ppl   664.5080
INFO:root:| epoch   1 | batch 22784 | lr 0.010000 | ms/batch 441.62 | loss     6.4972 | aux_loss     0.0000 | ppl   663.2776
INFO:root:| epoch   1 | batch 22912 | lr 0.010000 | ms/batch 442.01 | loss     6.4885 | aux_loss     0.0000 | ppl   657.5520
INFO:root:| epoch   1 | batch 23040 | lr 0.010000 | ms/batch 435.73 | loss     6.4888 | aux_loss     0.0000 | ppl   657.7490
INFO:root:| epoch   1 | batch 23168 | lr 0.010000 | ms/batch 434.01 | loss     6.4879 | aux_loss     0.0000 | ppl   657.1219
INFO:root:| epoch   1 | batch 23296 | lr 0.010000 | ms/batch 440.72 | loss     6.4845 | aux_loss     0.0000 | ppl   654.9371
INFO:root:| epoch   1 | batch 23424 | lr 0.010000 | ms/batch 433.00 | loss     6.4848 | aux_loss     0.0000 | ppl   655.1193
INFO:root:| epoch   1 | batch 23552 | lr 0.010000 | ms/batch 446.44 | loss     6.4876 | aux_loss     0.0000 | ppl   656.9673
INFO:root:| epoch   1 | batch 23680 | lr 0.010000 | ms/batch 444.52 | loss     6.4794 | aux_loss     0.0000 | ppl   651.5523
INFO:root:| epoch   1 | batch 23808 | lr 0.010000 | ms/batch 438.10 | loss     6.4763 | aux_loss     0.0000 | ppl   649.5904
INFO:root:| epoch   1 | batch 23936 | lr 0.010000 | ms/batch 441.28 | loss     6.4772 | aux_loss     0.0000 | ppl   650.1256
INFO:root:| epoch   1 | batch 24064 | lr 0.010000 | ms/batch 441.73 | loss     6.4779 | aux_loss     0.0000 | ppl   650.5733
INFO:root:| epoch   1 | batch 24192 | lr 0.010000 | ms/batch 441.30 | loss     6.4706 | aux_loss     0.0000 | ppl   645.8590
INFO:root:| epoch   1 | batch 24320 | lr 0.010000 | ms/batch 456.63 | loss     6.4702 | aux_loss     0.0000 | ppl   645.5860
INFO:root:| epoch   1 | batch 24448 | lr 0.010000 | ms/batch 459.27 | loss     6.4639 | aux_loss     0.0000 | ppl   641.5457
INFO:root:| epoch   1 | batch 24576 | lr 0.010000 | ms/batch 440.39 | loss     6.4685 | aux_loss     0.0000 | ppl   644.5464
INFO:root:| epoch   1 | batch 24704 | lr 0.010000 | ms/batch 447.79 | loss     6.4586 | aux_loss     0.0000 | ppl   638.1451
INFO:root:| epoch   1 | batch 24832 | lr 0.010000 | ms/batch 441.12 | loss     6.4665 | aux_loss     0.0000 | ppl   643.2335
INFO:root:| epoch   1 | batch 24960 | lr 0.010000 | ms/batch 443.91 | loss     6.4570 | aux_loss     0.0000 | ppl   637.1151
INFO:root:| epoch   1 | batch 25088 | lr 0.010000 | ms/batch 436.76 | loss     6.4584 | aux_loss     0.0000 | ppl   638.0337
INFO:root:| epoch   1 | batch 25216 | lr 0.010000 | ms/batch 436.44 | loss     6.4533 | aux_loss     0.0000 | ppl   634.8114
INFO:root:| epoch   1 | batch 25344 | lr 0.010000 | ms/batch 436.54 | loss     6.4577 | aux_loss     0.0000 | ppl   637.6027
INFO:root:| epoch   1 | batch 25472 | lr 0.010000 | ms/batch 437.96 | loss     6.4571 | aux_loss     0.0000 | ppl   637.1862
INFO:root:| epoch   1 | batch 25600 | lr 0.010000 | ms/batch 440.22 | loss     6.4497 | aux_loss     0.0000 | ppl   632.5077
INFO:root:| epoch   1 | batch 25728 | lr 0.010000 | ms/batch 441.24 | loss     6.4535 | aux_loss     0.0000 | ppl   634.8947
INFO:root:| epoch   1 | batch 25856 | lr 0.010000 | ms/batch 444.92 | loss     6.4493 | aux_loss     0.0000 | ppl   632.2838
INFO:root:| epoch   1 | batch 25984 | lr 0.010000 | ms/batch 449.17 | loss     6.4474 | aux_loss     0.0000 | ppl   631.0635
INFO:root:| epoch   1 | batch 26112 | lr 0.010000 | ms/batch 447.89 | loss     6.4452 | aux_loss     0.0000 | ppl   629.6821
INFO:root:| epoch   1 | batch 26240 | lr 0.010000 | ms/batch 449.54 | loss     6.4394 | aux_loss     0.0000 | ppl   626.0488
INFO:root:| epoch   1 | batch 26368 | lr 0.010000 | ms/batch 451.53 | loss     6.4399 | aux_loss     0.0000 | ppl   626.3489
INFO:root:| epoch   1 | batch 26496 | lr 0.010000 | ms/batch 450.85 | loss     6.4391 | aux_loss     0.0000 | ppl   625.8162
INFO:root:| epoch   1 | batch 26624 | lr 0.010000 | ms/batch 448.74 | loss     6.4426 | aux_loss     0.0000 | ppl   628.0292
INFO:root:| epoch   1 | batch 26752 | lr 0.010000 | ms/batch 447.54 | loss     6.4425 | aux_loss     0.0000 | ppl   627.9603
INFO:root:| epoch   1 | batch 26880 | lr 0.010000 | ms/batch 445.32 | loss     6.4353 | aux_loss     0.0000 | ppl   623.4464
INFO:root:| epoch   1 | batch 27008 | lr 0.010000 | ms/batch 442.15 | loss     6.4332 | aux_loss     0.0000 | ppl   622.1576
INFO:root:| epoch   1 | batch 27136 | lr 0.010000 | ms/batch 443.69 | loss     6.4240 | aux_loss     0.0000 | ppl   616.4718
INFO:root:| epoch   1 | batch 27264 | lr 0.010000 | ms/batch 442.27 | loss     6.4347 | aux_loss     0.0000 | ppl   623.0782
INFO:root:| epoch   1 | batch 27392 | lr 0.010000 | ms/batch 439.58 | loss     6.4264 | aux_loss     0.0000 | ppl   617.9694
INFO:root:| epoch   1 | batch 27520 | lr 0.010000 | ms/batch 441.46 | loss     6.4253 | aux_loss     0.0000 | ppl   617.2567
INFO:root:| epoch   1 | batch 27648 | lr 0.010000 | ms/batch 441.81 | loss     6.4165 | aux_loss     0.0000 | ppl   611.8517
INFO:root:| epoch   1 | batch 27776 | lr 0.010000 | ms/batch 438.50 | loss     6.4245 | aux_loss     0.0000 | ppl   616.7687
INFO:root:| epoch   1 | batch 27904 | lr 0.010000 | ms/batch 441.68 | loss     6.4162 | aux_loss     0.0000 | ppl   611.6725
INFO:root:| epoch   1 | batch 28032 | lr 0.010000 | ms/batch 440.76 | loss     6.4209 | aux_loss     0.0000 | ppl   614.5698
INFO:root:| epoch   1 | batch 28160 | lr 0.010000 | ms/batch 438.30 | loss     6.4217 | aux_loss     0.0000 | ppl   615.0356
INFO:root:| epoch   1 | batch 28288 | lr 0.010000 | ms/batch 438.10 | loss     6.4145 | aux_loss     0.0000 | ppl   610.6591
INFO:root:| epoch   1 | batch 28416 | lr 0.010000 | ms/batch 478.28 | loss     6.4123 | aux_loss     0.0000 | ppl   609.3010
INFO:root:| epoch   1 | batch 28544 | lr 0.010000 | ms/batch 464.55 | loss     6.4190 | aux_loss     0.0000 | ppl   613.3909
INFO:root:| epoch   1 | batch 28672 | lr 0.010000 | ms/batch 481.89 | loss     6.4089 | aux_loss     0.0000 | ppl   607.2324
INFO:root:| epoch   1 | batch 28800 | lr 0.010000 | ms/batch 481.40 | loss     6.4107 | aux_loss     0.0000 | ppl   608.3005
INFO:root:| epoch   1 | batch 28928 | lr 0.010000 | ms/batch 481.35 | loss     6.4123 | aux_loss     0.0000 | ppl   609.3102
INFO:root:| epoch   1 | batch 29056 | lr 0.010000 | ms/batch 481.47 | loss     6.4102 | aux_loss     0.0000 | ppl   608.0441
INFO:root:| epoch   1 | batch 29184 | lr 0.010000 | ms/batch 480.86 | loss     6.4111 | aux_loss     0.0000 | ppl   608.5447
INFO:root:| epoch   1 | batch 29312 | lr 0.010000 | ms/batch 458.54 | loss     6.4056 | aux_loss     0.0000 | ppl   605.2170
INFO:root:| epoch   1 | batch 29440 | lr 0.010000 | ms/batch 437.10 | loss     6.4051 | aux_loss     0.0000 | ppl   604.9510
INFO:root:| epoch   1 | batch 29568 | lr 0.010000 | ms/batch 437.15 | loss     6.4010 | aux_loss     0.0000 | ppl   602.4688
INFO:root:| epoch   1 | batch 29696 | lr 0.010000 | ms/batch 436.45 | loss     6.4067 | aux_loss     0.0000 | ppl   605.9100
INFO:root:| epoch   1 | batch 29824 | lr 0.010000 | ms/batch 436.85 | loss     6.4038 | aux_loss     0.0000 | ppl   604.1319
INFO:root:| epoch   1 | batch 29952 | lr 0.010000 | ms/batch 437.07 | loss     6.4013 | aux_loss     0.0000 | ppl   602.6322
INFO:root:| epoch   1 | batch 30080 | lr 0.010000 | ms/batch 436.72 | loss     6.3961 | aux_loss     0.0000 | ppl   599.4802
INFO:root:| epoch   1 | batch 30208 | lr 0.010000 | ms/batch 436.98 | loss     6.3974 | aux_loss     0.0000 | ppl   600.2650
INFO:root:| epoch   1 | batch 30336 | lr 0.010000 | ms/batch 436.42 | loss     6.3943 | aux_loss     0.0000 | ppl   598.4307
INFO:root:| epoch   1 | batch 30464 | lr 0.010000 | ms/batch 436.65 | loss     6.3971 | aux_loss     0.0000 | ppl   600.1044
INFO:root:| epoch   1 | batch 30592 | lr 0.010000 | ms/batch 436.40 | loss     6.3871 | aux_loss     0.0000 | ppl   594.1030
INFO:root:| epoch   1 | batch 30720 | lr 0.010000 | ms/batch 441.02 | loss     6.3928 | aux_loss     0.0000 | ppl   597.5479
INFO:root:| epoch   1 | batch 30848 | lr 0.010000 | ms/batch 440.04 | loss     6.3886 | aux_loss     0.0000 | ppl   595.0149
INFO:root:| epoch   1 | batch 30976 | lr 0.010000 | ms/batch 435.72 | loss     6.3888 | aux_loss     0.0000 | ppl   595.1567
INFO:root:| epoch   1 | batch 31104 | lr 0.010000 | ms/batch 453.19 | loss     6.3866 | aux_loss     0.0000 | ppl   593.8587
INFO:root:| epoch   1 | batch 31232 | lr 0.010000 | ms/batch 445.05 | loss     6.3890 | aux_loss     0.0000 | ppl   595.2452
INFO:root:| epoch   1 | batch 31360 | lr 0.010000 | ms/batch 444.77 | loss     6.3877 | aux_loss     0.0000 | ppl   594.4605
INFO:root:| epoch   1 | batch 31488 | lr 0.010000 | ms/batch 460.73 | loss     6.3808 | aux_loss     0.0000 | ppl   590.3945
INFO:root:| epoch   1 | batch 31616 | lr 0.010000 | ms/batch 449.89 | loss     6.3810 | aux_loss     0.0000 | ppl   590.5227
INFO:root:| epoch   1 | batch 31744 | lr 0.010000 | ms/batch 478.71 | loss     6.3784 | aux_loss     0.0000 | ppl   589.0073
INFO:root:| epoch   1 | batch 31872 | lr 0.010000 | ms/batch 445.20 | loss     6.3835 | aux_loss     0.0000 | ppl   591.9889
INFO:root:| epoch   1 | batch 32000 | lr 0.010000 | ms/batch 444.74 | loss     6.3806 | aux_loss     0.0000 | ppl   590.3075
INFO:root:| epoch   1 | batch 32128 | lr 0.010000 | ms/batch 456.98 | loss     6.3799 | aux_loss     0.0000 | ppl   589.8590
INFO:root:| epoch   1 | batch 32256 | lr 0.010000 | ms/batch 463.06 | loss     6.3755 | aux_loss     0.0000 | ppl   587.2760
INFO:root:| epoch   1 | batch 32384 | lr 0.010000 | ms/batch 458.78 | loss     6.3682 | aux_loss     0.0000 | ppl   582.9907
INFO:root:| epoch   1 | batch 32512 | lr 0.010000 | ms/batch 451.30 | loss     6.3727 | aux_loss     0.0000 | ppl   585.6164
INFO:root:| epoch   1 | batch 32640 | lr 0.010000 | ms/batch 444.93 | loss     6.3661 | aux_loss     0.0000 | ppl   581.8135
INFO:root:| epoch   1 | batch 32768 | lr 0.010000 | ms/batch 438.10 | loss     6.3723 | aux_loss     0.0000 | ppl   585.3904
INFO:root:| epoch   1 | batch 32896 | lr 0.010000 | ms/batch 442.80 | loss     6.3728 | aux_loss     0.0000 | ppl   585.6889
INFO:root:| epoch   1 | batch 33024 | lr 0.010000 | ms/batch 437.37 | loss     6.3700 | aux_loss     0.0000 | ppl   584.0685
INFO:root:| epoch   1 | batch 33152 | lr 0.010000 | ms/batch 437.02 | loss     6.3651 | aux_loss     0.0000 | ppl   581.2048
INFO:root:| epoch   1 | batch 33280 | lr 0.010000 | ms/batch 439.52 | loss     6.3653 | aux_loss     0.0000 | ppl   581.3370
INFO:root:| epoch   1 | batch 33408 | lr 0.010000 | ms/batch 440.14 | loss     6.3654 | aux_loss     0.0000 | ppl   581.3748
INFO:root:| epoch   1 | batch 33536 | lr 0.010000 | ms/batch 445.71 | loss     6.3608 | aux_loss     0.0000 | ppl   578.6893
INFO:root:| epoch   1 | batch 33664 | lr 0.010000 | ms/batch 441.15 | loss     6.3628 | aux_loss     0.0000 | ppl   579.8947
INFO:root:| epoch   1 | batch 33792 | lr 0.010000 | ms/batch 441.94 | loss     6.3687 | aux_loss     0.0000 | ppl   583.2730
INFO:root:| epoch   1 | batch 33920 | lr 0.010000 | ms/batch 440.88 | loss     6.3535 | aux_loss     0.0000 | ppl   574.5212
INFO:root:| epoch   1 | batch 34048 | lr 0.010000 | ms/batch 439.58 | loss     6.3521 | aux_loss     0.0000 | ppl   573.6712
INFO:root:| epoch   1 | batch 34176 | lr 0.010000 | ms/batch 441.91 | loss     6.3617 | aux_loss     0.0000 | ppl   579.2423
INFO:root:| epoch   1 | batch 34304 | lr 0.010000 | ms/batch 439.34 | loss     6.3551 | aux_loss     0.0000 | ppl   575.4351
INFO:root:| epoch   1 | batch 34432 | lr 0.010000 | ms/batch 439.17 | loss     6.3511 | aux_loss     0.0000 | ppl   573.0994
INFO:root:| epoch   1 | batch 34560 | lr 0.010000 | ms/batch 438.98 | loss     6.3513 | aux_loss     0.0000 | ppl   573.2243
INFO:root:| epoch   1 | batch 34688 | lr 0.010000 | ms/batch 448.40 | loss     6.3505 | aux_loss     0.0000 | ppl   572.8035
INFO:root:| epoch   1 | batch 34816 | lr 0.010000 | ms/batch 436.71 | loss     6.3475 | aux_loss     0.0000 | ppl   571.0406
INFO:root:| epoch   1 | batch 34944 | lr 0.010000 | ms/batch 436.51 | loss     6.3506 | aux_loss     0.0000 | ppl   572.8535
INFO:root:| epoch   1 | batch 35072 | lr 0.010000 | ms/batch 437.29 | loss     6.3484 | aux_loss     0.0000 | ppl   571.5776
INFO:root:| epoch   1 | batch 35200 | lr 0.010000 | ms/batch 438.74 | loss     6.3494 | aux_loss     0.0000 | ppl   572.1399
INFO:root:| epoch   1 | batch 35328 | lr 0.010000 | ms/batch 438.02 | loss     6.3477 | aux_loss     0.0000 | ppl   571.1718
INFO:root:| epoch   1 | batch 35456 | lr 0.010000 | ms/batch 468.12 | loss     6.3430 | aux_loss     0.0000 | ppl   568.4747
INFO:root:| epoch   1 | batch 35584 | lr 0.010000 | ms/batch 441.76 | loss     6.3458 | aux_loss     0.0000 | ppl   570.0877
INFO:root:| epoch   1 | batch 35712 | lr 0.010000 | ms/batch 437.96 | loss     6.3449 | aux_loss     0.0000 | ppl   569.5870
INFO:root:| epoch   1 | batch 35840 | lr 0.010000 | ms/batch 444.16 | loss     6.3407 | aux_loss     0.0000 | ppl   567.2109
INFO:root:| epoch   1 | batch 35968 | lr 0.010000 | ms/batch 449.30 | loss     6.3378 | aux_loss     0.0000 | ppl   565.5553
INFO:root:| epoch   1 | batch 36096 | lr 0.010000 | ms/batch 448.87 | loss     6.3392 | aux_loss     0.0000 | ppl   566.3561
INFO:root:| epoch   1 | batch 36224 | lr 0.010000 | ms/batch 448.55 | loss     6.3411 | aux_loss     0.0000 | ppl   567.4459
INFO:root:| epoch   1 | batch 36352 | lr 0.010000 | ms/batch 461.87 | loss     6.3344 | aux_loss     0.0000 | ppl   563.6281
INFO:root:| epoch   1 | batch 36480 | lr 0.010000 | ms/batch 455.10 | loss     6.3374 | aux_loss     0.0000 | ppl   565.3444
INFO:root:| epoch   1 | batch 36608 | lr 0.010000 | ms/batch 445.56 | loss     6.3338 | aux_loss     0.0000 | ppl   563.3099
INFO:root:| epoch   1 | batch 36736 | lr 0.010000 | ms/batch 444.96 | loss     6.3340 | aux_loss     0.0000 | ppl   563.4077
INFO:root:| epoch   1 | batch 36864 | lr 0.010000 | ms/batch 443.19 | loss     6.3325 | aux_loss     0.0000 | ppl   562.5804
INFO:root:| epoch   1 | batch 36992 | lr 0.010000 | ms/batch 440.73 | loss     6.3365 | aux_loss     0.0000 | ppl   564.8026
INFO:root:| epoch   1 | batch 37120 | lr 0.010000 | ms/batch 441.78 | loss     6.3290 | aux_loss     0.0000 | ppl   560.5814
INFO:root:| epoch   1 | batch 37248 | lr 0.010000 | ms/batch 441.33 | loss     6.3340 | aux_loss     0.0000 | ppl   563.3845
INFO:root:| epoch   1 | batch 37376 | lr 0.010000 | ms/batch 446.39 | loss     6.3299 | aux_loss     0.0000 | ppl   561.1209
INFO:root:| epoch   1 | batch 37504 | lr 0.010000 | ms/batch 442.60 | loss     6.3272 | aux_loss     0.0000 | ppl   559.6035
INFO:root:| epoch   1 | batch 37632 | lr 0.010000 | ms/batch 439.88 | loss     6.3315 | aux_loss     0.0000 | ppl   562.0194
INFO:root:| epoch   1 | batch 37760 | lr 0.010000 | ms/batch 439.39 | loss     6.3318 | aux_loss     0.0000 | ppl   562.1690
INFO:root:| epoch   1 | batch 37888 | lr 0.010000 | ms/batch 436.44 | loss     6.3315 | aux_loss     0.0000 | ppl   561.9953
INFO:root:| epoch   1 | batch 38016 | lr 0.010000 | ms/batch 480.73 | loss     6.3187 | aux_loss     0.0000 | ppl   554.8666
INFO:root:| epoch   1 | batch 38144 | lr 0.010000 | ms/batch 440.81 | loss     6.3227 | aux_loss     0.0000 | ppl   557.0899
INFO:root:| epoch   1 | batch 38272 | lr 0.010000 | ms/batch 439.05 | loss     6.3181 | aux_loss     0.0000 | ppl   554.4909
INFO:root:| epoch   1 | batch 38400 | lr 0.010000 | ms/batch 439.35 | loss     6.3154 | aux_loss     0.0000 | ppl   553.0466
INFO:root:| epoch   1 | batch 38528 | lr 0.010000 | ms/batch 440.20 | loss     6.3193 | aux_loss     0.0000 | ppl   555.1968
INFO:root:| epoch   1 | batch 38656 | lr 0.010000 | ms/batch 442.61 | loss     6.3123 | aux_loss     0.0000 | ppl   551.3203
INFO:root:| epoch   1 | batch 38784 | lr 0.010000 | ms/batch 442.99 | loss     6.3168 | aux_loss     0.0000 | ppl   553.7877
INFO:root:| epoch   1 | batch 38912 | lr 0.010000 | ms/batch 445.22 | loss     6.3172 | aux_loss     0.0000 | ppl   554.0108
INFO:root:| epoch   1 | batch 39040 | lr 0.010000 | ms/batch 442.09 | loss     6.3143 | aux_loss     0.0000 | ppl   552.3977
INFO:root:| epoch   1 | batch 39168 | lr 0.010000 | ms/batch 442.85 | loss     6.3100 | aux_loss     0.0000 | ppl   550.0389
INFO:root:| epoch   1 | batch 39296 | lr 0.010000 | ms/batch 442.95 | loss     6.3046 | aux_loss     0.0000 | ppl   547.0846
INFO:root:| epoch   1 | batch 39424 | lr 0.010000 | ms/batch 442.27 | loss     6.3105 | aux_loss     0.0000 | ppl   550.3111
INFO:root:| epoch   1 | batch 39552 | lr 0.010000 | ms/batch 447.60 | loss     6.3111 | aux_loss     0.0000 | ppl   550.6293
INFO:root:| epoch   1 | batch 39680 | lr 0.010000 | ms/batch 444.09 | loss     6.3108 | aux_loss     0.0000 | ppl   550.5013
INFO:root:| epoch   1 | batch 39808 | lr 0.010000 | ms/batch 444.01 | loss     6.3101 | aux_loss     0.0000 | ppl   550.0754
INFO:root:| epoch   1 | batch 39936 | lr 0.010000 | ms/batch 444.02 | loss     6.3047 | aux_loss     0.0000 | ppl   547.1551
INFO:root:| epoch   1 | batch 40064 | lr 0.010000 | ms/batch 443.37 | loss     6.3075 | aux_loss     0.0000 | ppl   548.6980
INFO:root:| epoch   1 | batch 40192 | lr 0.010000 | ms/batch 442.94 | loss     6.3075 | aux_loss     0.0000 | ppl   548.6489
INFO:root:| epoch   1 | batch 40320 | lr 0.010000 | ms/batch 444.30 | loss     6.3071 | aux_loss     0.0000 | ppl   548.4349
INFO:root:| epoch   1 | batch 40448 | lr 0.010000 | ms/batch 445.97 | loss     6.3013 | aux_loss     0.0000 | ppl   545.3046
INFO:root:| epoch   1 | batch 40576 | lr 0.010000 | ms/batch 474.38 | loss     6.3083 | aux_loss     0.0000 | ppl   549.0890
INFO:root:| epoch   1 | batch 40704 | lr 0.010000 | ms/batch 449.80 | loss     6.3035 | aux_loss     0.0000 | ppl   546.4725
INFO:root:| epoch   1 | batch 40832 | lr 0.010000 | ms/batch 448.46 | loss     6.2998 | aux_loss     0.0000 | ppl   544.4707
INFO:root:| epoch   1 | batch 40960 | lr 0.010000 | ms/batch 451.18 | loss     6.2954 | aux_loss     0.0000 | ppl   542.0828
INFO:root:| epoch   1 | batch 41088 | lr 0.010000 | ms/batch 446.56 | loss     6.2970 | aux_loss     0.0000 | ppl   542.9452
INFO:root:| epoch   1 | batch 41216 | lr 0.010000 | ms/batch 449.77 | loss     6.3003 | aux_loss     0.0000 | ppl   544.7495
INFO:root:| epoch   1 | batch 41344 | lr 0.010000 | ms/batch 444.84 | loss     6.3033 | aux_loss     0.0000 | ppl   546.3836
INFO:root:| epoch   1 | batch 41472 | lr 0.010000 | ms/batch 442.80 | loss     6.3004 | aux_loss     0.0000 | ppl   544.7795
INFO:root:| epoch   1 | batch 41600 | lr 0.010000 | ms/batch 438.15 | loss     6.2920 | aux_loss     0.0000 | ppl   540.2185
INFO:root:| epoch   1 | batch 41728 | lr 0.010000 | ms/batch 443.98 | loss     6.2940 | aux_loss     0.0000 | ppl   541.3133
INFO:root:| epoch   1 | batch 41856 | lr 0.010000 | ms/batch 442.45 | loss     6.2918 | aux_loss     0.0000 | ppl   540.1128
INFO:root:| epoch   1 | batch 41984 | lr 0.010000 | ms/batch 444.48 | loss     6.2930 | aux_loss     0.0000 | ppl   540.7497
INFO:root:| epoch   1 | batch 42112 | lr 0.010000 | ms/batch 441.35 | loss     6.2903 | aux_loss     0.0000 | ppl   539.3087
INFO:root:| epoch   1 | batch 42240 | lr 0.010000 | ms/batch 443.00 | loss     6.2894 | aux_loss     0.0000 | ppl   538.8512
INFO:root:| epoch   1 | batch 42368 | lr 0.010000 | ms/batch 445.00 | loss     6.2929 | aux_loss     0.0000 | ppl   540.7071
INFO:root:| epoch   1 | batch 42496 | lr 0.010000 | ms/batch 443.81 | loss     6.2881 | aux_loss     0.0000 | ppl   538.1035
INFO:root:| epoch   1 | batch 42624 | lr 0.010000 | ms/batch 444.11 | loss     6.2835 | aux_loss     0.0000 | ppl   535.6770
INFO:root:| epoch   1 | batch 42752 | lr 0.010000 | ms/batch 440.61 | loss     6.2874 | aux_loss     0.0000 | ppl   537.7352
INFO:root:| epoch   1 | batch 42880 | lr 0.010000 | ms/batch 440.03 | loss     6.2871 | aux_loss     0.0000 | ppl   537.5902
INFO:root:| epoch   1 | batch 43008 | lr 0.010000 | ms/batch 444.67 | loss     6.2862 | aux_loss     0.0000 | ppl   537.1125
INFO:root:| epoch   1 | batch 43136 | lr 0.010000 | ms/batch 437.12 | loss     6.2840 | aux_loss     0.0000 | ppl   535.9475
INFO:root:| epoch   1 | batch 43264 | lr 0.010000 | ms/batch 438.05 | loss     6.2826 | aux_loss     0.0000 | ppl   535.1945
INFO:root:| epoch   1 | batch 43392 | lr 0.010000 | ms/batch 443.65 | loss     6.2843 | aux_loss     0.0000 | ppl   536.1063
INFO:root:| epoch   1 | batch 43520 | lr 0.010000 | ms/batch 440.08 | loss     6.2841 | aux_loss     0.0000 | ppl   535.9645
INFO:root:| epoch   1 | batch 43648 | lr 0.010000 | ms/batch 440.55 | loss     6.2810 | aux_loss     0.0000 | ppl   534.3163
INFO:root:| epoch   1 | batch 43776 | lr 0.010000 | ms/batch 441.08 | loss     6.2834 | aux_loss     0.0000 | ppl   535.6171
INFO:root:| epoch   1 | batch 43904 | lr 0.010000 | ms/batch 443.88 | loss     6.2792 | aux_loss     0.0000 | ppl   533.3680
INFO:root:| epoch   1 | batch 44032 | lr 0.010000 | ms/batch 440.53 | loss     6.2730 | aux_loss     0.0000 | ppl   530.0894
INFO:root:| epoch   1 | batch 44160 | lr 0.010000 | ms/batch 441.84 | loss     6.2747 | aux_loss     0.0000 | ppl   530.9619
INFO:root:| epoch   1 | batch 44288 | lr 0.010000 | ms/batch 447.22 | loss     6.2811 | aux_loss     0.0000 | ppl   534.3996
INFO:root:| epoch   1 | batch 44416 | lr 0.010000 | ms/batch 443.00 | loss     6.2722 | aux_loss     0.0000 | ppl   529.6515
INFO:root:| epoch   1 | batch 44544 | lr 0.010000 | ms/batch 438.01 | loss     6.2770 | aux_loss     0.0000 | ppl   532.2034
INFO:root:| epoch   1 | batch 44672 | lr 0.010000 | ms/batch 469.10 | loss     6.2762 | aux_loss     0.0000 | ppl   531.7887
INFO:root:| epoch   1 | batch 44800 | lr 0.010000 | ms/batch 445.26 | loss     6.2756 | aux_loss     0.0000 | ppl   531.4634
INFO:root:| epoch   1 | batch 44928 | lr 0.010000 | ms/batch 442.85 | loss     6.2743 | aux_loss     0.0000 | ppl   530.7644
INFO:root:| epoch   1 | batch 45056 | lr 0.010000 | ms/batch 440.90 | loss     6.2656 | aux_loss     0.0000 | ppl   526.1703
INFO:root:| epoch   1 | batch 45184 | lr 0.010000 | ms/batch 445.57 | loss     6.2704 | aux_loss     0.0000 | ppl   528.6840
INFO:root:| epoch   1 | batch 45312 | lr 0.010000 | ms/batch 437.49 | loss     6.2748 | aux_loss     0.0000 | ppl   531.0072
INFO:root:| epoch   1 | batch 45440 | lr 0.010000 | ms/batch 439.92 | loss     6.2678 | aux_loss     0.0000 | ppl   527.3089
INFO:root:| epoch   1 | batch 45568 | lr 0.010000 | ms/batch 436.61 | loss     6.2703 | aux_loss     0.0000 | ppl   528.6604
INFO:root:| epoch   1 | batch 45696 | lr 0.010000 | ms/batch 438.33 | loss     6.2664 | aux_loss     0.0000 | ppl   526.5532
INFO:root:| epoch   1 | batch 45824 | lr 0.010000 | ms/batch 441.34 | loss     6.2711 | aux_loss     0.0000 | ppl   529.0819
INFO:root:| epoch   1 | batch 45952 | lr 0.010000 | ms/batch 440.65 | loss     6.2623 | aux_loss     0.0000 | ppl   524.4075
INFO:root:| epoch   1 | batch 46080 | lr 0.010000 | ms/batch 444.00 | loss     6.2661 | aux_loss     0.0000 | ppl   526.4465
INFO:root:| epoch   1 | batch 46208 | lr 0.010000 | ms/batch 445.62 | loss     6.2671 | aux_loss     0.0000 | ppl   526.9255
INFO:root:| epoch   1 | batch 46336 | lr 0.010000 | ms/batch 443.02 | loss     6.2586 | aux_loss     0.0000 | ppl   522.4636
INFO:root:| epoch   1 | batch 46464 | lr 0.010000 | ms/batch 444.59 | loss     6.2683 | aux_loss     0.0000 | ppl   527.5609
INFO:root:| epoch   1 | batch 46592 | lr 0.010000 | ms/batch 466.44 | loss     6.2649 | aux_loss     0.0000 | ppl   525.7678
INFO:root:| epoch   1 | batch 46720 | lr 0.010000 | ms/batch 446.91 | loss     6.2653 | aux_loss     0.0000 | ppl   526.0185
INFO:root:| epoch   1 | batch 46848 | lr 0.010000 | ms/batch 442.60 | loss     6.2587 | aux_loss     0.0000 | ppl   522.5161
INFO:root:| epoch   1 | batch 46976 | lr 0.010000 | ms/batch 442.26 | loss     6.2598 | aux_loss     0.0000 | ppl   523.1082
INFO:root:| epoch   1 | batch 47104 | lr 0.010000 | ms/batch 445.06 | loss     6.2611 | aux_loss     0.0000 | ppl   523.7800
INFO:root:| epoch   1 | batch 47232 | lr 0.010000 | ms/batch 443.06 | loss     6.2553 | aux_loss     0.0000 | ppl   520.7407
INFO:root:| epoch   1 | batch 47360 | lr 0.010000 | ms/batch 448.20 | loss     6.2571 | aux_loss     0.0000 | ppl   521.6804
INFO:root:| epoch   1 | batch 47488 | lr 0.010000 | ms/batch 448.53 | loss     6.2520 | aux_loss     0.0000 | ppl   519.0507
INFO:root:| epoch   1 | batch 47616 | lr 0.010000 | ms/batch 443.24 | loss     6.2558 | aux_loss     0.0000 | ppl   521.0122
INFO:root:| epoch   1 | batch 47744 | lr 0.010000 | ms/batch 443.45 | loss     6.2551 | aux_loss     0.0000 | ppl   520.6781
INFO:root:| epoch   1 | batch 47872 | lr 0.010000 | ms/batch 441.70 | loss     6.2566 | aux_loss     0.0000 | ppl   521.4687
INFO:root:| epoch   1 | batch 48000 | lr 0.010000 | ms/batch 441.60 | loss     6.2532 | aux_loss     0.0000 | ppl   519.6600
INFO:root:| epoch   1 | batch 48128 | lr 0.010000 | ms/batch 435.33 | loss     6.2510 | aux_loss     0.0000 | ppl   518.5414
INFO:root:| epoch   1 | batch 48256 | lr 0.010000 | ms/batch 443.37 | loss     6.2554 | aux_loss     0.0000 | ppl   520.8170
INFO:root:| epoch   1 | batch 48384 | lr 0.010000 | ms/batch 443.16 | loss     6.2520 | aux_loss     0.0000 | ppl   519.0499
INFO:root:| epoch   1 | batch 48512 | lr 0.010000 | ms/batch 454.13 | loss     6.2472 | aux_loss     0.0000 | ppl   516.5673
INFO:root:| epoch   1 | batch 48640 | lr 0.010000 | ms/batch 435.90 | loss     6.2483 | aux_loss     0.0000 | ppl   517.1304
INFO:root:| epoch   1 | batch 48768 | lr 0.010000 | ms/batch 465.04 | loss     6.2471 | aux_loss     0.0000 | ppl   516.5233
INFO:root:| epoch   1 | batch 48896 | lr 0.010000 | ms/batch 447.72 | loss     6.2507 | aux_loss     0.0000 | ppl   518.3529
INFO:root:| epoch   1 | batch 49024 | lr 0.010000 | ms/batch 443.68 | loss     6.2487 | aux_loss     0.0000 | ppl   517.3415
INFO:root:| epoch   1 | batch 49152 | lr 0.010000 | ms/batch 441.35 | loss     6.2483 | aux_loss     0.0000 | ppl   517.1138
INFO:root:| epoch   1 | batch 49280 | lr 0.010000 | ms/batch 477.83 | loss     6.2466 | aux_loss     0.0000 | ppl   516.2611
INFO:root:| epoch   1 | batch 49408 | lr 0.010000 | ms/batch 464.28 | loss     6.2430 | aux_loss     0.0000 | ppl   514.3830
INFO:root:| epoch   1 | batch 49536 | lr 0.010000 | ms/batch 447.06 | loss     6.2447 | aux_loss     0.0000 | ppl   515.2532
INFO:root:| epoch   1 | batch 49664 | lr 0.010000 | ms/batch 449.69 | loss     6.2425 | aux_loss     0.0000 | ppl   514.1552
INFO:root:| epoch   1 | batch 49792 | lr 0.010000 | ms/batch 447.73 | loss     6.2505 | aux_loss     0.0000 | ppl   518.2462
INFO:root:| epoch   1 | batch 49920 | lr 0.010000 | ms/batch 449.48 | loss     6.2434 | aux_loss     0.0000 | ppl   514.6215
INFO:root:| epoch   1 | batch 50048 | lr 0.010000 | ms/batch 448.36 | loss     6.2453 | aux_loss     0.0000 | ppl   515.6072
INFO:root:| epoch   1 | batch 50176 | lr 0.010000 | ms/batch 448.71 | loss     6.2480 | aux_loss     0.0000 | ppl   516.9560
INFO:root:| epoch   1 | batch 50304 | lr 0.010000 | ms/batch 442.82 | loss     6.2400 | aux_loss     0.0000 | ppl   512.8646
INFO:root:| epoch   1 | batch 50432 | lr 0.010000 | ms/batch 442.75 | loss     6.2378 | aux_loss     0.0000 | ppl   511.7169
INFO:root:| epoch   1 | batch 50560 | lr 0.010000 | ms/batch 442.19 | loss     6.2420 | aux_loss     0.0000 | ppl   513.8887
INFO:root:| epoch   1 | batch 50688 | lr 0.010000 | ms/batch 441.47 | loss     6.2459 | aux_loss     0.0000 | ppl   515.9057
INFO:root:| epoch   1 | batch 50816 | lr 0.010000 | ms/batch 435.92 | loss     6.2422 | aux_loss     0.0000 | ppl   513.9751
INFO:root:| epoch   1 | batch 50944 | lr 0.010000 | ms/batch 436.96 | loss     6.2400 | aux_loss     0.0000 | ppl   512.8627
INFO:root:| epoch   1 | batch 51072 | lr 0.010000 | ms/batch 436.49 | loss     6.2336 | aux_loss     0.0000 | ppl   509.5791
INFO:root:| epoch   1 | batch 51200 | lr 0.010000 | ms/batch 443.30 | loss     6.2326 | aux_loss     0.0000 | ppl   509.0803
INFO:root:| epoch   1 | batch 51328 | lr 0.010000 | ms/batch 445.53 | loss     6.2387 | aux_loss     0.0000 | ppl   512.2089
INFO:root:| epoch   1 | batch 51456 | lr 0.010000 | ms/batch 436.71 | loss     6.2396 | aux_loss     0.0000 | ppl   512.6711
INFO:root:| epoch   1 | batch 51584 | lr 0.010000 | ms/batch 439.43 | loss     6.2321 | aux_loss     0.0000 | ppl   508.8276
INFO:root:-----------------------------------------------------------------------------------------
INFO:root:| End of training | test loss 6.1596 | test ppl   473.2177
INFO:root:-----------------------------------------------------------------------------------------
