WARNING: You have a CUDA device, so you should probably run with --cuda
Gating function is:  none
Running without errors
| epoch   1 |   200/ 2983 batches | lr 0.20 | ms/batch 767.44 | loss  8.37 | ppl  4330.27
| epoch   1 |   400/ 2983 batches | lr 0.20 | ms/batch 759.23 | loss  7.10 | ppl  1211.57
| epoch   1 |   600/ 2983 batches | lr 0.20 | ms/batch 759.58 | loss  6.82 | ppl   911.64
| epoch   1 |   800/ 2983 batches | lr 0.20 | ms/batch 759.70 | loss  6.72 | ppl   826.50
| epoch   1 |  1000/ 2983 batches | lr 0.20 | ms/batch 759.93 | loss  6.65 | ppl   770.46
| epoch   1 |  1200/ 2983 batches | lr 0.20 | ms/batch 759.71 | loss  6.64 | ppl   765.63
| epoch   1 |  1400/ 2983 batches | lr 0.20 | ms/batch 760.30 | loss  6.58 | ppl   722.59
| epoch   1 |  1600/ 2983 batches | lr 0.20 | ms/batch 774.38 | loss  6.60 | ppl   734.55
| epoch   1 |  1800/ 2983 batches | lr 0.20 | ms/batch 761.20 | loss  6.52 | ppl   676.92
| epoch   1 |  2000/ 2983 batches | lr 0.20 | ms/batch 762.17 | loss  6.53 | ppl   687.69
| epoch   1 |  2200/ 2983 batches | lr 0.20 | ms/batch 762.64 | loss  6.47 | ppl   646.93
| epoch   1 |  2400/ 2983 batches | lr 0.20 | ms/batch 762.99 | loss  6.46 | ppl   640.63
| epoch   1 |  2600/ 2983 batches | lr 0.20 | ms/batch 777.00 | loss  6.47 | ppl   646.03
| epoch   1 |  2800/ 2983 batches | lr 0.20 | ms/batch 764.67 | loss  6.42 | ppl   611.77
-----------------------------------------------------------------------------------------
| end of epoch   1 | time: 2354.18s | valid loss  2.61 | valid ppl    13.53
-----------------------------------------------------------------------------------------
Running without errors
| epoch   2 |   200/ 2983 batches | lr 0.20 | ms/batch 763.77 | loss  6.37 | ppl   584.32
| epoch   2 |   400/ 2983 batches | lr 0.20 | ms/batch 772.52 | loss  6.35 | ppl   570.02
| epoch   2 |   600/ 2983 batches | lr 0.20 | ms/batch 764.33 | loss  6.26 | ppl   524.85
| epoch   2 |   800/ 2983 batches | lr 0.20 | ms/batch 777.72 | loss  6.30 | ppl   543.98
| epoch   2 |  1000/ 2983 batches | lr 0.20 | ms/batch 767.34 | loss  6.28 | ppl   531.22
| epoch   2 |  1200/ 2983 batches | lr 0.20 | ms/batch 769.30 | loss  6.31 | ppl   550.87
| epoch   2 |  1400/ 2983 batches | lr 0.20 | ms/batch 763.13 | loss  6.29 | ppl   541.77
| epoch   2 |  1600/ 2983 batches | lr 0.20 | ms/batch 762.12 | loss  6.32 | ppl   557.79
| epoch   2 |  1800/ 2983 batches | lr 0.20 | ms/batch 766.82 | loss  6.25 | ppl   518.55
| epoch   2 |  2000/ 2983 batches | lr 0.20 | ms/batch 767.64 | loss  6.29 | ppl   540.76
| epoch   2 |  2200/ 2983 batches | lr 0.20 | ms/batch 765.83 | loss  6.23 | ppl   507.11
| epoch   2 |  2400/ 2983 batches | lr 0.20 | ms/batch 772.37 | loss  6.24 | ppl   510.43
| epoch   2 |  2600/ 2983 batches | lr 0.20 | ms/batch 769.22 | loss  6.25 | ppl   520.46
| epoch   2 |  2800/ 2983 batches | lr 0.20 | ms/batch 768.91 | loss  6.21 | ppl   498.51
-----------------------------------------------------------------------------------------
| end of epoch   2 | time: 2366.93s | valid loss  2.53 | valid ppl    12.54
-----------------------------------------------------------------------------------------
Running without errors
| epoch   3 |   200/ 2983 batches | lr 0.20 | ms/batch 767.28 | loss  6.20 | ppl   491.57
| epoch   3 |   400/ 2983 batches | lr 0.20 | ms/batch 766.54 | loss  6.18 | ppl   482.34
| epoch   3 |   600/ 2983 batches | lr 0.20 | ms/batch 765.65 | loss  6.09 | ppl   440.00
| epoch   3 |   800/ 2983 batches | lr 0.20 | ms/batch 772.92 | loss  6.14 | ppl   461.89
| epoch   3 |  1000/ 2983 batches | lr 0.20 | ms/batch 769.08 | loss  6.11 | ppl   449.89
| epoch   3 |  1200/ 2983 batches | lr 0.20 | ms/batch 779.55 | loss  6.14 | ppl   466.03
| epoch   3 |  1400/ 2983 batches | lr 0.20 | ms/batch 771.03 | loss  6.14 | ppl   463.72
| epoch   3 |  1600/ 2983 batches | lr 0.20 | ms/batch 776.59 | loss  6.17 | ppl   476.45
| epoch   3 |  1800/ 2983 batches | lr 0.20 | ms/batch 770.21 | loss  6.09 | ppl   442.30
| epoch   3 |  2000/ 2983 batches | lr 0.20 | ms/batch 773.21 | loss  6.14 | ppl   463.28
| epoch   3 |  2200/ 2983 batches | lr 0.20 | ms/batch 766.57 | loss  6.07 | ppl   431.37
| epoch   3 |  2400/ 2983 batches | lr 0.20 | ms/batch 777.42 | loss  6.08 | ppl   436.94
| epoch   3 |  2600/ 2983 batches | lr 0.20 | ms/batch 768.87 | loss  6.10 | ppl   446.45
| epoch   3 |  2800/ 2983 batches | lr 0.20 | ms/batch 770.44 | loss  6.06 | ppl   428.48
-----------------------------------------------------------------------------------------
| end of epoch   3 | time: 2369.08s | valid loss  2.48 | valid ppl    11.98
-----------------------------------------------------------------------------------------
Running without errors
| epoch   4 |   200/ 2983 batches | lr 0.20 | ms/batch 770.88 | loss  6.06 | ppl   429.81
| epoch   4 |   400/ 2983 batches | lr 0.20 | ms/batch 773.49 | loss  6.05 | ppl   422.87
| epoch   4 |   600/ 2983 batches | lr 0.20 | ms/batch 767.80 | loss  5.95 | ppl   383.78
| epoch   4 |   800/ 2983 batches | lr 0.20 | ms/batch 768.28 | loss  6.01 | ppl   407.92
| epoch   4 |  1000/ 2983 batches | lr 0.20 | ms/batch 767.00 | loss  5.98 | ppl   396.06
| epoch   4 |  1200/ 2983 batches | lr 0.20 | ms/batch 782.66 | loss  6.02 | ppl   412.03
| epoch   4 |  1400/ 2983 batches | lr 0.20 | ms/batch 767.19 | loss  6.02 | ppl   412.71
| epoch   4 |  1600/ 2983 batches | lr 0.20 | ms/batch 769.42 | loss  6.05 | ppl   424.26
| epoch   4 |  1800/ 2983 batches | lr 0.20 | ms/batch 775.92 | loss  5.98 | ppl   393.85
| epoch   4 |  2000/ 2983 batches | lr 0.20 | ms/batch 777.54 | loss  6.03 | ppl   414.60
| epoch   4 |  2200/ 2983 batches | lr 0.20 | ms/batch 767.35 | loss  5.95 | ppl   384.35
| epoch   4 |  2400/ 2983 batches | lr 0.20 | ms/batch 766.16 | loss  5.97 | ppl   390.69
| epoch   4 |  2600/ 2983 batches | lr 0.20 | ms/batch 768.08 | loss  5.99 | ppl   399.93
| epoch   4 |  2800/ 2983 batches | lr 0.20 | ms/batch 785.61 | loss  5.95 | ppl   384.01
-----------------------------------------------------------------------------------------
| end of epoch   4 | time: 2375.38s | valid loss  2.46 | valid ppl    11.68
-----------------------------------------------------------------------------------------
Running without errors
| epoch   5 |   200/ 2983 batches | lr 0.20 | ms/batch 769.88 | loss  5.96 | ppl   388.41
| epoch   5 |   400/ 2983 batches | lr 0.20 | ms/batch 770.04 | loss  5.95 | ppl   383.86
| epoch   5 |   600/ 2983 batches | lr 0.20 | ms/batch 770.40 | loss  5.85 | ppl   347.10
| epoch   5 |   800/ 2983 batches | lr 0.20 | ms/batch 773.99 | loss  5.91 | ppl   370.17
| epoch   5 |  1000/ 2983 batches | lr 0.20 | ms/batch 771.72 | loss  5.88 | ppl   358.58
| epoch   5 |  1200/ 2983 batches | lr 0.20 | ms/batch 770.06 | loss  5.92 | ppl   373.16
| epoch   5 |  1400/ 2983 batches | lr 0.20 | ms/batch 772.03 | loss  5.93 | ppl   375.37
| epoch   5 |  1600/ 2983 batches | lr 0.20 | ms/batch 783.43 | loss  5.96 | ppl   386.52
| epoch   5 |  1800/ 2983 batches | lr 0.20 | ms/batch 767.46 | loss  5.88 | ppl   357.96
| epoch   5 |  2000/ 2983 batches | lr 0.20 | ms/batch 772.66 | loss  5.93 | ppl   377.60
| epoch   5 |  2200/ 2983 batches | lr 0.20 | ms/batch 779.30 | loss  5.86 | ppl   349.23
| epoch   5 |  2400/ 2983 batches | lr 0.20 | ms/batch 768.67 | loss  5.87 | ppl   356.00
| epoch   5 |  2600/ 2983 batches | lr 0.20 | ms/batch 775.07 | loss  5.90 | ppl   364.53
| epoch   5 |  2800/ 2983 batches | lr 0.20 | ms/batch 771.78 | loss  5.86 | ppl   350.38
-----------------------------------------------------------------------------------------
| end of epoch   5 | time: 2375.82s | valid loss  2.44 | valid ppl    11.46
-----------------------------------------------------------------------------------------
Running without errors
| epoch   6 |   200/ 2983 batches | lr 0.20 | ms/batch 766.41 | loss  5.88 | ppl   356.42
| epoch   6 |   400/ 2983 batches | lr 0.20 | ms/batch 792.55 | loss  5.86 | ppl   351.38
| epoch   6 |   600/ 2983 batches | lr 0.20 | ms/batch 767.17 | loss  5.76 | ppl   317.42
| epoch   6 |   800/ 2983 batches | lr 0.20 | ms/batch 772.80 | loss  5.83 | ppl   340.11
| epoch   6 |  1000/ 2983 batches | lr 0.20 | ms/batch 778.92 | loss  5.80 | ppl   329.15
| epoch   6 |  1200/ 2983 batches | lr 0.20 | ms/batch 787.27 | loss  5.84 | ppl   342.77
| epoch   6 |  1400/ 2983 batches | lr 0.20 | ms/batch 781.88 | loss  5.85 | ppl   346.59
| epoch   6 |  1600/ 2983 batches | lr 0.20 | ms/batch 788.23 | loss  5.88 | ppl   356.26
| epoch   6 |  1800/ 2983 batches | lr 0.20 | ms/batch 779.94 | loss  5.80 | ppl   329.73
| epoch   6 |  2000/ 2983 batches | lr 0.20 | ms/batch 786.64 | loss  5.85 | ppl   348.33
| epoch   6 |  2200/ 2983 batches | lr 0.20 | ms/batch 780.02 | loss  5.77 | ppl   319.52
| epoch   6 |  2400/ 2983 batches | lr 0.20 | ms/batch 789.33 | loss  5.79 | ppl   328.25
| epoch   6 |  2600/ 2983 batches | lr 0.20 | ms/batch 778.12 | loss  5.82 | ppl   336.62
| epoch   6 |  2800/ 2983 batches | lr 0.20 | ms/batch 782.04 | loss  5.78 | ppl   322.41
-----------------------------------------------------------------------------------------
| end of epoch   6 | time: 2402.25s | valid loss  2.43 | valid ppl    11.31
-----------------------------------------------------------------------------------------
Running without errors
| epoch   7 |   200/ 2983 batches | lr 0.20 | ms/batch 794.19 | loss  5.80 | ppl   330.97
| epoch   7 |   400/ 2983 batches | lr 0.20 | ms/batch 778.96 | loss  5.79 | ppl   325.47
| epoch   7 |   600/ 2983 batches | lr 0.20 | ms/batch 792.33 | loss  5.68 | ppl   293.13
| epoch   7 |   800/ 2983 batches | lr 0.20 | ms/batch 777.87 | loss  5.75 | ppl   315.18
| epoch   7 |  1000/ 2983 batches | lr 0.20 | ms/batch 755.58 | loss  5.72 | ppl   304.42
| epoch   7 |  1200/ 2983 batches | lr 0.20 | ms/batch 788.85 | loss  5.76 | ppl   317.82
| epoch   7 |  1400/ 2983 batches | lr 0.20 | ms/batch 791.28 | loss  5.77 | ppl   321.36
| epoch   7 |  1600/ 2983 batches | lr 0.20 | ms/batch 783.56 | loss  5.80 | ppl   330.84
| epoch   7 |  1800/ 2983 batches | lr 0.20 | ms/batch 780.87 | loss  5.73 | ppl   307.17
| epoch   7 |  2000/ 2983 batches | lr 0.20 | ms/batch 783.30 | loss  5.78 | ppl   324.46
| epoch   7 |  2200/ 2983 batches | lr 0.20 | ms/batch 781.19 | loss  5.69 | ppl   295.40
| epoch   7 |  2400/ 2983 batches | lr 0.20 | ms/batch 781.28 | loss  5.72 | ppl   304.01
| epoch   7 |  2600/ 2983 batches | lr 0.20 | ms/batch 781.07 | loss  5.74 | ppl   311.77
| epoch   7 |  2800/ 2983 batches | lr 0.20 | ms/batch 796.98 | loss  5.70 | ppl   298.44
-----------------------------------------------------------------------------------------
| end of epoch   7 | time: 2410.93s | valid loss  2.41 | valid ppl    11.15
-----------------------------------------------------------------------------------------
Running without errors
| epoch   8 |   200/ 2983 batches | lr 0.20 | ms/batch 780.67 | loss  5.73 | ppl   306.77
| epoch   8 |   400/ 2983 batches | lr 0.20 | ms/batch 778.22 | loss  5.71 | ppl   303.02
| epoch   8 |   600/ 2983 batches | lr 0.20 | ms/batch 788.03 | loss  5.61 | ppl   272.46
| epoch   8 |   800/ 2983 batches | lr 0.20 | ms/batch 786.02 | loss  5.68 | ppl   293.64
| epoch   8 |  1000/ 2983 batches | lr 0.20 | ms/batch 775.97 | loss  5.65 | ppl   282.92
| epoch   8 |  1200/ 2983 batches | lr 0.20 | ms/batch 784.84 | loss  5.69 | ppl   296.52
| epoch   8 |  1400/ 2983 batches | lr 0.20 | ms/batch 775.63 | loss  5.70 | ppl   299.55
| epoch   8 |  1600/ 2983 batches | lr 0.20 | ms/batch 775.59 | loss  5.73 | ppl   309.00
| epoch   8 |  1800/ 2983 batches | lr 0.20 | ms/batch 779.54 | loss  5.66 | ppl   287.11
| epoch   8 |  2000/ 2983 batches | lr 0.20 | ms/batch 781.39 | loss  5.71 | ppl   302.30
| epoch   8 |  2200/ 2983 batches | lr 0.20 | ms/batch 779.11 | loss  5.62 | ppl   274.72
| epoch   8 |  2400/ 2983 batches | lr 0.20 | ms/batch 779.65 | loss  5.65 | ppl   283.74
| epoch   8 |  2600/ 2983 batches | lr 0.20 | ms/batch 779.87 | loss  5.67 | ppl   291.10
| epoch   8 |  2800/ 2983 batches | lr 0.20 | ms/batch 784.05 | loss  5.63 | ppl   278.24
-----------------------------------------------------------------------------------------
| end of epoch   8 | time: 2400.56s | valid loss  2.40 | valid ppl    11.05
-----------------------------------------------------------------------------------------
Running without errors
| epoch   9 |   200/ 2983 batches | lr 0.20 | ms/batch 781.39 | loss  5.66 | ppl   287.24
| epoch   9 |   400/ 2983 batches | lr 0.20 | ms/batch 763.94 | loss  5.65 | ppl   284.04
| epoch   9 |   600/ 2983 batches | lr 0.20 | ms/batch 770.03 | loss  5.54 | ppl   254.44
| epoch   9 |   800/ 2983 batches | lr 0.20 | ms/batch 787.71 | loss  5.62 | ppl   274.94
| epoch   9 |  1000/ 2983 batches | lr 0.20 | ms/batch 790.05 | loss  5.58 | ppl   264.36
| epoch   9 |  1200/ 2983 batches | lr 0.20 | ms/batch 775.87 | loss  5.63 | ppl   277.29
| epoch   9 |  1400/ 2983 batches | lr 0.20 | ms/batch 775.39 | loss  5.64 | ppl   280.51
| epoch   9 |  1600/ 2983 batches | lr 0.20 | ms/batch 793.42 | loss  5.67 | ppl   289.38
| epoch   9 |  1800/ 2983 batches | lr 0.20 | ms/batch 782.48 | loss  5.60 | ppl   269.27
| epoch   9 |  2000/ 2983 batches | lr 0.20 | ms/batch 777.76 | loss  5.64 | ppl   282.61
| epoch   9 |  2200/ 2983 batches | lr 0.20 | ms/batch 776.59 | loss  5.55 | ppl   256.86
| epoch   9 |  2400/ 2983 batches | lr 0.20 | ms/batch 794.85 | loss  5.58 | ppl   265.54
| epoch   9 |  2600/ 2983 batches | lr 0.20 | ms/batch 779.27 | loss  5.61 | ppl   274.15
| epoch   9 |  2800/ 2983 batches | lr 0.20 | ms/batch 776.79 | loss  5.56 | ppl   260.79
-----------------------------------------------------------------------------------------
| end of epoch   9 | time: 2403.41s | valid loss  2.40 | valid ppl    10.97
-----------------------------------------------------------------------------------------
Running without errors
| epoch  10 |   200/ 2983 batches | lr 0.20 | ms/batch 786.53 | loss  5.60 | ppl   269.72
| epoch  10 |   400/ 2983 batches | lr 0.20 | ms/batch 789.14 | loss  5.59 | ppl   266.64
| epoch  10 |   600/ 2983 batches | lr 0.20 | ms/batch 775.77 | loss  5.48 | ppl   238.92
| epoch  10 |   800/ 2983 batches | lr 0.20 | ms/batch 778.77 | loss  5.55 | ppl   258.50
| epoch  10 |  1000/ 2983 batches | lr 0.20 | ms/batch 790.51 | loss  5.52 | ppl   249.11
| epoch  10 |  1200/ 2983 batches | lr 0.20 | ms/batch 785.56 | loss  5.57 | ppl   261.15
| epoch  10 |  1400/ 2983 batches | lr 0.20 | ms/batch 777.52 | loss  5.58 | ppl   264.08
| epoch  10 |  1600/ 2983 batches | lr 0.20 | ms/batch 779.28 | loss  5.61 | ppl   273.18
| epoch  10 |  1800/ 2983 batches | lr 0.20 | ms/batch 792.04 | loss  5.54 | ppl   254.30
| epoch  10 |  2000/ 2983 batches | lr 0.20 | ms/batch 777.73 | loss  5.59 | ppl   266.94
| epoch  10 |  2200/ 2983 batches | lr 0.20 | ms/batch 776.04 | loss  5.48 | ppl   240.93
| epoch  10 |  2400/ 2983 batches | lr 0.20 | ms/batch 781.98 | loss  5.52 | ppl   250.50
| epoch  10 |  2600/ 2983 batches | lr 0.20 | ms/batch 785.36 | loss  5.55 | ppl   258.21
| epoch  10 |  2800/ 2983 batches | lr 0.20 | ms/batch 776.72 | loss  5.50 | ppl   245.69
-----------------------------------------------------------------------------------------
| end of epoch  10 | time: 2404.36s | valid loss  2.39 | valid ppl    10.89
-----------------------------------------------------------------------------------------
Running without errors
| epoch  11 |   200/ 2983 batches | lr 0.20 | ms/batch 782.17 | loss  5.54 | ppl   255.25
| epoch  11 |   400/ 2983 batches | lr 0.20 | ms/batch 773.75 | loss  5.53 | ppl   252.16
| epoch  11 |   600/ 2983 batches | lr 0.20 | ms/batch 775.15 | loss  5.42 | ppl   226.17
| epoch  11 |   800/ 2983 batches | lr 0.20 | ms/batch 778.34 | loss  5.50 | ppl   244.62
| epoch  11 |  1000/ 2983 batches | lr 0.20 | ms/batch 776.40 | loss  5.46 | ppl   236.17
| epoch  11 |  1200/ 2983 batches | lr 0.20 | ms/batch 777.46 | loss  5.51 | ppl   246.84
| epoch  11 |  1400/ 2983 batches | lr 0.20 | ms/batch 774.97 | loss  5.52 | ppl   249.54
| epoch  11 |  1600/ 2983 batches | lr 0.20 | ms/batch 775.24 | loss  5.55 | ppl   258.33
| epoch  11 |  1800/ 2983 batches | lr 0.20 | ms/batch 790.08 | loss  5.49 | ppl   241.31
| epoch  11 |  2000/ 2983 batches | lr 0.20 | ms/batch 778.60 | loss  5.53 | ppl   252.02
| epoch  11 |  2200/ 2983 batches | lr 0.20 | ms/batch 776.92 | loss  5.43 | ppl   228.28
| epoch  11 |  2400/ 2983 batches | lr 0.20 | ms/batch 782.09 | loss  5.47 | ppl   236.97
| epoch  11 |  2600/ 2983 batches | lr 0.20 | ms/batch 790.52 | loss  5.50 | ppl   244.24
| epoch  11 |  2800/ 2983 batches | lr 0.20 | ms/batch 780.46 | loss  5.45 | ppl   232.33
-----------------------------------------------------------------------------------------
| end of epoch  11 | time: 2402.01s | valid loss  2.38 | valid ppl    10.84
-----------------------------------------------------------------------------------------
Running without errors
| epoch  12 |   200/ 2983 batches | lr 0.20 | ms/batch 792.66 | loss  5.49 | ppl   241.35
| epoch  12 |   400/ 2983 batches | lr 0.20 | ms/batch 773.33 | loss  5.48 | ppl   239.79
| epoch  12 |   600/ 2983 batches | lr 0.20 | ms/batch 776.27 | loss  5.37 | ppl   214.17
| epoch  12 |   800/ 2983 batches | lr 0.20 | ms/batch 786.77 | loss  5.45 | ppl   231.96
| epoch  12 |  1000/ 2983 batches | lr 0.20 | ms/batch 738.79 | loss  5.41 | ppl   223.45
| epoch  12 |  1200/ 2983 batches | lr 0.20 | ms/batch 785.01 | loss  5.45 | ppl   233.61
| epoch  12 |  1400/ 2983 batches | lr 0.20 | ms/batch 745.02 | loss  5.47 | ppl   236.49
| epoch  12 |  1600/ 2983 batches | lr 0.20 | ms/batch 782.85 | loss  5.50 | ppl   245.47
| epoch  12 |  1800/ 2983 batches | lr 0.20 | ms/batch 745.59 | loss  5.44 | ppl   229.78
| epoch  12 |  2000/ 2983 batches | lr 0.20 | ms/batch 784.41 | loss  5.48 | ppl   240.20
| epoch  12 |  2200/ 2983 batches | lr 0.20 | ms/batch 756.57 | loss  5.38 | ppl   216.60
| epoch  12 |  2400/ 2983 batches | lr 0.20 | ms/batch 775.94 | loss  5.41 | ppl   224.75
| epoch  12 |  2600/ 2983 batches | lr 0.20 | ms/batch 774.64 | loss  5.45 | ppl   232.38
| epoch  12 |  2800/ 2983 batches | lr 0.20 | ms/batch 758.77 | loss  5.40 | ppl   221.22
-----------------------------------------------------------------------------------------
| end of epoch  12 | time: 2371.12s | valid loss  2.38 | valid ppl    10.77
-----------------------------------------------------------------------------------------
Running without errors
| epoch  13 |   200/ 2983 batches | lr 0.20 | ms/batch 754.00 | loss  5.44 | ppl   230.29
| epoch  13 |   400/ 2983 batches | lr 0.20 | ms/batch 784.64 | loss  5.43 | ppl   228.03
| epoch  13 |   600/ 2983 batches | lr 0.20 | ms/batch 751.38 | loss  5.32 | ppl   203.51
| epoch  13 |   800/ 2983 batches | lr 0.20 | ms/batch 785.94 | loss  5.40 | ppl   221.15
| epoch  13 |  1000/ 2983 batches | lr 0.20 | ms/batch 754.51 | loss  5.36 | ppl   213.26
| epoch  13 |  1200/ 2983 batches | lr 0.20 | ms/batch 782.22 | loss  5.41 | ppl   223.08
| epoch  13 |  1400/ 2983 batches | lr 0.20 | ms/batch 758.76 | loss  5.42 | ppl   224.78
| epoch  13 |  1600/ 2983 batches | lr 0.20 | ms/batch 779.04 | loss  5.45 | ppl   233.69
| epoch  13 |  1800/ 2983 batches | lr 0.20 | ms/batch 770.76 | loss  5.39 | ppl   219.03
| epoch  13 |  2000/ 2983 batches | lr 0.20 | ms/batch 777.99 | loss  5.43 | ppl   228.59
| epoch  13 |  2200/ 2983 batches | lr 0.20 | ms/batch 789.67 | loss  5.33 | ppl   206.20
| epoch  13 |  2400/ 2983 batches | lr 0.20 | ms/batch 757.08 | loss  5.37 | ppl   214.65
| epoch  13 |  2600/ 2983 batches | lr 0.20 | ms/batch 779.65 | loss  5.40 | ppl   221.96
| epoch  13 |  2800/ 2983 batches | lr 0.20 | ms/batch 764.77 | loss  5.35 | ppl   210.91
-----------------------------------------------------------------------------------------
| end of epoch  13 | time: 2376.03s | valid loss  2.37 | valid ppl    10.72
-----------------------------------------------------------------------------------------
Running without errors
| epoch  14 |   200/ 2983 batches | lr 0.20 | ms/batch 755.31 | loss  5.39 | ppl   219.47
| epoch  14 |   400/ 2983 batches | lr 0.20 | ms/batch 782.85 | loss  5.38 | ppl   218.05
| epoch  14 |   600/ 2983 batches | lr 0.20 | ms/batch 759.59 | loss  5.27 | ppl   194.55
| epoch  14 |   800/ 2983 batches | lr 0.20 | ms/batch 780.72 | loss  5.35 | ppl   211.05
| epoch  14 |  1000/ 2983 batches | lr 0.20 | ms/batch 763.13 | loss  5.32 | ppl   203.57
| epoch  14 |  1200/ 2983 batches | lr 0.20 | ms/batch 783.15 | loss  5.36 | ppl   213.26
| epoch  14 |  1400/ 2983 batches | lr 0.20 | ms/batch 766.29 | loss  5.37 | ppl   214.39
| epoch  14 |  1600/ 2983 batches | lr 0.20 | ms/batch 764.68 | loss  5.41 | ppl   224.03
| epoch  14 |  1800/ 2983 batches | lr 0.20 | ms/batch 769.41 | loss  5.35 | ppl   210.10
| epoch  14 |  2000/ 2983 batches | lr 0.20 | ms/batch 764.50 | loss  5.39 | ppl   218.79
| epoch  14 |  2200/ 2983 batches | lr 0.20 | ms/batch 771.19 | loss  5.28 | ppl   196.85
| epoch  14 |  2400/ 2983 batches | lr 0.20 | ms/batch 785.65 | loss  5.32 | ppl   205.37
| epoch  14 |  2600/ 2983 batches | lr 0.20 | ms/batch 790.97 | loss  5.36 | ppl   212.16
| epoch  14 |  2800/ 2983 batches | lr 0.20 | ms/batch 760.78 | loss  5.31 | ppl   201.40
-----------------------------------------------------------------------------------------
| end of epoch  14 | time: 2381.60s | valid loss  2.37 | valid ppl    10.66
-----------------------------------------------------------------------------------------
Running without errors
| epoch  15 |   200/ 2983 batches | lr 0.20 | ms/batch 769.05 | loss  5.35 | ppl   210.36
| epoch  15 |   400/ 2983 batches | lr 0.20 | ms/batch 774.70 | loss  5.34 | ppl   209.17
| epoch  15 |   600/ 2983 batches | lr 0.20 | ms/batch 767.92 | loss  5.23 | ppl   185.99
| epoch  15 |   800/ 2983 batches | lr 0.20 | ms/batch 765.49 | loss  5.31 | ppl   202.33
| epoch  15 |  1000/ 2983 batches | lr 0.20 | ms/batch 787.94 | loss  5.28 | ppl   196.00
| epoch  15 |  1200/ 2983 batches | lr 0.20 | ms/batch 777.77 | loss  5.32 | ppl   204.37
| epoch  15 |  1400/ 2983 batches | lr 0.20 | ms/batch 766.32 | loss  5.33 | ppl   205.41
| epoch  15 |  1600/ 2983 batches | lr 0.20 | ms/batch 823.07 | loss  5.37 | ppl   214.51
| epoch  15 |  1800/ 2983 batches | lr 0.20 | ms/batch 776.83 | loss  5.31 | ppl   201.78
| epoch  15 |  2000/ 2983 batches | lr 0.20 | ms/batch 772.65 | loss  5.34 | ppl   209.45
| epoch  15 |  2200/ 2983 batches | lr 0.20 | ms/batch 774.79 | loss  5.24 | ppl   188.50
| epoch  15 |  2400/ 2983 batches | lr 0.20 | ms/batch 776.79 | loss  5.28 | ppl   196.51
| epoch  15 |  2600/ 2983 batches | lr 0.20 | ms/batch 755.60 | loss  5.32 | ppl   203.46
| epoch  15 |  2800/ 2983 batches | lr 0.20 | ms/batch 790.61 | loss  5.26 | ppl   193.12
-----------------------------------------------------------------------------------------
| end of epoch  15 | time: 2398.33s | valid loss  2.36 | valid ppl    10.62
-----------------------------------------------------------------------------------------
Running without errors
| epoch  16 |   200/ 2983 batches | lr 0.20 | ms/batch 769.35 | loss  5.30 | ppl   201.11
| epoch  16 |   400/ 2983 batches | lr 0.20 | ms/batch 790.59 | loss  5.30 | ppl   201.05
| epoch  16 |   600/ 2983 batches | lr 0.20 | ms/batch 759.65 | loss  5.18 | ppl   178.50
| epoch  16 |   800/ 2983 batches | lr 0.20 | ms/batch 793.12 | loss  5.27 | ppl   193.78
| epoch  16 |  1000/ 2983 batches | lr 0.20 | ms/batch 784.57 | loss  5.24 | ppl   187.74
| epoch  16 |  1200/ 2983 batches | lr 0.20 | ms/batch 766.57 | loss  5.28 | ppl   196.52
| epoch  16 |  1400/ 2983 batches | lr 0.20 | ms/batch 783.06 | loss  5.29 | ppl   197.40
| epoch  16 |  1600/ 2983 batches | lr 0.20 | ms/batch 773.70 | loss  5.33 | ppl   206.42
| epoch  16 |  1800/ 2983 batches | lr 0.20 | ms/batch 755.97 | loss  5.27 | ppl   193.71
| epoch  16 |  2000/ 2983 batches | lr 0.20 | ms/batch 798.30 | loss  5.30 | ppl   200.97
| epoch  16 |  2200/ 2983 batches | lr 0.20 | ms/batch 770.52 | loss  5.20 | ppl   181.39
| epoch  16 |  2400/ 2983 batches | lr 0.20 | ms/batch 764.33 | loss  5.24 | ppl   189.14
| epoch  16 |  2600/ 2983 batches | lr 0.20 | ms/batch 780.58 | loss  5.28 | ppl   195.71
| epoch  16 |  2800/ 2983 batches | lr 0.20 | ms/batch 784.09 | loss  5.22 | ppl   185.61
-----------------------------------------------------------------------------------------
| end of epoch  16 | time: 2390.33s | valid loss  2.36 | valid ppl    10.58
-----------------------------------------------------------------------------------------
Running without errors
| epoch  17 |   200/ 2983 batches | lr 0.20 | ms/batch 772.28 | loss  5.27 | ppl   193.85
| epoch  17 |   400/ 2983 batches | lr 0.20 | ms/batch 783.93 | loss  5.27 | ppl   193.59
| epoch  17 |   600/ 2983 batches | lr 0.20 | ms/batch 771.14 | loss  5.15 | ppl   171.77
| epoch  17 |   800/ 2983 batches | lr 0.20 | ms/batch 774.95 | loss  5.23 | ppl   187.60
| epoch  17 |  1000/ 2983 batches | lr 0.20 | ms/batch 780.57 | loss  5.20 | ppl   181.21
| epoch  17 |  1200/ 2983 batches | lr 0.20 | ms/batch 779.30 | loss  5.24 | ppl   189.23
| epoch  17 |  1400/ 2983 batches | lr 0.20 | ms/batch 767.29 | loss  5.25 | ppl   190.31
| epoch  17 |  1600/ 2983 batches | lr 0.20 | ms/batch 791.90 | loss  5.29 | ppl   198.73
| epoch  17 |  1800/ 2983 batches | lr 0.20 | ms/batch 772.31 | loss  5.23 | ppl   186.86
| epoch  17 |  2000/ 2983 batches | lr 0.20 | ms/batch 795.39 | loss  5.27 | ppl   193.88
| epoch  17 |  2200/ 2983 batches | lr 0.20 | ms/batch 772.27 | loss  5.16 | ppl   174.60
| epoch  17 |  2400/ 2983 batches | lr 0.20 | ms/batch 788.50 | loss  5.21 | ppl   182.66
| epoch  17 |  2600/ 2983 batches | lr 0.20 | ms/batch 790.40 | loss  5.24 | ppl   188.86
| epoch  17 |  2800/ 2983 batches | lr 0.20 | ms/batch 767.44 | loss  5.19 | ppl   179.35
-----------------------------------------------------------------------------------------
| end of epoch  17 | time: 2397.67s | valid loss  2.36 | valid ppl    10.58
-----------------------------------------------------------------------------------------
Running without errors
| epoch  18 |   200/ 2983 batches | lr 0.20 | ms/batch 772.02 | loss  5.23 | ppl   186.95
| epoch  18 |   400/ 2983 batches | lr 0.20 | ms/batch 783.44 | loss  5.23 | ppl   186.68
| epoch  18 |   600/ 2983 batches | lr 0.20 | ms/batch 767.14 | loss  5.11 | ppl   165.87
| epoch  18 |   800/ 2983 batches | lr 0.20 | ms/batch 781.08 | loss  5.19 | ppl   180.18
| epoch  18 |  1000/ 2983 batches | lr 0.20 | ms/batch 776.81 | loss  5.16 | ppl   174.84
| epoch  18 |  1200/ 2983 batches | lr 0.20 | ms/batch 772.37 | loss  5.21 | ppl   183.01
| epoch  18 |  1400/ 2983 batches | lr 0.20 | ms/batch 771.97 | loss  5.21 | ppl   183.52
| epoch  18 |  1600/ 2983 batches | lr 0.20 | ms/batch 778.97 | loss  5.26 | ppl   191.62
| epoch  18 |  1800/ 2983 batches | lr 0.20 | ms/batch 786.87 | loss  5.20 | ppl   181.32
| epoch  18 |  2000/ 2983 batches | lr 0.20 | ms/batch 759.49 | loss  5.23 | ppl   187.03
| epoch  18 |  2200/ 2983 batches | lr 0.20 | ms/batch 783.13 | loss  5.13 | ppl   168.43
| epoch  18 |  2400/ 2983 batches | lr 0.20 | ms/batch 791.68 | loss  5.17 | ppl   175.73
| epoch  18 |  2600/ 2983 batches | lr 0.20 | ms/batch 785.29 | loss  5.21 | ppl   183.08
| epoch  18 |  2800/ 2983 batches | lr 0.20 | ms/batch 767.12 | loss  5.15 | ppl   172.56
-----------------------------------------------------------------------------------------
| end of epoch  18 | time: 2393.41s | valid loss  2.35 | valid ppl    10.53
-----------------------------------------------------------------------------------------
Running without errors
| epoch  19 |   200/ 2983 batches | lr 0.20 | ms/batch 776.38 | loss  5.20 | ppl   180.45
| epoch  19 |   400/ 2983 batches | lr 0.20 | ms/batch 794.03 | loss  5.20 | ppl   180.45
| epoch  19 |   600/ 2983 batches | lr 0.20 | ms/batch 757.75 | loss  5.08 | ppl   160.64
| epoch  19 |   800/ 2983 batches | lr 0.20 | ms/batch 788.80 | loss  5.16 | ppl   174.10
| epoch  19 |  1000/ 2983 batches | lr 0.20 | ms/batch 784.90 | loss  5.13 | ppl   169.27
| epoch  19 |  1200/ 2983 batches | lr 0.20 | ms/batch 765.57 | loss  5.17 | ppl   176.52
| epoch  19 |  1400/ 2983 batches | lr 0.20 | ms/batch 782.41 | loss  5.18 | ppl   177.60
| epoch  19 |  1600/ 2983 batches | lr 0.20 | ms/batch 791.88 | loss  5.22 | ppl   185.44
| epoch  19 |  1800/ 2983 batches | lr 0.20 | ms/batch 778.24 | loss  5.17 | ppl   175.11
| epoch  19 |  2000/ 2983 batches | lr 0.20 | ms/batch 758.67 | loss  5.20 | ppl   181.26
| epoch  19 |  2200/ 2983 batches | lr 0.20 | ms/batch 787.46 | loss  5.10 | ppl   163.25
| epoch  19 |  2400/ 2983 batches | lr 0.20 | ms/batch 797.68 | loss  5.14 | ppl   170.60
| epoch  19 |  2600/ 2983 batches | lr 0.20 | ms/batch 754.26 | loss  5.17 | ppl   176.75
| epoch  19 |  2800/ 2983 batches | lr 0.20 | ms/batch 779.06 | loss  5.12 | ppl   166.89
-----------------------------------------------------------------------------------------
| end of epoch  19 | time: 2394.10s | valid loss  2.35 | valid ppl    10.53
-----------------------------------------------------------------------------------------
Running without errors
| epoch  20 |   200/ 2983 batches | lr 0.20 | ms/batch 768.69 | loss  5.16 | ppl   174.60
| epoch  20 |   400/ 2983 batches | lr 0.20 | ms/batch 781.52 | loss  5.16 | ppl   174.94
| epoch  20 |   600/ 2983 batches | lr 0.20 | ms/batch 759.93 | loss  5.05 | ppl   155.71
| epoch  20 |   800/ 2983 batches | lr 0.20 | ms/batch 791.83 | loss  5.13 | ppl   169.08
| epoch  20 |  1000/ 2983 batches | lr 0.20 | ms/batch 774.17 | loss  5.10 | ppl   164.14
| epoch  20 |  1200/ 2983 batches | lr 0.20 | ms/batch 771.42 | loss  5.14 | ppl   170.74
| epoch  20 |  1400/ 2983 batches | lr 0.20 | ms/batch 790.27 | loss  5.14 | ppl   171.51
| epoch  20 |  1600/ 2983 batches | lr 0.20 | ms/batch 776.71 | loss  5.19 | ppl   179.79
| epoch  20 |  1800/ 2983 batches | lr 0.20 | ms/batch 769.08 | loss  5.14 | ppl   170.31
| epoch  20 |  2000/ 2983 batches | lr 0.20 | ms/batch 794.97 | loss  5.17 | ppl   175.53
| epoch  20 |  2200/ 2983 batches | lr 0.20 | ms/batch 776.42 | loss  5.06 | ppl   158.33
| epoch  20 |  2400/ 2983 batches | lr 0.20 | ms/batch 761.72 | loss  5.11 | ppl   164.98
| epoch  20 |  2600/ 2983 batches | lr 0.20 | ms/batch 736.31 | loss  5.14 | ppl   170.73
| epoch  20 |  2800/ 2983 batches | lr 0.20 | ms/batch 766.66 | loss  5.09 | ppl   162.03
-----------------------------------------------------------------------------------------
| end of epoch  20 | time: 2381.19s | valid loss  2.35 | valid ppl    10.45
-----------------------------------------------------------------------------------------
Running without errors
| epoch  21 |   200/ 2983 batches | lr 0.20 | ms/batch 774.08 | loss  5.14 | ppl   169.88
| epoch  21 |   400/ 2983 batches | lr 0.20 | ms/batch 783.87 | loss  5.14 | ppl   170.12
| epoch  21 |   600/ 2983 batches | lr 0.20 | ms/batch 767.42 | loss  5.02 | ppl   150.98
| epoch  21 |   800/ 2983 batches | lr 0.20 | ms/batch 792.03 | loss  5.10 | ppl   163.22
| epoch  21 |  1000/ 2983 batches | lr 0.20 | ms/batch 785.32 | loss  5.07 | ppl   158.92
| epoch  21 |  1200/ 2983 batches | lr 0.20 | ms/batch 769.90 | loss  5.11 | ppl   166.16
| epoch  21 |  1400/ 2983 batches | lr 0.20 | ms/batch 788.13 | loss  5.12 | ppl   166.66
| epoch  21 |  1600/ 2983 batches | lr 0.20 | ms/batch 784.56 | loss  5.16 | ppl   174.26
| epoch  21 |  1800/ 2983 batches | lr 0.20 | ms/batch 778.26 | loss  5.11 | ppl   165.37
| epoch  21 |  2000/ 2983 batches | lr 0.20 | ms/batch 775.41 | loss  5.14 | ppl   170.45
| epoch  21 |  2200/ 2983 batches | lr 0.20 | ms/batch 768.36 | loss  5.04 | ppl   153.74
| epoch  21 |  2400/ 2983 batches | lr 0.20 | ms/batch 792.55 | loss  5.08 | ppl   160.63
| epoch  21 |  2600/ 2983 batches | lr 0.20 | ms/batch 774.53 | loss  5.11 | ppl   166.12
| epoch  21 |  2800/ 2983 batches | lr 0.20 | ms/batch 772.09 | loss  5.06 | ppl   157.47
-----------------------------------------------------------------------------------------
| end of epoch  21 | time: 2398.90s | valid loss  2.35 | valid ppl    10.48
-----------------------------------------------------------------------------------------
Running without errors
| epoch  22 |   200/ 2983 batches | lr 0.05 | ms/batch 772.01 | loss  5.14 | ppl   171.37
| epoch  22 |   400/ 2983 batches | lr 0.05 | ms/batch 768.31 | loss  5.12 | ppl   168.09
| epoch  22 |   600/ 2983 batches | lr 0.05 | ms/batch 793.11 | loss  5.00 | ppl   148.40
| epoch  22 |   800/ 2983 batches | lr 0.05 | ms/batch 795.11 | loss  5.07 | ppl   159.88
| epoch  22 |  1000/ 2983 batches | lr 0.05 | ms/batch 764.31 | loss  5.03 | ppl   153.24
| epoch  22 |  1200/ 2983 batches | lr 0.05 | ms/batch 789.42 | loss  5.06 | ppl   157.75
| epoch  22 |  1400/ 2983 batches | lr 0.05 | ms/batch 781.05 | loss  5.06 | ppl   157.28
| epoch  22 |  1600/ 2983 batches | lr 0.05 | ms/batch 771.12 | loss  5.09 | ppl   161.83
| epoch  22 |  1800/ 2983 batches | lr 0.05 | ms/batch 782.22 | loss  5.03 | ppl   153.11
| epoch  22 |  2000/ 2983 batches | lr 0.05 | ms/batch 785.52 | loss  5.06 | ppl   156.98
| epoch  22 |  2200/ 2983 batches | lr 0.05 | ms/batch 777.61 | loss  4.94 | ppl   139.41
| epoch  22 |  2400/ 2983 batches | lr 0.05 | ms/batch 787.48 | loss  4.96 | ppl   143.06
| epoch  22 |  2600/ 2983 batches | lr 0.05 | ms/batch 782.04 | loss  5.00 | ppl   147.94
| epoch  22 |  2800/ 2983 batches | lr 0.05 | ms/batch 786.94 | loss  4.93 | ppl   138.19
-----------------------------------------------------------------------------------------
| end of epoch  22 | time: 2401.93s | valid loss  2.29 | valid ppl     9.89
-----------------------------------------------------------------------------------------
Running without errors
| epoch  23 |   200/ 2983 batches | lr 0.05 | ms/batch 769.37 | loss  5.08 | ppl   160.25
| epoch  23 |   400/ 2983 batches | lr 0.05 | ms/batch 788.66 | loss  5.07 | ppl   159.77
| epoch  23 |   600/ 2983 batches | lr 0.05 | ms/batch 771.55 | loss  4.96 | ppl   142.17
| epoch  23 |   800/ 2983 batches | lr 0.05 | ms/batch 793.39 | loss  5.04 | ppl   154.07
| epoch  23 |  1000/ 2983 batches | lr 0.05 | ms/batch 787.72 | loss  5.00 | ppl   148.55
| epoch  23 |  1200/ 2983 batches | lr 0.05 | ms/batch 778.89 | loss  5.03 | ppl   152.83
| epoch  23 |  1400/ 2983 batches | lr 0.05 | ms/batch 775.54 | loss  5.03 | ppl   152.96
| epoch  23 |  1600/ 2983 batches | lr 0.05 | ms/batch 792.34 | loss  5.07 | ppl   158.40
| epoch  23 |  1800/ 2983 batches | lr 0.05 | ms/batch 755.96 | loss  5.01 | ppl   150.66
| epoch  23 |  2000/ 2983 batches | lr 0.05 | ms/batch 797.03 | loss  5.04 | ppl   154.54
| epoch  23 |  2200/ 2983 batches | lr 0.05 | ms/batch 782.64 | loss  4.93 | ppl   137.83
| epoch  23 |  2400/ 2983 batches | lr 0.05 | ms/batch 759.26 | loss  4.96 | ppl   142.40
| epoch  23 |  2600/ 2983 batches | lr 0.05 | ms/batch 775.29 | loss  4.99 | ppl   147.47
| epoch  23 |  2800/ 2983 batches | lr 0.05 | ms/batch 784.23 | loss  4.93 | ppl   138.52
-----------------------------------------------------------------------------------------
| end of epoch  23 | time: 2398.13s | valid loss  2.29 | valid ppl     9.92
-----------------------------------------------------------------------------------------
Running without errors
| epoch  24 |   200/ 2983 batches | lr 0.01 | ms/batch 772.30 | loss  5.08 | ppl   160.89
| epoch  24 |   400/ 2983 batches | lr 0.01 | ms/batch 785.71 | loss  5.08 | ppl   160.06
| epoch  24 |   600/ 2983 batches | lr 0.01 | ms/batch 769.76 | loss  4.96 | ppl   142.09
| epoch  24 |   800/ 2983 batches | lr 0.01 | ms/batch 775.86 | loss  5.04 | ppl   154.39
| epoch  24 |  1000/ 2983 batches | lr 0.01 | ms/batch 781.57 | loss  4.99 | ppl   147.48
| epoch  24 |  1200/ 2983 batches | lr 0.01 | ms/batch 782.80 | loss  5.02 | ppl   151.19
| epoch  24 |  1400/ 2983 batches | lr 0.01 | ms/batch 776.16 | loss  5.02 | ppl   151.29
| epoch  24 |  1600/ 2983 batches | lr 0.01 | ms/batch 786.02 | loss  5.05 | ppl   155.48
| epoch  24 |  1800/ 2983 batches | lr 0.01 | ms/batch 778.37 | loss  5.00 | ppl   147.79
| epoch  24 |  2000/ 2983 batches | lr 0.01 | ms/batch 768.55 | loss  5.02 | ppl   151.21
| epoch  24 |  2200/ 2983 batches | lr 0.01 | ms/batch 781.41 | loss  4.90 | ppl   134.30
| epoch  24 |  2400/ 2983 batches | lr 0.01 | ms/batch 791.19 | loss  4.92 | ppl   137.54
| epoch  24 |  2600/ 2983 batches | lr 0.01 | ms/batch 773.80 | loss  4.96 | ppl   142.01
| epoch  24 |  2800/ 2983 batches | lr 0.01 | ms/batch 778.16 | loss  4.89 | ppl   132.89
-----------------------------------------------------------------------------------------
| end of epoch  24 | time: 2396.78s | valid loss  2.28 | valid ppl     9.79
-----------------------------------------------------------------------------------------
Running without errors
| epoch  25 |   200/ 2983 batches | lr 0.01 | ms/batch 772.69 | loss  5.06 | ppl   157.42
| epoch  25 |   400/ 2983 batches | lr 0.01 | ms/batch 782.67 | loss  5.06 | ppl   156.84
| epoch  25 |   600/ 2983 batches | lr 0.01 | ms/batch 764.13 | loss  4.94 | ppl   139.56
| epoch  25 |   800/ 2983 batches | lr 0.01 | ms/batch 780.07 | loss  5.02 | ppl   151.50
| epoch  25 |  1000/ 2983 batches | lr 0.01 | ms/batch 760.04 | loss  4.98 | ppl   145.78
| epoch  25 |  1200/ 2983 batches | lr 0.01 | ms/batch 751.40 | loss  5.01 | ppl   149.29
| epoch  25 |  1400/ 2983 batches | lr 0.01 | ms/batch 751.35 | loss  5.01 | ppl   150.04
| epoch  25 |  1600/ 2983 batches | lr 0.01 | ms/batch 797.61 | loss  5.03 | ppl   153.69
| epoch  25 |  1800/ 2983 batches | lr 0.01 | ms/batch 761.88 | loss  4.99 | ppl   146.51
| epoch  25 |  2000/ 2983 batches | lr 0.01 | ms/batch 751.94 | loss  5.02 | ppl   150.69
| epoch  25 |  2200/ 2983 batches | lr 0.01 | ms/batch 752.83 | loss  4.90 | ppl   134.11
| epoch  25 |  2400/ 2983 batches | lr 0.01 | ms/batch 791.90 | loss  4.93 | ppl   137.89
| epoch  25 |  2600/ 2983 batches | lr 0.01 | ms/batch 759.99 | loss  4.96 | ppl   142.28
| epoch  25 |  2800/ 2983 batches | lr 0.01 | ms/batch 751.86 | loss  4.90 | ppl   133.76
-----------------------------------------------------------------------------------------
| end of epoch  25 | time: 2357.46s | valid loss  2.28 | valid ppl     9.79
-----------------------------------------------------------------------------------------
Running without errors
| epoch  26 |   200/ 2983 batches | lr 0.00 | ms/batch 769.36 | loss  5.06 | ppl   157.70
| epoch  26 |   400/ 2983 batches | lr 0.00 | ms/batch 750.67 | loss  5.06 | ppl   156.96
| epoch  26 |   600/ 2983 batches | lr 0.00 | ms/batch 751.49 | loss  4.94 | ppl   139.28
| epoch  26 |   800/ 2983 batches | lr 0.00 | ms/batch 779.13 | loss  5.02 | ppl   151.65
| epoch  26 |  1000/ 2983 batches | lr 0.00 | ms/batch 770.41 | loss  4.98 | ppl   145.24
| epoch  26 |  1200/ 2983 batches | lr 0.00 | ms/batch 752.95 | loss  5.00 | ppl   149.00
| epoch  26 |  1400/ 2983 batches | lr 0.00 | ms/batch 752.69 | loss  5.01 | ppl   149.62
| epoch  26 |  1600/ 2983 batches | lr 0.00 | ms/batch 787.13 | loss  5.03 | ppl   152.51
| epoch  26 |  1800/ 2983 batches | lr 0.00 | ms/batch 765.61 | loss  4.98 | ppl   145.61
| epoch  26 |  2000/ 2983 batches | lr 0.00 | ms/batch 751.96 | loss  5.01 | ppl   149.65
| epoch  26 |  2200/ 2983 batches | lr 0.00 | ms/batch 734.78 | loss  4.89 | ppl   132.61
| epoch  26 |  2400/ 2983 batches | lr 0.00 | ms/batch 753.23 | loss  4.91 | ppl   135.64
| epoch  26 |  2600/ 2983 batches | lr 0.00 | ms/batch 758.43 | loss  4.94 | ppl   140.29
| epoch  26 |  2800/ 2983 batches | lr 0.00 | ms/batch 739.12 | loss  4.88 | ppl   131.47
-----------------------------------------------------------------------------------------
| end of epoch  26 | time: 2328.00s | valid loss  2.28 | valid ppl     9.75
-----------------------------------------------------------------------------------------
Running without errors
| epoch  27 |   200/ 2983 batches | lr 0.00 | ms/batch 751.46 | loss  5.05 | ppl   156.40
| epoch  27 |   400/ 2983 batches | lr 0.00 | ms/batch 746.32 | loss  5.05 | ppl   155.98
| epoch  27 |   600/ 2983 batches | lr 0.00 | ms/batch 738.57 | loss  4.93 | ppl   138.60
| epoch  27 |   800/ 2983 batches | lr 0.00 | ms/batch 739.13 | loss  5.02 | ppl   151.06
| epoch  27 |  1000/ 2983 batches | lr 0.00 | ms/batch 779.76 | loss  4.97 | ppl   144.47
| epoch  27 |  1200/ 2983 batches | lr 0.00 | ms/batch 751.95 | loss  5.00 | ppl   148.13
| epoch  27 |  1400/ 2983 batches | lr 0.00 | ms/batch 743.71 | loss  5.00 | ppl   149.03
| epoch  27 |  1600/ 2983 batches | lr 0.00 | ms/batch 743.19 | loss  5.03 | ppl   152.55
| epoch  27 |  1800/ 2983 batches | lr 0.00 | ms/batch 774.79 | loss  4.98 | ppl   145.57
| epoch  27 |  2000/ 2983 batches | lr 0.00 | ms/batch 756.66 | loss  5.01 | ppl   149.41
| epoch  27 |  2200/ 2983 batches | lr 0.00 | ms/batch 743.53 | loss  4.89 | ppl   132.69
