Gating function is:  none
Running without errors
| epoch   1 |   200/  466 batches | lr 2.00 | ms/batch 284.82 | loss  9.57 | aux_loss  0.00 | ppl 14305.54
| epoch   1 |   400/  466 batches | lr 2.00 | ms/batch 262.76 | loss  6.88 | aux_loss  0.00 | ppl   971.32
-----------------------------------------------------------------------------------------
| end of epoch   1 | time: 128.62s | valid loss  6.31 | valid ppl   550.48
-----------------------------------------------------------------------------------------
Running without errors
| epoch   2 |   200/  466 batches | lr 2.00 | ms/batch 263.60 | loss  6.41 | aux_loss  0.00 | ppl   606.46
| epoch   2 |   400/  466 batches | lr 2.00 | ms/batch 262.56 | loss  6.14 | aux_loss  0.00 | ppl   465.13
-----------------------------------------------------------------------------------------
| end of epoch   2 | time: 124.53s | valid loss  5.87 | valid ppl   353.32
-----------------------------------------------------------------------------------------
Running without errors
| epoch   3 |   200/  466 batches | lr 2.00 | ms/batch 263.64 | loss  5.89 | aux_loss  0.00 | ppl   361.95
| epoch   3 |   400/  466 batches | lr 2.00 | ms/batch 265.87 | loss  5.72 | aux_loss  0.00 | ppl   306.11
-----------------------------------------------------------------------------------------
| end of epoch   3 | time: 125.26s | valid loss  5.66 | valid ppl   288.49
-----------------------------------------------------------------------------------------
Running without errors
| epoch   4 |   200/  466 batches | lr 2.00 | ms/batch 263.40 | loss  5.55 | aux_loss  0.00 | ppl   256.43
| epoch   4 |   400/  466 batches | lr 2.00 | ms/batch 261.10 | loss  5.41 | aux_loss  0.00 | ppl   224.08
-----------------------------------------------------------------------------------------
| end of epoch   4 | time: 124.04s | valid loss  5.55 | valid ppl   258.36
-----------------------------------------------------------------------------------------
Running without errors
| epoch   5 |   200/  466 batches | lr 2.00 | ms/batch 265.70 | loss  5.28 | aux_loss  0.00 | ppl   195.86
| epoch   5 |   400/  466 batches | lr 2.00 | ms/batch 261.77 | loss  5.17 | aux_loss  0.00 | ppl   175.11
-----------------------------------------------------------------------------------------
| end of epoch   5 | time: 124.64s | valid loss  5.51 | valid ppl   246.06
-----------------------------------------------------------------------------------------
Running without errors
| epoch   6 |   200/  466 batches | lr 2.00 | ms/batch 262.51 | loss  5.06 | aux_loss  0.00 | ppl   158.35
| epoch   6 |   400/  466 batches | lr 2.00 | ms/batch 264.94 | loss  4.97 | aux_loss  0.00 | ppl   144.27
-----------------------------------------------------------------------------------------
| end of epoch   6 | time: 124.91s | valid loss  5.47 | valid ppl   237.52
-----------------------------------------------------------------------------------------
Running without errors
| epoch   7 |   200/  466 batches | lr 2.00 | ms/batch 266.32 | loss  4.90 | aux_loss  0.00 | ppl   133.68
| epoch   7 |   400/  466 batches | lr 2.00 | ms/batch 263.02 | loss  4.82 | aux_loss  0.00 | ppl   123.53
-----------------------------------------------------------------------------------------
| end of epoch   7 | time: 125.06s | valid loss  5.45 | valid ppl   233.87
-----------------------------------------------------------------------------------------
Running without errors
| epoch   8 |   200/  466 batches | lr 2.00 | ms/batch 265.74 | loss  4.76 | aux_loss  0.00 | ppl   117.17
| epoch   8 |   400/  466 batches | lr 2.00 | ms/batch 263.31 | loss  4.69 | aux_loss  0.00 | ppl   109.03
-----------------------------------------------------------------------------------------
| end of epoch   8 | time: 124.96s | valid loss  5.45 | valid ppl   233.07
-----------------------------------------------------------------------------------------
Running without errors
| epoch   9 |   200/  466 batches | lr 2.00 | ms/batch 263.49 | loss  4.65 | aux_loss  0.00 | ppl   104.33
| epoch   9 |   400/  466 batches | lr 2.00 | ms/batch 264.68 | loss  4.58 | aux_loss  0.00 | ppl    97.12
-----------------------------------------------------------------------------------------
| end of epoch   9 | time: 124.92s | valid loss  5.44 | valid ppl   230.58
-----------------------------------------------------------------------------------------
Running without errors
| epoch  10 |   200/  466 batches | lr 2.00 | ms/batch 267.13 | loss  4.51 | aux_loss  0.00 | ppl    91.13
| epoch  10 |   400/  466 batches | lr 2.00 | ms/batch 264.05 | loss  4.42 | aux_loss  0.00 | ppl    83.11
-----------------------------------------------------------------------------------------
| end of epoch  10 | time: 125.45s | valid loss  5.44 | valid ppl   230.16
-----------------------------------------------------------------------------------------
Running without errors
| epoch  11 |   200/  466 batches | lr 2.00 | ms/batch 267.37 | loss  4.36 | aux_loss  0.00 | ppl    78.55
| epoch  11 |   400/  466 batches | lr 2.00 | ms/batch 263.37 | loss  4.28 | aux_loss  0.00 | ppl    72.06
-----------------------------------------------------------------------------------------
| end of epoch  11 | time: 125.14s | valid loss  5.46 | valid ppl   234.58
-----------------------------------------------------------------------------------------
Running without errors
| epoch  12 |   200/  466 batches | lr 0.50 | ms/batch 265.21 | loss  4.23 | aux_loss  0.00 | ppl    68.68
| epoch  12 |   400/  466 batches | lr 0.50 | ms/batch 264.39 | loss  4.15 | aux_loss  0.00 | ppl    63.36
-----------------------------------------------------------------------------------------
| end of epoch  12 | time: 125.23s | valid loss  5.47 | valid ppl   236.93
-----------------------------------------------------------------------------------------
Running without errors
| epoch  13 |   200/  466 batches | lr 0.12 | ms/batch 266.18 | loss  4.11 | aux_loss  0.00 | ppl    60.94
| epoch  13 |   400/  466 batches | lr 0.12 | ms/batch 266.18 | loss  4.03 | aux_loss  0.00 | ppl    56.29
-----------------------------------------------------------------------------------------
| end of epoch  13 | time: 125.48s | valid loss  5.49 | valid ppl   241.32
-----------------------------------------------------------------------------------------
Running without errors
| epoch  14 |   200/  466 batches | lr 0.03 | ms/batch 266.47 | loss  4.00 | aux_loss  0.00 | ppl    54.48
| epoch  14 |   400/  466 batches | lr 0.03 | ms/batch 262.41 | loss  3.93 | aux_loss  0.00 | ppl    50.68
-----------------------------------------------------------------------------------------
| end of epoch  14 | time: 124.70s | valid loss  5.52 | valid ppl   250.51
-----------------------------------------------------------------------------------------
Running without errors
| epoch  15 |   200/  466 batches | lr 0.01 | ms/batch 263.95 | loss  3.90 | aux_loss  0.00 | ppl    49.29
| epoch  15 |   400/  466 batches | lr 0.01 | ms/batch 261.12 | loss  3.83 | aux_loss  0.00 | ppl    45.90
-----------------------------------------------------------------------------------------
| end of epoch  15 | time: 124.33s | valid loss  5.55 | valid ppl   257.81
-----------------------------------------------------------------------------------------
Running without errors
| epoch  16 |   200/  466 batches | lr 0.00 | ms/batch 266.36 | loss  3.80 | aux_loss  0.00 | ppl    44.90
| epoch  16 |   400/  466 batches | lr 0.00 | ms/batch 260.96 | loss  3.74 | aux_loss  0.00 | ppl    41.93
-----------------------------------------------------------------------------------------
| end of epoch  16 | time: 124.44s | valid loss  5.59 | valid ppl   267.02
-----------------------------------------------------------------------------------------
Running without errors
| epoch  17 |   200/  466 batches | lr 0.00 | ms/batch 264.09 | loss  3.71 | aux_loss  0.00 | ppl    41.05
| epoch  17 |   400/  466 batches | lr 0.00 | ms/batch 266.46 | loss  3.65 | aux_loss  0.00 | ppl    38.51
-----------------------------------------------------------------------------------------
| end of epoch  17 | time: 125.48s | valid loss  5.63 | valid ppl   278.06
-----------------------------------------------------------------------------------------
Running without errors
| epoch  18 |   200/  466 batches | lr 0.00 | ms/batch 264.07 | loss  3.63 | aux_loss  0.00 | ppl    37.86
| epoch  18 |   400/  466 batches | lr 0.00 | ms/batch 263.32 | loss  3.57 | aux_loss  0.00 | ppl    35.49
-----------------------------------------------------------------------------------------
| end of epoch  18 | time: 124.73s | valid loss  5.67 | valid ppl   289.98
-----------------------------------------------------------------------------------------
Running without errors
| epoch  19 |   200/  466 batches | lr 0.00 | ms/batch 267.22 | loss  3.56 | aux_loss  0.00 | ppl    35.06
| epoch  19 |   400/  466 batches | lr 0.00 | ms/batch 265.51 | loss  3.50 | aux_loss  0.00 | ppl    33.00
-----------------------------------------------------------------------------------------
| end of epoch  19 | time: 125.80s | valid loss  5.69 | valid ppl   296.40
-----------------------------------------------------------------------------------------
Running without errors
| epoch  20 |   200/  466 batches | lr 0.00 | ms/batch 266.92 | loss  3.48 | aux_loss  0.00 | ppl    32.58
| epoch  20 |   400/  466 batches | lr 0.00 | ms/batch 264.31 | loss  3.43 | aux_loss  0.00 | ppl    30.75
-----------------------------------------------------------------------------------------
| end of epoch  20 | time: 125.27s | valid loss  5.73 | valid ppl   307.41
-----------------------------------------------------------------------------------------
Running without errors
| epoch  21 |   200/  466 batches | lr 0.00 | ms/batch 264.82 | loss  3.41 | aux_loss  0.00 | ppl    30.41
| epoch  21 |   400/  466 batches | lr 0.00 | ms/batch 263.01 | loss  3.36 | aux_loss  0.00 | ppl    28.85
-----------------------------------------------------------------------------------------
| end of epoch  21 | time: 124.68s | valid loss  5.76 | valid ppl   316.63
-----------------------------------------------------------------------------------------
Running without errors
| epoch  22 |   200/  466 batches | lr 0.00 | ms/batch 262.15 | loss  3.35 | aux_loss  0.00 | ppl    28.46
| epoch  22 |   400/  466 batches | lr 0.00 | ms/batch 260.50 | loss  3.30 | aux_loss  0.00 | ppl    27.08
-----------------------------------------------------------------------------------------
| end of epoch  22 | time: 123.74s | valid loss  5.79 | valid ppl   326.04
-----------------------------------------------------------------------------------------
Running without errors
| epoch  23 |   200/  466 batches | lr 0.00 | ms/batch 266.07 | loss  3.29 | aux_loss  0.00 | ppl    26.84
| epoch  23 |   400/  466 batches | lr 0.00 | ms/batch 263.91 | loss  3.24 | aux_loss  0.00 | ppl    25.55
-----------------------------------------------------------------------------------------
| end of epoch  23 | time: 125.16s | valid loss  5.82 | valid ppl   338.51
-----------------------------------------------------------------------------------------
Running without errors
| epoch  24 |   200/  466 batches | lr 0.00 | ms/batch 267.26 | loss  3.23 | aux_loss  0.00 | ppl    25.40
| epoch  24 |   400/  466 batches | lr 0.00 | ms/batch 265.90 | loss  3.18 | aux_loss  0.00 | ppl    24.16
-----------------------------------------------------------------------------------------
| end of epoch  24 | time: 125.60s | valid loss  5.86 | valid ppl   350.81
-----------------------------------------------------------------------------------------
Running without errors
| epoch  25 |   200/  466 batches | lr 0.00 | ms/batch 265.79 | loss  3.18 | aux_loss  0.00 | ppl    24.05
| epoch  25 |   400/  466 batches | lr 0.00 | ms/batch 266.28 | loss  3.13 | aux_loss  0.00 | ppl    22.95
-----------------------------------------------------------------------------------------
| end of epoch  25 | time: 125.57s | valid loss  5.90 | valid ppl   363.70
-----------------------------------------------------------------------------------------
Running without errors
| epoch  26 |   200/  466 batches | lr 0.00 | ms/batch 264.33 | loss  3.13 | aux_loss  0.00 | ppl    22.88
| epoch  26 |   400/  466 batches | lr 0.00 | ms/batch 263.92 | loss  3.09 | aux_loss  0.00 | ppl    21.88
-----------------------------------------------------------------------------------------
| end of epoch  26 | time: 124.73s | valid loss  5.93 | valid ppl   375.95
-----------------------------------------------------------------------------------------
Running without errors
| epoch  27 |   200/  466 batches | lr 0.00 | ms/batch 265.81 | loss  3.08 | aux_loss  0.00 | ppl    21.84
| epoch  27 |   400/  466 batches | lr 0.00 | ms/batch 264.73 | loss  3.04 | aux_loss  0.00 | ppl    20.86
-----------------------------------------------------------------------------------------
| end of epoch  27 | time: 125.42s | valid loss  5.95 | valid ppl   385.16
-----------------------------------------------------------------------------------------
Running without errors
| epoch  28 |   200/  466 batches | lr 0.00 | ms/batch 267.10 | loss  3.04 | aux_loss  0.00 | ppl    20.87
| epoch  28 |   400/  466 batches | lr 0.00 | ms/batch 261.70 | loss  2.99 | aux_loss  0.00 | ppl    19.94
-----------------------------------------------------------------------------------------
| end of epoch  28 | time: 125.03s | valid loss  5.98 | valid ppl   395.94
-----------------------------------------------------------------------------------------
Running without errors
| epoch  29 |   200/  466 batches | lr 0.00 | ms/batch 267.92 | loss  3.00 | aux_loss  0.00 | ppl    19.99
| epoch  29 |   400/  466 batches | lr 0.00 | ms/batch 266.15 | loss  2.95 | aux_loss  0.00 | ppl    19.15
-----------------------------------------------------------------------------------------
| end of epoch  29 | time: 125.97s | valid loss  6.01 | valid ppl   405.80
-----------------------------------------------------------------------------------------
Running without errors
| epoch  30 |   200/  466 batches | lr 0.00 | ms/batch 264.24 | loss  2.95 | aux_loss  0.00 | ppl    19.18
| epoch  30 |   400/  466 batches | lr 0.00 | ms/batch 261.22 | loss  2.91 | aux_loss  0.00 | ppl    18.36
-----------------------------------------------------------------------------------------
| end of epoch  30 | time: 124.11s | valid loss  6.03 | valid ppl   416.20
-----------------------------------------------------------------------------------------
Running without errors
| epoch  31 |   200/  466 batches | lr 0.00 | ms/batch 264.52 | loss  2.91 | aux_loss  0.00 | ppl    18.45
| epoch  31 |   400/  466 batches | lr 0.00 | ms/batch 266.41 | loss  2.87 | aux_loss  0.00 | ppl    17.72
-----------------------------------------------------------------------------------------
| end of epoch  31 | time: 125.84s | valid loss  6.06 | valid ppl   428.20
-----------------------------------------------------------------------------------------
Running without errors
| epoch  32 |   200/  466 batches | lr 0.00 | ms/batch 283.83 | loss  2.88 | aux_loss  0.00 | ppl    17.78
| epoch  32 |   400/  466 batches | lr 0.00 | ms/batch 264.11 | loss  2.84 | aux_loss  0.00 | ppl    17.08
-----------------------------------------------------------------------------------------
| end of epoch  32 | time: 129.12s | valid loss  6.09 | valid ppl   441.70
-----------------------------------------------------------------------------------------
Running without errors
| epoch  33 |   200/  466 batches | lr 0.00 | ms/batch 277.99 | loss  2.84 | aux_loss  0.00 | ppl    17.17
| epoch  33 |   400/  466 batches | lr 0.00 | ms/batch 260.99 | loss  2.80 | aux_loss  0.00 | ppl    16.47
-----------------------------------------------------------------------------------------
| end of epoch  33 | time: 126.89s | valid loss  6.11 | valid ppl   451.66
-----------------------------------------------------------------------------------------
Running without errors
| epoch  34 |   200/  466 batches | lr 0.00 | ms/batch 264.49 | loss  2.81 | aux_loss  0.00 | ppl    16.56
| epoch  34 |   400/  466 batches | lr 0.00 | ms/batch 265.35 | loss  2.77 | aux_loss  0.00 | ppl    15.95
-----------------------------------------------------------------------------------------
| end of epoch  34 | time: 125.37s | valid loss  6.14 | valid ppl   465.54
-----------------------------------------------------------------------------------------
Running without errors
| epoch  35 |   200/  466 batches | lr 0.00 | ms/batch 263.96 | loss  2.78 | aux_loss  0.00 | ppl    16.09
| epoch  35 |   400/  466 batches | lr 0.00 | ms/batch 261.65 | loss  2.74 | aux_loss  0.00 | ppl    15.45
-----------------------------------------------------------------------------------------
| end of epoch  35 | time: 124.36s | valid loss  6.17 | valid ppl   476.42
-----------------------------------------------------------------------------------------
Running without errors
| epoch  36 |   200/  466 batches | lr 0.00 | ms/batch 266.06 | loss  2.75 | aux_loss  0.00 | ppl    15.57
| epoch  36 |   400/  466 batches | lr 0.00 | ms/batch 264.17 | loss  2.70 | aux_loss  0.00 | ppl    14.95
-----------------------------------------------------------------------------------------
| end of epoch  36 | time: 125.23s | valid loss  6.19 | valid ppl   489.96
-----------------------------------------------------------------------------------------
Running without errors
| epoch  37 |   200/  466 batches | lr 0.00 | ms/batch 266.23 | loss  2.71 | aux_loss  0.00 | ppl    15.10
| epoch  37 |   400/  466 batches | lr 0.00 | ms/batch 265.91 | loss  2.68 | aux_loss  0.00 | ppl    14.52
-----------------------------------------------------------------------------------------
| end of epoch  37 | time: 125.74s | valid loss  6.22 | valid ppl   502.54
-----------------------------------------------------------------------------------------
Running without errors
| epoch  38 |   200/  466 batches | lr 0.00 | ms/batch 264.55 | loss  2.69 | aux_loss  0.00 | ppl    14.68
| epoch  38 |   400/  466 batches | lr 0.00 | ms/batch 260.61 | loss  2.65 | aux_loss  0.00 | ppl    14.11
-----------------------------------------------------------------------------------------
| end of epoch  38 | time: 123.98s | valid loss  6.24 | valid ppl   511.34
-----------------------------------------------------------------------------------------
Running without errors
| epoch  39 |   200/  466 batches | lr 0.00 | ms/batch 265.11 | loss  2.66 | aux_loss  0.00 | ppl    14.29
| epoch  39 |   400/  466 batches | lr 0.00 | ms/batch 260.35 | loss  2.62 | aux_loss  0.00 | ppl    13.75
-----------------------------------------------------------------------------------------
| end of epoch  39 | time: 124.08s | valid loss  6.26 | valid ppl   523.36
-----------------------------------------------------------------------------------------
Running without errors
| epoch  40 |   200/  466 batches | lr 0.00 | ms/batch 265.46 | loss  2.63 | aux_loss  0.00 | ppl    13.91
| epoch  40 |   400/  466 batches | lr 0.00 | ms/batch 261.88 | loss  2.60 | aux_loss  0.00 | ppl    13.43
-----------------------------------------------------------------------------------------
| end of epoch  40 | time: 124.37s | valid loss  6.28 | valid ppl   534.07
-----------------------------------------------------------------------------------------
Running without errors
| epoch  41 |   200/  466 batches | lr 0.00 | ms/batch 263.29 | loss  2.61 | aux_loss  0.00 | ppl    13.60
| epoch  41 |   400/  466 batches | lr 0.00 | ms/batch 261.45 | loss  2.57 | aux_loss  0.00 | ppl    13.07
-----------------------------------------------------------------------------------------
| end of epoch  41 | time: 123.96s | valid loss  6.30 | valid ppl   546.74
-----------------------------------------------------------------------------------------
Running without errors
| epoch  42 |   200/  466 batches | lr 0.00 | ms/batch 261.80 | loss  2.58 | aux_loss  0.00 | ppl    13.24
| epoch  42 |   400/  466 batches | lr 0.00 | ms/batch 261.11 | loss  2.55 | aux_loss  0.00 | ppl    12.75
-----------------------------------------------------------------------------------------
| end of epoch  42 | time: 123.88s | valid loss  6.33 | valid ppl   560.91
-----------------------------------------------------------------------------------------
Running without errors
| epoch  43 |   200/  466 batches | lr 0.00 | ms/batch 267.90 | loss  2.56 | aux_loss  0.00 | ppl    12.94
| epoch  43 |   400/  466 batches | lr 0.00 | ms/batch 265.61 | loss  2.53 | aux_loss  0.00 | ppl    12.52
-----------------------------------------------------------------------------------------
| end of epoch  43 | time: 125.98s | valid loss  6.34 | valid ppl   565.13
-----------------------------------------------------------------------------------------
Running without errors
| epoch  44 |   200/  466 batches | lr 0.00 | ms/batch 266.89 | loss  2.53 | aux_loss  0.00 | ppl    12.61
| epoch  44 |   400/  466 batches | lr 0.00 | ms/batch 263.56 | loss  2.50 | aux_loss  0.00 | ppl    12.19
-----------------------------------------------------------------------------------------
| end of epoch  44 | time: 125.09s | valid loss  6.37 | valid ppl   583.32
-----------------------------------------------------------------------------------------
Running without errors
| epoch  45 |   200/  466 batches | lr 0.00 | ms/batch 265.51 | loss  2.51 | aux_loss  0.00 | ppl    12.35
| epoch  45 |   400/  466 batches | lr 0.00 | ms/batch 262.28 | loss  2.48 | aux_loss  0.00 | ppl    11.97
-----------------------------------------------------------------------------------------
| end of epoch  45 | time: 124.76s | valid loss  6.39 | valid ppl   594.76
-----------------------------------------------------------------------------------------
Running without errors
| epoch  46 |   200/  466 batches | lr 0.00 | ms/batch 262.78 | loss  2.49 | aux_loss  0.00 | ppl    12.11
| epoch  46 |   400/  466 batches | lr 0.00 | ms/batch 261.34 | loss  2.46 | aux_loss  0.00 | ppl    11.68
-----------------------------------------------------------------------------------------
| end of epoch  46 | time: 123.77s | valid loss  6.41 | valid ppl   606.27
-----------------------------------------------------------------------------------------
Running without errors
| epoch  47 |   200/  466 batches | lr 0.00 | ms/batch 263.89 | loss  2.47 | aux_loss  0.00 | ppl    11.83
| epoch  47 |   400/  466 batches | lr 0.00 | ms/batch 263.21 | loss  2.44 | aux_loss  0.00 | ppl    11.46
-----------------------------------------------------------------------------------------
| end of epoch  47 | time: 124.46s | valid loss  6.42 | valid ppl   613.62
-----------------------------------------------------------------------------------------
Running without errors
| epoch  48 |   200/  466 batches | lr 0.00 | ms/batch 263.71 | loss  2.45 | aux_loss  0.00 | ppl    11.60
| epoch  48 |   400/  466 batches | lr 0.00 | ms/batch 260.44 | loss  2.42 | aux_loss  0.00 | ppl    11.26
-----------------------------------------------------------------------------------------
| end of epoch  48 | time: 123.66s | valid loss  6.45 | valid ppl   630.09
-----------------------------------------------------------------------------------------
Running without errors
| epoch  49 |   200/  466 batches | lr 0.00 | ms/batch 261.14 | loss  2.43 | aux_loss  0.00 | ppl    11.39
| epoch  49 |   400/  466 batches | lr 0.00 | ms/batch 262.19 | loss  2.40 | aux_loss  0.00 | ppl    11.02
-----------------------------------------------------------------------------------------
| end of epoch  49 | time: 123.77s | valid loss  6.47 | valid ppl   644.57
-----------------------------------------------------------------------------------------
Running without errors
| epoch  50 |   200/  466 batches | lr 0.00 | ms/batch 267.19 | loss  2.41 | aux_loss  0.00 | ppl    11.17
| epoch  50 |   400/  466 batches | lr 0.00 | ms/batch 266.45 | loss  2.38 | aux_loss  0.00 | ppl    10.81
-----------------------------------------------------------------------------------------
| end of epoch  50 | time: 126.08s | valid loss  6.47 | valid ppl   647.37
-----------------------------------------------------------------------------------------
=========================================================================================
| End of training | test loss  6.38 | test ppl   587.83
=========================================================================================
