Gating function is:  none
Running without errors
| epoch   1 |   200/ 2983 batches | lr 0.20 | ms/batch 54.57 | loss  8.37 | ppl  4296.47
| epoch   1 |   400/ 2983 batches | lr 0.20 | ms/batch 32.02 | loss  7.09 | ppl  1204.10
| epoch   1 |   600/ 2983 batches | lr 0.20 | ms/batch 31.98 | loss  6.81 | ppl   905.69
| epoch   1 |   800/ 2983 batches | lr 0.20 | ms/batch 31.74 | loss  6.71 | ppl   822.40
| epoch   1 |  1000/ 2983 batches | lr 0.20 | ms/batch 31.45 | loss  6.64 | ppl   767.50
| epoch   1 |  1200/ 2983 batches | lr 0.20 | ms/batch 31.44 | loss  6.64 | ppl   767.50
| epoch   1 |  1400/ 2983 batches | lr 0.20 | ms/batch 32.06 | loss  6.58 | ppl   721.27
| epoch   1 |  1600/ 2983 batches | lr 0.20 | ms/batch 32.11 | loss  6.60 | ppl   732.82
| epoch   1 |  1800/ 2983 batches | lr 0.20 | ms/batch 32.10 | loss  6.51 | ppl   673.88
| epoch   1 |  2000/ 2983 batches | lr 0.20 | ms/batch 32.27 | loss  6.53 | ppl   688.34
| epoch   1 |  2200/ 2983 batches | lr 0.20 | ms/batch 31.99 | loss  6.47 | ppl   646.59
| epoch   1 |  2400/ 2983 batches | lr 0.20 | ms/batch 31.69 | loss  6.46 | ppl   637.14
| epoch   1 |  2600/ 2983 batches | lr 0.20 | ms/batch 31.55 | loss  6.47 | ppl   643.40
| epoch   1 |  2800/ 2983 batches | lr 0.20 | ms/batch 32.01 | loss  6.41 | ppl   609.41
-----------------------------------------------------------------------------------------
| end of epoch   1 | time: 103.46s | valid loss  2.61 | valid ppl    13.66
-----------------------------------------------------------------------------------------
Running without errors
| epoch   2 |   200/ 2983 batches | lr 0.20 | ms/batch 31.96 | loss  6.37 | ppl   584.07
| epoch   2 |   400/ 2983 batches | lr 0.20 | ms/batch 31.72 | loss  6.34 | ppl   569.26
| epoch   2 |   600/ 2983 batches | lr 0.20 | ms/batch 31.70 | loss  6.26 | ppl   523.71
| epoch   2 |   800/ 2983 batches | lr 0.20 | ms/batch 32.10 | loss  6.30 | ppl   543.79
| epoch   2 |  1000/ 2983 batches | lr 0.20 | ms/batch 32.39 | loss  6.27 | ppl   529.70
| epoch   2 |  1200/ 2983 batches | lr 0.20 | ms/batch 32.34 | loss  6.31 | ppl   551.37
| epoch   2 |  1400/ 2983 batches | lr 0.20 | ms/batch 32.56 | loss  6.30 | ppl   542.19
| epoch   2 |  1600/ 2983 batches | lr 0.20 | ms/batch 32.05 | loss  6.32 | ppl   557.74
| epoch   2 |  1800/ 2983 batches | lr 0.20 | ms/batch 31.74 | loss  6.25 | ppl   516.73
| epoch   2 |  2000/ 2983 batches | lr 0.20 | ms/batch 32.13 | loss  6.29 | ppl   541.16
| epoch   2 |  2200/ 2983 batches | lr 0.20 | ms/batch 32.25 | loss  6.23 | ppl   505.37
| epoch   2 |  2400/ 2983 batches | lr 0.20 | ms/batch 32.24 | loss  6.23 | ppl   508.96
| epoch   2 |  2600/ 2983 batches | lr 0.20 | ms/batch 31.89 | loss  6.25 | ppl   520.26
| epoch   2 |  2800/ 2983 batches | lr 0.20 | ms/batch 31.76 | loss  6.21 | ppl   495.69
-----------------------------------------------------------------------------------------
| end of epoch   2 | time: 99.62s | valid loss  2.53 | valid ppl    12.58
-----------------------------------------------------------------------------------------
Running without errors
| epoch   3 |   200/ 2983 batches | lr 0.20 | ms/batch 31.87 | loss  6.20 | ppl   490.64
| epoch   3 |   400/ 2983 batches | lr 0.20 | ms/batch 31.85 | loss  6.18 | ppl   481.21
| epoch   3 |   600/ 2983 batches | lr 0.20 | ms/batch 31.68 | loss  6.08 | ppl   438.51
| epoch   3 |   800/ 2983 batches | lr 0.20 | ms/batch 31.68 | loss  6.13 | ppl   460.56
| epoch   3 |  1000/ 2983 batches | lr 0.20 | ms/batch 32.23 | loss  6.10 | ppl   447.99
| epoch   3 |  1200/ 2983 batches | lr 0.20 | ms/batch 32.37 | loss  6.15 | ppl   467.31
| epoch   3 |  1400/ 2983 batches | lr 0.20 | ms/batch 32.44 | loss  6.13 | ppl   461.54
| epoch   3 |  1600/ 2983 batches | lr 0.20 | ms/batch 32.37 | loss  6.17 | ppl   475.83
| epoch   3 |  1800/ 2983 batches | lr 0.20 | ms/batch 32.38 | loss  6.09 | ppl   440.92
| epoch   3 |  2000/ 2983 batches | lr 0.20 | ms/batch 32.41 | loss  6.14 | ppl   463.63
| epoch   3 |  2200/ 2983 batches | lr 0.20 | ms/batch 32.27 | loss  6.07 | ppl   430.58
| epoch   3 |  2400/ 2983 batches | lr 0.20 | ms/batch 32.27 | loss  6.08 | ppl   437.35
| epoch   3 |  2600/ 2983 batches | lr 0.20 | ms/batch 32.25 | loss  6.10 | ppl   446.45
| epoch   3 |  2800/ 2983 batches | lr 0.20 | ms/batch 32.20 | loss  6.06 | ppl   427.00
-----------------------------------------------------------------------------------------
| end of epoch   3 | time: 99.73s | valid loss  2.49 | valid ppl    12.01
-----------------------------------------------------------------------------------------
Running without errors
| epoch   4 |   200/ 2983 batches | lr 0.20 | ms/batch 32.36 | loss  6.06 | ppl   429.52
| epoch   4 |   400/ 2983 batches | lr 0.20 | ms/batch 32.20 | loss  6.05 | ppl   423.19
| epoch   4 |   600/ 2983 batches | lr 0.20 | ms/batch 32.18 | loss  5.95 | ppl   383.65
| epoch   4 |   800/ 2983 batches | lr 0.20 | ms/batch 32.16 | loss  6.01 | ppl   407.54
| epoch   4 |  1000/ 2983 batches | lr 0.20 | ms/batch 32.21 | loss  5.98 | ppl   394.96
| epoch   4 |  1200/ 2983 batches | lr 0.20 | ms/batch 31.81 | loss  6.03 | ppl   413.84
| epoch   4 |  1400/ 2983 batches | lr 0.20 | ms/batch 32.55 | loss  6.02 | ppl   412.91
| epoch   4 |  1600/ 2983 batches | lr 0.20 | ms/batch 32.71 | loss  6.05 | ppl   424.90
| epoch   4 |  1800/ 2983 batches | lr 0.20 | ms/batch 32.42 | loss  5.98 | ppl   393.91
| epoch   4 |  2000/ 2983 batches | lr 0.20 | ms/batch 32.25 | loss  6.03 | ppl   415.58
| epoch   4 |  2200/ 2983 batches | lr 0.20 | ms/batch 32.18 | loss  5.95 | ppl   383.53
| epoch   4 |  2400/ 2983 batches | lr 0.20 | ms/batch 32.15 | loss  5.97 | ppl   391.30
| epoch   4 |  2600/ 2983 batches | lr 0.20 | ms/batch 32.17 | loss  6.00 | ppl   401.62
| epoch   4 |  2800/ 2983 batches | lr 0.20 | ms/batch 32.19 | loss  5.95 | ppl   383.11
-----------------------------------------------------------------------------------------
| end of epoch   4 | time: 99.97s | valid loss  2.46 | valid ppl    11.68
-----------------------------------------------------------------------------------------
Running without errors
| epoch   5 |   200/ 2983 batches | lr 0.20 | ms/batch 32.18 | loss  5.96 | ppl   389.21
| epoch   5 |   400/ 2983 batches | lr 0.20 | ms/batch 31.61 | loss  5.95 | ppl   384.55
| epoch   5 |   600/ 2983 batches | lr 0.20 | ms/batch 31.74 | loss  5.85 | ppl   347.10
| epoch   5 |   800/ 2983 batches | lr 0.20 | ms/batch 31.72 | loss  5.91 | ppl   370.44
| epoch   5 |  1000/ 2983 batches | lr 0.20 | ms/batch 31.65 | loss  5.88 | ppl   358.66
| epoch   5 |  1200/ 2983 batches | lr 0.20 | ms/batch 31.59 | loss  5.93 | ppl   375.55
| epoch   5 |  1400/ 2983 batches | lr 0.20 | ms/batch 31.64 | loss  5.93 | ppl   376.34
| epoch   5 |  1600/ 2983 batches | lr 0.20 | ms/batch 32.18 | loss  5.96 | ppl   387.20
| epoch   5 |  1800/ 2983 batches | lr 0.20 | ms/batch 32.38 | loss  5.88 | ppl   358.80
| epoch   5 |  2000/ 2983 batches | lr 0.20 | ms/batch 32.37 | loss  5.94 | ppl   379.90
| epoch   5 |  2200/ 2983 batches | lr 0.20 | ms/batch 32.35 | loss  5.85 | ppl   348.60
| epoch   5 |  2400/ 2983 batches | lr 0.20 | ms/batch 32.30 | loss  5.88 | ppl   357.37
| epoch   5 |  2600/ 2983 batches | lr 0.20 | ms/batch 32.51 | loss  5.90 | ppl   366.38
| epoch   5 |  2800/ 2983 batches | lr 0.20 | ms/batch 32.83 | loss  5.86 | ppl   349.27
-----------------------------------------------------------------------------------------
| end of epoch   5 | time: 99.74s | valid loss  2.44 | valid ppl    11.48
-----------------------------------------------------------------------------------------
Running without errors
| epoch   6 |   200/ 2983 batches | lr 0.20 | ms/batch 32.35 | loss  5.88 | ppl   357.89
| epoch   6 |   400/ 2983 batches | lr 0.20 | ms/batch 32.02 | loss  5.87 | ppl   353.04
| epoch   6 |   600/ 2983 batches | lr 0.20 | ms/batch 31.80 | loss  5.76 | ppl   318.71
| epoch   6 |   800/ 2983 batches | lr 0.20 | ms/batch 31.80 | loss  5.83 | ppl   341.05
| epoch   6 |  1000/ 2983 batches | lr 0.20 | ms/batch 31.83 | loss  5.80 | ppl   329.97
| epoch   6 |  1200/ 2983 batches | lr 0.20 | ms/batch 31.77 | loss  5.84 | ppl   345.28
| epoch   6 |  1400/ 2983 batches | lr 0.20 | ms/batch 31.72 | loss  5.85 | ppl   347.35
| epoch   6 |  1600/ 2983 batches | lr 0.20 | ms/batch 31.76 | loss  5.88 | ppl   357.66
| epoch   6 |  1800/ 2983 batches | lr 0.20 | ms/batch 31.67 | loss  5.80 | ppl   331.87
| epoch   6 |  2000/ 2983 batches | lr 0.20 | ms/batch 32.34 | loss  5.86 | ppl   350.30
| epoch   6 |  2200/ 2983 batches | lr 0.20 | ms/batch 32.42 | loss  5.77 | ppl   321.00
| epoch   6 |  2400/ 2983 batches | lr 0.20 | ms/batch 32.65 | loss  5.80 | ppl   329.58
| epoch   6 |  2600/ 2983 batches | lr 0.20 | ms/batch 32.40 | loss  5.83 | ppl   338.93
| epoch   6 |  2800/ 2983 batches | lr 0.20 | ms/batch 32.20 | loss  5.77 | ppl   321.69
-----------------------------------------------------------------------------------------
| end of epoch   6 | time: 99.51s | valid loss  2.43 | valid ppl    11.34
-----------------------------------------------------------------------------------------
Running without errors
| epoch   7 |   200/ 2983 batches | lr 0.20 | ms/batch 31.88 | loss  5.80 | ppl   331.86
| epoch   7 |   400/ 2983 batches | lr 0.20 | ms/batch 31.73 | loss  5.79 | ppl   327.52
| epoch   7 |   600/ 2983 batches | lr 0.20 | ms/batch 31.73 | loss  5.68 | ppl   294.23
| epoch   7 |   800/ 2983 batches | lr 0.20 | ms/batch 31.70 | loss  5.76 | ppl   316.51
| epoch   7 |  1000/ 2983 batches | lr 0.20 | ms/batch 32.26 | loss  5.72 | ppl   305.10
| epoch   7 |  1200/ 2983 batches | lr 0.20 | ms/batch 32.26 | loss  5.77 | ppl   320.49
| epoch   7 |  1400/ 2983 batches | lr 0.20 | ms/batch 32.24 | loss  5.77 | ppl   322.05
| epoch   7 |  1600/ 2983 batches | lr 0.20 | ms/batch 31.70 | loss  5.81 | ppl   332.28
| epoch   7 |  1800/ 2983 batches | lr 0.20 | ms/batch 31.73 | loss  5.73 | ppl   308.17
| epoch   7 |  2000/ 2983 batches | lr 0.20 | ms/batch 39.90 | loss  5.79 | ppl   326.41
| epoch   7 |  2200/ 2983 batches | lr 0.20 | ms/batch 39.03 | loss  5.69 | ppl   296.15
| epoch   7 |  2400/ 2983 batches | lr 0.20 | ms/batch 32.71 | loss  5.72 | ppl   305.70
| epoch   7 |  2600/ 2983 batches | lr 0.20 | ms/batch 31.82 | loss  5.75 | ppl   315.32
| epoch   7 |  2800/ 2983 batches | lr 0.20 | ms/batch 33.33 | loss  5.70 | ppl   298.45
-----------------------------------------------------------------------------------------
| end of epoch   7 | time: 102.70s | valid loss  2.41 | valid ppl    11.18
-----------------------------------------------------------------------------------------
Running without errors
| epoch   8 |   200/ 2983 batches | lr 0.20 | ms/batch 32.29 | loss  5.74 | ppl   309.88
| epoch   8 |   400/ 2983 batches | lr 0.20 | ms/batch 32.23 | loss  5.72 | ppl   305.19
| epoch   8 |   600/ 2983 batches | lr 0.20 | ms/batch 32.21 | loss  5.61 | ppl   273.56
| epoch   8 |   800/ 2983 batches | lr 0.20 | ms/batch 32.71 | loss  5.69 | ppl   295.47
| epoch   8 |  1000/ 2983 batches | lr 0.20 | ms/batch 31.94 | loss  5.65 | ppl   284.26
| epoch   8 |  1200/ 2983 batches | lr 0.20 | ms/batch 31.64 | loss  5.70 | ppl   298.77
| epoch   8 |  1400/ 2983 batches | lr 0.20 | ms/batch 31.51 | loss  5.70 | ppl   300.30
| epoch   8 |  1600/ 2983 batches | lr 0.20 | ms/batch 32.01 | loss  5.74 | ppl   310.13
| epoch   8 |  1800/ 2983 batches | lr 0.20 | ms/batch 32.37 | loss  5.67 | ppl   288.63
| epoch   8 |  2000/ 2983 batches | lr 0.20 | ms/batch 32.36 | loss  5.72 | ppl   304.35
| epoch   8 |  2200/ 2983 batches | lr 0.20 | ms/batch 32.72 | loss  5.62 | ppl   275.29
| epoch   8 |  2400/ 2983 batches | lr 0.20 | ms/batch 32.24 | loss  5.65 | ppl   285.06
| epoch   8 |  2600/ 2983 batches | lr 0.20 | ms/batch 32.14 | loss  5.68 | ppl   293.63
| epoch   8 |  2800/ 2983 batches | lr 0.20 | ms/batch 32.14 | loss  5.63 | ppl   277.69
-----------------------------------------------------------------------------------------
| end of epoch   8 | time: 99.74s | valid loss  2.41 | valid ppl    11.09
-----------------------------------------------------------------------------------------
Running without errors
| epoch   9 |   200/ 2983 batches | lr 0.20 | ms/batch 32.25 | loss  5.67 | ppl   288.94
| epoch   9 |   400/ 2983 batches | lr 0.20 | ms/batch 32.13 | loss  5.65 | ppl   285.09
| epoch   9 |   600/ 2983 batches | lr 0.20 | ms/batch 32.23 | loss  5.55 | ppl   256.33
| epoch   9 |   800/ 2983 batches | lr 0.20 | ms/batch 32.17 | loss  5.62 | ppl   276.42
| epoch   9 |  1000/ 2983 batches | lr 0.20 | ms/batch 32.08 | loss  5.58 | ppl   266.12
| epoch   9 |  1200/ 2983 batches | lr 0.20 | ms/batch 32.13 | loss  5.63 | ppl   279.36
| epoch   9 |  1400/ 2983 batches | lr 0.20 | ms/batch 32.06 | loss  5.64 | ppl   281.61
| epoch   9 |  1600/ 2983 batches | lr 0.20 | ms/batch 32.14 | loss  5.67 | ppl   290.41
| epoch   9 |  1800/ 2983 batches | lr 0.20 | ms/batch 32.08 | loss  5.60 | ppl   270.92
| epoch   9 |  2000/ 2983 batches | lr 0.20 | ms/batch 32.33 | loss  5.65 | ppl   285.55
| epoch   9 |  2200/ 2983 batches | lr 0.20 | ms/batch 31.76 | loss  5.55 | ppl   257.42
| epoch   9 |  2400/ 2983 batches | lr 0.20 | ms/batch 31.69 | loss  5.59 | ppl   268.37
| epoch   9 |  2600/ 2983 batches | lr 0.20 | ms/batch 31.59 | loss  5.62 | ppl   275.42
| epoch   9 |  2800/ 2983 batches | lr 0.20 | ms/batch 31.64 | loss  5.56 | ppl   260.30
-----------------------------------------------------------------------------------------
| end of epoch   9 | time: 99.21s | valid loss  2.40 | valid ppl    10.98
-----------------------------------------------------------------------------------------
Running without errors
| epoch  10 |   200/ 2983 batches | lr 0.20 | ms/batch 32.76 | loss  5.60 | ppl   271.52
| epoch  10 |   400/ 2983 batches | lr 0.20 | ms/batch 32.56 | loss  5.59 | ppl   268.10
| epoch  10 |   600/ 2983 batches | lr 0.20 | ms/batch 32.72 | loss  5.48 | ppl   240.70
| epoch  10 |   800/ 2983 batches | lr 0.20 | ms/batch 32.72 | loss  5.56 | ppl   259.81
| epoch  10 |  1000/ 2983 batches | lr 0.20 | ms/batch 31.79 | loss  5.52 | ppl   250.18
| epoch  10 |  1200/ 2983 batches | lr 0.20 | ms/batch 31.76 | loss  5.57 | ppl   263.17
| epoch  10 |  1400/ 2983 batches | lr 0.20 | ms/batch 31.78 | loss  5.58 | ppl   265.47
| epoch  10 |  1600/ 2983 batches | lr 0.20 | ms/batch 31.70 | loss  5.62 | ppl   274.70
| epoch  10 |  1800/ 2983 batches | lr 0.20 | ms/batch 31.76 | loss  5.54 | ppl   254.76
| epoch  10 |  2000/ 2983 batches | lr 0.20 | ms/batch 31.75 | loss  5.59 | ppl   268.73
| epoch  10 |  2200/ 2983 batches | lr 0.20 | ms/batch 31.75 | loss  5.49 | ppl   242.44
| epoch  10 |  2400/ 2983 batches | lr 0.20 | ms/batch 31.71 | loss  5.53 | ppl   252.79
| epoch  10 |  2600/ 2983 batches | lr 0.20 | ms/batch 31.68 | loss  5.56 | ppl   259.77
| epoch  10 |  2800/ 2983 batches | lr 0.20 | ms/batch 31.77 | loss  5.50 | ppl   245.20
-----------------------------------------------------------------------------------------
| end of epoch  10 | time: 99.33s | valid loss  2.39 | valid ppl    10.91
-----------------------------------------------------------------------------------------
Running without errors
| epoch  11 |   200/ 2983 batches | lr 0.20 | ms/batch 32.86 | loss  5.55 | ppl   256.43
| epoch  11 |   400/ 2983 batches | lr 0.20 | ms/batch 32.65 | loss  5.53 | ppl   252.98
| epoch  11 |   600/ 2983 batches | lr 0.20 | ms/batch 32.81 | loss  5.43 | ppl   227.31
| epoch  11 |   800/ 2983 batches | lr 0.20 | ms/batch 32.80 | loss  5.51 | ppl   246.07
| epoch  11 |  1000/ 2983 batches | lr 0.20 | ms/batch 32.52 | loss  5.46 | ppl   236.24
| epoch  11 |  1200/ 2983 batches | lr 0.20 | ms/batch 32.19 | loss  5.51 | ppl   248.28
| epoch  11 |  1400/ 2983 batches | lr 0.20 | ms/batch 31.79 | loss  5.53 | ppl   251.17
| epoch  11 |  1600/ 2983 batches | lr 0.20 | ms/batch 31.63 | loss  5.56 | ppl   259.15
| epoch  11 |  1800/ 2983 batches | lr 0.20 | ms/batch 31.57 | loss  5.49 | ppl   242.60
| epoch  11 |  2000/ 2983 batches | lr 0.20 | ms/batch 31.57 | loss  5.54 | ppl   254.64
| epoch  11 |  2200/ 2983 batches | lr 0.20 | ms/batch 31.89 | loss  5.43 | ppl   229.27
| epoch  11 |  2400/ 2983 batches | lr 0.20 | ms/batch 31.87 | loss  5.48 | ppl   239.72
| epoch  11 |  2600/ 2983 batches | lr 0.20 | ms/batch 31.50 | loss  5.51 | ppl   246.23
| epoch  11 |  2800/ 2983 batches | lr 0.20 | ms/batch 32.03 | loss  5.45 | ppl   232.39
-----------------------------------------------------------------------------------------
| end of epoch  11 | time: 99.55s | valid loss  2.39 | valid ppl    10.86
-----------------------------------------------------------------------------------------
Running without errors
| epoch  12 |   200/ 2983 batches | lr 0.20 | ms/batch 31.72 | loss  5.50 | ppl   243.81
| epoch  12 |   400/ 2983 batches | lr 0.20 | ms/batch 31.53 | loss  5.48 | ppl   240.52
| epoch  12 |   600/ 2983 batches | lr 0.20 | ms/batch 30.69 | loss  5.37 | ppl   215.78
| epoch  12 |   800/ 2983 batches | lr 0.20 | ms/batch 31.65 | loss  5.45 | ppl   233.56
| epoch  12 |  1000/ 2983 batches | lr 0.20 | ms/batch 32.04 | loss  5.41 | ppl   224.47
| epoch  12 |  1200/ 2983 batches | lr 0.20 | ms/batch 32.15 | loss  5.46 | ppl   236.08
| epoch  12 |  1400/ 2983 batches | lr 0.20 | ms/batch 32.43 | loss  5.47 | ppl   237.54
| epoch  12 |  1600/ 2983 batches | lr 0.20 | ms/batch 32.74 | loss  5.51 | ppl   246.41
| epoch  12 |  1800/ 2983 batches | lr 0.20 | ms/batch 32.34 | loss  5.44 | ppl   230.67
| epoch  12 |  2000/ 2983 batches | lr 0.20 | ms/batch 32.27 | loss  5.49 | ppl   242.12
| epoch  12 |  2200/ 2983 batches | lr 0.20 | ms/batch 32.22 | loss  5.38 | ppl   217.19
| epoch  12 |  2400/ 2983 batches | lr 0.20 | ms/batch 32.13 | loss  5.43 | ppl   227.20
| epoch  12 |  2600/ 2983 batches | lr 0.20 | ms/batch 31.71 | loss  5.46 | ppl   234.51
| epoch  12 |  2800/ 2983 batches | lr 0.20 | ms/batch 32.11 | loss  5.40 | ppl   221.18
-----------------------------------------------------------------------------------------
| end of epoch  12 | time: 99.20s | valid loss  2.38 | valid ppl    10.82
-----------------------------------------------------------------------------------------
Running without errors
| epoch  13 |   200/ 2983 batches | lr 0.20 | ms/batch 32.78 | loss  5.44 | ppl   231.16
| epoch  13 |   400/ 2983 batches | lr 0.20 | ms/batch 32.12 | loss  5.43 | ppl   228.91
| epoch  13 |   600/ 2983 batches | lr 0.20 | ms/batch 32.14 | loss  5.32 | ppl   205.12
| epoch  13 |   800/ 2983 batches | lr 0.20 | ms/batch 32.11 | loss  5.40 | ppl   222.22
| epoch  13 |  1000/ 2983 batches | lr 0.20 | ms/batch 32.22 | loss  5.37 | ppl   214.14
| epoch  13 |  1200/ 2983 batches | lr 0.20 | ms/batch 31.57 | loss  5.42 | ppl   224.80
| epoch  13 |  1400/ 2983 batches | lr 0.20 | ms/batch 31.60 | loss  5.42 | ppl   226.19
| epoch  13 |  1600/ 2983 batches | lr 0.20 | ms/batch 31.62 | loss  5.46 | ppl   235.10
| epoch  13 |  1800/ 2983 batches | lr 0.20 | ms/batch 31.96 | loss  5.39 | ppl   219.86
| epoch  13 |  2000/ 2983 batches | lr 0.20 | ms/batch 32.29 | loss  5.44 | ppl   230.41
| epoch  13 |  2200/ 2983 batches | lr 0.20 | ms/batch 32.30 | loss  5.33 | ppl   207.15
| epoch  13 |  2400/ 2983 batches | lr 0.20 | ms/batch 32.14 | loss  5.38 | ppl   216.84
| epoch  13 |  2600/ 2983 batches | lr 0.20 | ms/batch 32.18 | loss  5.41 | ppl   223.14
| epoch  13 |  2800/ 2983 batches | lr 0.20 | ms/batch 31.94 | loss  5.35 | ppl   210.34
-----------------------------------------------------------------------------------------
| end of epoch  13 | time: 99.45s | valid loss  2.37 | valid ppl    10.74
-----------------------------------------------------------------------------------------
Running without errors
| epoch  14 |   200/ 2983 batches | lr 0.20 | ms/batch 32.34 | loss  5.39 | ppl   220.29
| epoch  14 |   400/ 2983 batches | lr 0.20 | ms/batch 31.38 | loss  5.39 | ppl   218.90
| epoch  14 |   600/ 2983 batches | lr 0.20 | ms/batch 31.43 | loss  5.28 | ppl   196.20
| epoch  14 |   800/ 2983 batches | lr 0.20 | ms/batch 31.98 | loss  5.36 | ppl   212.19
| epoch  14 |  1000/ 2983 batches | lr 0.20 | ms/batch 32.02 | loss  5.32 | ppl   204.86
| epoch  14 |  1200/ 2983 batches | lr 0.20 | ms/batch 32.07 | loss  5.37 | ppl   214.81
| epoch  14 |  1400/ 2983 batches | lr 0.20 | ms/batch 32.13 | loss  5.38 | ppl   216.19
| epoch  14 |  1600/ 2983 batches | lr 0.20 | ms/batch 32.68 | loss  5.41 | ppl   223.94
| epoch  14 |  1800/ 2983 batches | lr 0.20 | ms/batch 34.01 | loss  5.35 | ppl   210.87
| epoch  14 |  2000/ 2983 batches | lr 0.20 | ms/batch 31.71 | loss  5.39 | ppl   219.84
| epoch  14 |  2200/ 2983 batches | lr 0.20 | ms/batch 31.69 | loss  5.29 | ppl   197.82
| epoch  14 |  2400/ 2983 batches | lr 0.20 | ms/batch 32.03 | loss  5.33 | ppl   206.66
| epoch  14 |  2600/ 2983 batches | lr 0.20 | ms/batch 32.22 | loss  5.37 | ppl   213.98
| epoch  14 |  2800/ 2983 batches | lr 0.20 | ms/batch 32.16 | loss  5.31 | ppl   201.61
-----------------------------------------------------------------------------------------
| end of epoch  14 | time: 99.64s | valid loss  2.37 | valid ppl    10.69
-----------------------------------------------------------------------------------------
Running without errors
| epoch  15 |   200/ 2983 batches | lr 0.20 | ms/batch 32.34 | loss  5.35 | ppl   211.14
| epoch  15 |   400/ 2983 batches | lr 0.20 | ms/batch 32.15 | loss  5.34 | ppl   209.14
| epoch  15 |   600/ 2983 batches | lr 0.20 | ms/batch 31.94 | loss  5.23 | ppl   187.32
| epoch  15 |   800/ 2983 batches | lr 0.20 | ms/batch 31.49 | loss  5.31 | ppl   202.83
| epoch  15 |  1000/ 2983 batches | lr 0.20 | ms/batch 31.42 | loss  5.28 | ppl   196.30
| epoch  15 |  1200/ 2983 batches | lr 0.20 | ms/batch 31.78 | loss  5.32 | ppl   205.29
| epoch  15 |  1400/ 2983 batches | lr 0.20 | ms/batch 32.01 | loss  5.33 | ppl   206.45
| epoch  15 |  1600/ 2983 batches | lr 0.20 | ms/batch 32.00 | loss  5.37 | ppl   214.35
| epoch  15 |  1800/ 2983 batches | lr 0.20 | ms/batch 31.64 | loss  5.31 | ppl   202.56
| epoch  15 |  2000/ 2983 batches | lr 0.20 | ms/batch 31.61 | loss  5.35 | ppl   211.07
| epoch  15 |  2200/ 2983 batches | lr 0.20 | ms/batch 31.60 | loss  5.24 | ppl   189.27
| epoch  15 |  2400/ 2983 batches | lr 0.20 | ms/batch 31.61 | loss  5.29 | ppl   198.64
| epoch  15 |  2600/ 2983 batches | lr 0.20 | ms/batch 31.57 | loss  5.32 | ppl   204.46
| epoch  15 |  2800/ 2983 batches | lr 0.20 | ms/batch 31.65 | loss  5.27 | ppl   193.48
-----------------------------------------------------------------------------------------
| end of epoch  15 | time: 98.48s | valid loss  2.36 | valid ppl    10.64
-----------------------------------------------------------------------------------------
Running without errors
| epoch  16 |   200/ 2983 batches | lr 0.20 | ms/batch 32.28 | loss  5.31 | ppl   202.50
| epoch  16 |   400/ 2983 batches | lr 0.20 | ms/batch 32.10 | loss  5.31 | ppl   201.59
| epoch  16 |   600/ 2983 batches | lr 0.20 | ms/batch 32.57 | loss  5.19 | ppl   180.07
| epoch  16 |   800/ 2983 batches | lr 0.20 | ms/batch 32.68 | loss  5.27 | ppl   195.20
| epoch  16 |  1000/ 2983 batches | lr 0.20 | ms/batch 32.62 | loss  5.24 | ppl   188.59
| epoch  16 |  1200/ 2983 batches | lr 0.20 | ms/batch 32.12 | loss  5.29 | ppl   197.55
| epoch  16 |  1400/ 2983 batches | lr 0.20 | ms/batch 31.65 | loss  5.29 | ppl   198.27
| epoch  16 |  1600/ 2983 batches | lr 0.20 | ms/batch 31.56 | loss  5.33 | ppl   206.55
| epoch  16 |  1800/ 2983 batches | lr 0.20 | ms/batch 32.01 | loss  5.27 | ppl   194.98
| epoch  16 |  2000/ 2983 batches | lr 0.20 | ms/batch 31.99 | loss  5.31 | ppl   202.42
| epoch  16 |  2200/ 2983 batches | lr 0.20 | ms/batch 31.98 | loss  5.21 | ppl   182.36
| epoch  16 |  2400/ 2983 batches | lr 0.20 | ms/batch 32.04 | loss  5.25 | ppl   190.36
| epoch  16 |  2600/ 2983 batches | lr 0.20 | ms/batch 31.97 | loss  5.28 | ppl   196.64
| epoch  16 |  2800/ 2983 batches | lr 0.20 | ms/batch 32.01 | loss  5.22 | ppl   185.84
-----------------------------------------------------------------------------------------
| end of epoch  16 | time: 99.68s | valid loss  2.36 | valid ppl    10.62
-----------------------------------------------------------------------------------------
Running without errors
| epoch  17 |   200/ 2983 batches | lr 0.20 | ms/batch 32.40 | loss  5.27 | ppl   194.60
| epoch  17 |   400/ 2983 batches | lr 0.20 | ms/batch 32.16 | loss  5.27 | ppl   194.02
| epoch  17 |   600/ 2983 batches | lr 0.20 | ms/batch 31.84 | loss  5.15 | ppl   173.15
| epoch  17 |   800/ 2983 batches | lr 0.20 | ms/batch 31.57 | loss  5.24 | ppl   187.85
| epoch  17 |  1000/ 2983 batches | lr 0.20 | ms/batch 31.87 | loss  5.20 | ppl   181.65
| epoch  17 |  1200/ 2983 batches | lr 0.20 | ms/batch 32.02 | loss  5.25 | ppl   189.91
| epoch  17 |  1400/ 2983 batches | lr 0.20 | ms/batch 31.89 | loss  5.25 | ppl   190.92
| epoch  17 |  1600/ 2983 batches | lr 0.20 | ms/batch 31.59 | loss  5.29 | ppl   198.47
| epoch  17 |  1800/ 2983 batches | lr 0.20 | ms/batch 31.70 | loss  5.23 | ppl   187.55
| epoch  17 |  2000/ 2983 batches | lr 0.20 | ms/batch 31.61 | loss  5.27 | ppl   194.58
| epoch  17 |  2200/ 2983 batches | lr 0.20 | ms/batch 31.64 | loss  5.17 | ppl   175.11
| epoch  17 |  2400/ 2983 batches | lr 0.20 | ms/batch 31.73 | loss  5.21 | ppl   183.19
| epoch  17 |  2600/ 2983 batches | lr 0.20 | ms/batch 31.65 | loss  5.24 | ppl   189.35
| epoch  17 |  2800/ 2983 batches | lr 0.20 | ms/batch 32.01 | loss  5.19 | ppl   179.35
-----------------------------------------------------------------------------------------
| end of epoch  17 | time: 98.99s | valid loss  2.36 | valid ppl    10.56
-----------------------------------------------------------------------------------------
Running without errors
| epoch  18 |   200/ 2983 batches | lr 0.20 | ms/batch 33.75 | loss  5.23 | ppl   187.00
| epoch  18 |   400/ 2983 batches | lr 0.20 | ms/batch 43.26 | loss  5.23 | ppl   187.20
| epoch  18 |   600/ 2983 batches | lr 0.20 | ms/batch 32.25 | loss  5.12 | ppl   166.70
| epoch  18 |   800/ 2983 batches | lr 0.20 | ms/batch 32.31 | loss  5.19 | ppl   180.36
| epoch  18 |  1000/ 2983 batches | lr 0.20 | ms/batch 32.31 | loss  5.16 | ppl   174.71
| epoch  18 |  1200/ 2983 batches | lr 0.20 | ms/batch 32.17 | loss  5.21 | ppl   183.89
| epoch  18 |  1400/ 2983 batches | lr 0.20 | ms/batch 31.96 | loss  5.21 | ppl   183.64
| epoch  18 |  1600/ 2983 batches | lr 0.20 | ms/batch 31.63 | loss  5.26 | ppl   191.78
| epoch  18 |  1800/ 2983 batches | lr 0.20 | ms/batch 31.69 | loss  5.20 | ppl   180.90
| epoch  18 |  2000/ 2983 batches | lr 0.20 | ms/batch 31.62 | loss  5.24 | ppl   188.34
| epoch  18 |  2200/ 2983 batches | lr 0.20 | ms/batch 31.59 | loss  5.13 | ppl   168.93
| epoch  18 |  2400/ 2983 batches | lr 0.20 | ms/batch 31.58 | loss  5.17 | ppl   176.50
| epoch  18 |  2600/ 2983 batches | lr 0.20 | ms/batch 31.58 | loss  5.21 | ppl   182.82
| epoch  18 |  2800/ 2983 batches | lr 0.20 | ms/batch 31.56 | loss  5.15 | ppl   172.71
-----------------------------------------------------------------------------------------
| end of epoch  18 | time: 101.72s | valid loss  2.36 | valid ppl    10.55
-----------------------------------------------------------------------------------------
Running without errors
| epoch  19 |   200/ 2983 batches | lr 0.20 | ms/batch 32.43 | loss  5.20 | ppl   180.85
| epoch  19 |   400/ 2983 batches | lr 0.20 | ms/batch 32.19 | loss  5.20 | ppl   181.30
| epoch  19 |   600/ 2983 batches | lr 0.20 | ms/batch 32.44 | loss  5.08 | ppl   160.94
| epoch  19 |   800/ 2983 batches | lr 0.20 | ms/batch 32.34 | loss  5.16 | ppl   174.53
| epoch  19 |  1000/ 2983 batches | lr 0.20 | ms/batch 34.63 | loss  5.13 | ppl   169.38
| epoch  19 |  1200/ 2983 batches | lr 0.20 | ms/batch 31.74 | loss  5.18 | ppl   177.74
| epoch  19 |  1400/ 2983 batches | lr 0.20 | ms/batch 32.20 | loss  5.18 | ppl   177.50
| epoch  19 |  1600/ 2983 batches | lr 0.20 | ms/batch 32.23 | loss  5.22 | ppl   185.23
| epoch  19 |  1800/ 2983 batches | lr 0.20 | ms/batch 32.12 | loss  5.17 | ppl   176.04
| epoch  19 |  2000/ 2983 batches | lr 0.20 | ms/batch 32.71 | loss  5.20 | ppl   181.34
| epoch  19 |  2200/ 2983 batches | lr 0.20 | ms/batch 32.29 | loss  5.10 | ppl   163.22
| epoch  19 |  2400/ 2983 batches | lr 0.20 | ms/batch 32.30 | loss  5.14 | ppl   170.79
| epoch  19 |  2600/ 2983 batches | lr 0.20 | ms/batch 32.31 | loss  5.17 | ppl   176.76
| epoch  19 |  2800/ 2983 batches | lr 0.20 | ms/batch 32.32 | loss  5.12 | ppl   167.45
-----------------------------------------------------------------------------------------
| end of epoch  19 | time: 100.73s | valid loss  2.35 | valid ppl    10.50
-----------------------------------------------------------------------------------------
Running without errors
| epoch  20 |   200/ 2983 batches | lr 0.20 | ms/batch 32.17 | loss  5.16 | ppl   174.63
| epoch  20 |   400/ 2983 batches | lr 0.20 | ms/batch 32.12 | loss  5.17 | ppl   175.49
| epoch  20 |   600/ 2983 batches | lr 0.20 | ms/batch 31.93 | loss  5.05 | ppl   155.75
| epoch  20 |   800/ 2983 batches | lr 0.20 | ms/batch 31.63 | loss  5.13 | ppl   169.18
| epoch  20 |  1000/ 2983 batches | lr 0.20 | ms/batch 31.66 | loss  5.10 | ppl   164.37
| epoch  20 |  1200/ 2983 batches | lr 0.20 | ms/batch 34.24 | loss  5.15 | ppl   171.70
| epoch  20 |  1400/ 2983 batches | lr 0.20 | ms/batch 31.59 | loss  5.15 | ppl   171.71
| epoch  20 |  1600/ 2983 batches | lr 0.20 | ms/batch 31.61 | loss  5.19 | ppl   179.39
| epoch  20 |  1800/ 2983 batches | lr 0.20 | ms/batch 31.64 | loss  5.14 | ppl   170.67
| epoch  20 |  2000/ 2983 batches | lr 0.20 | ms/batch 31.98 | loss  5.17 | ppl   175.95
| epoch  20 |  2200/ 2983 batches | lr 0.20 | ms/batch 32.24 | loss  5.06 | ppl   158.11
| epoch  20 |  2400/ 2983 batches | lr 0.20 | ms/batch 32.76 | loss  5.11 | ppl   165.40
| epoch  20 |  2600/ 2983 batches | lr 0.20 | ms/batch 32.11 | loss  5.14 | ppl   171.29
| epoch  20 |  2800/ 2983 batches | lr 0.20 | ms/batch 31.88 | loss  5.09 | ppl   161.67
-----------------------------------------------------------------------------------------
| end of epoch  20 | time: 99.51s | valid loss  2.35 | valid ppl    10.47
-----------------------------------------------------------------------------------------
Running without errors
| epoch  21 |   200/ 2983 batches | lr 0.20 | ms/batch 32.24 | loss  5.13 | ppl   169.53
| epoch  21 |   400/ 2983 batches | lr 0.20 | ms/batch 32.12 | loss  5.14 | ppl   170.45
| epoch  21 |   600/ 2983 batches | lr 0.20 | ms/batch 32.10 | loss  5.02 | ppl   151.42
| epoch  21 |   800/ 2983 batches | lr 0.20 | ms/batch 32.10 | loss  5.10 | ppl   164.17
| epoch  21 |  1000/ 2983 batches | lr 0.20 | ms/batch 32.02 | loss  5.07 | ppl   159.20
| epoch  21 |  1200/ 2983 batches | lr 0.20 | ms/batch 31.93 | loss  5.11 | ppl   166.20
| epoch  21 |  1400/ 2983 batches | lr 0.20 | ms/batch 32.38 | loss  5.12 | ppl   166.71
| epoch  21 |  1600/ 2983 batches | lr 0.20 | ms/batch 32.27 | loss  5.16 | ppl   174.34
| epoch  21 |  1800/ 2983 batches | lr 0.20 | ms/batch 32.26 | loss  5.11 | ppl   165.88
| epoch  21 |  2000/ 2983 batches | lr 0.20 | ms/batch 32.07 | loss  5.14 | ppl   170.69
| epoch  21 |  2200/ 2983 batches | lr 0.20 | ms/batch 32.07 | loss  5.03 | ppl   153.49
| epoch  21 |  2400/ 2983 batches | lr 0.20 | ms/batch 32.06 | loss  5.08 | ppl   160.38
| epoch  21 |  2600/ 2983 batches | lr 0.20 | ms/batch 32.10 | loss  5.11 | ppl   166.23
| epoch  21 |  2800/ 2983 batches | lr 0.20 | ms/batch 32.04 | loss  5.06 | ppl   157.05
-----------------------------------------------------------------------------------------
| end of epoch  21 | time: 99.51s | valid loss  2.35 | valid ppl    10.44
-----------------------------------------------------------------------------------------
Running without errors
| epoch  22 |   200/ 2983 batches | lr 0.20 | ms/batch 32.16 | loss  5.10 | ppl   164.18
| epoch  22 |   400/ 2983 batches | lr 0.20 | ms/batch 32.08 | loss  5.11 | ppl   165.47
| epoch  22 |   600/ 2983 batches | lr 0.20 | ms/batch 32.00 | loss  4.99 | ppl   146.80
| epoch  22 |   800/ 2983 batches | lr 0.20 | ms/batch 32.01 | loss  5.07 | ppl   159.29
| epoch  22 |  1000/ 2983 batches | lr 0.20 | ms/batch 32.04 | loss  5.04 | ppl   154.59
| epoch  22 |  1200/ 2983 batches | lr 0.20 | ms/batch 32.10 | loss  5.09 | ppl   161.89
| epoch  22 |  1400/ 2983 batches | lr 0.20 | ms/batch 32.41 | loss  5.08 | ppl   161.42
| epoch  22 |  1600/ 2983 batches | lr 0.20 | ms/batch 32.38 | loss  5.13 | ppl   168.96
| epoch  22 |  1800/ 2983 batches | lr 0.20 | ms/batch 32.34 | loss  5.08 | ppl   161.19
| epoch  22 |  2000/ 2983 batches | lr 0.20 | ms/batch 31.84 | loss  5.11 | ppl   165.66
| epoch  22 |  2200/ 2983 batches | lr 0.20 | ms/batch 31.57 | loss  5.00 | ppl   148.65
| epoch  22 |  2400/ 2983 batches | lr 0.20 | ms/batch 31.82 | loss  5.05 | ppl   156.44
| epoch  22 |  2600/ 2983 batches | lr 0.20 | ms/batch 31.79 | loss  5.09 | ppl   161.68
| epoch  22 |  2800/ 2983 batches | lr 0.20 | ms/batch 31.83 | loss  5.03 | ppl   153.27
-----------------------------------------------------------------------------------------
| end of epoch  22 | time: 99.14s | valid loss  2.34 | valid ppl    10.41
-----------------------------------------------------------------------------------------
Running without errors
| epoch  23 |   200/ 2983 batches | lr 0.20 | ms/batch 32.16 | loss  5.08 | ppl   160.10
| epoch  23 |   400/ 2983 batches | lr 0.20 | ms/batch 32.06 | loss  5.08 | ppl   161.22
| epoch  23 |   600/ 2983 batches | lr 0.20 | ms/batch 32.20 | loss  4.96 | ppl   142.84
| epoch  23 |   800/ 2983 batches | lr 0.20 | ms/batch 31.73 | loss  5.04 | ppl   155.18
| epoch  23 |  1000/ 2983 batches | lr 0.20 | ms/batch 31.68 | loss  5.02 | ppl   150.80
| epoch  23 |  1200/ 2983 batches | lr 0.20 | ms/batch 31.67 | loss  5.06 | ppl   156.83
| epoch  23 |  1400/ 2983 batches | lr 0.20 | ms/batch 31.59 | loss  5.06 | ppl   157.05
| epoch  23 |  1600/ 2983 batches | lr 0.20 | ms/batch 31.73 | loss  5.11 | ppl   164.96
| epoch  23 |  1800/ 2983 batches | lr 0.20 | ms/batch 32.31 | loss  5.06 | ppl   157.00
| epoch  23 |  2000/ 2983 batches | lr 0.20 | ms/batch 32.30 | loss  5.08 | ppl   161.10
| epoch  23 |  2200/ 2983 batches | lr 0.20 | ms/batch 32.28 | loss  4.98 | ppl   145.20
| epoch  23 |  2400/ 2983 batches | lr 0.20 | ms/batch 32.34 | loss  5.02 | ppl   151.65
| epoch  23 |  2600/ 2983 batches | lr 0.20 | ms/batch 32.37 | loss  5.06 | ppl   157.52
| epoch  23 |  2800/ 2983 batches | lr 0.20 | ms/batch 32.09 | loss  5.00 | ppl   149.13
-----------------------------------------------------------------------------------------
| end of epoch  23 | time: 99.41s | valid loss  2.34 | valid ppl    10.41
-----------------------------------------------------------------------------------------
Running without errors
| epoch  24 |   200/ 2983 batches | lr 0.20 | ms/batch 31.92 | loss  5.05 | ppl   156.24
| epoch  24 |   400/ 2983 batches | lr 0.20 | ms/batch 31.69 | loss  5.06 | ppl   156.82
| epoch  24 |   600/ 2983 batches | lr 0.20 | ms/batch 31.65 | loss  4.94 | ppl   139.14
| epoch  24 |   800/ 2983 batches | lr 0.20 | ms/batch 31.59 | loss  5.02 | ppl   151.40
| epoch  24 |  1000/ 2983 batches | lr 0.20 | ms/batch 31.47 | loss  4.99 | ppl   146.85
| epoch  24 |  1200/ 2983 batches | lr 0.20 | ms/batch 31.96 | loss  5.03 | ppl   153.03
| epoch  24 |  1400/ 2983 batches | lr 0.20 | ms/batch 32.21 | loss  5.03 | ppl   153.12
| epoch  24 |  1600/ 2983 batches | lr 0.20 | ms/batch 32.10 | loss  5.08 | ppl   160.66
| epoch  24 |  1800/ 2983 batches | lr 0.20 | ms/batch 32.01 | loss  5.03 | ppl   153.04
| epoch  24 |  2000/ 2983 batches | lr 0.20 | ms/batch 31.98 | loss  5.06 | ppl   157.41
| epoch  24 |  2200/ 2983 batches | lr 0.20 | ms/batch 31.99 | loss  4.95 | ppl   141.23
| epoch  24 |  2400/ 2983 batches | lr 0.20 | ms/batch 31.97 | loss  5.00 | ppl   148.34
| epoch  24 |  2600/ 2983 batches | lr 0.20 | ms/batch 32.02 | loss  5.03 | ppl   153.28
| epoch  24 |  2800/ 2983 batches | lr 0.20 | ms/batch 31.97 | loss  4.98 | ppl   145.66
-----------------------------------------------------------------------------------------
| end of epoch  24 | time: 99.01s | valid loss  2.34 | valid ppl    10.36
-----------------------------------------------------------------------------------------
Running without errors
| epoch  25 |   200/ 2983 batches | lr 0.20 | ms/batch 31.86 | loss  5.02 | ppl   151.85
| epoch  25 |   400/ 2983 batches | lr 0.20 | ms/batch 33.95 | loss  5.03 | ppl   153.57
| epoch  25 |   600/ 2983 batches | lr 0.20 | ms/batch 32.20 | loss  4.91 | ppl   135.60
| epoch  25 |   800/ 2983 batches | lr 0.20 | ms/batch 32.03 | loss  4.99 | ppl   147.15
| epoch  25 |  1000/ 2983 batches | lr 0.20 | ms/batch 32.06 | loss  4.97 | ppl   143.37
| epoch  25 |  1200/ 2983 batches | lr 0.20 | ms/batch 32.03 | loss  5.01 | ppl   149.22
| epoch  25 |  1400/ 2983 batches | lr 0.20 | ms/batch 31.93 | loss  5.01 | ppl   149.30
| epoch  25 |  1600/ 2983 batches | lr 0.20 | ms/batch 31.70 | loss  5.05 | ppl   156.71
| epoch  25 |  1800/ 2983 batches | lr 0.20 | ms/batch 31.59 | loss  5.01 | ppl   149.45
| epoch  25 |  2000/ 2983 batches | lr 0.20 | ms/batch 31.56 | loss  5.03 | ppl   152.90
| epoch  25 |  2200/ 2983 batches | lr 0.20 | ms/batch 31.73 | loss  4.93 | ppl   138.12
| epoch  25 |  2400/ 2983 batches | lr 0.20 | ms/batch 32.11 | loss  4.97 | ppl   144.43
| epoch  25 |  2600/ 2983 batches | lr 0.20 | ms/batch 32.38 | loss  5.01 | ppl   150.04
| epoch  25 |  2800/ 2983 batches | lr 0.20 | ms/batch 32.01 | loss  4.95 | ppl   141.55
-----------------------------------------------------------------------------------------
| end of epoch  25 | time: 99.40s | valid loss  2.34 | valid ppl    10.34
-----------------------------------------------------------------------------------------
Running without errors
| epoch  26 |   200/ 2983 batches | lr 0.20 | ms/batch 31.94 | loss  5.00 | ppl   148.46
| epoch  26 |   400/ 2983 batches | lr 0.20 | ms/batch 31.66 | loss  5.01 | ppl   149.91
| epoch  26 |   600/ 2983 batches | lr 0.20 | ms/batch 31.74 | loss  4.89 | ppl   132.62
| epoch  26 |   800/ 2983 batches | lr 0.20 | ms/batch 32.44 | loss  4.96 | ppl   143.22
| epoch  26 |  1000/ 2983 batches | lr 0.20 | ms/batch 31.51 | loss  4.94 | ppl   140.28
| epoch  26 |  1200/ 2983 batches | lr 0.20 | ms/batch 31.44 | loss  4.98 | ppl   145.79
| epoch  26 |  1400/ 2983 batches | lr 0.20 | ms/batch 31.47 | loss  4.98 | ppl   145.79
| epoch  26 |  1600/ 2983 batches | lr 0.20 | ms/batch 31.56 | loss  5.03 | ppl   152.78
| epoch  26 |  1800/ 2983 batches | lr 0.20 | ms/batch 31.51 | loss  4.98 | ppl   145.94
| epoch  26 |  2000/ 2983 batches | lr 0.20 | ms/batch 31.55 | loss  5.01 | ppl   150.00
| epoch  26 |  2200/ 2983 batches | lr 0.20 | ms/batch 31.62 | loss  4.90 | ppl   134.47
| epoch  26 |  2400/ 2983 batches | lr 0.20 | ms/batch 31.53 | loss  4.95 | ppl   141.32
| epoch  26 |  2600/ 2983 batches | lr 0.20 | ms/batch 31.86 | loss  4.99 | ppl   146.33
| epoch  26 |  2800/ 2983 batches | lr 0.20 | ms/batch 31.52 | loss  4.93 | ppl   138.46
-----------------------------------------------------------------------------------------
| end of epoch  26 | time: 98.22s | valid loss  2.33 | valid ppl    10.32
-----------------------------------------------------------------------------------------
Running without errors
| epoch  27 |   200/ 2983 batches | lr 0.20 | ms/batch 31.93 | loss  4.98 | ppl   145.15
| epoch  27 |   400/ 2983 batches | lr 0.20 | ms/batch 31.68 | loss  4.99 | ppl   146.61
| epoch  27 |   600/ 2983 batches | lr 0.20 | ms/batch 31.59 | loss  4.86 | ppl   129.64
| epoch  27 |   800/ 2983 batches | lr 0.20 | ms/batch 31.60 | loss  4.94 | ppl   140.46
| epoch  27 |  1000/ 2983 batches | lr 0.20 | ms/batch 31.55 | loss  4.92 | ppl   137.23
| epoch  27 |  1200/ 2983 batches | lr 0.20 | ms/batch 31.63 | loss  4.96 | ppl   142.74
| epoch  27 |  1400/ 2983 batches | lr 0.20 | ms/batch 31.54 | loss  4.96 | ppl   142.62
| epoch  27 |  1600/ 2983 batches | lr 0.20 | ms/batch 31.56 | loss  5.01 | ppl   149.38
| epoch  27 |  1800/ 2983 batches | lr 0.20 | ms/batch 32.34 | loss  4.96 | ppl   142.66
| epoch  27 |  2000/ 2983 batches | lr 0.20 | ms/batch 32.59 | loss  4.99 | ppl   146.24
| epoch  27 |  2200/ 2983 batches | lr 0.20 | ms/batch 32.17 | loss  4.88 | ppl   131.80
| epoch  27 |  2400/ 2983 batches | lr 0.20 | ms/batch 31.70 | loss  4.93 | ppl   138.11
| epoch  27 |  2600/ 2983 batches | lr 0.20 | ms/batch 31.67 | loss  4.96 | ppl   143.26
| epoch  27 |  2800/ 2983 batches | lr 0.20 | ms/batch 31.75 | loss  4.91 | ppl   135.58
-----------------------------------------------------------------------------------------
| end of epoch  27 | time: 98.65s | valid loss  2.33 | valid ppl    10.29
-----------------------------------------------------------------------------------------
Running without errors
| epoch  28 |   200/ 2983 batches | lr 0.20 | ms/batch 32.28 | loss  4.95 | ppl   141.82
| epoch  28 |   400/ 2983 batches | lr 0.20 | ms/batch 32.05 | loss  4.97 | ppl   143.58
| epoch  28 |   600/ 2983 batches | lr 0.20 | ms/batch 32.03 | loss  4.84 | ppl   126.96
| epoch  28 |   800/ 2983 batches | lr 0.20 | ms/batch 31.75 | loss  4.92 | ppl   137.53
| epoch  28 |  1000/ 2983 batches | lr 0.20 | ms/batch 31.97 | loss  4.90 | ppl   134.26
| epoch  28 |  1200/ 2983 batches | lr 0.20 | ms/batch 31.75 | loss  4.94 | ppl   139.21
| epoch  28 |  1400/ 2983 batches | lr 0.20 | ms/batch 31.68 | loss  4.94 | ppl   139.36
| epoch  28 |  1600/ 2983 batches | lr 0.20 | ms/batch 31.62 | loss  4.98 | ppl   146.16
| epoch  28 |  1800/ 2983 batches | lr 0.20 | ms/batch 31.60 | loss  4.94 | ppl   139.69
| epoch  28 |  2000/ 2983 batches | lr 0.20 | ms/batch 31.62 | loss  4.96 | ppl   143.25
| epoch  28 |  2200/ 2983 batches | lr 0.20 | ms/batch 31.59 | loss  4.86 | ppl   128.87
| epoch  28 |  2400/ 2983 batches | lr 0.20 | ms/batch 32.27 | loss  4.91 | ppl   135.56
| epoch  28 |  2600/ 2983 batches | lr 0.20 | ms/batch 34.85 | loss  4.94 | ppl   140.27
| epoch  28 |  2800/ 2983 batches | lr 0.20 | ms/batch 32.10 | loss  4.89 | ppl   132.58
-----------------------------------------------------------------------------------------
| end of epoch  28 | time: 100.72s | valid loss  2.33 | valid ppl    10.29
-----------------------------------------------------------------------------------------
Running without errors
| epoch  29 |   200/ 2983 batches | lr 0.20 | ms/batch 32.22 | loss  4.93 | ppl   138.61
| epoch  29 |   400/ 2983 batches | lr 0.20 | ms/batch 32.10 | loss  4.94 | ppl   140.26
| epoch  29 |   600/ 2983 batches | lr 0.20 | ms/batch 32.11 | loss  4.82 | ppl   124.38
| epoch  29 |   800/ 2983 batches | lr 0.20 | ms/batch 32.02 | loss  4.90 | ppl   134.39
| epoch  29 |  1000/ 2983 batches | lr 0.20 | ms/batch 32.08 | loss  4.88 | ppl   131.46
| epoch  29 |  1200/ 2983 batches | lr 0.20 | ms/batch 32.07 | loss  4.92 | ppl   136.70
| epoch  29 |  1400/ 2983 batches | lr 0.20 | ms/batch 32.08 | loss  4.92 | ppl   136.43
| epoch  29 |  1600/ 2983 batches | lr 0.20 | ms/batch 31.72 | loss  4.96 | ppl   143.23
| epoch  29 |  1800/ 2983 batches | lr 0.20 | ms/batch 31.70 | loss  4.92 | ppl   136.93
| epoch  29 |  2000/ 2983 batches | lr 0.20 | ms/batch 32.04 | loss  4.94 | ppl   140.29
| epoch  29 |  2200/ 2983 batches | lr 0.20 | ms/batch 32.33 | loss  4.84 | ppl   126.45
| epoch  29 |  2400/ 2983 batches | lr 0.20 | ms/batch 33.55 | loss  4.89 | ppl   132.37
| epoch  29 |  2600/ 2983 batches | lr 0.20 | ms/batch 32.16 | loss  4.92 | ppl   137.34
| epoch  29 |  2800/ 2983 batches | lr 0.20 | ms/batch 31.60 | loss  4.87 | ppl   130.37
-----------------------------------------------------------------------------------------
| end of epoch  29 | time: 99.65s | valid loss  2.33 | valid ppl    10.28
-----------------------------------------------------------------------------------------
Running without errors
| epoch  30 |   200/ 2983 batches | lr 0.20 | ms/batch 31.78 | loss  4.91 | ppl   136.16
| epoch  30 |   400/ 2983 batches | lr 0.20 | ms/batch 32.37 | loss  4.92 | ppl   137.63
| epoch  30 |   600/ 2983 batches | lr 0.20 | ms/batch 32.27 | loss  4.80 | ppl   121.91
| epoch  30 |   800/ 2983 batches | lr 0.20 | ms/batch 32.27 | loss  4.88 | ppl   131.97
| epoch  30 |  1000/ 2983 batches | lr 0.20 | ms/batch 32.56 | loss  4.86 | ppl   129.41
| epoch  30 |  1200/ 2983 batches | lr 0.20 | ms/batch 32.67 | loss  4.90 | ppl   133.86
| epoch  30 |  1400/ 2983 batches | lr 0.20 | ms/batch 32.45 | loss  4.89 | ppl   132.89
| epoch  30 |  1600/ 2983 batches | lr 0.20 | ms/batch 32.10 | loss  4.94 | ppl   140.42
| epoch  30 |  1800/ 2983 batches | lr 0.20 | ms/batch 31.94 | loss  4.90 | ppl   134.33
| epoch  30 |  2000/ 2983 batches | lr 0.20 | ms/batch 32.08 | loss  4.93 | ppl   138.45
| epoch  30 |  2200/ 2983 batches | lr 0.20 | ms/batch 32.07 | loss  4.82 | ppl   123.87
| epoch  30 |  2400/ 2983 batches | lr 0.20 | ms/batch 32.04 | loss  4.87 | ppl   129.98
| epoch  30 |  2600/ 2983 batches | lr 0.20 | ms/batch 32.18 | loss  4.90 | ppl   134.58
| epoch  30 |  2800/ 2983 batches | lr 0.20 | ms/batch 32.14 | loss  4.85 | ppl   127.77
-----------------------------------------------------------------------------------------
| end of epoch  30 | time: 99.81s | valid loss  2.33 | valid ppl    10.23
-----------------------------------------------------------------------------------------
Running without errors
| epoch  31 |   200/ 2983 batches | lr 0.20 | ms/batch 33.76 | loss  4.89 | ppl   133.26
| epoch  31 |   400/ 2983 batches | lr 0.20 | ms/batch 31.97 | loss  4.91 | ppl   135.31
| epoch  31 |   600/ 2983 batches | lr 0.20 | ms/batch 31.72 | loss  4.78 | ppl   119.23
| epoch  31 |   800/ 2983 batches | lr 0.20 | ms/batch 32.30 | loss  4.86 | ppl   129.18
| epoch  31 |  1000/ 2983 batches | lr 0.20 | ms/batch 32.07 | loss  4.84 | ppl   126.63
| epoch  31 |  1200/ 2983 batches | lr 0.20 | ms/batch 32.20 | loss  4.88 | ppl   131.36
| epoch  31 |  1400/ 2983 batches | lr 0.20 | ms/batch 31.74 | loss  4.87 | ppl   130.57
| epoch  31 |  1600/ 2983 batches | lr 0.20 | ms/batch 31.75 | loss  4.93 | ppl   137.87
| epoch  31 |  1800/ 2983 batches | lr 0.20 | ms/batch 31.72 | loss  4.88 | ppl   131.63
| epoch  31 |  2000/ 2983 batches | lr 0.20 | ms/batch 31.67 | loss  4.90 | ppl   134.72
| epoch  31 |  2200/ 2983 batches | lr 0.20 | ms/batch 32.17 | loss  4.80 | ppl   121.45
| epoch  31 |  2400/ 2983 batches | lr 0.20 | ms/batch 31.78 | loss  4.85 | ppl   127.78
| epoch  31 |  2600/ 2983 batches | lr 0.20 | ms/batch 31.43 | loss  4.88 | ppl   131.88
| epoch  31 |  2800/ 2983 batches | lr 0.20 | ms/batch 31.89 | loss  4.82 | ppl   124.50
-----------------------------------------------------------------------------------------
| end of epoch  31 | time: 99.38s | valid loss  2.32 | valid ppl    10.19
-----------------------------------------------------------------------------------------
Running without errors
| epoch  32 |   200/ 2983 batches | lr 0.20 | ms/batch 32.32 | loss  4.87 | ppl   130.75
| epoch  32 |   400/ 2983 batches | lr 0.20 | ms/batch 34.92 | loss  4.89 | ppl   132.72
| epoch  32 |   600/ 2983 batches | lr 0.20 | ms/batch 32.25 | loss  4.76 | ppl   117.05
| epoch  32 |   800/ 2983 batches | lr 0.20 | ms/batch 32.16 | loss  4.84 | ppl   126.86
| epoch  32 |  1000/ 2983 batches | lr 0.20 | ms/batch 32.18 | loss  4.82 | ppl   124.31
| epoch  32 |  1200/ 2983 batches | lr 0.20 | ms/batch 32.19 | loss  4.86 | ppl   128.82
| epoch  32 |  1400/ 2983 batches | lr 0.20 | ms/batch 32.17 | loss  4.85 | ppl   128.27
| epoch  32 |  1600/ 2983 batches | lr 0.20 | ms/batch 32.21 | loss  4.90 | ppl   134.84
| epoch  32 |  1800/ 2983 batches | lr 0.20 | ms/batch 32.06 | loss  4.86 | ppl   129.55
| epoch  32 |  2000/ 2983 batches | lr 0.20 | ms/batch 32.25 | loss  4.89 | ppl   132.64
| epoch  32 |  2200/ 2983 batches | lr 0.20 | ms/batch 31.87 | loss  4.78 | ppl   119.53
| epoch  32 |  2400/ 2983 batches | lr 0.20 | ms/batch 31.78 | loss  4.83 | ppl   125.28
| epoch  32 |  2600/ 2983 batches | lr 0.20 | ms/batch 32.39 | loss  4.86 | ppl   129.10
| epoch  32 |  2800/ 2983 batches | lr 0.20 | ms/batch 31.65 | loss  4.81 | ppl   122.78
-----------------------------------------------------------------------------------------
| end of epoch  32 | time: 100.08s | valid loss  2.32 | valid ppl    10.21
-----------------------------------------------------------------------------------------
Running without errors
| epoch  33 |   200/ 2983 batches | lr 0.05 | ms/batch 31.86 | loss  4.89 | ppl   132.96
| epoch  33 |   400/ 2983 batches | lr 0.05 | ms/batch 31.68 | loss  4.89 | ppl   133.07
| epoch  33 |   600/ 2983 batches | lr 0.05 | ms/batch 31.87 | loss  4.76 | ppl   116.46
| epoch  33 |   800/ 2983 batches | lr 0.05 | ms/batch 32.45 | loss  4.83 | ppl   124.91
| epoch  33 |  1000/ 2983 batches | lr 0.05 | ms/batch 32.12 | loss  4.79 | ppl   120.07
| epoch  33 |  1200/ 2983 batches | lr 0.05 | ms/batch 32.13 | loss  4.81 | ppl   122.64
| epoch  33 |  1400/ 2983 batches | lr 0.05 | ms/batch 32.18 | loss  4.80 | ppl   121.61
| epoch  33 |  1600/ 2983 batches | lr 0.05 | ms/batch 31.83 | loss  4.84 | ppl   126.04
| epoch  33 |  1800/ 2983 batches | lr 0.05 | ms/batch 31.62 | loss  4.79 | ppl   120.30
| epoch  33 |  2000/ 2983 batches | lr 0.05 | ms/batch 31.61 | loss  4.81 | ppl   122.50
| epoch  33 |  2200/ 2983 batches | lr 0.05 | ms/batch 31.66 | loss  4.69 | ppl   108.80
| epoch  33 |  2400/ 2983 batches | lr 0.05 | ms/batch 31.24 | loss  4.71 | ppl   111.41
| epoch  33 |  2600/ 2983 batches | lr 0.05 | ms/batch 31.67 | loss  4.74 | ppl   114.49
| epoch  33 |  2800/ 2983 batches | lr 0.05 | ms/batch 32.37 | loss  4.68 | ppl   107.56
-----------------------------------------------------------------------------------------
| end of epoch  33 | time: 99.11s | valid loss  2.27 | valid ppl     9.64
-----------------------------------------------------------------------------------------
Running without errors
| epoch  34 |   200/ 2983 batches | lr 0.05 | ms/batch 32.46 | loss  4.83 | ppl   124.79
| epoch  34 |   400/ 2983 batches | lr 0.05 | ms/batch 32.11 | loss  4.84 | ppl   125.96
| epoch  34 |   600/ 2983 batches | lr 0.05 | ms/batch 32.19 | loss  4.71 | ppl   111.36
| epoch  34 |   800/ 2983 batches | lr 0.05 | ms/batch 32.00 | loss  4.79 | ppl   120.47
| epoch  34 |  1000/ 2983 batches | lr 0.05 | ms/batch 31.54 | loss  4.75 | ppl   115.92
| epoch  34 |  1200/ 2983 batches | lr 0.05 | ms/batch 31.62 | loss  4.78 | ppl   119.23
| epoch  34 |  1400/ 2983 batches | lr 0.05 | ms/batch 31.48 | loss  4.78 | ppl   118.57
| epoch  34 |  1600/ 2983 batches | lr 0.05 | ms/batch 31.42 | loss  4.81 | ppl   123.01
| epoch  34 |  1800/ 2983 batches | lr 0.05 | ms/batch 31.40 | loss  4.77 | ppl   118.28
| epoch  34 |  2000/ 2983 batches | lr 0.05 | ms/batch 31.47 | loss  4.79 | ppl   120.51
| epoch  34 |  2200/ 2983 batches | lr 0.05 | ms/batch 31.60 | loss  4.68 | ppl   107.77
| epoch  34 |  2400/ 2983 batches | lr 0.05 | ms/batch 32.49 | loss  4.71 | ppl   111.33
| epoch  34 |  2600/ 2983 batches | lr 0.05 | ms/batch 39.64 | loss  4.74 | ppl   114.65
| epoch  34 |  2800/ 2983 batches | lr 0.05 | ms/batch 31.79 | loss  4.68 | ppl   108.14
-----------------------------------------------------------------------------------------
| end of epoch  34 | time: 100.64s | valid loss  2.27 | valid ppl     9.69
-----------------------------------------------------------------------------------------
Running without errors
| epoch  35 |   200/ 2983 batches | lr 0.01 | ms/batch 32.57 | loss  4.83 | ppl   125.28
| epoch  35 |   400/ 2983 batches | lr 0.01 | ms/batch 32.54 | loss  4.84 | ppl   126.47
| epoch  35 |   600/ 2983 batches | lr 0.01 | ms/batch 32.54 | loss  4.71 | ppl   111.57
| epoch  35 |   800/ 2983 batches | lr 0.01 | ms/batch 31.55 | loss  4.80 | ppl   120.95
| epoch  35 |  1000/ 2983 batches | lr 0.01 | ms/batch 32.10 | loss  4.76 | ppl   116.28
| epoch  35 |  1200/ 2983 batches | lr 0.01 | ms/batch 32.20 | loss  4.77 | ppl   118.32
| epoch  35 |  1400/ 2983 batches | lr 0.01 | ms/batch 32.12 | loss  4.77 | ppl   117.38
| epoch  35 |  1600/ 2983 batches | lr 0.01 | ms/batch 32.07 | loss  4.80 | ppl   121.35
| epoch  35 |  1800/ 2983 batches | lr 0.01 | ms/batch 32.12 | loss  4.75 | ppl   115.97
| epoch  35 |  2000/ 2983 batches | lr 0.01 | ms/batch 32.28 | loss  4.77 | ppl   117.90
| epoch  35 |  2200/ 2983 batches | lr 0.01 | ms/batch 31.80 | loss  4.65 | ppl   105.05
| epoch  35 |  2400/ 2983 batches | lr 0.01 | ms/batch 32.87 | loss  4.68 | ppl   107.32
| epoch  35 |  2600/ 2983 batches | lr 0.01 | ms/batch 32.15 | loss  4.70 | ppl   110.03
| epoch  35 |  2800/ 2983 batches | lr 0.01 | ms/batch 31.49 | loss  4.64 | ppl   103.42
-----------------------------------------------------------------------------------------
| end of epoch  35 | time: 99.70s | valid loss  2.26 | valid ppl     9.57
-----------------------------------------------------------------------------------------
Running without errors
| epoch  36 |   200/ 2983 batches | lr 0.01 | ms/batch 32.15 | loss  4.81 | ppl   122.58
| epoch  36 |   400/ 2983 batches | lr 0.01 | ms/batch 31.66 | loss  4.82 | ppl   124.08
| epoch  36 |   600/ 2983 batches | lr 0.01 | ms/batch 31.70 | loss  4.70 | ppl   110.11
| epoch  36 |   800/ 2983 batches | lr 0.01 | ms/batch 32.31 | loss  4.78 | ppl   118.80
| epoch  36 |  1000/ 2983 batches | lr 0.01 | ms/batch 32.23 | loss  4.74 | ppl   114.52
| epoch  36 |  1200/ 2983 batches | lr 0.01 | ms/batch 32.29 | loss  4.76 | ppl   116.76
| epoch  36 |  1400/ 2983 batches | lr 0.01 | ms/batch 32.31 | loss  4.76 | ppl   116.92
| epoch  36 |  1600/ 2983 batches | lr 0.01 | ms/batch 32.27 | loss  4.79 | ppl   120.10
| epoch  36 |  1800/ 2983 batches | lr 0.01 | ms/batch 32.28 | loss  4.75 | ppl   115.05
| epoch  36 |  2000/ 2983 batches | lr 0.01 | ms/batch 32.32 | loss  4.76 | ppl   117.14
| epoch  36 |  2200/ 2983 batches | lr 0.01 | ms/batch 31.78 | loss  4.65 | ppl   104.74
| epoch  36 |  2400/ 2983 batches | lr 0.01 | ms/batch 31.54 | loss  4.68 | ppl   107.65
| epoch  36 |  2600/ 2983 batches | lr 0.01 | ms/batch 31.69 | loss  4.70 | ppl   110.49
| epoch  36 |  2800/ 2983 batches | lr 0.01 | ms/batch 31.82 | loss  4.64 | ppl   104.04
-----------------------------------------------------------------------------------------
| end of epoch  36 | time: 99.59s | valid loss  2.26 | valid ppl     9.58
-----------------------------------------------------------------------------------------
Running without errors
| epoch  37 |   200/ 2983 batches | lr 0.00 | ms/batch 32.26 | loss  4.81 | ppl   122.50
| epoch  37 |   400/ 2983 batches | lr 0.00 | ms/batch 32.08 | loss  4.82 | ppl   123.89
| epoch  37 |   600/ 2983 batches | lr 0.00 | ms/batch 32.13 | loss  4.70 | ppl   109.62
| epoch  37 |   800/ 2983 batches | lr 0.00 | ms/batch 32.09 | loss  4.78 | ppl   118.93
| epoch  37 |  1000/ 2983 batches | lr 0.00 | ms/batch 32.13 | loss  4.74 | ppl   114.46
| epoch  37 |  1200/ 2983 batches | lr 0.00 | ms/batch 32.07 | loss  4.76 | ppl   116.72
| epoch  37 |  1400/ 2983 batches | lr 0.00 | ms/batch 32.11 | loss  4.75 | ppl   116.03
| epoch  37 |  1600/ 2983 batches | lr 0.00 | ms/batch 32.11 | loss  4.78 | ppl   119.55
| epoch  37 |  1800/ 2983 batches | lr 0.00 | ms/batch 32.15 | loss  4.74 | ppl   114.60
| epoch  37 |  2000/ 2983 batches | lr 0.00 | ms/batch 32.13 | loss  4.76 | ppl   117.33
| epoch  37 |  2200/ 2983 batches | lr 0.00 | ms/batch 31.92 | loss  4.64 | ppl   103.64
| epoch  37 |  2400/ 2983 batches | lr 0.00 | ms/batch 32.08 | loss  4.66 | ppl   106.10
| epoch  37 |  2600/ 2983 batches | lr 0.00 | ms/batch 32.20 | loss  4.70 | ppl   109.42
| epoch  37 |  2800/ 2983 batches | lr 0.00 | ms/batch 31.80 | loss  4.64 | ppl   103.09
-----------------------------------------------------------------------------------------
| end of epoch  37 | time: 99.51s | valid loss  2.26 | valid ppl     9.54
-----------------------------------------------------------------------------------------
Running without errors
| epoch  38 |   200/ 2983 batches | lr 0.00 | ms/batch 33.63 | loss  4.81 | ppl   122.14
| epoch  38 |   400/ 2983 batches | lr 0.00 | ms/batch 32.01 | loss  4.82 | ppl   123.47
| epoch  38 |   600/ 2983 batches | lr 0.00 | ms/batch 31.95 | loss  4.69 | ppl   109.28
| epoch  38 |   800/ 2983 batches | lr 0.00 | ms/batch 31.54 | loss  4.77 | ppl   118.31
| epoch  38 |  1000/ 2983 batches | lr 0.00 | ms/batch 31.60 | loss  4.73 | ppl   113.78
| epoch  38 |  1200/ 2983 batches | lr 0.00 | ms/batch 31.63 | loss  4.76 | ppl   116.26
| epoch  38 |  1400/ 2983 batches | lr 0.00 | ms/batch 32.15 | loss  4.75 | ppl   115.99
| epoch  38 |  1600/ 2983 batches | lr 0.00 | ms/batch 32.17 | loss  4.78 | ppl   119.52
| epoch  38 |  1800/ 2983 batches | lr 0.00 | ms/batch 32.60 | loss  4.74 | ppl   114.48
| epoch  38 |  2000/ 2983 batches | lr 0.00 | ms/batch 32.67 | loss  4.76 | ppl   117.19
| epoch  38 |  2200/ 2983 batches | lr 0.00 | ms/batch 32.64 | loss  4.64 | ppl   103.69
| epoch  38 |  2400/ 2983 batches | lr 0.00 | ms/batch 32.07 | loss  4.67 | ppl   106.27
| epoch  38 |  2600/ 2983 batches | lr 0.00 | ms/batch 31.88 | loss  4.69 | ppl   109.27
| epoch  38 |  2800/ 2983 batches | lr 0.00 | ms/batch 31.82 | loss  4.63 | ppl   102.99
-----------------------------------------------------------------------------------------
| end of epoch  38 | time: 99.67s | valid loss  2.26 | valid ppl     9.54
-----------------------------------------------------------------------------------------
Running without errors
| epoch  39 |   200/ 2983 batches | lr 0.00 | ms/batch 32.15 | loss  4.80 | ppl   121.66
| epoch  39 |   400/ 2983 batches | lr 0.00 | ms/batch 32.27 | loss  4.82 | ppl   123.43
| epoch  39 |   600/ 2983 batches | lr 0.00 | ms/batch 32.10 | loss  4.69 | ppl   108.95
| epoch  39 |   800/ 2983 batches | lr 0.00 | ms/batch 32.43 | loss  4.77 | ppl   117.95
| epoch  39 |  1000/ 2983 batches | lr 0.00 | ms/batch 32.65 | loss  4.73 | ppl   113.63
| epoch  39 |  1200/ 2983 batches | lr 0.00 | ms/batch 32.52 | loss  4.76 | ppl   116.58
| epoch  39 |  1400/ 2983 batches | lr 0.00 | ms/batch 32.21 | loss  4.75 | ppl   115.45
| epoch  39 |  1600/ 2983 batches | lr 0.00 | ms/batch 32.18 | loss  4.78 | ppl   118.90
| epoch  39 |  1800/ 2983 batches | lr 0.00 | ms/batch 32.22 | loss  4.73 | ppl   113.85
| epoch  39 |  2000/ 2983 batches | lr 0.00 | ms/batch 32.18 | loss  4.76 | ppl   116.81
| epoch  39 |  2200/ 2983 batches | lr 0.00 | ms/batch 31.70 | loss  4.64 | ppl   103.30
| epoch  39 |  2400/ 2983 batches | lr 0.00 | ms/batch 31.76 | loss  4.66 | ppl   105.79
| epoch  39 |  2600/ 2983 batches | lr 0.00 | ms/batch 31.70 | loss  4.69 | ppl   109.10
| epoch  39 |  2800/ 2983 batches | lr 0.00 | ms/batch 31.74 | loss  4.63 | ppl   102.76
-----------------------------------------------------------------------------------------
| end of epoch  39 | time: 99.85s | valid loss  2.25 | valid ppl     9.53
-----------------------------------------------------------------------------------------
Running without errors
| epoch  40 |   200/ 2983 batches | lr 0.00 | ms/batch 32.36 | loss  4.80 | ppl   122.01
| epoch  40 |   400/ 2983 batches | lr 0.00 | ms/batch 32.19 | loss  4.81 | ppl   123.15
| epoch  40 |   600/ 2983 batches | lr 0.00 | ms/batch 31.91 | loss  4.69 | ppl   108.78
| epoch  40 |   800/ 2983 batches | lr 0.00 | ms/batch 31.76 | loss  4.77 | ppl   117.68
| epoch  40 |  1000/ 2983 batches | lr 0.00 | ms/batch 33.95 | loss  4.73 | ppl   113.38
| epoch  40 |  1200/ 2983 batches | lr 0.00 | ms/batch 32.58 | loss  4.75 | ppl   116.01
| epoch  40 |  1400/ 2983 batches | lr 0.00 | ms/batch 32.17 | loss  4.75 | ppl   115.57
| epoch  40 |  1600/ 2983 batches | lr 0.00 | ms/batch 32.25 | loss  4.78 | ppl   119.09
| epoch  40 |  1800/ 2983 batches | lr 0.00 | ms/batch 32.32 | loss  4.74 | ppl   113.92
| epoch  40 |  2000/ 2983 batches | lr 0.00 | ms/batch 32.21 | loss  4.76 | ppl   116.70
| epoch  40 |  2200/ 2983 batches | lr 0.00 | ms/batch 32.34 | loss  4.64 | ppl   103.52
| epoch  40 |  2400/ 2983 batches | lr 0.00 | ms/batch 32.38 | loss  4.66 | ppl   105.90
| epoch  40 |  2600/ 2983 batches | lr 0.00 | ms/batch 36.01 | loss  4.69 | ppl   108.99
| epoch  40 |  2800/ 2983 batches | lr 0.00 | ms/batch 32.22 | loss  4.63 | ppl   102.75
-----------------------------------------------------------------------------------------
| end of epoch  40 | time: 100.96s | valid loss  2.25 | valid ppl     9.53
-----------------------------------------------------------------------------------------
Running without errors
| epoch  41 |   200/ 2983 batches | lr 0.00 | ms/batch 32.31 | loss  4.80 | ppl   121.54
| epoch  41 |   400/ 2983 batches | lr 0.00 | ms/batch 32.11 | loss  4.81 | ppl   122.84
| epoch  41 |   600/ 2983 batches | lr 0.00 | ms/batch 35.07 | loss  4.69 | ppl   108.77
| epoch  41 |   800/ 2983 batches | lr 0.00 | ms/batch 32.63 | loss  4.77 | ppl   117.76
| epoch  41 |  1000/ 2983 batches | lr 0.00 | ms/batch 32.18 | loss  4.73 | ppl   113.73
| epoch  41 |  1200/ 2983 batches | lr 0.00 | ms/batch 32.09 | loss  4.75 | ppl   116.10
| epoch  41 |  1400/ 2983 batches | lr 0.00 | ms/batch 31.77 | loss  4.75 | ppl   115.84
| epoch  41 |  1600/ 2983 batches | lr 0.00 | ms/batch 31.93 | loss  4.78 | ppl   118.88
| epoch  41 |  1800/ 2983 batches | lr 0.00 | ms/batch 32.41 | loss  4.74 | ppl   114.12
| epoch  41 |  2000/ 2983 batches | lr 0.00 | ms/batch 32.07 | loss  4.76 | ppl   116.54
| epoch  41 |  2200/ 2983 batches | lr 0.00 | ms/batch 32.86 | loss  4.64 | ppl   103.53
| epoch  41 |  2400/ 2983 batches | lr 0.00 | ms/batch 31.73 | loss  4.66 | ppl   105.74
| epoch  41 |  2600/ 2983 batches | lr 0.00 | ms/batch 31.95 | loss  4.69 | ppl   109.01
| epoch  41 |  2800/ 2983 batches | lr 0.00 | ms/batch 32.54 | loss  4.63 | ppl   102.80
-----------------------------------------------------------------------------------------
| end of epoch  41 | time: 100.61s | valid loss  2.25 | valid ppl     9.53
-----------------------------------------------------------------------------------------
Running without errors
| epoch  42 |   200/ 2983 batches | lr 0.00 | ms/batch 32.46 | loss  4.80 | ppl   121.84
| epoch  42 |   400/ 2983 batches | lr 0.00 | ms/batch 31.84 | loss  4.81 | ppl   123.04
| epoch  42 |   600/ 2983 batches | lr 0.00 | ms/batch 31.57 | loss  4.69 | ppl   108.75
| epoch  42 |   800/ 2983 batches | lr 0.00 | ms/batch 31.57 | loss  4.77 | ppl   117.96
| epoch  42 |  1000/ 2983 batches | lr 0.00 | ms/batch 31.71 | loss  4.73 | ppl   113.31
| epoch  42 |  1200/ 2983 batches | lr 0.00 | ms/batch 32.15 | loss  4.76 | ppl   116.19
| epoch  42 |  1400/ 2983 batches | lr 0.00 | ms/batch 32.31 | loss  4.75 | ppl   115.56
| epoch  42 |  1600/ 2983 batches | lr 0.00 | ms/batch 32.47 | loss  4.78 | ppl   118.87
| epoch  42 |  1800/ 2983 batches | lr 0.00 | ms/batch 32.14 | loss  4.73 | ppl   113.65
| epoch  42 |  2000/ 2983 batches | lr 0.00 | ms/batch 32.08 | loss  4.76 | ppl   116.43
| epoch  42 |  2200/ 2983 batches | lr 0.00 | ms/batch 31.78 | loss  4.64 | ppl   103.48
| epoch  42 |  2400/ 2983 batches | lr 0.00 | ms/batch 31.52 | loss  4.66 | ppl   105.76
| epoch  42 |  2600/ 2983 batches | lr 0.00 | ms/batch 31.90 | loss  4.69 | ppl   108.74
| epoch  42 |  2800/ 2983 batches | lr 0.00 | ms/batch 34.65 | loss  4.63 | ppl   102.57
-----------------------------------------------------------------------------------------
| end of epoch  42 | time: 99.61s | valid loss  2.25 | valid ppl     9.53
-----------------------------------------------------------------------------------------
Running without errors
| epoch  43 |   200/ 2983 batches | lr 0.00 | ms/batch 32.09 | loss  4.80 | ppl   121.57
| epoch  43 |   400/ 2983 batches | lr 0.00 | ms/batch 32.08 | loss  4.81 | ppl   123.29
| epoch  43 |   600/ 2983 batches | lr 0.00 | ms/batch 32.09 | loss  4.69 | ppl   108.61
| epoch  43 |   800/ 2983 batches | lr 0.00 | ms/batch 32.04 | loss  4.77 | ppl   117.75
| epoch  43 |  1000/ 2983 batches | lr 0.00 | ms/batch 32.19 | loss  4.73 | ppl   113.51
| epoch  43 |  1200/ 2983 batches | lr 0.00 | ms/batch 32.11 | loss  4.76 | ppl   116.17
| epoch  43 |  1400/ 2983 batches | lr 0.00 | ms/batch 32.03 | loss  4.75 | ppl   115.43
| epoch  43 |  1600/ 2983 batches | lr 0.00 | ms/batch 32.38 | loss  4.78 | ppl   118.82
| epoch  43 |  1800/ 2983 batches | lr 0.00 | ms/batch 32.39 | loss  4.73 | ppl   113.60
| epoch  43 |  2000/ 2983 batches | lr 0.00 | ms/batch 32.45 | loss  4.76 | ppl   116.54
| epoch  43 |  2200/ 2983 batches | lr 0.00 | ms/batch 32.48 | loss  4.64 | ppl   103.41
| epoch  43 |  2400/ 2983 batches | lr 0.00 | ms/batch 31.52 | loss  4.66 | ppl   105.59
| epoch  43 |  2600/ 2983 batches | lr 0.00 | ms/batch 41.34 | loss  4.69 | ppl   108.85
| epoch  43 |  2800/ 2983 batches | lr 0.00 | ms/batch 32.19 | loss  4.63 | ppl   102.70
-----------------------------------------------------------------------------------------
| end of epoch  43 | time: 101.52s | valid loss  2.25 | valid ppl     9.54
-----------------------------------------------------------------------------------------
Running without errors
| epoch  44 |   200/ 2983 batches | lr 0.00 | ms/batch 35.24 | loss  4.80 | ppl   121.37
| epoch  44 |   400/ 2983 batches | lr 0.00 | ms/batch 31.96 | loss  4.81 | ppl   123.30
| epoch  44 |   600/ 2983 batches | lr 0.00 | ms/batch 32.08 | loss  4.69 | ppl   108.92
| epoch  44 |   800/ 2983 batches | lr 0.00 | ms/batch 32.27 | loss  4.77 | ppl   117.81
| epoch  44 |  1000/ 2983 batches | lr 0.00 | ms/batch 31.82 | loss  4.73 | ppl   113.39
| epoch  44 |  1200/ 2983 batches | lr 0.00 | ms/batch 31.57 | loss  4.76 | ppl   116.33
| epoch  44 |  1400/ 2983 batches | lr 0.00 | ms/batch 31.73 | loss  4.75 | ppl   115.81
| epoch  44 |  1600/ 2983 batches | lr 0.00 | ms/batch 31.53 | loss  4.78 | ppl   118.68
| epoch  44 |  1800/ 2983 batches | lr 0.00 | ms/batch 31.80 | loss  4.73 | ppl   113.79
| epoch  44 |  2000/ 2983 batches | lr 0.00 | ms/batch 32.29 | loss  4.76 | ppl   116.64
| epoch  44 |  2200/ 2983 batches | lr 0.00 | ms/batch 32.47 | loss  4.64 | ppl   103.22
| epoch  44 |  2400/ 2983 batches | lr 0.00 | ms/batch 32.51 | loss  4.66 | ppl   105.55
| epoch  44 |  2600/ 2983 batches | lr 0.00 | ms/batch 32.09 | loss  4.69 | ppl   108.87
| epoch  44 |  2800/ 2983 batches | lr 0.00 | ms/batch 31.98 | loss  4.63 | ppl   102.56
-----------------------------------------------------------------------------------------
| end of epoch  44 | time: 99.85s | valid loss  2.25 | valid ppl     9.54
-----------------------------------------------------------------------------------------
Running without errors
| epoch  45 |   200/ 2983 batches | lr 0.00 | ms/batch 32.38 | loss  4.80 | ppl   121.78
| epoch  45 |   400/ 2983 batches | lr 0.00 | ms/batch 32.06 | loss  4.82 | ppl   123.42
| epoch  45 |   600/ 2983 batches | lr 0.00 | ms/batch 31.72 | loss  4.69 | ppl   108.63
| epoch  45 |   800/ 2983 batches | lr 0.00 | ms/batch 32.13 | loss  4.77 | ppl   117.72
| epoch  45 |  1000/ 2983 batches | lr 0.00 | ms/batch 32.03 | loss  4.73 | ppl   113.55
| epoch  45 |  1200/ 2983 batches | lr 0.00 | ms/batch 32.56 | loss  4.75 | ppl   115.71
| epoch  45 |  1400/ 2983 batches | lr 0.00 | ms/batch 31.90 | loss  4.75 | ppl   115.81
| epoch  45 |  1600/ 2983 batches | lr 0.00 | ms/batch 31.93 | loss  4.77 | ppl   118.49
| epoch  45 |  1800/ 2983 batches | lr 0.00 | ms/batch 32.12 | loss  4.73 | ppl   113.64
| epoch  45 |  2000/ 2983 batches | lr 0.00 | ms/batch 32.31 | loss  4.76 | ppl   116.44
| epoch  45 |  2200/ 2983 batches | lr 0.00 | ms/batch 32.57 | loss  4.64 | ppl   103.50
| epoch  45 |  2400/ 2983 batches | lr 0.00 | ms/batch 32.29 | loss  4.66 | ppl   105.52
| epoch  45 |  2600/ 2983 batches | lr 0.00 | ms/batch 31.77 | loss  4.69 | ppl   108.60
| epoch  45 |  2800/ 2983 batches | lr 0.00 | ms/batch 31.45 | loss  4.63 | ppl   102.58
-----------------------------------------------------------------------------------------
| end of epoch  45 | time: 99.58s | valid loss  2.25 | valid ppl     9.54
-----------------------------------------------------------------------------------------
Running without errors
| epoch  46 |   200/ 2983 batches | lr 0.00 | ms/batch 31.82 | loss  4.80 | ppl   121.76
| epoch  46 |   400/ 2983 batches | lr 0.00 | ms/batch 31.59 | loss  4.81 | ppl   123.03
| epoch  46 |   600/ 2983 batches | lr 0.00 | ms/batch 31.84 | loss  4.69 | ppl   108.70
| epoch  46 |   800/ 2983 batches | lr 0.00 | ms/batch 32.02 | loss  4.77 | ppl   117.54
| epoch  46 |  1000/ 2983 batches | lr 0.00 | ms/batch 32.11 | loss  4.73 | ppl   113.44
| epoch  46 |  1200/ 2983 batches | lr 0.00 | ms/batch 31.59 | loss  4.75 | ppl   115.52
| epoch  46 |  1400/ 2983 batches | lr 0.00 | ms/batch 31.62 | loss  4.75 | ppl   115.56
| epoch  46 |  1600/ 2983 batches | lr 0.00 | ms/batch 32.07 | loss  4.78 | ppl   118.76
| epoch  46 |  1800/ 2983 batches | lr 0.00 | ms/batch 31.85 | loss  4.73 | ppl   113.41
| epoch  46 |  2000/ 2983 batches | lr 0.00 | ms/batch 32.07 | loss  4.76 | ppl   116.43
| epoch  46 |  2200/ 2983 batches | lr 0.00 | ms/batch 31.99 | loss  4.64 | ppl   103.31
| epoch  46 |  2400/ 2983 batches | lr 0.00 | ms/batch 31.71 | loss  4.66 | ppl   105.69
| epoch  46 |  2600/ 2983 batches | lr 0.00 | ms/batch 37.79 | loss  4.69 | ppl   108.69
| epoch  46 |  2800/ 2983 batches | lr 0.00 | ms/batch 31.99 | loss  4.63 | ppl   102.29
-----------------------------------------------------------------------------------------
| end of epoch  46 | time: 100.21s | valid loss  2.25 | valid ppl     9.54
-----------------------------------------------------------------------------------------
Running without errors
| epoch  47 |   200/ 2983 batches | lr 0.00 | ms/batch 32.11 | loss  4.80 | ppl   121.91
| epoch  47 |   400/ 2983 batches | lr 0.00 | ms/batch 32.20 | loss  4.81 | ppl   122.68
| epoch  47 |   600/ 2983 batches | lr 0.00 | ms/batch 35.07 | loss  4.69 | ppl   108.52
| epoch  47 |   800/ 2983 batches | lr 0.00 | ms/batch 31.82 | loss  4.77 | ppl   117.61
| epoch  47 |  1000/ 2983 batches | lr 0.00 | ms/batch 31.79 | loss  4.73 | ppl   113.56
| epoch  47 |  1200/ 2983 batches | lr 0.00 | ms/batch 31.72 | loss  4.75 | ppl   115.70
| epoch  47 |  1400/ 2983 batches | lr 0.00 | ms/batch 32.09 | loss  4.75 | ppl   115.57
| epoch  47 |  1600/ 2983 batches | lr 0.00 | ms/batch 32.01 | loss  4.78 | ppl   118.61
| epoch  47 |  1800/ 2983 batches | lr 0.00 | ms/batch 31.91 | loss  4.74 | ppl   113.89
| epoch  47 |  2000/ 2983 batches | lr 0.00 | ms/batch 32.23 | loss  4.76 | ppl   116.33
| epoch  47 |  2200/ 2983 batches | lr 0.00 | ms/batch 33.03 | loss  4.64 | ppl   103.70
| epoch  47 |  2400/ 2983 batches | lr 0.00 | ms/batch 32.12 | loss  4.66 | ppl   105.66
| epoch  47 |  2600/ 2983 batches | lr 0.00 | ms/batch 31.98 | loss  4.69 | ppl   108.69
| epoch  47 |  2800/ 2983 batches | lr 0.00 | ms/batch 32.07 | loss  4.63 | ppl   102.43
-----------------------------------------------------------------------------------------
| end of epoch  47 | time: 100.07s | valid loss  2.25 | valid ppl     9.54
-----------------------------------------------------------------------------------------
Running without errors
| epoch  48 |   200/ 2983 batches | lr 0.00 | ms/batch 32.49 | loss  4.80 | ppl   121.89
| epoch  48 |   400/ 2983 batches | lr 0.00 | ms/batch 32.17 | loss  4.81 | ppl   122.91
| epoch  48 |   600/ 2983 batches | lr 0.00 | ms/batch 32.32 | loss  4.69 | ppl   108.45
| epoch  48 |   800/ 2983 batches | lr 0.00 | ms/batch 32.31 | loss  4.77 | ppl   118.09
| epoch  48 |  1000/ 2983 batches | lr 0.00 | ms/batch 31.78 | loss  4.73 | ppl   112.89
| epoch  48 |  1200/ 2983 batches | lr 0.00 | ms/batch 32.08 | loss  4.75 | ppl   115.96
| epoch  48 |  1400/ 2983 batches | lr 0.00 | ms/batch 32.04 | loss  4.75 | ppl   115.64
| epoch  48 |  1600/ 2983 batches | lr 0.00 | ms/batch 31.88 | loss  4.78 | ppl   118.59
| epoch  48 |  1800/ 2983 batches | lr 0.00 | ms/batch 31.59 | loss  4.73 | ppl   113.40
| epoch  48 |  2000/ 2983 batches | lr 0.00 | ms/batch 31.63 | loss  4.76 | ppl   116.34
| epoch  48 |  2200/ 2983 batches | lr 0.00 | ms/batch 32.13 | loss  4.64 | ppl   103.29
| epoch  48 |  2400/ 2983 batches | lr 0.00 | ms/batch 32.13 | loss  4.66 | ppl   105.75
| epoch  48 |  2600/ 2983 batches | lr 0.00 | ms/batch 32.07 | loss  4.69 | ppl   109.03
| epoch  48 |  2800/ 2983 batches | lr 0.00 | ms/batch 31.62 | loss  4.63 | ppl   102.44
-----------------------------------------------------------------------------------------
| end of epoch  48 | time: 99.68s | valid loss  2.25 | valid ppl     9.54
-----------------------------------------------------------------------------------------
Running without errors
| epoch  49 |   200/ 2983 batches | lr 0.00 | ms/batch 32.49 | loss  4.80 | ppl   121.60
| epoch  49 |   400/ 2983 batches | lr 0.00 | ms/batch 32.54 | loss  4.81 | ppl   123.21
| epoch  49 |   600/ 2983 batches | lr 0.00 | ms/batch 32.27 | loss  4.68 | ppl   108.28
| epoch  49 |   800/ 2983 batches | lr 0.00 | ms/batch 32.03 | loss  4.77 | ppl   117.74
| epoch  49 |  1000/ 2983 batches | lr 0.00 | ms/batch 31.98 | loss  4.73 | ppl   113.46
| epoch  49 |  1200/ 2983 batches | lr 0.00 | ms/batch 31.62 | loss  4.75 | ppl   115.85
| epoch  49 |  1400/ 2983 batches | lr 0.00 | ms/batch 32.56 | loss  4.75 | ppl   115.59
| epoch  49 |  1600/ 2983 batches | lr 0.00 | ms/batch 32.62 | loss  4.78 | ppl   118.54
| epoch  49 |  1800/ 2983 batches | lr 0.00 | ms/batch 32.48 | loss  4.73 | ppl   113.64
| epoch  49 |  2000/ 2983 batches | lr 0.00 | ms/batch 31.88 | loss  4.76 | ppl   116.41
| epoch  49 |  2200/ 2983 batches | lr 0.00 | ms/batch 32.29 | loss  4.64 | ppl   103.99
| epoch  49 |  2400/ 2983 batches | lr 0.00 | ms/batch 31.65 | loss  4.66 | ppl   105.66
| epoch  49 |  2600/ 2983 batches | lr 0.00 | ms/batch 32.01 | loss  4.69 | ppl   108.94
| epoch  49 |  2800/ 2983 batches | lr 0.00 | ms/batch 32.66 | loss  4.63 | ppl   102.62
-----------------------------------------------------------------------------------------
| end of epoch  49 | time: 100.07s | valid loss  2.25 | valid ppl     9.54
-----------------------------------------------------------------------------------------
Running without errors
| epoch  50 |   200/ 2983 batches | lr 0.00 | ms/batch 34.91 | loss  4.80 | ppl   121.35
| epoch  50 |   400/ 2983 batches | lr 0.00 | ms/batch 32.12 | loss  4.81 | ppl   123.08
| epoch  50 |   600/ 2983 batches | lr 0.00 | ms/batch 31.92 | loss  4.69 | ppl   108.66
| epoch  50 |   800/ 2983 batches | lr 0.00 | ms/batch 32.26 | loss  4.77 | ppl   118.01
| epoch  50 |  1000/ 2983 batches | lr 0.00 | ms/batch 32.34 | loss  4.73 | ppl   113.42
| epoch  50 |  1200/ 2983 batches | lr 0.00 | ms/batch 32.45 | loss  4.75 | ppl   116.09
| epoch  50 |  1400/ 2983 batches | lr 0.00 | ms/batch 31.80 | loss  4.75 | ppl   115.18
| epoch  50 |  1600/ 2983 batches | lr 0.00 | ms/batch 31.72 | loss  4.77 | ppl   118.34
| epoch  50 |  1800/ 2983 batches | lr 0.00 | ms/batch 32.28 | loss  4.73 | ppl   113.62
| epoch  50 |  2000/ 2983 batches | lr 0.00 | ms/batch 31.82 | loss  4.76 | ppl   116.45
| epoch  50 |  2200/ 2983 batches | lr 0.00 | ms/batch 32.04 | loss  4.64 | ppl   103.40
| epoch  50 |  2400/ 2983 batches | lr 0.00 | ms/batch 32.33 | loss  4.66 | ppl   105.96
| epoch  50 |  2600/ 2983 batches | lr 0.00 | ms/batch 31.57 | loss  4.69 | ppl   108.92
| epoch  50 |  2800/ 2983 batches | lr 0.00 | ms/batch 31.59 | loss  4.63 | ppl   102.56
-----------------------------------------------------------------------------------------
| end of epoch  50 | time: 99.78s | valid loss  2.25 | valid ppl     9.54
-----------------------------------------------------------------------------------------
Running without errors
| epoch  51 |   200/ 2983 batches | lr 0.00 | ms/batch 32.25 | loss  4.80 | ppl   121.69
| epoch  51 |   400/ 2983 batches | lr 0.00 | ms/batch 31.98 | loss  4.81 | ppl   123.19
| epoch  51 |   600/ 2983 batches | lr 0.00 | ms/batch 31.74 | loss  4.69 | ppl   108.81
| epoch  51 |   800/ 2983 batches | lr 0.00 | ms/batch 32.11 | loss  4.77 | ppl   117.76
| epoch  51 |  1000/ 2983 batches | lr 0.00 | ms/batch 32.13 | loss  4.73 | ppl   113.40
| epoch  51 |  1200/ 2983 batches | lr 0.00 | ms/batch 32.05 | loss  4.76 | ppl   116.25
| epoch  51 |  1400/ 2983 batches | lr 0.00 | ms/batch 31.80 | loss  4.75 | ppl   115.45
| epoch  51 |  1600/ 2983 batches | lr 0.00 | ms/batch 32.45 | loss  4.78 | ppl   118.66
| epoch  51 |  1800/ 2983 batches | lr 0.00 | ms/batch 32.01 | loss  4.73 | ppl   113.49
| epoch  51 |  2000/ 2983 batches | lr 0.00 | ms/batch 31.73 | loss  4.76 | ppl   116.61
| epoch  51 |  2200/ 2983 batches | lr 0.00 | ms/batch 31.68 | loss  4.64 | ppl   103.35
| epoch  51 |  2400/ 2983 batches | lr 0.00 | ms/batch 31.45 | loss  4.66 | ppl   106.08
| epoch  51 |  2600/ 2983 batches | lr 0.00 | ms/batch 32.19 | loss  4.69 | ppl   108.96
| epoch  51 |  2800/ 2983 batches | lr 0.00 | ms/batch 32.28 | loss  4.63 | ppl   102.19
-----------------------------------------------------------------------------------------
| end of epoch  51 | time: 99.39s | valid loss  2.25 | valid ppl     9.54
-----------------------------------------------------------------------------------------
Running without errors
| epoch  52 |   200/ 2983 batches | lr 0.00 | ms/batch 33.05 | loss  4.80 | ppl   121.48
| epoch  52 |   400/ 2983 batches | lr 0.00 | ms/batch 32.67 | loss  4.81 | ppl   122.90
| epoch  52 |   600/ 2983 batches | lr 0.00 | ms/batch 32.09 | loss  4.69 | ppl   108.57
| epoch  52 |   800/ 2983 batches | lr 0.00 | ms/batch 32.02 | loss  4.77 | ppl   117.67
| epoch  52 |  1000/ 2983 batches | lr 0.00 | ms/batch 32.09 | loss  4.73 | ppl   113.33
| epoch  52 |  1200/ 2983 batches | lr 0.00 | ms/batch 32.09 | loss  4.75 | ppl   115.71
| epoch  52 |  1400/ 2983 batches | lr 0.00 | ms/batch 32.14 | loss  4.75 | ppl   115.56
| epoch  52 |  1600/ 2983 batches | lr 0.00 | ms/batch 32.12 | loss  4.78 | ppl   118.75
| epoch  52 |  1800/ 2983 batches | lr 0.00 | ms/batch 31.86 | loss  4.73 | ppl   113.62
| epoch  52 |  2000/ 2983 batches | lr 0.00 | ms/batch 31.54 | loss  4.76 | ppl   116.59
| epoch  52 |  2200/ 2983 batches | lr 0.00 | ms/batch 31.46 | loss  4.64 | ppl   103.46
| epoch  52 |  2400/ 2983 batches | lr 0.00 | ms/batch 32.08 | loss  4.66 | ppl   105.88
| epoch  52 |  2600/ 2983 batches | lr 0.00 | ms/batch 38.64 | loss  4.69 | ppl   108.97
| epoch  52 |  2800/ 2983 batches | lr 0.00 | ms/batch 31.48 | loss  4.63 | ppl   102.51
-----------------------------------------------------------------------------------------
| end of epoch  52 | time: 100.71s | valid loss  2.25 | valid ppl     9.54
-----------------------------------------------------------------------------------------
Running without errors
| epoch  53 |   200/ 2983 batches | lr 0.00 | ms/batch 32.31 | loss  4.80 | ppl   121.92
| epoch  53 |   400/ 2983 batches | lr 0.00 | ms/batch 31.92 | loss  4.82 | ppl   123.50
| epoch  53 |   600/ 2983 batches | lr 0.00 | ms/batch 32.19 | loss  4.69 | ppl   108.78
| epoch  53 |   800/ 2983 batches | lr 0.00 | ms/batch 34.91 | loss  4.77 | ppl   118.01
| epoch  53 |  1000/ 2983 batches | lr 0.00 | ms/batch 32.18 | loss  4.73 | ppl   113.76
| epoch  53 |  1200/ 2983 batches | lr 0.00 | ms/batch 32.14 | loss  4.75 | ppl   115.90
| epoch  53 |  1400/ 2983 batches | lr 0.00 | ms/batch 32.04 | loss  4.75 | ppl   115.43
| epoch  53 |  1600/ 2983 batches | lr 0.00 | ms/batch 31.76 | loss  4.78 | ppl   118.71
| epoch  53 |  1800/ 2983 batches | lr 0.00 | ms/batch 32.17 | loss  4.73 | ppl   113.71
| epoch  53 |  2000/ 2983 batches | lr 0.00 | ms/batch 32.78 | loss  4.76 | ppl   116.44
| epoch  53 |  2200/ 2983 batches | lr 0.00 | ms/batch 31.55 | loss  4.64 | ppl   103.21
| epoch  53 |  2400/ 2983 batches | lr 0.00 | ms/batch 32.38 | loss  4.66 | ppl   105.64
| epoch  53 |  2600/ 2983 batches | lr 0.00 | ms/batch 31.67 | loss  4.69 | ppl   108.89
| epoch  53 |  2800/ 2983 batches | lr 0.00 | ms/batch 31.74 | loss  4.63 | ppl   102.81
-----------------------------------------------------------------------------------------
| end of epoch  53 | time: 100.15s | valid loss  2.25 | valid ppl     9.54
-----------------------------------------------------------------------------------------
Running without errors
| epoch  54 |   200/ 2983 batches | lr 0.00 | ms/batch 33.21 | loss  4.80 | ppl   121.80
| epoch  54 |   400/ 2983 batches | lr 0.00 | ms/batch 32.69 | loss  4.81 | ppl   122.69
| epoch  54 |   600/ 2983 batches | lr 0.00 | ms/batch 32.66 | loss  4.69 | ppl   108.58
| epoch  54 |   800/ 2983 batches | lr 0.00 | ms/batch 32.70 | loss  4.77 | ppl   117.98
| epoch  54 |  1000/ 2983 batches | lr 0.00 | ms/batch 32.52 | loss  4.73 | ppl   113.25
| epoch  54 |  1200/ 2983 batches | lr 0.00 | ms/batch 32.09 | loss  4.75 | ppl   115.68
| epoch  54 |  1400/ 2983 batches | lr 0.00 | ms/batch 32.11 | loss  4.75 | ppl   115.40
| epoch  54 |  1600/ 2983 batches | lr 0.00 | ms/batch 32.04 | loss  4.78 | ppl   118.79
| epoch  54 |  1800/ 2983 batches | lr 0.00 | ms/batch 32.31 | loss  4.73 | ppl   113.85
| epoch  54 |  2000/ 2983 batches | lr 0.00 | ms/batch 31.81 | loss  4.75 | ppl   116.14
| epoch  54 |  2200/ 2983 batches | lr 0.00 | ms/batch 31.62 | loss  4.64 | ppl   103.63
| epoch  54 |  2400/ 2983 batches | lr 0.00 | ms/batch 31.77 | loss  4.66 | ppl   105.68
| epoch  54 |  2600/ 2983 batches | lr 0.00 | ms/batch 31.81 | loss  4.69 | ppl   108.65
| epoch  54 |  2800/ 2983 batches | lr 0.00 | ms/batch 31.54 | loss  4.63 | ppl   102.50
-----------------------------------------------------------------------------------------
| end of epoch  54 | time: 100.23s | valid loss  2.25 | valid ppl     9.54
-----------------------------------------------------------------------------------------
Running without errors
| epoch  55 |   200/ 2983 batches | lr 0.00 | ms/batch 32.25 | loss  4.80 | ppl   122.07
| epoch  55 |   400/ 2983 batches | lr 0.00 | ms/batch 32.16 | loss  4.81 | ppl   123.29
| epoch  55 |   600/ 2983 batches | lr 0.00 | ms/batch 32.08 | loss  4.69 | ppl   108.46
| epoch  55 |   800/ 2983 batches | lr 0.00 | ms/batch 31.67 | loss  4.77 | ppl   118.03
| epoch  55 |  1000/ 2983 batches | lr 0.00 | ms/batch 31.75 | loss  4.73 | ppl   113.51
| epoch  55 |  1200/ 2983 batches | lr 0.00 | ms/batch 31.61 | loss  4.75 | ppl   115.78
| epoch  55 |  1400/ 2983 batches | lr 0.00 | ms/batch 31.72 | loss  4.75 | ppl   116.00
| epoch  55 |  1600/ 2983 batches | lr 0.00 | ms/batch 32.18 | loss  4.78 | ppl   118.59
| epoch  55 |  1800/ 2983 batches | lr 0.00 | ms/batch 32.13 | loss  4.74 | ppl   113.95
| epoch  55 |  2000/ 2983 batches | lr 0.00 | ms/batch 31.62 | loss  4.76 | ppl   116.42
| epoch  55 |  2200/ 2983 batches | lr 0.00 | ms/batch 32.32 | loss  4.64 | ppl   103.69
| epoch  55 |  2400/ 2983 batches | lr 0.00 | ms/batch 32.23 | loss  4.66 | ppl   105.72
| epoch  55 |  2600/ 2983 batches | lr 0.00 | ms/batch 32.95 | loss  4.69 | ppl   108.82
| epoch  55 |  2800/ 2983 batches | lr 0.00 | ms/batch 32.68 | loss  4.63 | ppl   102.58
-----------------------------------------------------------------------------------------
| end of epoch  55 | time: 99.60s | valid loss  2.25 | valid ppl     9.54
-----------------------------------------------------------------------------------------
Running without errors
| epoch  56 |   200/ 2983 batches | lr 0.00 | ms/batch 31.83 | loss  4.80 | ppl   121.55
| epoch  56 |   400/ 2983 batches | lr 0.00 | ms/batch 34.85 | loss  4.81 | ppl   123.21
| epoch  56 |   600/ 2983 batches | lr 0.00 | ms/batch 32.15 | loss  4.69 | ppl   108.85
| epoch  56 |   800/ 2983 batches | lr 0.00 | ms/batch 31.94 | loss  4.77 | ppl   117.53
| epoch  56 |  1000/ 2983 batches | lr 0.00 | ms/batch 31.68 | loss  4.73 | ppl   113.31
| epoch  56 |  1200/ 2983 batches | lr 0.00 | ms/batch 32.23 | loss  4.75 | ppl   115.93
| epoch  56 |  1400/ 2983 batches | lr 0.00 | ms/batch 32.33 | loss  4.75 | ppl   115.62
| epoch  56 |  1600/ 2983 batches | lr 0.00 | ms/batch 31.88 | loss  4.78 | ppl   118.65
| epoch  56 |  1800/ 2983 batches | lr 0.00 | ms/batch 31.51 | loss  4.73 | ppl   113.58
| epoch  56 |  2000/ 2983 batches | lr 0.00 | ms/batch 31.58 | loss  4.76 | ppl   116.37
| epoch  56 |  2200/ 2983 batches | lr 0.00 | ms/batch 31.35 | loss  4.64 | ppl   103.42
| epoch  56 |  2400/ 2983 batches | lr 0.00 | ms/batch 31.89 | loss  4.66 | ppl   105.45
| epoch  56 |  2600/ 2983 batches | lr 0.00 | ms/batch 31.85 | loss  4.69 | ppl   108.92
| epoch  56 |  2800/ 2983 batches | lr 0.00 | ms/batch 31.47 | loss  4.63 | ppl   102.51
-----------------------------------------------------------------------------------------
| end of epoch  56 | time: 99.19s | valid loss  2.25 | valid ppl     9.54
-----------------------------------------------------------------------------------------
Running without errors
| epoch  57 |   200/ 2983 batches | lr 0.00 | ms/batch 31.58 | loss  4.80 | ppl   121.73
| epoch  57 |   400/ 2983 batches | lr 0.00 | ms/batch 31.89 | loss  4.81 | ppl   123.28
| epoch  57 |   600/ 2983 batches | lr 0.00 | ms/batch 32.13 | loss  4.69 | ppl   108.61
| epoch  57 |   800/ 2983 batches | lr 0.00 | ms/batch 32.09 | loss  4.77 | ppl   117.91
| epoch  57 |  1000/ 2983 batches | lr 0.00 | ms/batch 32.11 | loss  4.73 | ppl   113.23
| epoch  57 |  1200/ 2983 batches | lr 0.00 | ms/batch 32.10 | loss  4.75 | ppl   115.89
| epoch  57 |  1400/ 2983 batches | lr 0.00 | ms/batch 32.02 | loss  4.75 | ppl   115.52
| epoch  57 |  1600/ 2983 batches | lr 0.00 | ms/batch 31.96 | loss  4.78 | ppl   118.56
| epoch  57 |  1800/ 2983 batches | lr 0.00 | ms/batch 33.68 | loss  4.73 | ppl   113.63
| epoch  57 |  2000/ 2983 batches | lr 0.00 | ms/batch 31.25 | loss  4.76 | ppl   116.57
| epoch  57 |  2200/ 2983 batches | lr 0.00 | ms/batch 32.10 | loss  4.64 | ppl   103.54
| epoch  57 |  2400/ 2983 batches | lr 0.00 | ms/batch 31.62 | loss  4.66 | ppl   105.62
| epoch  57 |  2600/ 2983 batches | lr 0.00 | ms/batch 31.76 | loss  4.69 | ppl   109.05
| epoch  57 |  2800/ 2983 batches | lr 0.00 | ms/batch 32.49 | loss  4.63 | ppl   103.01
-----------------------------------------------------------------------------------------
| end of epoch  57 | time: 99.54s | valid loss  2.25 | valid ppl     9.54
-----------------------------------------------------------------------------------------
Running without errors
| epoch  58 |   200/ 2983 batches | lr 0.00 | ms/batch 32.20 | loss  4.80 | ppl   121.53
| epoch  58 |   400/ 2983 batches | lr 0.00 | ms/batch 32.06 | loss  4.82 | ppl   123.38
| epoch  58 |   600/ 2983 batches | lr 0.00 | ms/batch 31.51 | loss  4.69 | ppl   108.65
| epoch  58 |   800/ 2983 batches | lr 0.00 | ms/batch 31.62 | loss  4.77 | ppl   117.54
| epoch  58 |  1000/ 2983 batches | lr 0.00 | ms/batch 31.54 | loss  4.73 | ppl   113.47
| epoch  58 |  1200/ 2983 batches | lr 0.00 | ms/batch 31.99 | loss  4.75 | ppl   115.86
| epoch  58 |  1400/ 2983 batches | lr 0.00 | ms/batch 31.64 | loss  4.75 | ppl   115.75
| epoch  58 |  1600/ 2983 batches | lr 0.00 | ms/batch 31.57 | loss  4.78 | ppl   118.63
| epoch  58 |  1800/ 2983 batches | lr 0.00 | ms/batch 31.71 | loss  4.73 | ppl   113.50
| epoch  58 |  2000/ 2983 batches | lr 0.00 | ms/batch 32.05 | loss  4.76 | ppl   116.81
| epoch  58 |  2200/ 2983 batches | lr 0.00 | ms/batch 32.24 | loss  4.64 | ppl   103.49
| epoch  58 |  2400/ 2983 batches | lr 0.00 | ms/batch 32.11 | loss  4.66 | ppl   105.30
| epoch  58 |  2600/ 2983 batches | lr 0.00 | ms/batch 31.95 | loss  4.69 | ppl   109.06
| epoch  58 |  2800/ 2983 batches | lr 0.00 | ms/batch 32.60 | loss  4.63 | ppl   102.94
-----------------------------------------------------------------------------------------
| end of epoch  58 | time: 99.14s | valid loss  2.25 | valid ppl     9.54
-----------------------------------------------------------------------------------------
Running without errors
| epoch  59 |   200/ 2983 batches | lr 0.00 | ms/batch 31.89 | loss  4.80 | ppl   121.68
| epoch  59 |   400/ 2983 batches | lr 0.00 | ms/batch 32.70 | loss  4.81 | ppl   123.00
| epoch  59 |   600/ 2983 batches | lr 0.00 | ms/batch 31.95 | loss  4.69 | ppl   108.72
| epoch  59 |   800/ 2983 batches | lr 0.00 | ms/batch 32.16 | loss  4.77 | ppl   117.61
| epoch  59 |  1000/ 2983 batches | lr 0.00 | ms/batch 32.22 | loss  4.73 | ppl   113.43
| epoch  59 |  1200/ 2983 batches | lr 0.00 | ms/batch 32.00 | loss  4.75 | ppl   115.78
| epoch  59 |  1400/ 2983 batches | lr 0.00 | ms/batch 31.65 | loss  4.75 | ppl   115.41
| epoch  59 |  1600/ 2983 batches | lr 0.00 | ms/batch 31.68 | loss  4.77 | ppl   118.46
| epoch  59 |  1800/ 2983 batches | lr 0.00 | ms/batch 32.02 | loss  4.73 | ppl   113.50
| epoch  59 |  2000/ 2983 batches | lr 0.00 | ms/batch 32.21 | loss  4.76 | ppl   116.24
| epoch  59 |  2200/ 2983 batches | lr 0.00 | ms/batch 32.81 | loss  4.64 | ppl   103.49
| epoch  59 |  2400/ 2983 batches | lr 0.00 | ms/batch 32.19 | loss  4.66 | ppl   105.71
| epoch  59 |  2600/ 2983 batches | lr 0.00 | ms/batch 31.72 | loss  4.69 | ppl   108.95
| epoch  59 |  2800/ 2983 batches | lr 0.00 | ms/batch 31.89 | loss  4.63 | ppl   102.69
-----------------------------------------------------------------------------------------
| end of epoch  59 | time: 99.42s | valid loss  2.25 | valid ppl     9.54
-----------------------------------------------------------------------------------------
Running without errors
| epoch  60 |   200/ 2983 batches | lr 0.00 | ms/batch 31.99 | loss  4.80 | ppl   121.42
| epoch  60 |   400/ 2983 batches | lr 0.00 | ms/batch 32.37 | loss  4.81 | ppl   123.21
| epoch  60 |   600/ 2983 batches | lr 0.00 | ms/batch 32.13 | loss  4.69 | ppl   108.32
| epoch  60 |   800/ 2983 batches | lr 0.00 | ms/batch 32.04 | loss  4.77 | ppl   117.65
| epoch  60 |  1000/ 2983 batches | lr 0.00 | ms/batch 32.15 | loss  4.73 | ppl   113.43
| epoch  60 |  1200/ 2983 batches | lr 0.00 | ms/batch 32.10 | loss  4.75 | ppl   116.00
| epoch  60 |  1400/ 2983 batches | lr 0.00 | ms/batch 31.89 | loss  4.75 | ppl   115.55
| epoch  60 |  1600/ 2983 batches | lr 0.00 | ms/batch 31.59 | loss  4.78 | ppl   118.68
| epoch  60 |  1800/ 2983 batches | lr 0.00 | ms/batch 31.49 | loss  4.73 | ppl   113.68
| epoch  60 |  2000/ 2983 batches | lr 0.00 | ms/batch 31.79 | loss  4.76 | ppl   116.67
| epoch  60 |  2200/ 2983 batches | lr 0.00 | ms/batch 32.28 | loss  4.64 | ppl   103.58
| epoch  60 |  2400/ 2983 batches | lr 0.00 | ms/batch 31.98 | loss  4.66 | ppl   105.75
| epoch  60 |  2600/ 2983 batches | lr 0.00 | ms/batch 31.55 | loss  4.69 | ppl   108.77
| epoch  60 |  2800/ 2983 batches | lr 0.00 | ms/batch 31.56 | loss  4.63 | ppl   102.48
-----------------------------------------------------------------------------------------
| end of epoch  60 | time: 99.23s | valid loss  2.25 | valid ppl     9.54
-----------------------------------------------------------------------------------------
=========================================================================================
| End of training | test loss  0.60 | test ppl     1.82
=========================================================================================
